
2018-11-30 11:00:05 -> ACO10609K1,7

2018-11-30 11:00:06 -> ACO16580S0,7

2018-11-30 11:00:06 -> ACO16790S1,7

2018-11-30 11:00:06 -> ACO19436S1,7

2018-11-30 11:00:06 -> ACO19437S1,7

2018-11-30 11:00:06 -> ACO20159S1,49

2018-11-30 11:00:07 -> ACO22979K1,7

2018-11-30 11:00:07 -> ACO22982S1,2

2018-11-30 11:00:07 -> ACO23662S1,2

2018-11-30 11:00:07 -> ACO24710K1,14

2018-11-30 11:00:07 -> ACO24715S1,14

2018-11-30 11:00:08 -> ACO24716S1,14

2018-11-30 11:00:08 -> ACO25418S1,16

2018-11-30 11:00:08 -> ACO25955S1,14

2018-11-30 11:00:08 -> ACO26204K1,7

2018-11-30 11:00:08 -> ACO26663K0,30

2018-11-30 11:00:08 -> ACO26671S1,38

2018-11-30 11:00:09 -> ACO26672S1,38

2018-11-30 11:00:09 -> ACO26675K0,2

2018-11-30 11:00:09 -> ACO26678S1,2

2018-11-30 11:00:09 -> ACO26679S1,7

2018-11-30 11:00:09 -> ACO26680S1,2

2018-11-30 11:00:09 -> ACO27486K1,7

2018-11-30 11:00:09 -> ACO27489K1,7

2018-11-30 11:00:10 -> ACO27582S1,7

2018-11-30 11:00:10 -> ACO27585S1,7

2018-11-30 11:00:10 -> ACO27586S1,7

2018-11-30 11:00:10 -> ACO27587S1,7

2018-11-30 11:00:10 -> ACO28653K1,7

2018-11-30 11:00:10 -> ACO28656S1,7

2018-11-30 11:00:11 -> AG42107048,13

2018-11-30 11:00:11 -> AG42107069,13

2018-11-30 11:00:12 -> AG47301027,30

2018-11-30 11:00:12 -> AG47308027,22

2018-11-30 11:00:13 -> BAN23671S1,49

2018-11-30 11:00:13 -> BAN23672S1,49

2018-11-30 11:00:13 -> BAN23675S1,22

2018-11-30 11:00:14 -> BAN23680S1,49

2018-11-30 11:00:14 -> BAN23696S1,22

2018-11-30 11:00:14 -> BAN24676K1,7

2018-11-30 11:00:14 -> BAN24679K1,7

2018-11-30 11:00:14 -> BAN24682K1,7

2018-11-30 11:00:14 -> BAN24685K1,49

2018-11-30 11:00:15 -> BYO22504S1,2

2018-11-30 11:00:15 -> BYO22836S1,7

2018-11-30 11:00:15 -> BYO22837S1,7

2018-11-30 11:00:15 -> BYO25396S1,38

2018-11-30 11:00:15 -> BYO25397S1,30

2018-11-30 11:00:15 -> CAN16663K1,49

2018-11-30 11:00:15 -> CAN16666S1,49

2018-11-30 11:00:16 -> CAN16667S1,49

2018-11-30 11:00:16 -> CAN18380S1,7

2018-11-30 11:00:16 -> CAN18381S1,7

2018-11-30 11:00:16 -> CAN18382S1,7

2018-11-30 11:00:16 -> CAN18383S1,7

2018-11-30 11:00:16 -> CAN18384S1,2

2018-11-30 11:00:17 -> CAN21991S1,7

2018-11-30 11:00:17 -> CAN21992S1,2

2018-11-30 11:00:17 -> CAN21993S1,2

2018-11-30 11:00:17 -> CAN21994S1,22

2018-11-30 11:00:17 -> CAN23479S1,16

2018-11-30 11:00:17 -> CAN24141S1,49

2018-11-30 11:00:17 -> CAN24142S1,7

2018-11-30 11:00:18 -> CAN24143S1,7

2018-11-30 11:00:18 -> CAN24144S1,7

2018-11-30 11:00:18 -> CAN25753S1,7

2018-11-30 11:00:18 -> CAN25754S1,7

2018-11-30 11:00:18 -> CAN25755S1,22

2018-11-30 11:00:18 -> CAN26829S1,7

2018-11-30 11:00:18 -> CAN26830S1,7

2018-11-30 11:00:19 -> CAN26831S1,7

2018-11-30 11:00:19 -> CAN27967S1,22

2018-11-30 11:00:19 -> CAN27968S1,22

2018-11-30 11:00:19 -> CAN28089S1,7

2018-11-30 11:00:19 -> CAN28096S1,7

2018-11-30 11:00:19 -> CC91100037,7

2018-11-30 11:00:20 -> CC91103027,49

2018-11-30 11:00:20 -> CC91112027,30

2018-11-30 11:00:20 -> CC91600001,7

2018-11-30 11:00:20 -> CC91600035,7

2018-11-30 11:00:20 -> CC92600001,7

2018-11-30 11:00:20 -> CC92600022,30

2018-11-30 11:00:21 -> CC93100012,7

2018-11-30 11:00:21 -> CC95600001,22

2018-11-30 11:00:21 -> CC95600014,30

2018-11-30 11:00:21 -> CC96100017,30

2018-11-30 11:00:21 -> CC97100010,2

2018-11-30 11:00:22 -> CC97103015,7

2018-11-30 11:00:22 -> CC97112015,7

2018-11-30 11:00:22 -> CC97600001,2

2018-11-30 11:00:22 -> CC97600030,7

2018-11-30 11:00:22 -> CC97603003,2

2018-11-30 11:00:23 -> CC97603029,7

2018-11-30 11:00:23 -> CC97604001,30

2018-11-30 11:00:23 -> CC97604029,2

2018-11-30 11:00:23 -> CC97612003,2

2018-11-30 11:00:23 -> CC97612029,7

2018-11-30 11:00:23 -> CC97620001,30

2018-11-30 11:00:24 -> CC97620029,7

2018-11-30 11:00:24 -> CC97621001,30

2018-11-30 11:00:24 -> CC97621029,22

2018-11-30 11:00:24 -> CC97624001,7

2018-11-30 11:00:24 -> CC97624029,7

2018-11-30 11:00:41 -> COC11085K1,7

2018-11-30 11:00:41 -> COC11091K1,30

2018-11-30 11:00:41 -> COC11097K1,7

2018-11-30 11:00:42 -> COC11108S1,7

2018-11-30 11:00:42 -> COC11109S1,30

2018-11-30 11:00:42 -> COC14284S1,30

2018-11-30 11:00:42 -> COC14285S1,2

2018-11-30 11:00:42 -> COC14286S1,7

2018-11-30 11:00:42 -> COC14287S1,7

2018-11-30 11:00:43 -> COC15425K1,49

2018-11-30 11:00:43 -> COC16727K1,43

2018-11-30 11:00:43 -> COC16742S1,49

2018-11-30 11:00:43 -> COC16743S1,49

2018-11-30 11:00:43 -> COC16744S1,49

2018-11-30 11:00:43 -> COC16745S1,49

2018-11-30 11:00:44 -> COC16746S1,43

2018-11-30 11:00:44 -> COC16747S1,49

2018-11-30 11:00:44 -> COC17240K1,30

2018-11-30 11:00:44 -> COC17759K1,7

2018-11-30 11:00:44 -> COC17765K1,2

2018-11-30 11:00:44 -> COC17771K1,2

2018-11-30 11:00:45 -> COC19325K1,30

2018-11-30 11:00:45 -> COC19338K1,2

2018-11-30 11:00:45 -> COC23632S1,22

2018-11-30 11:00:45 -> COC23634S1,22

2018-11-30 11:00:45 -> COC26727K1,30

2018-11-30 11:00:46 -> COC26733K1,2

2018-11-30 11:00:46 -> COC26748S1,30

2018-11-30 11:00:46 -> COC26749S1,30

2018-11-30 11:00:46 -> COC26750S1,7

2018-11-30 11:00:46 -> COC26751S1,7

2018-11-30 11:00:46 -> COC26754S1,49

2018-11-30 11:00:47 -> COC26756S1,7

2018-11-30 11:00:47 -> COC26757S1,7

2018-11-30 11:00:47 -> COC26758S1,7

2018-11-30 11:00:47 -> COC26759S1,7

2018-11-30 11:00:49 -> COL13760S1,7

2018-11-30 11:00:49 -> COL13761S1,2

2018-11-30 11:00:49 -> COL13762S1,7

2018-11-30 11:00:49 -> COL13763S1,2

2018-11-30 11:00:49 -> COL14897S1,2

2018-11-30 11:00:50 -> COL14898S1,7

2018-11-30 11:00:50 -> COL14899S1,7

2018-11-30 11:00:50 -> COL14900S1,7

2018-11-30 11:00:51 -> COL18797S1,7

2018-11-30 11:00:51 -> COL19208S1,7

2018-11-30 11:00:51 -> COL19209S1,7

2018-11-30 11:00:51 -> COL19210S1,7

2018-11-30 11:00:51 -> COL19211S1,7

2018-11-30 11:00:52 -> COL19410S1,97

2018-11-30 11:00:52 -> COL19411S1,97

2018-11-30 11:00:52 -> COL19412S1,97

2018-11-30 11:00:52 -> COL19413S1,21

2018-11-30 11:00:52 -> COL19415S1,21

2018-11-30 11:00:52 -> COL19417S1,21

2018-11-30 11:00:53 -> COL19418S1,7

2018-11-30 11:00:53 -> COL19419S1,22

2018-11-30 11:00:53 -> COL19420S1,22

2018-11-30 11:00:53 -> COL19783S1,49

2018-11-30 11:00:53 -> COL19784S1,49

2018-11-30 11:00:54 -> COL19785S1,49

2018-11-30 11:00:54 -> COL21272S1,2

2018-11-30 11:00:54 -> COL21273S1,7

2018-11-30 11:00:56 -> COL22155K1,7

2018-11-30 11:00:56 -> COL23511S1,7

2018-11-30 11:00:56 -> COL23512S1,7

2018-11-30 11:00:56 -> COL23513S1,7

2018-11-30 11:00:56 -> COL23514S1,7

2018-11-30 11:00:56 -> COL23990K1,7

2018-11-30 11:00:57 -> COL23993K1,16

2018-11-30 11:00:57 -> COL23996K1,7

2018-11-30 11:00:57 -> COL24000K1,7

2018-11-30 11:00:58 -> COL25565K1,7

2018-11-30 11:00:58 -> COL25568K1,22

2018-11-30 11:00:58 -> COL25571K1,7

2018-11-30 11:00:58 -> COL25574K1,16

2018-11-30 11:00:58 -> COL25630S1,22

2018-11-30 11:00:58 -> COL25631S1,2

2018-11-30 11:00:59 -> COL26610S1,22

2018-11-30 11:00:59 -> COL27316K1,22

2018-11-30 11:01:00 -> COL27319K1,7

2018-11-30 11:01:00 -> COL27323K1,16

2018-11-30 11:01:00 -> COL27326K1,7

2018-11-30 11:01:00 -> COL27329S1,7

2018-11-30 11:01:00 -> COL27330S1,7

2018-11-30 11:01:00 -> COL27331S1,7

2018-11-30 11:01:01 -> COL27332S1,7

2018-11-30 11:01:01 -> COL27993S1,22

2018-11-30 11:01:01 -> COL27994S1,7

2018-11-30 11:01:01 -> COL27995S1,7

2018-11-30 11:01:01 -> COL27996S1,22

2018-11-30 11:01:02 -> COL27997S1,7

2018-11-30 11:01:02 -> COL27998S1,7

2018-11-30 11:01:03 -> COM12505K1,49

2018-11-30 11:01:03 -> COM12509S1,49

2018-11-30 11:01:04 -> COM12922K1,23

2018-11-30 11:01:04 -> COM12926S1,7

2018-11-30 11:01:04 -> COM13528K1,49

2018-11-30 11:01:04 -> COM13532S1,49

2018-11-30 11:01:05 -> COM14112K1,7

2018-11-30 11:01:05 -> COM14118K1,7

2018-11-30 11:01:05 -> COM14385S0,7

2018-11-30 11:01:06 -> COM16010S1,8

2018-11-30 11:01:06 -> COM16439S1,7

2018-11-30 11:01:06 -> COM16441S1,14

2018-11-30 11:01:07 -> COM16442S1,7

2018-11-30 11:01:07 -> COM16636K1,49

2018-11-30 11:01:07 -> COM16828S1,14

2018-11-30 11:01:07 -> COM16970K1,49

2018-11-30 11:01:07 -> COM16974K1,49

2018-11-30 11:01:08 -> COM17509K1,7

2018-11-30 11:01:08 -> COM18119K0,7

2018-11-30 11:01:08 -> COM18124K0,7

2018-11-30 11:01:08 -> COM18148K0,49

2018-11-30 11:01:09 -> COM18196K1,49

2018-11-30 11:01:09 -> COM18199S1,43

2018-11-30 11:01:09 -> COM18611K1,7

2018-11-30 11:01:09 -> COM18716S0,2

2018-11-30 11:01:09 -> COM18717S0,2

2018-11-30 11:01:10 -> COM18744K1,7

2018-11-30 11:01:10 -> COM18749S1,7

2018-11-30 11:01:10 -> COM19237K1,5

2018-11-30 11:01:26 -> COM19244K1,10

2018-11-30 11:01:26 -> COM19251K1,28

2018-11-30 11:01:26 -> COM19255K1,10

2018-11-30 11:01:27 -> COM19585K1,7

2018-11-30 11:01:27 -> COM19735K1,43

2018-11-30 11:01:27 -> COM19739S1,49

2018-11-30 11:01:27 -> COM19740S1,43

2018-11-30 11:01:27 -> COM19902S1,7

2018-11-30 11:01:27 -> COM19903S1,7

2018-11-30 11:01:28 -> COM19949S1,2

2018-11-30 11:01:28 -> COM20014K1,13

2018-11-30 11:01:28 -> COM20017S1,7

2018-11-30 11:01:28 -> COM20018S1,13

2018-11-30 11:01:28 -> COM20019K1,13

2018-11-30 11:01:28 -> COM20023S1,13

2018-11-30 11:01:29 -> COM20024S1,7

2018-11-30 11:01:29 -> COM20025S1,13

2018-11-30 11:01:29 -> COM20100S1,14

2018-11-30 11:01:29 -> COM20101S1,2

2018-11-30 11:01:29 -> COM20607K1,7

2018-11-30 11:01:30 -> COM21121S1,49

2018-11-30 11:01:30 -> COM21126S1,7

2018-11-30 11:01:30 -> COM21819K1,7

2018-11-30 11:01:30 -> COM21822S1,8

2018-11-30 11:01:30 -> COM21823S1,2

2018-11-30 11:01:31 -> COM21871S1,38

2018-11-30 11:01:31 -> COM21996S1,7

2018-11-30 11:01:31 -> COM21997S1,7

2018-11-30 11:01:31 -> COM22075K1,7

2018-11-30 11:01:31 -> COM22078S1,7

2018-11-30 11:01:31 -> COM22079S1,7

2018-11-30 11:01:32 -> COM22086S1,2

2018-11-30 11:01:32 -> COM22119S1,49

2018-11-30 11:01:32 -> COM22313S1,7

2018-11-30 11:01:32 -> COM22502S1,7

2018-11-30 11:01:32 -> COM22503S1,14

2018-11-30 11:01:32 -> COM22647S1,14

2018-11-30 11:01:33 -> COM22972K1,7

2018-11-30 11:01:33 -> COM22975S1,7

2018-11-30 11:01:33 -> COM22977S1,2

2018-11-30 11:01:33 -> COM22978S1,2

2018-11-30 11:01:33 -> COM23003S1,7

2018-11-30 11:01:33 -> COM23047S1,7

2018-11-30 11:01:34 -> COM23048S1,17

2018-11-30 11:01:34 -> COM23155K1,85

2018-11-30 11:01:34 -> COM23232S0,7

2018-11-30 11:01:34 -> COM23233S1,2

2018-11-30 11:01:34 -> COM23236K1,7

2018-11-30 11:01:34 -> COM23242K0,7

2018-11-30 11:01:35 -> COM23245K0,7

2018-11-30 11:01:35 -> COM23626K1,16

2018-11-30 11:01:35 -> COM23629S1,7

2018-11-30 11:01:35 -> COM23630S1,22

2018-11-30 11:01:35 -> COM23661S1,22

2018-11-30 11:01:35 -> COM23663S1,2

2018-11-30 11:01:36 -> COM23664S1,7

2018-11-30 11:01:36 -> COM23922S1,7

2018-11-30 11:01:36 -> COM24037S1,7

2018-11-30 11:01:36 -> COM24090S1,2

2018-11-30 11:01:36 -> COM24091S1,7

2018-11-30 11:01:36 -> COM24092S1,7

2018-11-30 11:01:37 -> COM24529K1,14

2018-11-30 11:01:37 -> COM24535S1,2

2018-11-30 11:01:37 -> COM24536S1,7

2018-11-30 11:01:37 -> COM24724K1,2

2018-11-30 11:01:37 -> COM24769K1,2

2018-11-30 11:01:38 -> COM24777K1,7

2018-11-30 11:01:38 -> COM25329S1,16

2018-11-30 11:01:38 -> COM25330K1,16

2018-11-30 11:01:38 -> COM25333S1,49

2018-11-30 11:01:38 -> COM25334S1,49

2018-11-30 11:01:38 -> COM25370S1,49

2018-11-30 11:01:39 -> COM25373S1,22

2018-11-30 11:01:39 -> COM25374S1,7

2018-11-30 11:01:39 -> COM25375S1,22

2018-11-30 11:01:39 -> COM25376S1,2

2018-11-30 11:01:39 -> COM25740S1,7

2018-11-30 11:01:39 -> COM25741S1,7

2018-11-30 11:01:40 -> COM25742S1,7

2018-11-30 11:01:40 -> COM25743K1,7

2018-11-30 11:01:40 -> COM25767S1,7

2018-11-30 11:01:40 -> COM25768K1,7

2018-11-30 11:01:40 -> COM25999S1,2

2018-11-30 11:01:40 -> COM26459K1,85

2018-11-30 11:01:41 -> COM26701K1,7

2018-11-30 11:01:41 -> COM26878K1,7

2018-11-30 11:01:41 -> COM26882S1,7

2018-11-30 11:01:41 -> COM26883S1,7

2018-11-30 11:01:41 -> COM26884K1,7

2018-11-30 11:01:41 -> COM26887S1,7

2018-11-30 11:01:42 -> COM26889S1,7

2018-11-30 11:01:42 -> COM27010K1,16

2018-11-30 11:01:42 -> COM27013S1,16

2018-11-30 11:01:42 -> COM27176K1,7

2018-11-30 11:01:42 -> COM27179S1,7

2018-11-30 11:01:42 -> COM27243S1,2

2018-11-30 11:01:43 -> COM27244S1,14

2018-11-30 11:01:43 -> COM27255K1,8

2018-11-30 11:01:43 -> COM27259S1,14

2018-11-30 11:01:43 -> COM27260S1,14

2018-11-30 11:01:43 -> COM27261S1,14

2018-11-30 11:01:43 -> COM27277K1,7

2018-11-30 11:01:44 -> COM27280K1,49

2018-11-30 11:01:44 -> COM27283S1,8

2018-11-30 11:01:44 -> COM27284S1,7

2018-11-30 11:01:44 -> COM27285S1,7

2018-11-30 11:01:44 -> COM27286S1,14

2018-11-30 11:01:44 -> COM27305S1,7

2018-11-30 11:01:45 -> COM27306S1,7

2018-11-30 11:01:45 -> COM27307S1,7

2018-11-30 11:01:45 -> COM27308S1,7

2018-11-30 11:01:45 -> COM27485S1,49

2018-11-30 11:01:45 -> COM27517K1,7

2018-11-30 11:01:45 -> COM27520K1,7

2018-11-30 11:01:46 -> COM27523S1,7

2018-11-30 11:01:46 -> COM27524S1,9

2018-11-30 11:01:46 -> COM27526K1,7

2018-11-30 11:01:46 -> COM27529K1,7

2018-11-30 11:01:46 -> COM27974S1,2

2018-11-30 11:01:46 -> COM27975S1,7

2018-11-30 11:01:46 -> COM27976S1,2

2018-11-30 11:01:47 -> COM27982S1,2

2018-11-30 11:01:47 -> COM27983S1,7

2018-11-30 11:01:47 -> COM27984S1,7

2018-11-30 11:01:47 -> COM27985S1,7

2018-11-30 11:01:47 -> COM27986S1,7

2018-11-30 11:01:47 -> COM27987S1,7

2018-11-30 11:01:48 -> COM27988S1,7

2018-11-30 11:01:48 -> COM27989S1,7

2018-11-30 11:01:48 -> COM27990S1,7

2018-11-30 11:01:48 -> COM28205K1,7

2018-11-30 11:01:49 -> COM28572K1,7

2018-11-30 11:01:49 -> COM28575S1,7

2018-11-30 11:01:49 -> COM28576S1,7

2018-11-30 11:01:49 -> COM28593S1,7

2018-11-30 11:01:49 -> COM28594S1,7

2018-11-30 11:01:49 -> COM28597S1,7

2018-11-30 11:01:50 -> COM28598K1,7

2018-11-30 11:01:50 -> COM28644S1,2

2018-11-30 11:01:50 -> COM28645S1,2

2018-11-30 11:01:50 -> COM28646K1,7

2018-11-30 11:01:50 -> COM28649S1,7

2018-11-30 11:01:50 -> COM28650S1,7

2018-11-30 11:01:51 -> COM28651S1,7

2018-11-30 11:01:51 -> COM28652S1,7

2018-11-30 11:01:52 -> COM97262K1,7

2018-11-30 11:01:52 -> COM97266K1,2

2018-11-30 11:01:52 -> COM97571S1,7

2018-11-30 11:01:52 -> CTO16365K1,2

2018-11-30 11:01:53 -> CTO16429S1,2

2018-11-30 11:01:53 -> CTO16658S1,21

2018-11-30 11:01:53 -> CTO16659S1,15

2018-11-30 11:01:53 -> CTO16660S1,49

2018-11-30 11:01:53 -> CTO16661S1,49

2018-11-30 11:01:54 -> CTO17529S1,49

2018-11-30 11:01:54 -> CTO17530S1,49

2018-11-30 11:01:54 -> CTO17531S1,49

2018-11-30 11:01:54 -> CTO17796K1,49

2018-11-30 11:01:54 -> CTO17826S1,49

2018-11-30 11:01:54 -> CTO17832S1,43

2018-11-30 11:01:55 -> CTO18095S1,7

2018-11-30 11:01:55 -> CTO18351S1,49

2018-11-30 11:01:55 -> CTO20132K1,7

2018-11-30 11:01:55 -> CTO20137K1,7

2018-11-30 11:01:55 -> CTO20385K1,7

2018-11-30 11:01:55 -> CTO20573S1,22

2018-11-30 11:01:56 -> CTO21127S1,7

2018-11-30 11:01:56 -> CTO21734K1,2

2018-11-30 11:01:56 -> CTO21995S1,7

2018-11-30 11:01:56 -> CTO23470K1,7

2018-11-30 11:01:56 -> CTO23474K1,23

2018-11-30 11:01:57 -> CTO23585S1,7

2018-11-30 11:01:57 -> CTO23587S1,9

2018-11-30 11:01:57 -> CTO23597S1,2

2018-11-30 11:01:57 -> CTO23598S1,7

2018-11-30 11:01:57 -> CTO23609S1,29

2018-11-30 11:01:57 -> CTO23611S1,21

2018-11-30 11:01:58 -> CTO23613S1,2

2018-11-30 11:01:58 -> CTO23614S1,7

2018-11-30 11:01:58 -> CTO24539K1,2

2018-11-30 11:01:58 -> CTO24763K0,7

2018-11-30 11:01:58 -> CTO25243S1,7

2018-11-30 11:01:58 -> CTO25244S1,2

2018-11-30 11:01:59 -> CTO25245S1,7

2018-11-30 11:01:59 -> CTO25758S1,7

2018-11-30 11:01:59 -> CTO26486S1,22

2018-11-30 11:01:59 -> CTO26488S1,2

2018-11-30 11:01:59 -> CTO26489S1,22

2018-11-30 11:01:59 -> CTO26924S1,7

2018-11-30 11:01:59 -> CTO27183S1,7

2018-11-30 11:02:00 -> CTO27355K0,7

2018-11-30 11:02:00 -> CTO27361K0,38

2018-11-30 11:02:00 -> CTO27508S1,2

2018-11-30 11:02:00 -> CTO27510K1,23

2018-11-30 11:02:00 -> CUN24668K1,2

2018-11-30 11:02:00 -> CUN24674S1,22

2018-11-30 11:02:01 -> CUN24675S1,22

2018-11-30 11:02:01 -> CUN24689K1,22

2018-11-30 11:02:01 -> CUN24693S1,7

2018-11-30 11:02:01 -> CUN24694S1,7

2018-11-30 11:02:01 -> CUN24695K1,7

2018-11-30 11:02:01 -> CUN24700S1,7

2018-11-30 11:02:02 -> CUN24701S1,22

2018-11-30 11:02:02 -> CUN24718S1,7

2018-11-30 11:02:02 -> CUN24931S1,2

2018-11-30 11:02:02 -> CUN25368S1,2

2018-11-30 11:02:02 -> CUN25369S1,7

2018-11-30 11:02:02 -> CUN26384K1,7

2018-11-30 11:02:03 -> CUN27614K1,7

2018-11-30 11:02:03 -> CUN27721S1,7

2018-11-30 11:02:03 -> CUN27723S1,7

2018-11-30 11:02:03 -> CUN28244S1,7

2018-11-30 11:02:03 -> CUN28245S1,7

2018-11-30 11:02:03 -> CUN28247K1,7

2018-11-30 11:02:04 -> CUN28255S1,7

2018-11-30 11:02:10 -> DEC13587S1,7

2018-11-30 11:02:10 -> DEC13867S1,2

2018-11-30 11:02:10 -> DEC15110S1,7

2018-11-30 11:02:10 -> DEC15111S1,7

2018-11-30 11:02:11 -> DEC15112S1,7

2018-11-30 11:02:12 -> DEC20298S1,33

2018-11-30 11:02:12 -> DEC20299S1,33

2018-11-30 11:02:12 -> DEC20300S1,33

2018-11-30 11:02:13 -> DEC20301S1,33

2018-11-30 11:02:13 -> DEC20302S1,33

2018-11-30 11:02:13 -> DEC20303S1,33

2018-11-30 11:02:13 -> DEC20304S1,33

2018-11-30 11:02:13 -> DEC20305S1,33

2018-11-30 11:02:13 -> DEC20306S1,33

2018-11-30 11:02:13 -> DEC20307S1,33

2018-11-30 11:02:14 -> DEC20308S1,33

2018-11-30 11:02:14 -> DEC20309S1,33

2018-11-30 11:02:14 -> DEC20310S1,33

2018-11-30 11:02:14 -> DEC20311S1,33

2018-11-30 11:02:14 -> DEC20312S1,33

2018-11-30 11:02:14 -> DEC20313S1,33

2018-11-30 11:02:15 -> DEC20314S1,33

2018-11-30 11:02:15 -> DEC20315S1,33

2018-11-30 11:02:16 -> DEC22211S1,49

2018-11-30 11:02:16 -> DEC22212S1,7

2018-11-30 11:02:16 -> DEC22213S1,49

2018-11-30 11:02:17 -> DEC22215S1,49

2018-11-30 11:02:17 -> DEC22216S1,7

2018-11-30 11:02:17 -> DEC22217S1,49

2018-11-30 11:02:17 -> DEC22218S1,49

2018-11-30 11:02:17 -> DEC22219S1,7

2018-11-30 11:02:17 -> DEC22220S1,7

2018-11-30 11:02:18 -> DEC22224S1,49

2018-11-30 11:02:18 -> DEC22232S1,49

2018-11-30 11:02:18 -> DEC22234S1,7

2018-11-30 11:02:18 -> DEC22271S1,49

2018-11-30 11:02:21 -> DEC24070S1,7

2018-11-30 11:02:21 -> DEC24072S1,49

2018-11-30 11:02:21 -> DEC24191S1,7

2018-11-30 11:02:21 -> DEC25378S1,49

2018-11-30 11:02:21 -> DEC25379S1,7

2018-11-30 11:02:22 -> DEC25381S1,49

2018-11-30 11:02:22 -> DEC25382S1,49

2018-11-30 11:02:22 -> DEC25641S1,49

2018-11-30 11:02:22 -> DEC25642S1,49

2018-11-30 11:02:22 -> DEC25643S1,49

2018-11-30 11:02:22 -> DEC25644S1,49

2018-11-30 11:02:23 -> DEC25647S1,49

2018-11-30 11:02:23 -> DEC25648S1,49

2018-11-30 11:02:23 -> DEC26001S1,49

2018-11-30 11:02:24 -> DEC26003S1,49

2018-11-30 11:02:27 -> DEC28235S1,18

2018-11-30 11:02:27 -> DEC28237S1,7

2018-11-30 11:02:27 -> DEC28238S1,7

2018-11-30 11:02:27 -> DEC28239S1,29

2018-11-30 11:02:29 -> EDR21985S1,85

2018-11-30 11:02:29 -> EDR25723S1,7

2018-11-30 11:02:29 -> EDR25724S1,7

2018-11-30 11:02:30 -> EDR25725S1,7

2018-11-30 11:02:30 -> EDR25726S1,7

2018-11-30 11:02:30 -> EDR25727S1,7

2018-11-30 11:02:30 -> EDR28266S1,18

2018-11-30 11:02:30 -> EDR28267S1,18

2018-11-30 11:02:31 -> EDR28268S1,18

2018-11-30 11:02:31 -> EDR28269S1,18

2018-11-30 11:02:31 -> EDR28270S1,18

2018-11-30 11:02:31 -> EDR28271S1,18

2018-11-30 11:02:31 -> EDR28272S1,18

2018-11-30 11:02:31 -> EDR28273S1,18

2018-11-30 11:02:32 -> EDR28274S1,18

2018-11-30 11:02:32 -> EDR28275S1,18

2018-11-30 11:02:32 -> EDR28276S1,18

2018-11-30 11:02:32 -> EDR28277S1,18

2018-11-30 11:02:32 -> EDR28278S1,18

2018-11-30 11:02:32 -> EDR28279S1,18

2018-11-30 11:02:33 -> EDR28280S1,18

2018-11-30 11:02:33 -> EDR28281S1,18

2018-11-30 11:02:33 -> EDR28282S1,18

2018-11-30 11:02:33 -> EDR28283S1,18

2018-11-30 11:02:33 -> EDR28284S1,18

2018-11-30 11:02:33 -> EDR28285S1,18

2018-11-30 11:02:34 -> EDR28286S1,18

2018-11-30 11:02:34 -> EDR28287S1,18

2018-11-30 11:02:34 -> EDR28288S1,18

2018-11-30 11:02:34 -> EDR28289S1,18

2018-11-30 11:02:34 -> EDR28290S1,18

2018-11-30 11:02:34 -> EDR28291S1,18

2018-11-30 11:02:35 -> EDR28292S1,18

2018-11-30 11:02:35 -> EDR28485S1,18

2018-11-30 11:02:35 -> EDR28486S1,18

2018-11-30 11:02:35 -> EDR28487S1,18

2018-11-30 11:02:35 -> EDR28488S1,18

2018-11-30 11:02:35 -> EDR28489S1,18

2018-11-30 11:02:35 -> EDR28490S1,18

2018-11-30 11:02:36 -> EDR28491S1,18

2018-11-30 11:02:36 -> EDR28492S1,18

2018-11-30 11:02:36 -> EDR28493S1,18

2018-11-30 11:02:36 -> EDR28496S1,18

2018-11-30 11:02:36 -> EDR28497S1,18

2018-11-30 11:02:36 -> EDR28498S1,18

2018-11-30 11:02:37 -> EDR28499S1,18

2018-11-30 11:02:37 -> EDR28500S1,18

2018-11-30 11:02:37 -> EDR28501S1,18

2018-11-30 11:02:37 -> EDR28502S1,18

2018-11-30 11:02:37 -> EDR28503S1,18

2018-11-30 11:02:37 -> EDR28504S1,18

2018-11-30 11:02:37 -> EDR28505S1,18

2018-11-30 11:02:38 -> EDR28506S1,18

2018-11-30 11:02:38 -> EDR28507S1,18

2018-11-30 11:02:38 -> EDR28510S1,18

2018-11-30 11:02:38 -> EDR28511S1,18

2018-11-30 11:02:38 -> EDR28512S1,18

2018-11-30 11:02:38 -> EDR28513S1,18

2018-11-30 11:02:38 -> EDR28514S1,18

2018-11-30 11:02:39 -> EDR28515S1,18

2018-11-30 11:02:39 -> EDR28671S1,7

2018-11-30 11:02:39 -> EDR28672S1,29

2018-11-30 11:02:39 -> ESP23025S1,7

2018-11-30 11:02:39 -> ESP23026S1,7

2018-11-30 11:02:40 -> ESP23027S1,49

2018-11-30 11:02:40 -> ESP23028S1,2

2018-11-30 11:02:40 -> ESP23029S1,7

2018-11-30 11:02:40 -> ESP23698S1,7

2018-11-30 11:02:41 -> LIB17563S1,19

2018-11-30 11:02:41 -> LIB17564S1,19

2018-11-30 11:02:41 -> LIB17565S1,19

2018-11-30 11:02:41 -> LIB21987S1,2

2018-11-30 11:02:41 -> LIB21988S1,7

2018-11-30 11:02:42 -> LIB24544S1,2

2018-11-30 11:02:42 -> LIB24545S1,7

2018-11-30 11:02:42 -> LIB24546S1,2

2018-11-30 11:02:42 -> LIB24547S1,7

2018-11-30 11:02:42 -> LIB24548S1,2

2018-11-30 11:02:42 -> LIB24549S1,7

2018-11-30 11:02:42 -> LIB24550S1,7

2018-11-30 11:02:43 -> LIB25718S1,2

2018-11-30 11:02:43 -> LIB25719S1,2

2018-11-30 11:02:43 -> LIB25720S1,7

2018-11-30 11:02:43 -> LIB25721S1,7

2018-11-30 11:02:43 -> LIB26416K1,79

2018-11-30 11:02:43 -> LIB26419K1,2

2018-11-30 11:02:43 -> LIB26920S1,2

2018-11-30 11:02:44 -> LIB26921S1,2

2018-11-30 11:02:44 -> LIB26922S1,7

2018-11-30 11:02:44 -> LIB26923S1,7

2018-11-30 11:02:44 -> LIB27964S1,7

2018-11-30 11:02:44 -> LIB27965S1,7

2018-11-30 11:02:44 -> LIB27966S1,7

2018-11-30 11:02:44 -> LIB27972S1,38

2018-11-30 11:02:45 -> LIB27973S1,7

2018-11-30 11:02:45 -> MJA24932K1,7

2018-11-30 11:02:45 -> MJA24937K1,2

2018-11-30 11:02:45 -> MJA24942K1,2

2018-11-30 11:02:45 -> MJA26011S1,7

2018-11-30 11:02:45 -> MJA26012S1,7

2018-11-30 11:02:46 -> MJA26013K1,2

2018-11-30 11:02:46 -> MJA26055K1,7

2018-11-30 11:02:46 -> MJA26068K1,7

2018-11-30 11:02:46 -> MJA26073K1,7

2018-11-30 11:02:46 -> MJA26487S1,7

2018-11-30 11:02:46 -> MJA26647S1,7

2018-11-30 11:02:46 -> MJA28518S1,7

2018-11-30 11:02:47 -> MOC16618K1,2

2018-11-30 11:02:47 -> MOC16621K1,7

2018-11-30 11:02:47 -> MOC16648S1,9

2018-11-30 11:02:47 -> MOC16649S1,29

2018-11-30 11:02:47 -> MOC17012S1,7

2018-11-30 11:02:48 -> MOC18359K1,49

2018-11-30 11:02:48 -> MOC18892S1,2

2018-11-30 11:02:48 -> MOC19516K1,49

2018-11-30 11:02:48 -> MOC19519K1,49

2018-11-30 11:02:48 -> MOC19793K1,49

2018-11-30 11:02:49 -> MOC20467K1,91

2018-11-30 11:02:49 -> MOC20571S1,16

2018-11-30 11:02:49 -> MOC20572S1,2

2018-11-30 11:02:49 -> MOC21173S1,7

2018-11-30 11:02:49 -> MOC21174S1,2

2018-11-30 11:02:49 -> MOC21175S1,2

2018-11-30 11:02:50 -> MOC21739S1,7

2018-11-30 11:02:50 -> MOC21740S1,2

2018-11-30 11:02:50 -> MOC22133K1,22

2018-11-30 11:02:50 -> MOC22926K0,7

2018-11-30 11:02:50 -> MOC22929K0,7

2018-11-30 11:02:51 -> MOC23191K1,2

2018-11-30 11:02:51 -> MOC23234S1,2

2018-11-30 11:02:51 -> MOC23235S1,2

2018-11-30 11:02:51 -> MOC23269K1,7

2018-11-30 11:02:51 -> MOC23285S1,7

2018-11-30 11:02:51 -> MOC23286S1,22

2018-11-30 11:02:52 -> MOC24216S1,66

2018-11-30 11:02:52 -> MOC24218S1,66

2018-11-30 11:02:52 -> MOC24231S1,66

2018-11-30 11:02:52 -> MOC24232S1,7

2018-11-30 11:02:52 -> MOC24233S1,7

2018-11-30 11:02:53 -> MOC24248S1,66

2018-11-30 11:02:53 -> MOC24249S1,66

2018-11-30 11:02:53 -> MOC24306S1,44

2018-11-30 11:02:53 -> MOC24307S1,7

2018-11-30 11:02:53 -> MOC24353S1,7

2018-11-30 11:02:53 -> MOC24537S1,14

2018-11-30 11:02:53 -> MOC24538S1,14

2018-11-30 11:02:54 -> MOC24559K1,14

2018-11-30 11:02:54 -> MOC25030K1,49

2018-11-30 11:02:54 -> MOC25033K1,7

2018-11-30 11:02:54 -> MOC25036K1,7

2018-11-30 11:02:54 -> MOC25039S1,7

2018-11-30 11:02:54 -> MOC25040S1,7

2018-11-30 11:02:55 -> MOC25041S1,7

2018-11-30 11:02:55 -> MOC25589S1,16

2018-11-30 11:02:55 -> MOC25593S1,7

2018-11-30 11:02:55 -> MOC25756S1,22

2018-11-30 11:02:55 -> MOC25757S1,22

2018-11-30 11:02:55 -> MOC26324K1,7

2018-11-30 11:02:56 -> MOC26413K1,7

2018-11-30 11:02:56 -> MOC26422S1,85

2018-11-30 11:02:56 -> MOC26423S1,85

2018-11-30 11:02:56 -> MOC26424S1,85

2018-11-30 11:02:56 -> MOC26426S1,2177

2018-11-30 11:02:56 -> MOC26429S1,7

2018-11-30 11:02:57 -> MOC26513S1,2

2018-11-30 11:02:57 -> MOC26514S1,2

2018-11-30 11:02:57 -> MOC26515S1,7

2018-11-30 11:02:57 -> MOC26516S1,7

2018-11-30 11:02:57 -> MOC26517S1,9

2018-11-30 11:02:57 -> MOC26518S1,7

2018-11-30 11:02:58 -> MOC26519S1,7

2018-11-30 11:02:58 -> MOC26520S1,7

2018-11-30 11:02:58 -> MOC26581S1,85

2018-11-30 11:02:58 -> MOC26605S1,85

2018-11-30 11:02:58 -> MOC26636K1,7

2018-11-30 11:02:58 -> MOC26651K1,85

2018-11-30 11:02:59 -> MOC26704S1,22

2018-11-30 11:02:59 -> MOC26705S1,22

2018-11-30 11:02:59 -> MOC26706S1,22

2018-11-30 11:02:59 -> MOC26707S1,22

2018-11-30 11:02:59 -> MOC27121S1,16

2018-11-30 11:02:59 -> MOC27122S1,7

2018-11-30 11:02:59 -> MOC27180S1,7

2018-11-30 11:03:00 -> MOC27182S1,7

2018-11-30 11:03:00 -> MOC27262K1,14

2018-11-30 11:03:00 -> MOC27265K1,14

2018-11-30 11:03:00 -> MOC27506S1,7

2018-11-30 11:03:00 -> MOC27507S1,9

2018-11-30 11:03:00 -> MOC27641K1,2

2018-11-30 11:03:01 -> MOC27852S1,7

2018-11-30 11:03:01 -> MOC27853S1,7

2018-11-30 11:03:01 -> MOC28092S1,7

2018-11-30 11:03:01 -> MOC28107K1,7

2018-11-30 11:03:01 -> MOC28111K1,7

2018-11-30 11:03:02 -> MOC28115K1,7

2018-11-30 11:03:02 -> MOC28120K1,85

2018-11-30 11:03:02 -> MOC28123K1,7

2018-11-30 11:03:02 -> MOC28129K1,7

2018-11-30 11:03:02 -> MOC28135K1,7

2018-11-30 11:03:02 -> MOC28157K1,7

2018-11-30 11:03:02 -> MOC28160K1,7

2018-11-30 11:03:03 -> MOC28168K1,7

2018-11-30 11:03:03 -> MOC28171K1,7

2018-11-30 11:03:03 -> MOC28178K1,7

2018-11-30 11:03:03 -> MOC28181K1,7

2018-11-30 11:03:03 -> MOC28190K1,7

2018-11-30 11:03:03 -> MOC28198K1,7

2018-11-30 11:03:04 -> MOC28243S1,7

2018-11-30 11:03:04 -> MOC28476S1,2

2018-11-30 11:03:05 -> OC41602105,43

2018-11-30 11:03:06 -> OC41605105,13

2018-11-30 11:03:07 -> OCA10138K1,2

2018-11-30 11:03:08 -> OCA10993S1,2

2018-11-30 11:03:09 -> OCA10994S1,2

2018-11-30 11:03:09 -> OCA10995S1,2

2018-11-30 11:03:09 -> OCA10996S1,7

2018-11-30 11:03:10 -> OCA11631K0,5

2018-11-30 11:03:10 -> OCA11640K0,2

2018-11-30 11:03:10 -> OCA11643K0,5

2018-11-30 11:03:10 -> OCA12358K1,2

2018-11-30 11:03:10 -> OCA12361K1,2

2018-11-30 11:03:10 -> OCA12516S1,14

2018-11-30 11:03:11 -> OCA12517S1,8

2018-11-30 11:03:12 -> OCA14051K1,7

2018-11-30 11:03:12 -> OCA14252S1,2

2018-11-30 11:03:12 -> OCA14253S1,7

2018-11-30 11:03:12 -> OCA14254S1,2

2018-11-30 11:03:12 -> OCA14255S1,2

2018-11-30 11:03:13 -> OCA15243S1,2

2018-11-30 11:03:13 -> OCA15244S1,7

2018-11-30 11:03:13 -> OCA16106K0,5

2018-11-30 11:03:14 -> OCA16190S1,2

2018-11-30 11:03:14 -> OCA21896S1,22

2018-11-30 11:03:14 -> OCA22330S1,7

2018-11-30 11:03:14 -> OCA23779S1,2

2018-11-30 11:03:15 -> OCA23788S1,7

2018-11-30 11:03:15 -> OCA23791S1,49

2018-11-30 11:03:15 -> OCA23792S1,7

2018-11-30 11:03:15 -> OCA23798S1,2

2018-11-30 11:03:15 -> OCA23800S1,49

2018-11-30 11:03:15 -> OCA23801S1,7

2018-11-30 11:03:16 -> OCA25676K1,43

2018-11-30 11:03:16 -> OCA25679K1,7

2018-11-30 11:03:16 -> OCA26393S1,2

2018-11-30 11:03:16 -> OCA26394S1,7

2018-11-30 11:03:16 -> OCA26396S1,85

2018-11-30 11:03:16 -> OCA26397S1,85

2018-11-30 11:03:17 -> OCA26398S1,85

2018-11-30 11:03:17 -> OCA27114S1,7

2018-11-30 11:03:17 -> OCA27514K1,2

2018-11-30 11:03:17 -> OCA28010S1,7

2018-11-30 11:03:17 -> OCA28225S1,7

2018-11-30 11:03:18 -> OCA97125S1,49

2018-11-30 11:03:18 -> OCA97245K1,2

2018-11-30 11:03:18 -> OCA97249K1,7

2018-11-30 11:03:18 -> OCA97322K1,2

2018-11-30 11:03:19 -> OCA97328S1,2

2018-11-30 11:03:19 -> OCA97329S1,17

2018-11-30 11:03:20 -> OFC26018K1,16

2018-11-30 11:03:20 -> OFC26025K1,22

2018-11-30 11:03:20 -> OFC26029K1,2

2018-11-30 11:03:20 -> OFC26077S1,2

2018-11-30 11:03:20 -> OFC26078S1,7

2018-11-30 11:03:20 -> OFC26087S1,7

2018-11-30 11:03:21 -> OFC26088S1,49

2018-11-30 11:03:22 -> RAD10695S1,49

2018-11-30 11:03:23 -> RAD10696S1,49

2018-11-30 11:03:24 -> RAD14433S1,7

2018-11-30 11:03:24 -> RAD14434S1,7

2018-11-30 11:03:25 -> RAD14435S1,7

2018-11-30 11:03:25 -> RAD14436S1,2

2018-11-30 11:03:25 -> RAD14536S1,7

2018-11-30 11:03:25 -> RAD14537S1,7

2018-11-30 11:03:26 -> RAD14737S1,7

2018-11-30 11:03:26 -> RAD14993K1,22

2018-11-30 11:03:26 -> RAD14996K1,22

2018-11-30 11:03:26 -> RAD15000K1,2

2018-11-30 11:03:27 -> RAD16402S1,7

2018-11-30 11:03:27 -> RAD16403S1,7

2018-11-30 11:03:27 -> RAD16404K1,7

2018-11-30 11:03:28 -> RAD16516K1,22

2018-11-30 11:03:28 -> RAD16519K1,22

2018-11-30 11:03:28 -> RAD16523K1,7

2018-11-30 11:03:28 -> RAD16554S1,7

2018-11-30 11:03:28 -> RAD16555S1,7

2018-11-30 11:03:28 -> RAD16556S1,7

2018-11-30 11:03:29 -> RAD16557S1,7

2018-11-30 11:03:29 -> RAD16641K1,49

2018-11-30 11:03:29 -> RAD16647S1,49

2018-11-30 11:03:29 -> RAD16811S1,49

2018-11-30 11:03:29 -> RAD16854S1,22

2018-11-30 11:03:29 -> RAD16855S1,22

2018-11-30 11:03:30 -> RAD16856S1,7

2018-11-30 11:03:30 -> RAD16857K1,22

2018-11-30 11:03:30 -> RAD16860S1,22

2018-11-30 11:03:30 -> RAD16941S1,2

2018-11-30 11:03:30 -> RAD16995S1,43

2018-11-30 11:03:30 -> RAD16997S1,49

2018-11-30 11:03:31 -> RAD16998K1,49

2018-11-30 11:03:31 -> RAD17055S1,49

2018-11-30 11:03:31 -> RAD17056S1,49

2018-11-30 11:03:31 -> RAD17058S1,49

2018-11-30 11:03:31 -> RAD17059S1,43

2018-11-30 11:03:31 -> RAD17071S1,8

2018-11-30 11:03:31 -> RAD17072S1,8

2018-11-30 11:03:32 -> RAD17073S1,7

2018-11-30 11:03:32 -> RAD17074K1,7

2018-11-30 11:03:32 -> RAD17178S1,2

2018-11-30 11:03:32 -> RAD17179S1,2

2018-11-30 11:03:32 -> RAD17180S1,2

2018-11-30 11:03:32 -> RAD17181K1,7

2018-11-30 11:03:33 -> RAD17470S1,14

2018-11-30 11:03:33 -> RAD17471S1,7

2018-11-30 11:03:33 -> RAD17472S1,7

2018-11-30 11:03:33 -> RAD17482K0,19

2018-11-30 11:03:34 -> RAD17590S1,7

2018-11-30 11:03:34 -> RAD17591S1,2

2018-11-30 11:03:34 -> RAD17592S1,7

2018-11-30 11:03:34 -> RAD17593S1,7

2018-11-30 11:03:35 -> RAD17935S1,43

2018-11-30 11:03:35 -> RAD17936S1,49

2018-11-30 11:03:35 -> RAD18489K1,22

2018-11-30 11:03:35 -> RAD18492K1,16

2018-11-30 11:03:35 -> RAD18499K1,22

2018-11-30 11:03:36 -> RAD18502K1,2

2018-11-30 11:03:36 -> RAD18605K1,23

2018-11-30 11:03:36 -> RAD18628K1,23

2018-11-30 11:03:36 -> RAD18644S1,22

2018-11-30 11:03:36 -> RAD18645S1,16

2018-11-30 11:03:36 -> RAD18646S1,2

2018-11-30 11:03:37 -> RAD18647S1,7

2018-11-30 11:03:37 -> RAD18648S1,22

2018-11-30 11:03:37 -> RAD18705S1,49

2018-11-30 11:03:37 -> RAD18706S1,43

2018-11-30 11:03:37 -> RAD18707S1,43

2018-11-30 11:03:37 -> RAD18708S1,49

2018-11-30 11:03:38 -> RAD18750S1,7

2018-11-30 11:03:38 -> RAD18751S1,2

2018-11-30 11:03:38 -> RAD18752S1,7

2018-11-30 11:03:38 -> RAD18753S1,2

2018-11-30 11:03:38 -> RAD18754K1,2

2018-11-30 11:03:38 -> RAD18776S1,7

2018-11-30 11:03:38 -> RAD18777S1,7

2018-11-30 11:03:39 -> RAD18778S1,2

2018-11-30 11:03:39 -> RAD18779S1,7

2018-11-30 11:03:39 -> RAD18942K1,7

2018-11-30 11:03:39 -> RAD19019K0,19

2018-11-30 11:03:39 -> RAD19052K0,19

2018-11-30 11:03:40 -> RAD19351K1,14

2018-11-30 11:03:40 -> RAD19588S1,49

2018-11-30 11:03:40 -> RAD19589S1,49

2018-11-30 11:03:40 -> RAD19591S1,49

2018-11-30 11:03:40 -> RAD19592K1,49

2018-11-30 11:03:40 -> RAD19599S1,7

2018-11-30 11:03:41 -> RAD19607S1,2

2018-11-30 11:03:41 -> RAD19608S1,7

2018-11-30 11:03:41 -> RAD19609S1,14

2018-11-30 11:03:41 -> RAD19610S1,7

2018-11-30 11:03:41 -> RAD19697S1,22

2018-11-30 11:03:41 -> RAD19698S1,16

2018-11-30 11:03:42 -> RAD19699S1,16

2018-11-30 11:03:42 -> RAD19771S1,7

2018-11-30 11:03:42 -> RAD19772S1,7

2018-11-30 11:03:42 -> RAD19773S1,2

2018-11-30 11:03:42 -> RAD19774S1,7

2018-11-30 11:03:42 -> RAD19775S1,7

2018-11-30 11:03:42 -> RAD19950S1,43

2018-11-30 11:03:43 -> RAD19951S1,49

2018-11-30 11:03:43 -> RAD19952S1,49

2018-11-30 11:03:43 -> RAD19953S1,49

2018-11-30 11:03:43 -> RAD19954K1,49

2018-11-30 11:03:43 -> RAD19991S1,22

2018-11-30 11:03:43 -> RAD19992S1,16

2018-11-30 11:03:44 -> RAD19993S1,22

2018-11-30 11:03:44 -> RAD19994K1,22

2018-11-30 11:03:44 -> RAD20085S1,23

2018-11-30 11:03:44 -> RAD20087S1,17

2018-11-30 11:03:44 -> RAD20610S1,7

2018-11-30 11:03:45 -> RAD20611S1,2

2018-11-30 11:03:45 -> RAD20612S1,7

2018-11-30 11:03:45 -> RAD20613K1,7

2018-11-30 11:03:45 -> RAD20616S1,7

2018-11-30 11:03:45 -> RAD20617S1,7

2018-11-30 11:03:45 -> RAD20618S1,7

2018-11-30 11:03:45 -> RAD20619S1,22

2018-11-30 11:03:46 -> RAD20620S1,7

2018-11-30 11:03:46 -> RAD20621S1,7

2018-11-30 11:03:46 -> RAD20755S1,49

2018-11-30 11:03:46 -> RAD20759S1,23

2018-11-30 11:03:46 -> RAD20760S1,23

2018-11-30 11:03:46 -> RAD20771K1,22

2018-11-30 11:03:46 -> RAD20805S1,7

2018-11-30 11:03:47 -> RAD20806S1,2

2018-11-30 11:03:47 -> RAD20807S1,7

2018-11-30 11:03:47 -> RAD20808S1,7

2018-11-30 11:03:47 -> RAD21725S1,2

2018-11-30 11:03:47 -> RAD21726S1,7

2018-11-30 11:03:47 -> RAD21727S1,7

2018-11-30 11:03:47 -> RAD21728S1,2

2018-11-30 11:03:48 -> RAD21729S1,2

2018-11-30 11:03:48 -> RAD21730S1,7

2018-11-30 11:03:48 -> RAD21731S1,7

2018-11-30 11:03:48 -> RAD21732S1,7

2018-11-30 11:03:48 -> RAD21733S1,7

2018-11-30 11:03:48 -> RAD21998S1,7

2018-11-30 11:03:49 -> RAD22123K1,2

2018-11-30 11:03:49 -> RAD22326S1,16

2018-11-30 11:03:49 -> RAD22327S1,22

2018-11-30 11:03:49 -> RAD22328S1,7

2018-11-30 11:03:49 -> RAD22329S1,22

2018-11-30 11:03:49 -> RAD22389S1,49

2018-11-30 11:03:49 -> RAD22390S1,49

2018-11-30 11:03:50 -> RAD22391S1,49

2018-11-30 11:03:50 -> RAD22392S1,49

2018-11-30 11:03:50 -> RAD22420S1,23

2018-11-30 11:03:50 -> RAD22421S1,7

2018-11-30 11:03:50 -> RAD22422S1,23

2018-11-30 11:03:50 -> RAD22423S1,23

2018-11-30 11:03:50 -> RAD22425S1,7

2018-11-30 11:03:51 -> RAD22426S1,7

2018-11-30 11:03:51 -> RAD22427S1,7

2018-11-30 11:03:51 -> RAD22428S1,49

2018-11-30 11:03:51 -> RAD22429S1,7

2018-11-30 11:03:51 -> RAD22430S1,23

2018-11-30 11:03:51 -> RAD22449S1,2

2018-11-30 11:03:51 -> RAD22450K1,7

2018-11-30 11:03:52 -> RAD22684S1,7

2018-11-30 11:03:52 -> RAD22701S1,37

2018-11-30 11:03:52 -> RAD22702S1,37

2018-11-30 11:03:52 -> RAD22703S1,37

2018-11-30 11:03:52 -> RAD22704S1,37

2018-11-30 11:03:52 -> RAD22721K1,49

2018-11-30 11:03:53 -> RAD22878S1,7

2018-11-30 11:03:53 -> RAD22983S1,7

2018-11-30 11:03:53 -> RAD23194S1,7

2018-11-30 11:03:53 -> RAD23195S1,2

2018-11-30 11:03:54 -> RAD23196S1,7

2018-11-30 11:03:54 -> RAD23197S1,2

2018-11-30 11:03:54 -> RAD23258S1,7

2018-11-30 11:03:54 -> RAD23259K1,7

2018-11-30 11:03:54 -> RAD23262S1,7

2018-11-30 11:03:54 -> RAD23263K1,7

2018-11-30 11:03:54 -> RAD23458S1,9

2018-11-30 11:03:55 -> RAD23459S1,17

2018-11-30 11:03:55 -> RAD23460S1,9

2018-11-30 11:03:55 -> RAD23461S1,9

2018-11-30 11:03:55 -> RAD23462S1,9

2018-11-30 11:03:55 -> RAD23463S1,7

2018-11-30 11:03:55 -> RAD23464S1,7

2018-11-30 11:03:55 -> RAD23465S1,9

2018-11-30 11:03:56 -> RAD23499S1,23

2018-11-30 11:03:56 -> RAD23527K1,2

2018-11-30 11:03:56 -> RAD23530S1,2

2018-11-30 11:03:56 -> RAD23589S1,7

2018-11-30 11:03:56 -> RAD23590S1,9

2018-11-30 11:03:56 -> RAD23591S1,2

2018-11-30 11:03:57 -> RAD23599S1,28

2018-11-30 11:03:57 -> RAD23644S1,7

2018-11-30 11:03:57 -> RAD23645S1,7

2018-11-30 11:03:57 -> RAD23646K1,2

2018-11-30 11:03:57 -> RAD23676S1,2

2018-11-30 11:03:57 -> RAD23862S1,7

2018-11-30 11:03:57 -> RAD23863S1,2

2018-11-30 11:03:58 -> RAD23865S1,2

2018-11-30 11:03:58 -> RAD23867S1,7

2018-11-30 11:03:58 -> RAD23868K1,7

2018-11-30 11:03:58 -> RAD23869K1,2

2018-11-30 11:03:58 -> RAD23912K1,9

2018-11-30 11:03:58 -> RAD23916K1,7

2018-11-30 11:03:59 -> RAD23920S1,7

2018-11-30 11:03:59 -> RAD23921S1,7

2018-11-30 11:03:59 -> RAD23926S1,22

2018-11-30 11:03:59 -> RAD23928S1,7

2018-11-30 11:03:59 -> RAD23930S1,7

2018-11-30 11:03:59 -> RAD23932S1,30

2018-11-30 11:04:00 -> RAD24097S1,7

2018-11-30 11:04:00 -> RAD24098S1,7

2018-11-30 11:04:00 -> RAD24099S1,7

2018-11-30 11:04:00 -> RAD24100S1,7

2018-11-30 11:04:00 -> RAD24173S1,49

2018-11-30 11:04:00 -> RAD24316K1,2

2018-11-30 11:04:01 -> RAD24321S1,7

2018-11-30 11:04:01 -> RAD24322S1,49

2018-11-30 11:04:01 -> RAD24551S1,2

2018-11-30 11:04:01 -> RAD24552S1,2

2018-11-30 11:04:01 -> RAD24553S1,7

2018-11-30 11:04:01 -> RAD24555K1,7

2018-11-30 11:04:02 -> RAD24604S1,2

2018-11-30 11:04:02 -> RAD24613S1,7

2018-11-30 11:04:02 -> RAD24619S1,49

2018-11-30 11:04:02 -> RAD24622S1,49

2018-11-30 11:04:02 -> RAD24634S1,7

2018-11-30 11:04:02 -> RAD24635S1,7

2018-11-30 11:04:03 -> RAD24636S1,23

2018-11-30 11:04:03 -> RAD24637S1,23

2018-11-30 11:04:03 -> RAD24638S1,23

2018-11-30 11:04:03 -> RAD24639S1,7

2018-11-30 11:04:03 -> RAD24640S1,7

2018-11-30 11:04:03 -> RAD24641S1,7

2018-11-30 11:04:04 -> RAD24642S1,7

2018-11-30 11:04:04 -> RAD24727S1,7

2018-11-30 11:04:04 -> RAD24754S1,7

2018-11-30 11:04:04 -> RAD24756S1,7

2018-11-30 11:04:04 -> RAD24758S1,2

2018-11-30 11:04:04 -> RAD24759S1,7

2018-11-30 11:04:04 -> RAD24760S1,7

2018-11-30 11:04:05 -> RAD24761S1,7

2018-11-30 11:04:05 -> RAD24764S1,2

2018-11-30 11:04:05 -> RAD25220S1,38

2018-11-30 11:04:05 -> RAD25221S1,38

2018-11-30 11:04:05 -> RAD25222S1,30

2018-11-30 11:04:06 -> RAD25223S1,38

2018-11-30 11:04:06 -> RAD25224S1,30

2018-11-30 11:04:06 -> RAD25236S1,2

2018-11-30 11:04:06 -> RAD25237S1,9

2018-11-30 11:04:06 -> RAD25238S1,7

2018-11-30 11:04:06 -> RAD25239S1,7

2018-11-30 11:04:07 -> RAD25310S1,2

2018-11-30 11:04:07 -> RAD25312S1,2

2018-11-30 11:04:07 -> RAD25313K1,7

2018-11-30 11:04:07 -> RAD25316S1,2

2018-11-30 11:04:08 -> RAD25451S1,2

2018-11-30 11:04:08 -> RAD25746S1,7

2018-11-30 11:04:08 -> RAD25747S1,22

2018-11-30 11:04:08 -> RAD25748S1,2

2018-11-30 11:04:08 -> RAD25749K1,7

2018-11-30 11:04:08 -> RAD25811S1,7

2018-11-30 11:04:09 -> RAD26187K1,22

2018-11-30 11:04:09 -> RAD26255S1,7

2018-11-30 11:04:09 -> RAD26257S1,7

2018-11-30 11:04:09 -> RAD26259K1,7

2018-11-30 11:04:09 -> RAD26300K1,7

2018-11-30 11:04:09 -> RAD26696S1,7

2018-11-30 11:04:10 -> RAD26697S1,2

2018-11-30 11:04:10 -> RAD26698K1,22

2018-11-30 11:04:10 -> RAD26870K1,7

2018-11-30 11:04:10 -> RAD26904K1,7

2018-11-30 11:04:10 -> RAD26915S1,7

2018-11-30 11:04:10 -> RAD26916S1,7

2018-11-30 11:04:11 -> RAD26917S1,7

2018-11-30 11:04:11 -> RAD26918S1,2

2018-11-30 11:04:11 -> RAD27005S1,49

2018-11-30 11:04:11 -> RAD27006S1,7

2018-11-30 11:04:11 -> RAD27007K1,7

2018-11-30 11:04:11 -> RAD27070S1,2

2018-11-30 11:04:11 -> RAD27071S1,7

2018-11-30 11:04:12 -> RAD27072K1,22

2018-11-30 11:04:12 -> RAD27075S1,2

2018-11-30 11:04:12 -> RAD27076S1,30

2018-11-30 11:04:12 -> RAD27077S1,22

2018-11-30 11:04:12 -> RAD27078S1,30

2018-11-30 11:04:12 -> RAD27079S1,30

2018-11-30 11:04:13 -> RAD27184S1,22

2018-11-30 11:04:13 -> RAD27185S1,22

2018-11-30 11:04:13 -> RAD27186K1,2

2018-11-30 11:04:13 -> RAD27189S1,7

2018-11-30 11:04:13 -> RAD27190S1,22

2018-11-30 11:04:13 -> RAD27191S1,49

2018-11-30 11:04:13 -> RAD27247S1,49

2018-11-30 11:04:14 -> RAD27248S1,49

2018-11-30 11:04:14 -> RAD27249S1,49

2018-11-30 11:04:14 -> RAD27250S1,7

2018-11-30 11:04:14 -> RAD27251K1,7

2018-11-30 11:04:14 -> RAD27269S1,7

2018-11-30 11:04:14 -> RAD27270S1,2

2018-11-30 11:04:15 -> RAD27271S1,7

2018-11-30 11:04:15 -> RAD27272S1,7

2018-11-30 11:04:15 -> RAD27273K1,2

2018-11-30 11:04:15 -> RAD27411K1,22

2018-11-30 11:04:15 -> RAD27416S1,7

2018-11-30 11:04:15 -> RAD27500S1,7

2018-11-30 11:04:16 -> RAD27501S1,7

2018-11-30 11:04:16 -> RAD27502K1,7

2018-11-30 11:04:16 -> RAD27684S1,7

2018-11-30 11:04:16 -> RAD27685S1,7

2018-11-30 11:04:16 -> RAD27686S1,7

2018-11-30 11:04:16 -> RAD27687S1,7

2018-11-30 11:04:16 -> RAD28227S1,7

2018-11-30 11:04:17 -> RAD28625S1,43

2018-11-30 11:04:17 -> RAD28626S1,49

2018-11-30 11:04:17 -> RAD28627S1,49

2018-11-30 11:04:17 -> RAD28628S1,7

2018-11-30 11:04:17 -> RAD28633S1,7

2018-11-30 11:04:17 -> RAD28634S1,30

2018-11-30 11:04:18 -> RAD28635S1,30

2018-11-30 11:04:18 -> RAD28636S1,7

2018-11-30 11:04:18 -> RAD28640K1,7

2018-11-30 11:04:18 -> RAD28753S1,7

2018-11-30 11:04:18 -> RAD28758S1,7

2018-11-30 11:04:19 -> RAD28759S1,7

2018-11-30 11:04:19 -> RAD28761K1,7

2018-11-30 11:04:20 -> RAD97191S1,43

2018-11-30 11:04:20 -> RAD97192S1,43

2018-11-30 11:04:20 -> RAD97193S1,43

2018-11-30 11:04:20 -> RAD97194S1,15

2018-11-30 11:04:20 -> RAD97453K1,2

2018-11-30 11:04:21 -> RAD97472S1,49

2018-11-30 11:04:21 -> RE11127170,29

2018-11-30 11:04:22 -> RJU11681S1,2

2018-11-30 11:04:23 -> RJU11682S1,2

2018-11-30 11:04:23 -> RJU11683S1,7

2018-11-30 11:04:23 -> RJU11684S1,7

2018-11-30 11:04:23 -> RJU11685S1,7

2018-11-30 11:04:24 -> RJU13885K0,7

2018-11-30 11:04:24 -> RJU13888K0,2

2018-11-30 11:04:24 -> RJU14535S1,2

2018-11-30 11:04:24 -> RJU14989K1,2

2018-11-30 11:04:24 -> RJU16989S1,7

2018-11-30 11:04:25 -> RJU17147K0,7

2018-11-30 11:04:25 -> RJU17152K0,7

2018-11-30 11:04:25 -> RJU17157K0,7

2018-11-30 11:04:25 -> RJU17222S1,2

2018-11-30 11:04:25 -> RJU17223K0,7

2018-11-30 11:04:26 -> RJU17226K0,97

2018-11-30 11:04:26 -> RJU17229K0,7

2018-11-30 11:04:26 -> RJU17289K1,7

2018-11-30 11:04:26 -> RJU17293K1,7

2018-11-30 11:04:26 -> RJU17376K1,7

2018-11-30 11:04:26 -> RJU17594S1,7

2018-11-30 11:04:27 -> RJU17595S1,2

2018-11-30 11:04:27 -> RJU17596S1,7

2018-11-30 11:04:27 -> RJU17597S1,7

2018-11-30 11:04:27 -> RJU17598S1,2

2018-11-30 11:04:27 -> RJU18496K1,2

2018-11-30 11:04:27 -> RJU18506K1,7

2018-11-30 11:04:28 -> RJU18699S1,49

2018-11-30 11:04:28 -> RJU18757S1,49

2018-11-30 11:04:28 -> RJU18795S1,7

2018-11-30 11:04:28 -> RJU18796S1,7

2018-11-30 11:04:28 -> RJU18904K0,7

2018-11-30 11:04:28 -> RJU19195S1,2

2018-11-30 11:04:29 -> RJU23115S1,7

2018-11-30 11:04:29 -> RJU23117S1,7

2018-11-30 11:04:29 -> RJU24643S1,7

2018-11-30 11:04:29 -> RJU24644S1,14

2018-11-30 11:04:29 -> RJU24645K1,14

2018-11-30 11:04:30 -> RJU24649S1,14

2018-11-30 11:04:30 -> RJU24650S1,7

2018-11-30 11:04:30 -> RJU26483S1,22

2018-11-30 11:04:30 -> RJU26484S1,22

2018-11-30 11:04:31 -> RJU26485S1,22

2018-11-30 11:04:31 -> RJU26925K0,7

2018-11-30 11:04:31 -> RJU26929K0,7

2018-11-30 11:04:31 -> RJU26936K0,7

2018-11-30 11:04:31 -> RJU27193K1,2

2018-11-30 11:04:36 -> SAL10432S1,43

2018-11-30 11:04:39 -> SAL13566S1,7

2018-11-30 11:04:39 -> SAL13567S1,2

2018-11-30 11:04:39 -> SAL13568S1,22

2018-11-30 11:04:40 -> SAL14391S1,23

2018-11-30 11:04:40 -> SAL14392S1,7

2018-11-30 11:04:40 -> SAL14393S1,2

2018-11-30 11:04:40 -> SAL14394S1,17

2018-11-30 11:04:41 -> SAL14395S1,7

2018-11-30 11:04:41 -> SAL14396S1,2

2018-11-30 11:04:41 -> SAL14397S1,23

2018-11-30 11:04:41 -> SAL14398S1,2

2018-11-30 11:04:41 -> SAL14399S1,23

2018-11-30 11:04:41 -> SAL14423S1,22

2018-11-30 11:04:42 -> SAL14424S1,16

2018-11-30 11:04:42 -> SAL14425S1,22

2018-11-30 11:04:42 -> SAL14426S1,16

2018-11-30 11:04:42 -> SAL14427S1,22

2018-11-30 11:04:42 -> SAL14428S1,16

2018-11-30 11:04:43 -> SAL14624S1,2

2018-11-30 11:04:43 -> SAL14625S1,2

2018-11-30 11:04:43 -> SAL14626S1,2

2018-11-30 11:04:43 -> SAL14627S1,2

2018-11-30 11:04:43 -> SAL14628S1,2

2018-11-30 11:04:43 -> SAL14629S1,7

2018-11-30 11:04:44 -> SAL14666K1,43

2018-11-30 11:04:44 -> SAL14761S1,17

2018-11-30 11:04:44 -> SAL14762S1,23

2018-11-30 11:04:45 -> SAL14763S1,23

2018-11-30 11:04:45 -> SAL14764S1,7

2018-11-30 11:04:45 -> SAL14765S1,7

2018-11-30 11:04:45 -> SAL14766S1,23

2018-11-30 11:04:45 -> SAL14858S1,14

2018-11-30 11:04:45 -> SAL14859S1,14

2018-11-30 11:04:46 -> SAL14860S1,14

2018-11-30 11:04:46 -> SAL15039S1,49

2018-11-30 11:04:46 -> SAL15040S1,49

2018-11-30 11:04:47 -> SAL15623S1,2

2018-11-30 11:04:47 -> SAL15624S1,7

2018-11-30 11:04:47 -> SAL15625S1,7

2018-11-30 11:04:49 -> SAL17144K1,7

2018-11-30 11:04:49 -> SAL17297S1,49

2018-11-30 11:04:49 -> SAL17368S1,49

2018-11-30 11:04:50 -> SAL17725S1,23

2018-11-30 11:04:50 -> SAL17726S1,23

2018-11-30 11:04:50 -> SAL17727S1,23

2018-11-30 11:04:50 -> SAL17809S1,43

2018-11-30 11:04:50 -> SAL17810S1,43

2018-11-30 11:04:51 -> SAL17811S1,19

2018-11-30 11:04:51 -> SAL17923S1,43

2018-11-30 11:04:51 -> SAL17924S1,49

2018-11-30 11:04:51 -> SAL17925S1,49

2018-11-30 11:04:51 -> SAL17975S1,49

2018-11-30 11:04:51 -> SAL17976S1,49

2018-11-30 11:04:52 -> SAL17977S1,49

2018-11-30 11:04:52 -> SAL17989K1,49

2018-11-30 11:04:52 -> SAL18027S1,7

2018-11-30 11:04:52 -> SAL18028S1,7

2018-11-30 11:04:52 -> SAL18029S1,17

2018-11-30 11:04:52 -> SAL18030S1,2

2018-11-30 11:04:53 -> SAL18031S1,7

2018-11-30 11:04:53 -> SAL18032S1,15

2018-11-30 11:04:53 -> SAL18132S1,49

2018-11-30 11:04:53 -> SAL18133S1,7

2018-11-30 11:04:53 -> SAL18220S1,17

2018-11-30 11:04:54 -> SAL18221S1,7

2018-11-30 11:04:54 -> SAL18222S1,17

2018-11-30 11:04:54 -> SAL18247S1,23

2018-11-30 11:04:54 -> SAL18248S1,23

2018-11-30 11:04:54 -> SAL18249S1,23

2018-11-30 11:04:54 -> SAL18251S1,7

2018-11-30 11:04:55 -> SAL18253S1,7

2018-11-30 11:04:55 -> SAL18255S1,43

2018-11-30 11:04:55 -> SAL18262K1,43

2018-11-30 11:04:55 -> SAL18265K1,49

2018-11-30 11:04:55 -> SAL18268K1,49

2018-11-30 11:04:55 -> SAL18440S1,49

2018-11-30 11:04:56 -> SAL18441S1,49

2018-11-30 11:04:56 -> SAL18442S1,49

2018-11-30 11:04:56 -> SAL18656K1,13

2018-11-30 11:04:56 -> SAL18807S1,23

2018-11-30 11:04:56 -> SAL18808S1,23

2018-11-30 11:04:57 -> SAL18809S1,7

2018-11-30 11:04:57 -> SAL18813S1,7

2018-11-30 11:04:57 -> SAL18814S1,7

2018-11-30 11:04:57 -> SAL18815S1,23

2018-11-30 11:04:57 -> SAL19185S1,49

2018-11-30 11:04:58 -> SAL19186S1,49

2018-11-30 11:04:58 -> SAL19187S1,49

2018-11-30 11:04:58 -> SAL19188S1,49

2018-11-30 11:04:58 -> SAL19189S1,49

2018-11-30 11:04:58 -> SAL19190S1,49

2018-11-30 11:04:58 -> SAL19191S1,49

2018-11-30 11:04:59 -> SAL19192S1,49

2018-11-30 11:04:59 -> SAL19193S1,49

2018-11-30 11:04:59 -> SAL19371S1,49

2018-11-30 11:04:59 -> SAL19389S1,7

2018-11-30 11:04:59 -> SAL19390S1,23

2018-11-30 11:05:00 -> SAL19391S1,23

2018-11-30 11:05:00 -> SAL19462S1,49

2018-11-30 11:05:00 -> SAL19463S1,49

2018-11-30 11:05:00 -> SAL19464S1,49

2018-11-30 11:05:00 -> SAL19616K1,43

2018-11-30 11:05:00 -> SAL19625S1,7

2018-11-30 11:05:01 -> SAL19626S1,2

2018-11-30 11:05:01 -> SAL19627S1,7

2018-11-30 11:05:01 -> SAL19724K1,7

2018-11-30 11:05:01 -> SAL19727K1,7

2018-11-30 11:05:01 -> SAL19730K1,7

2018-11-30 11:05:02 -> SAL19885S1,49

2018-11-30 11:05:02 -> SAL19886S1,49

2018-11-30 11:05:02 -> SAL19923S1,49

2018-11-30 11:05:02 -> SAL19924S1,49

2018-11-30 11:05:02 -> SAL19925S1,49

2018-11-30 11:05:03 -> SAL20042S1,14

2018-11-30 11:05:03 -> SAL20043S1,14

2018-11-30 11:05:03 -> SAL20044S1,7

2018-11-30 11:05:04 -> SAL20750S1,7

2018-11-30 11:05:04 -> SAL20751S1,23

2018-11-30 11:05:04 -> SAL20752S1,7

2018-11-30 11:05:04 -> SAL20753S1,7

2018-11-30 11:05:04 -> SAL20754S1,7

2018-11-30 11:05:04 -> SAL21130S1,49

2018-11-30 11:05:05 -> SAL21131S1,49

2018-11-30 11:05:05 -> SAL21132S1,49

2018-11-30 11:05:05 -> SAL21139S1,49

2018-11-30 11:05:05 -> SAL21140S1,49

2018-11-30 11:05:05 -> SAL21141S1,49

2018-11-30 11:05:05 -> SAL21153S1,7

2018-11-30 11:05:06 -> SAL21154S1,7

2018-11-30 11:05:06 -> SAL21155S1,14

2018-11-30 11:05:06 -> SAL21157S1,7

2018-11-30 11:05:06 -> SAL21158S1,7

2018-11-30 11:05:06 -> SAL21159S1,7

2018-11-30 11:05:07 -> SAL21280S1,7

2018-11-30 11:05:07 -> SAL21281S1,7

2018-11-30 11:05:07 -> SAL21282S1,7

2018-11-30 11:05:07 -> SAL21674S1,7

2018-11-30 11:05:07 -> SAL21675S1,49

2018-11-30 11:05:07 -> SAL21676S1,7

2018-11-30 11:05:08 -> SAL22065K1,30

2018-11-30 11:05:08 -> SAL22068K1,7

2018-11-30 11:05:08 -> SAL22071K1,2

2018-11-30 11:05:09 -> SAL22104S1,14

2018-11-30 11:05:09 -> SAL22105S1,7

2018-11-30 11:05:09 -> SAL22106S1,2

2018-11-30 11:05:09 -> SAL22242S1,16

2018-11-30 11:05:09 -> SAL22243S1,22

2018-11-30 11:05:09 -> SAL22244S1,2

2018-11-30 11:05:10 -> SAL22593S1,23

2018-11-30 11:05:10 -> SAL22594S1,23

2018-11-30 11:05:11 -> SAL23134K1,14

2018-11-30 11:05:11 -> SAL23169S1,7

2018-11-30 11:05:11 -> SAL23171S1,7

2018-11-30 11:05:11 -> SAL23172S1,7

2018-11-30 11:05:11 -> SAL23251S1,38

2018-11-30 11:05:12 -> SAL23516S1,14

2018-11-30 11:05:12 -> SAL23517S1,8

2018-11-30 11:05:12 -> SAL23518S1,8

2018-11-30 11:05:13 -> SAL23519S1,14

2018-11-30 11:05:13 -> SAL23520S1,14

2018-11-30 11:05:13 -> SAL23521S1,8

2018-11-30 11:05:13 -> SAL23552K1,2

2018-11-30 11:05:13 -> SAL23564S1,2

2018-11-30 11:05:13 -> SAL23565S1,2

2018-11-30 11:05:14 -> SAL23566S1,7

2018-11-30 11:05:14 -> SAL23567S1,7

2018-11-30 11:05:14 -> SAL23568S1,7

2018-11-30 11:05:14 -> SAL23569S1,7

2018-11-30 11:05:14 -> SAL23570S1,2

2018-11-30 11:05:14 -> SAL23571S1,7

2018-11-30 11:05:15 -> SAL23572S1,7

2018-11-30 11:05:15 -> SAL23574S1,43

2018-11-30 11:05:15 -> SAL23608S1,7

2018-11-30 11:05:15 -> SAL23610S1,7

2018-11-30 11:05:15 -> SAL24009S1,7

2018-11-30 11:05:16 -> SAL24010S1,7

2018-11-30 11:05:16 -> SAL24012S1,7

2018-11-30 11:05:16 -> SAL24014S1,2

2018-11-30 11:05:16 -> SAL24015S1,7

2018-11-30 11:05:16 -> SAL24016S1,7

2018-11-30 11:05:16 -> SAL24017S1,49

2018-11-30 11:05:16 -> SAL24019S1,49

2018-11-30 11:05:17 -> SAL24020S1,7

2018-11-30 11:05:17 -> SAL24026S1,17

2018-11-30 11:05:17 -> SAL24028S1,23

2018-11-30 11:05:17 -> SAL24029S1,17

2018-11-30 11:05:17 -> SAL24030S1,23

2018-11-30 11:05:17 -> SAL24031S1,17

2018-11-30 11:05:18 -> SAL24032S1,17

2018-11-30 11:05:18 -> SAL24033S1,23

2018-11-30 11:05:18 -> SAL24034S1,7

2018-11-30 11:05:18 -> SAL24035S1,23

2018-11-30 11:05:18 -> SAL24076S1,7

2018-11-30 11:05:18 -> SAL24077S1,2

2018-11-30 11:05:19 -> SAL24078S1,29

2018-11-30 11:05:19 -> SAL24083K1,7

2018-11-30 11:05:19 -> SAL24151K1,22

2018-11-30 11:05:19 -> SAL24155K1,7

2018-11-30 11:05:19 -> SAL24158K1,22

2018-11-30 11:05:20 -> SAL24324K1,7

2018-11-30 11:05:20 -> SAL24328S1,23

2018-11-30 11:05:20 -> SAL24329K1,17

2018-11-30 11:05:20 -> SAL24332S1,23

2018-11-30 11:05:20 -> SAL24333K1,7

2018-11-30 11:05:20 -> SAL24336S1,7

2018-11-30 11:05:21 -> SAL24378S1,8

2018-11-30 11:05:21 -> SAL24379S1,7

2018-11-30 11:05:21 -> SAL24380S1,14

2018-11-30 11:05:21 -> SAL24485S1,23

2018-11-30 11:05:21 -> SAL24486S1,23

2018-11-30 11:05:22 -> SAL24487S1,23

2018-11-30 11:05:22 -> SAL24491S1,2

2018-11-30 11:05:22 -> SAL24492S1,2

2018-11-30 11:05:22 -> SAL24493S1,7

2018-11-30 11:05:22 -> SAL24497S1,10

2018-11-30 11:05:22 -> SAL24498S1,10

2018-11-30 11:05:23 -> SAL24499S1,10

2018-11-30 11:05:23 -> SAL24567S1,7

2018-11-30 11:05:23 -> SAL24568S1,7

2018-11-30 11:05:23 -> SAL24569S1,7

2018-11-30 11:05:23 -> SAL24719S1,7

2018-11-30 11:05:24 -> SAL24720S1,23

2018-11-30 11:05:24 -> SAL24721S1,23

2018-11-30 11:05:24 -> SAL24825K1,22

2018-11-30 11:05:25 -> SAL24918S1,10

2018-11-30 11:05:25 -> SAL24919S1,2

2018-11-30 11:05:25 -> SAL24920S1,2

2018-11-30 11:05:25 -> SAL24921K1,2

2018-11-30 11:05:25 -> SAL24949K1,23

2018-11-30 11:05:25 -> SAL24953K1,7

2018-11-30 11:05:26 -> SAL25335K1,7

2018-11-30 11:05:26 -> SAL25341K1,7

2018-11-30 11:05:26 -> SAL25598S1,7

2018-11-30 11:05:27 -> SAL25599S1,7

2018-11-30 11:05:27 -> SAL25600S1,2

2018-11-30 11:05:27 -> SAL25616K1,66

2018-11-30 11:05:27 -> SAL25704S1,7

2018-11-30 11:05:27 -> SAL25705S1,7

2018-11-30 11:05:27 -> SAL25706S1,7

2018-11-30 11:05:27 -> SAL25707S1,7

2018-11-30 11:05:28 -> SAL25708S1,7

2018-11-30 11:05:28 -> SAL25709S1,7

2018-11-30 11:05:28 -> SAL25833K1,7

2018-11-30 11:05:28 -> SAL25839S1,7

2018-11-30 11:05:28 -> SAL25840S1,7

2018-11-30 11:05:29 -> SAL25984S1,66

2018-11-30 11:05:29 -> SAL25985S1,61

2018-11-30 11:05:29 -> SAL25986S1,7

2018-11-30 11:05:29 -> SAL25987S1,66

2018-11-30 11:05:30 -> SAL26545K1,7

2018-11-30 11:05:30 -> SAL26709K1,30

2018-11-30 11:05:30 -> SAL26760K1,22

2018-11-30 11:05:30 -> SAL26763K1,7

2018-11-30 11:05:30 -> SAL26766K1,30

2018-11-30 11:05:30 -> SAL26769K1,30

2018-11-30 11:05:30 -> SAL26772K1,30

2018-11-30 11:05:31 -> SAL26775K1,30

2018-11-30 11:05:31 -> SAL26778K1,30

2018-11-30 11:05:31 -> SAL26801K1,30

2018-11-30 11:05:31 -> SAL26809S1,38

2018-11-30 11:05:31 -> SAL26810S1,9

2018-11-30 11:05:31 -> SAL26811S1,2

2018-11-30 11:05:32 -> SAL26812S1,7

2018-11-30 11:05:32 -> SAL26813S1,38

2018-11-30 11:05:32 -> SAL26814S1,38

2018-11-30 11:05:32 -> SAL26815S1,38

2018-11-30 11:05:32 -> SAL26816S1,30

2018-11-30 11:05:32 -> SAL26817S1,30

2018-11-30 11:05:33 -> SAL26832S1,7

2018-11-30 11:05:33 -> SAL26833S1,7

2018-11-30 11:05:33 -> SAL26834S1,7

2018-11-30 11:05:33 -> SAL26839S1,7

2018-11-30 11:05:33 -> SAL26840S1,30

2018-11-30 11:05:33 -> SAL26841S1,30

2018-11-30 11:05:34 -> SAL27014S1,14

2018-11-30 11:05:34 -> SAL27015S1,14

2018-11-30 11:05:34 -> SAL27016S1,14

2018-11-30 11:05:34 -> SAL27017S1,14

2018-11-30 11:05:34 -> SAL27018S1,14

2018-11-30 11:05:34 -> SAL27019S1,7

2018-11-30 11:05:35 -> SAL27020S1,2

2018-11-30 11:05:35 -> SAL27021S1,8

2018-11-30 11:05:35 -> SAL27022S1,14

2018-11-30 11:05:35 -> SAL27023S1,7

2018-11-30 11:05:35 -> SAL27024S1,14

2018-11-30 11:05:35 -> SAL27025S1,7

2018-11-30 11:05:36 -> SAL27026S1,7

2018-11-30 11:05:36 -> SAL27027S1,7

2018-11-30 11:05:36 -> SAL27028S1,7

2018-11-30 11:05:36 -> SAL27029S1,7

2018-11-30 11:05:36 -> SAL27030S1,7

2018-11-30 11:05:36 -> SAL27031S1,7

2018-11-30 11:05:36 -> SAL27170K1,7

2018-11-30 11:05:37 -> SAL27289K1,7

2018-11-30 11:05:37 -> SAL27292K1,2

2018-11-30 11:05:37 -> SAL27295K1,22

2018-11-30 11:05:37 -> SAL27298K1,22

2018-11-30 11:05:37 -> SAL27301K1,22

2018-11-30 11:05:37 -> SAL27340K1,30

2018-11-30 11:05:38 -> SAL27422S1,2

2018-11-30 11:05:38 -> SAL27423S1,23

2018-11-30 11:05:38 -> SAL27424S1,7

2018-11-30 11:05:38 -> SAL27425S1,7

2018-11-30 11:05:38 -> SAL27426S1,7

2018-11-30 11:05:38 -> SAL27427S1,7

2018-11-30 11:05:39 -> SAL27428S1,23

2018-11-30 11:05:39 -> SAL27429S1,17

2018-11-30 11:05:39 -> SAL27430S1,17

2018-11-30 11:05:39 -> SAL27634S1,7

2018-11-30 11:05:39 -> SAL27635S1,7

2018-11-30 11:05:39 -> SAL27636S1,7

2018-11-30 11:05:40 -> SAL27637S1,7

2018-11-30 11:05:40 -> SAL27638S1,7

2018-11-30 11:05:40 -> SAL27639S1,7

2018-11-30 11:05:40 -> SAL27647S1,7

2018-11-30 11:05:40 -> SAL27648S1,7

2018-11-30 11:05:41 -> SAL27702K1,49

2018-11-30 11:05:41 -> SAL27790S1,7

2018-11-30 11:05:41 -> SAL27791S1,7

2018-11-30 11:05:41 -> SAL27792S1,7

2018-11-30 11:05:41 -> SAL27793S1,7

2018-11-30 11:05:41 -> SAL27802S1,7

2018-11-30 11:05:42 -> SAL27803S1,49

2018-11-30 11:05:42 -> SAL27804S1,7

2018-11-30 11:05:42 -> SAL27805S1,49

2018-11-30 11:05:42 -> SAL27806S1,7

2018-11-30 11:05:42 -> SAL27807S1,7

2018-11-30 11:05:42 -> SAL27808S1,7

2018-11-30 11:05:43 -> SAL27809S1,7

2018-11-30 11:05:43 -> SAL27810S1,7

2018-11-30 11:05:43 -> SAL27811S1,7

2018-11-30 11:05:43 -> SAL27812S1,7

2018-11-30 11:05:43 -> SAL27813S1,7

2018-11-30 11:05:43 -> SAL27814S1,7

2018-11-30 11:05:44 -> SAL27815S1,7

2018-11-30 11:05:44 -> SAL27817S1,7

2018-11-30 11:05:44 -> SAL27818S1,7

2018-11-30 11:05:44 -> SAL27819S1,23

2018-11-30 11:05:44 -> SAL27821S1,23

2018-11-30 11:05:44 -> SAL27823S1,23

2018-11-30 11:05:45 -> SAL27824S1,7

2018-11-30 11:05:45 -> SAL27825S1,7

2018-11-30 11:05:45 -> SAL27826S1,7

2018-11-30 11:05:45 -> SAL27827S1,7

2018-11-30 11:05:45 -> SAL27828S1,7

2018-11-30 11:05:45 -> SAL27829S1,7

2018-11-30 11:05:45 -> SAL27830S1,7

2018-11-30 11:05:46 -> SAL27831S1,49

2018-11-30 11:05:46 -> SAL27832S1,49

2018-11-30 11:05:46 -> SAL27833S1,7

2018-11-30 11:05:46 -> SAL27837S1,23

2018-11-30 11:05:46 -> SAL27838S1,23

2018-11-30 11:05:46 -> SAL27839S1,23

2018-11-30 11:05:47 -> SAL27840S1,23

2018-11-30 11:05:47 -> SAL27842S1,23

2018-11-30 11:05:47 -> SAL27843S1,7

2018-11-30 11:05:47 -> SAL27890K1,23

2018-11-30 11:05:47 -> SAL27905S1,2

2018-11-30 11:05:47 -> SAL27906S1,2

2018-11-30 11:05:47 -> SAL27907S1,7

2018-11-30 11:05:48 -> SAL27933K1,7

2018-11-30 11:05:48 -> SAL27941K1,7

2018-11-30 11:05:48 -> SAL27947S1,7

2018-11-30 11:05:48 -> SAL28003S1,7

2018-11-30 11:05:48 -> SAL28004S1,7

2018-11-30 11:05:48 -> SAL28005S1,7

2018-11-30 11:05:49 -> SAL28416S1,28

2018-11-30 11:05:49 -> SAL28417S1,28

2018-11-30 11:05:49 -> SAL28418S1,7

2018-11-30 11:05:49 -> SAL28419S1,28

2018-11-30 11:05:49 -> SAL28608S1,7

2018-11-30 11:05:49 -> SAL28609S1,7

2018-11-30 11:05:50 -> SAL28610S1,2

2018-11-30 11:05:50 -> SAL28799S1,7

2018-11-30 11:05:52 -> SIO18252S1,43

2018-11-30 11:05:52 -> SIO18254S1,49

2018-11-30 11:05:52 -> SIO18256S1,49

2018-11-30 11:05:52 -> SIO22173S1,2

2018-11-30 11:05:52 -> SIO22177S1,2

2018-11-30 11:05:53 -> SIO22381S1,7

2018-11-30 11:05:53 -> SIO22382S1,2

2018-11-30 11:05:53 -> SIO22383S1,7

2018-11-30 11:05:53 -> SIO22384S1,7

2018-11-30 11:05:53 -> SIO22385S1,7

2018-11-30 11:05:54 -> SIO23097S1,7

2018-11-30 11:05:54 -> SIO23098S1,7

2018-11-30 11:05:54 -> SIO23430S1,43

2018-11-30 11:05:54 -> SIO23431S1,43

2018-11-30 11:05:54 -> SIO23432S1,49

2018-11-30 11:05:54 -> SIO23433S1,49

2018-11-30 11:05:55 -> SIO24008S1,2

2018-11-30 11:05:55 -> SIO24146S1,7

2018-11-30 11:05:55 -> SIO24149S1,2

2018-11-30 11:05:55 -> SIO24211S1,7

2018-11-30 11:05:55 -> SIO25392S1,7

2018-11-30 11:05:55 -> SIO25393S1,7

2018-11-30 11:05:55 -> SIO25394S1,2

2018-11-30 11:05:56 -> SIO25395S1,38

2018-11-30 11:05:56 -> SIO25398S1,7

2018-11-30 11:05:56 -> SIO25399S1,7

2018-11-30 11:05:56 -> SIO25669S1,14

2018-11-30 11:05:56 -> SIO25670S1,8

2018-11-30 11:05:56 -> SIO25672S1,8

2018-11-30 11:05:57 -> SIO25673S1,14

2018-11-30 11:05:57 -> SIO25674S1,14

2018-11-30 11:05:57 -> SIO25675S1,7

2018-11-30 11:05:57 -> SIO25686S1,14

2018-11-30 11:05:57 -> SIO25687S1,14

2018-11-30 11:05:57 -> SIO25688S1,2

2018-11-30 11:05:57 -> SIO25690S1,2

2018-11-30 11:05:58 -> SIO27089S1,29

2018-11-30 11:05:58 -> SIO27090S1,7

2018-11-30 11:05:58 -> SIO27091S1,7

2018-11-30 11:05:58 -> SIO27092S1,2

2018-11-30 11:05:58 -> SIO27093S1,7

2018-11-30 11:05:58 -> SIO27625S1,23

2018-11-30 11:05:59 -> SIO27626S1,49

2018-11-30 11:05:59 -> SIO27627S1,23

2018-11-30 11:05:59 -> TAP10129S1,43

2018-11-30 11:06:00 -> TAP10932S1,17

2018-11-30 11:06:01 -> TAP15566S1,7

2018-11-30 11:06:01 -> TAP15567S1,7

2018-11-30 11:06:01 -> TAP15568S1,2

2018-11-30 11:06:01 -> TAP15569S1,2

2018-11-30 11:06:01 -> TAP15570S1,2

2018-11-30 11:06:01 -> TAP15571S1,7

2018-11-30 11:06:02 -> TAP15572S1,22

2018-11-30 11:06:02 -> TAP15573S1,7

2018-11-30 11:06:02 -> TAP15597S1,2

2018-11-30 11:06:02 -> TAP15598S1,7

2018-11-30 11:06:02 -> TAP16419S1,2

2018-11-30 11:06:02 -> TAP16420S1,7

2018-11-30 11:06:03 -> TAP16421S1,2

2018-11-30 11:06:03 -> TAP16422S1,2

2018-11-30 11:06:03 -> TAP16423S1,7

2018-11-30 11:06:03 -> TAP16424S1,2

2018-11-30 11:06:03 -> TAP16481S1,2

2018-11-30 11:06:04 -> TAP16885S1,49

2018-11-30 11:06:04 -> TAP16886S1,49

2018-11-30 11:06:04 -> TAP16887S1,49

2018-11-30 11:06:04 -> TAP16889S1,49

2018-11-30 11:06:04 -> TAP16951S1,29

2018-11-30 11:06:04 -> TAP16952S1,49

2018-11-30 11:06:04 -> TAP16953S1,7

2018-11-30 11:06:05 -> TAP16954S1,49

2018-11-30 11:06:05 -> TAP16955S1,49

2018-11-30 11:06:05 -> TAP16956S1,43

2018-11-30 11:06:05 -> TAP17193S1,7

2018-11-30 11:06:05 -> TAP17203S1,43

2018-11-30 11:06:06 -> TAP17695S1,49

2018-11-30 11:06:06 -> TAP18235S1,49

2018-11-30 11:06:06 -> TAP18236S1,49

2018-11-30 11:06:06 -> TAP18237S1,49

2018-11-30 11:06:06 -> TAP18241S1,49

2018-11-30 11:06:06 -> TAP18509S1,7

2018-11-30 11:06:07 -> TAP18774S1,49

2018-11-30 11:06:07 -> TAP18775S1,49

2018-11-30 11:06:07 -> TAP19318S1,97

2018-11-30 11:06:07 -> TAP19647S1,49

2018-11-30 11:06:07 -> TAP22838S1,7

2018-11-30 11:06:08 -> TAP22839S1,2

2018-11-30 11:06:08 -> TAP22840S1,7

2018-11-30 11:06:08 -> TAP23435S1,49

2018-11-30 11:06:08 -> TAP23436S1,49

2018-11-30 11:06:08 -> TAP23480S1,43

2018-11-30 11:06:09 -> TAP23546S1,37

2018-11-30 11:06:09 -> TAP23547S1,29

2018-11-30 11:06:09 -> TAP24036S1,38

2018-11-30 11:06:09 -> TAP24998S1,22

2018-11-30 11:06:09 -> TAP24999S1,2

2018-11-30 11:06:10 -> TAP25191S1,14

2018-11-30 11:06:10 -> TAP25192S1,14

2018-11-30 11:06:10 -> TAP25193S1,7

2018-11-30 11:06:10 -> TAP25194S1,7

2018-11-30 11:06:10 -> TAP25195S1,7

2018-11-30 11:06:10 -> TAP25196S1,7

2018-11-30 11:06:10 -> TAP25197S1,14

2018-11-30 11:06:11 -> TAP25198S1,7

2018-11-30 11:06:11 -> TAP25199S1,14

2018-11-30 11:06:11 -> TAP25200S1,14

2018-11-30 11:06:11 -> TAP25201S1,14

2018-11-30 11:06:11 -> TAP25202S1,7

2018-11-30 11:06:11 -> TAP25203S1,14

2018-11-30 11:06:12 -> TAP25204S1,7

2018-11-30 11:06:12 -> TAP26269S1,7

2018-11-30 11:06:12 -> TAP26270S1,7

2018-11-30 11:06:12 -> TAP26688S1,7

2018-11-30 11:06:12 -> TAP26689S1,19

2018-11-30 11:06:12 -> TAP26690S1,7

2018-11-30 11:06:13 -> TAP26691S1,7

2018-11-30 11:06:13 -> TAP27033S1,49

2018-11-30 11:06:13 -> TAP28006S1,7

2018-11-30 11:06:13 -> TAP28007S1,7

2018-11-30 11:06:13 -> TAP28056S1,7

2018-11-30 11:06:13 -> TAP28057S1,7

2018-11-30 11:06:14 -> TAP28105S1,14

2018-11-30 11:06:14 -> TAP28106S1,14

2018-11-30 11:06:14 -> TAP97068S1,2

2018-11-30 11:06:14 -> TAP97069S1,7

2018-11-30 11:06:14 -> TAP97070S1,2

2018-11-30 11:06:15 -> TAP97617S1,43

2018-11-30 11:06:15 -> TAP97618S1,7
