
2018-11-28 17:15:07 -> ACO13700K0,5

2018-11-28 17:15:07 -> ACO15383S1,10

2018-11-28 17:15:07 -> ACO15384S1,10

2018-11-28 17:15:07 -> ACO15385S1,10

2018-11-28 17:15:07 -> ACO15386S1,10

2018-11-28 17:15:08 -> ACO16775K1,5

2018-11-28 17:15:08 -> ACO16943S0,2

2018-11-28 17:15:08 -> ACO16944S0,95

2018-11-28 17:15:08 -> ACO17471S1,60

2018-11-28 17:15:08 -> ACO17472S1,60

2018-11-28 17:15:08 -> ACO17479S1,5

2018-11-28 17:15:08 -> ACO17481S1,60

2018-11-28 17:15:09 -> ACO19871S0,95

2018-11-28 17:15:09 -> ACO22296K0,5

2018-11-28 17:15:09 -> ACO22300S0,5

2018-11-28 17:15:09 -> ACO22301K0,10

2018-11-28 17:15:09 -> ACO22305S0,5

2018-11-28 17:15:09 -> ACO22306K0,10

2018-11-28 17:15:09 -> ACO22310S0,5

2018-11-28 17:15:09 -> ACO30801K1,113

2018-11-28 17:15:09 -> ACO30806K1,5

2018-11-28 17:15:10 -> ACO31367K1,5

2018-11-28 17:15:10 -> ACO33890K1,5

2018-11-28 17:15:10 -> ACO33893S1,113

2018-11-28 17:15:10 -> ACO33894S1,5

2018-11-28 17:15:10 -> ACO34673K1,5

2018-11-28 17:15:10 -> ACO34676K1,5

2018-11-28 17:15:10 -> ACO34680K1,5

2018-11-28 17:15:11 -> ACO34980S1,5

2018-11-28 17:15:11 -> ACO36879S1,38

2018-11-28 17:15:11 -> ACO36882S1,5

2018-11-28 17:15:11 -> ACO36885S1,5

2018-11-28 17:15:11 -> ACO37286K1,5

2018-11-28 17:15:11 -> ACO37290K1,5

2018-11-28 17:15:11 -> ACO37293K1,5

2018-11-28 17:15:11 -> ACO37380K1,5

2018-11-28 17:15:12 -> ACO37383S1,5

2018-11-28 17:15:12 -> ACO37384K1,5

2018-11-28 17:15:12 -> ACO37387S1,5

2018-11-28 17:15:12 -> ACO38462S1,5

2018-11-28 17:15:12 -> ACO38463S1,5

2018-11-28 17:15:12 -> ACO38504K1,5

2018-11-28 17:15:13 -> ACO42648K1,5

2018-11-28 17:15:13 -> ACO42654K1,5

2018-11-28 17:15:13 -> ACO42891K1,10

2018-11-28 17:15:13 -> ACO42895S1,10

2018-11-28 17:15:13 -> ACO43383S1,5

2018-11-28 17:15:13 -> ACO43597K1,10

2018-11-28 17:15:13 -> ACO43600S1,5

2018-11-28 17:15:14 -> AG41103135,10

2018-11-28 17:15:14 -> AG41104135,10

2018-11-28 17:15:15 -> AG47301027,10

2018-11-28 17:15:15 -> AG47308027,10

2018-11-28 17:15:16 -> BYO42431K1,5

2018-11-28 17:15:16 -> CAN13405K0,2

2018-11-28 17:15:16 -> CAN13411S0,5

2018-11-28 17:15:16 -> CAN15940S1,5

2018-11-28 17:15:16 -> CAN15942S1,8

2018-11-28 17:15:16 -> CAN15990K1,5

2018-11-28 17:15:16 -> CAN16632S1,95

2018-11-28 17:15:17 -> CAN16633S1,95

2018-11-28 17:15:17 -> CAN19082K0,89

2018-11-28 17:15:17 -> CAN19792K1,10

2018-11-28 17:15:17 -> CAN19801S1,10

2018-11-28 17:15:17 -> CAN19950K0,84

2018-11-28 17:15:17 -> CAN19954K0,89

2018-11-28 17:15:17 -> CAN19958K0,89

2018-11-28 17:15:17 -> CAN19962K0,5

2018-11-28 17:15:17 -> CAN19970K0,5

2018-11-28 17:15:18 -> CAN19974K0,5

2018-11-28 17:15:18 -> CAN23128S1,8

2018-11-28 17:15:18 -> CAN26931S1,5

2018-11-28 17:15:18 -> CAN26932K1,43

2018-11-28 17:15:18 -> CAN26935K1,43

2018-11-28 17:15:18 -> CAN31148S1,8

2018-11-28 17:15:18 -> CAN31149S1,8

2018-11-28 17:15:19 -> CAN31150S1,8

2018-11-28 17:15:19 -> CAN33076S1,5

2018-11-28 17:15:19 -> CAN33078S1,5

2018-11-28 17:15:19 -> CAN34265S1,16

2018-11-28 17:15:19 -> CAN40523S1,5

2018-11-28 17:15:19 -> CAN41817S1,5

2018-11-28 17:15:19 -> CAN42444S1,5

2018-11-28 17:15:20 -> CC91103027,10

2018-11-28 17:15:20 -> CC91112027,10

2018-11-28 17:15:20 -> CC91600001,2

2018-11-28 17:15:20 -> CC91600035,25

2018-11-28 17:15:20 -> CC92600001,10

2018-11-28 17:15:21 -> CC92600022,10

2018-11-28 17:15:21 -> CC93100012,10

2018-11-28 17:15:21 -> CC95600001,10

2018-11-28 17:15:21 -> CC95600014,10

2018-11-28 17:15:21 -> CC96100017,10

2018-11-28 17:15:21 -> CC96604011,25

2018-11-28 17:15:21 -> CC97100010,10

2018-11-28 17:15:21 -> CC97103015,10

2018-11-28 17:15:22 -> CC97112015,10

2018-11-28 17:15:22 -> CC97603003,10

2018-11-28 17:15:22 -> CC97603029,10

2018-11-28 17:15:22 -> CC97604001,10

2018-11-28 17:15:22 -> CC97612029,10

2018-11-28 17:15:22 -> CC97620001,10

2018-11-28 17:15:22 -> CC97620029,10

2018-11-28 17:15:23 -> CC97621001,10

2018-11-28 17:15:23 -> CC97621014,25

2018-11-28 17:15:23 -> CC97624001,10

2018-11-28 17:15:27 -> COC10068K1,10

2018-11-28 17:15:27 -> COC10074K1,10

2018-11-28 17:15:27 -> COC10086S1-S,10

2018-11-28 17:15:27 -> COC10088S1-S,5

2018-11-28 17:15:27 -> COC10089S1-S,10

2018-11-28 17:15:27 -> COC10092K1,5

2018-11-28 17:15:27 -> COC10548S1,10

2018-11-28 17:15:28 -> COC10549S1,4

2018-11-28 17:15:28 -> COC10571S1,5

2018-11-28 17:15:28 -> COC10572S1,5

2018-11-28 17:15:28 -> COC22134K1,5

2018-11-28 17:15:28 -> COC22140K1,5

2018-11-28 17:15:29 -> COC22149S1,5

2018-11-28 17:15:29 -> COC24423K1,43

2018-11-28 17:15:29 -> COC24441S1,43

2018-11-28 17:15:29 -> COC24446S1,37

2018-11-28 17:15:29 -> COC24447K1,43

2018-11-28 17:15:29 -> COC24453S1,43

2018-11-28 17:15:29 -> COC24454S1,43

2018-11-28 17:15:29 -> COC24468K1,5

2018-11-28 17:15:30 -> COC24879S1,43

2018-11-28 17:15:30 -> COC24881S1,43

2018-11-28 17:15:30 -> COC24883S1,43

2018-11-28 17:15:30 -> COC24884S1,43

2018-11-28 17:15:30 -> COC26326K1,5

2018-11-28 17:15:30 -> COC26333K1,8

2018-11-28 17:15:31 -> COC26339K1,8

2018-11-28 17:15:31 -> COC26354S1,8

2018-11-28 17:15:31 -> COC26355S1,5

2018-11-28 17:15:31 -> COC26360S1,5

2018-11-28 17:15:31 -> COC26361S1,5

2018-11-28 17:15:31 -> COC26362S1,5

2018-11-28 17:15:31 -> COC26755S1,10

2018-11-28 17:15:31 -> COC26756S1,10

2018-11-28 17:15:32 -> COC27161K1,89

2018-11-28 17:15:32 -> COC27169S1,43

2018-11-28 17:15:32 -> COC27170S1,43

2018-11-28 17:15:32 -> COC27984K1,5

2018-11-28 17:15:32 -> COC27990K1,5

2018-11-28 17:15:33 -> COC27998S1,5

2018-11-28 17:15:33 -> COC27999S1,5

2018-11-28 17:15:33 -> COC28000K1,37

2018-11-28 17:15:33 -> COC28014S1,5

2018-11-28 17:15:33 -> COC28015S1,5

2018-11-28 17:15:33 -> COC28016K1,43

2018-11-28 17:15:33 -> COC28032S1,43

2018-11-28 17:15:34 -> COC30212S1,43

2018-11-28 17:15:34 -> COC33194K1,10

2018-11-28 17:15:34 -> COC33206K1,5

2018-11-28 17:15:34 -> COC33218S1,10

2018-11-28 17:15:34 -> COC33219S1,10

2018-11-28 17:15:34 -> COC33220K1,10

2018-11-28 17:15:34 -> COC33227S1,5

2018-11-28 17:15:35 -> COC33229S1,5

2018-11-28 17:15:35 -> COC35355K1,5

2018-11-28 17:15:35 -> COC35362K1,5

2018-11-28 17:15:35 -> COC35368K1,5

2018-11-28 17:15:35 -> COC35381K1,5

2018-11-28 17:15:35 -> COC35385S1,5

2018-11-28 17:15:36 -> COC35386S1,5

2018-11-28 17:15:36 -> COC35388S1,5

2018-11-28 17:15:36 -> COC35390S1,5

2018-11-28 17:15:36 -> COC36936K1,43

2018-11-28 17:15:36 -> COC36943K1,37

2018-11-28 17:15:36 -> COC43349S1,8

2018-11-28 17:15:36 -> COC45274K1,10

2018-11-28 17:15:37 -> COC45294K1,5

2018-11-28 17:15:37 -> COC45312S1,5

2018-11-28 17:15:37 -> COC45346K1,5

2018-11-28 17:15:37 -> COC45359S1,5

2018-11-28 17:15:37 -> COC45361S1,5

2018-11-28 17:15:37 -> COC45392S1,5

2018-11-28 17:15:37 -> COC45395S1,5

2018-11-28 17:15:38 -> COC97738S1,5

2018-11-28 17:15:38 -> COC97746K1,4

2018-11-28 17:15:38 -> COC97753K1,5

2018-11-28 17:15:38 -> COC97764S1,5

2018-11-28 17:15:38 -> COC97765S1,5

2018-11-28 17:15:38 -> COC97766S1,5

2018-11-28 17:15:39 -> COC98588K1,10

2018-11-28 17:15:39 -> COC98594K1,5

2018-11-28 17:15:39 -> COC98606S1,4

2018-11-28 17:15:39 -> COC98608S1,4

2018-11-28 17:15:39 -> COC98609S1,10

2018-11-28 17:15:39 -> COC98610S1,10

2018-11-28 17:15:39 -> COC98611K1,5

2018-11-28 17:15:40 -> COL13358S1,17

2018-11-28 17:15:41 -> COL16565S1,8

2018-11-28 17:15:41 -> COL16566S1,8

2018-11-28 17:15:41 -> COL16567S1,8

2018-11-28 17:15:41 -> COL16800S1,8

2018-11-28 17:15:41 -> COL16801S1,8

2018-11-28 17:15:41 -> COL16802S1,5

2018-11-28 17:15:42 -> COL16803S1,5

2018-11-28 17:15:42 -> COL18503S1,8

2018-11-28 17:15:42 -> COL18505S1,8

2018-11-28 17:15:42 -> COL18506S1,5

2018-11-28 17:15:43 -> COL20580S1,43

2018-11-28 17:15:43 -> COL21259S1,8

2018-11-28 17:15:43 -> COL21260S1,8

2018-11-28 17:15:43 -> COL21262S1,8

2018-11-28 17:15:43 -> COL22550S1,5

2018-11-28 17:15:44 -> COL22551S1,14

2018-11-28 17:15:44 -> COL25493K1,5

2018-11-28 17:15:44 -> COL25496K1,8

2018-11-28 17:15:44 -> COL25499K1,8

2018-11-28 17:15:44 -> COL25502K1,8

2018-11-28 17:15:44 -> COL25518K1,8

2018-11-28 17:15:45 -> COL25527K1,8

2018-11-28 17:15:45 -> COL25810K1,10

2018-11-28 17:15:45 -> COL25813K1,10

2018-11-28 17:15:45 -> COL25816K1,10

2018-11-28 17:15:45 -> COL26207S1,10

2018-11-28 17:15:45 -> COL26208S1,10

2018-11-28 17:15:45 -> COL26209S1,10

2018-11-28 17:15:46 -> COL26220S1,10

2018-11-28 17:15:46 -> COL26222S1,10

2018-11-28 17:15:46 -> COL26223S1,10

2018-11-28 17:15:46 -> COL26225S1,10

2018-11-28 17:15:46 -> COL26226S1,10

2018-11-28 17:15:46 -> COL26658S1,8

2018-11-28 17:15:46 -> COL26659S1,8

2018-11-28 17:15:47 -> COL26660S1,14

2018-11-28 17:15:47 -> COL29003S1,8

2018-11-28 17:15:47 -> COL29004S1,8

2018-11-28 17:15:47 -> COL29005S1,8

2018-11-28 17:15:48 -> COL30559K1,25

2018-11-28 17:15:48 -> COL30567K1,25

2018-11-28 17:15:48 -> COL30889K1,25

2018-11-28 17:15:48 -> COL30895K1,25

2018-11-28 17:15:48 -> COL30898K1,25

2018-11-28 17:15:49 -> COL30904K1,25

2018-11-28 17:15:49 -> COL30907K1,25

2018-11-28 17:15:49 -> COL30916K1,25

2018-11-28 17:15:49 -> COL30922K1,8

2018-11-28 17:15:49 -> COL30925K1,25

2018-11-28 17:15:49 -> COL30935S1,25

2018-11-28 17:15:49 -> COL30936S1,25

2018-11-28 17:15:50 -> COL31335K1,25

2018-11-28 17:15:50 -> COL31338K1,25

2018-11-28 17:15:50 -> COL31341K1,25

2018-11-28 17:15:50 -> COL31344K1,25

2018-11-28 17:15:50 -> COL31348K1,25

2018-11-28 17:15:50 -> COL31351K1,25

2018-11-28 17:15:50 -> COL31357K1,25

2018-11-28 17:15:50 -> COL32364K1,8

2018-11-28 17:15:51 -> COL32367K1,5

2018-11-28 17:15:51 -> COL32370K1,5

2018-11-28 17:15:51 -> COL32549K1,25

2018-11-28 17:15:51 -> COL32552K1,25

2018-11-28 17:15:51 -> COL33247S1,43

2018-11-28 17:15:51 -> COL33249S1,43

2018-11-28 17:15:51 -> COL33253S1,14

2018-11-28 17:15:52 -> COL33255S1,14

2018-11-28 17:15:52 -> COL33256S1,14

2018-11-28 17:15:52 -> COL33717K1,8

2018-11-28 17:15:52 -> COL33723K1,2

2018-11-28 17:15:52 -> COL34387K1,25

2018-11-28 17:15:52 -> COL34392K1,25

2018-11-28 17:15:52 -> COL34396K1,25

2018-11-28 17:15:53 -> COL34399K1,25

2018-11-28 17:15:53 -> COL34717S1,25

2018-11-28 17:15:53 -> COL34719S1,25

2018-11-28 17:15:53 -> COL34720S1,25

2018-11-28 17:15:53 -> COL34721S1,25

2018-11-28 17:15:53 -> COL34723S1,25

2018-11-28 17:15:53 -> COL34725S1,25

2018-11-28 17:15:54 -> COL35700K1,19

2018-11-28 17:15:54 -> COL35703K1,19

2018-11-28 17:15:54 -> COL35709K1,43

2018-11-28 17:15:54 -> COL35725K1,19

2018-11-28 17:15:54 -> COL35729K1,19

2018-11-28 17:15:54 -> COL35734K1,19

2018-11-28 17:15:54 -> COL35746K1,19

2018-11-28 17:15:55 -> COL35749K1,19

2018-11-28 17:15:55 -> COL35753K1,19

2018-11-28 17:15:55 -> COL35756S1,8

2018-11-28 17:15:55 -> COL35758S1,8

2018-11-28 17:15:55 -> COL35759S1,8

2018-11-28 17:15:55 -> COL35818K1,5

2018-11-28 17:15:55 -> COL35821K1,5

2018-11-28 17:15:56 -> COL36127K1,5

2018-11-28 17:15:56 -> COL36134K1,43

2018-11-28 17:15:56 -> COL36382S1,8

2018-11-28 17:15:56 -> COL36385S1,5

2018-11-28 17:15:56 -> COL36386K1,5

2018-11-28 17:15:56 -> COL36389K1,2

2018-11-28 17:15:56 -> COL36393S1,5

2018-11-28 17:15:57 -> COL36395S1,5

2018-11-28 17:15:57 -> COL36397S1,5

2018-11-28 17:15:57 -> COL36402K1,19

2018-11-28 17:15:57 -> COL36517K1,8

2018-11-28 17:15:57 -> COL36521K1,8

2018-11-28 17:15:57 -> COL36524K1,5

2018-11-28 17:15:57 -> COL36527K1,8

2018-11-28 17:15:58 -> COL36530K1,5

2018-11-28 17:15:58 -> COL36539K1,5

2018-11-28 17:15:58 -> COL37374K1,8

2018-11-28 17:15:58 -> COL37377K1,8

2018-11-28 17:15:58 -> COL37401K1,8

2018-11-28 17:15:58 -> COL37407K1,8

2018-11-28 17:15:59 -> COL41018K1,8

2018-11-28 17:15:59 -> COL41020K1,43

2018-11-28 17:16:00 -> COL41026K1,8

2018-11-28 17:16:00 -> COL41030K1,8

2018-11-28 17:16:00 -> COL41033K1,8

2018-11-28 17:16:00 -> COL41114S1,5

2018-11-28 17:16:00 -> COL41116S1,5

2018-11-28 17:16:00 -> COL41183K1,17

2018-11-28 17:16:00 -> COL41187K1,17

2018-11-28 17:16:00 -> COL41190K1,17

2018-11-28 17:16:01 -> COL41437S1,5

2018-11-28 17:16:01 -> COL41447K1,17

2018-11-28 17:16:01 -> COL41453K1,17

2018-11-28 17:16:01 -> COL41678S1,8

2018-11-28 17:16:01 -> COL41679S1,8

2018-11-28 17:16:02 -> COL41680S1,8

2018-11-28 17:16:02 -> COL43220K1,5

2018-11-28 17:16:02 -> COL43233K1,10

2018-11-28 17:16:02 -> COL43240S1,5

2018-11-28 17:16:03 -> COL43241S1,10

2018-11-28 17:16:03 -> COL43266S1,10

2018-11-28 17:16:03 -> COL43268S1,10

2018-11-28 17:16:03 -> COL43269S1,10

2018-11-28 17:16:03 -> COL43351S1,8

2018-11-28 17:16:04 -> COL43393K1,8

2018-11-28 17:16:04 -> COL43398K1,8

2018-11-28 17:16:04 -> COL43404K1,5

2018-11-28 17:16:05 -> COM10487S1,10

2018-11-28 17:16:06 -> COM12261S1,5

2018-11-28 17:16:06 -> COM13314K1,8

2018-11-28 17:16:07 -> COM14535K1,2

2018-11-28 17:16:08 -> COM17851K0,43

2018-11-28 17:16:08 -> COM17912K0,12

2018-11-28 17:16:08 -> COM18471K1,5

2018-11-28 17:16:08 -> COM18476K1,5

2018-11-28 17:16:08 -> COM19288K1,10

2018-11-28 17:16:09 -> COM19645K1,89

2018-11-28 17:16:09 -> COM22360K1,4

2018-11-28 17:16:10 -> COM25419K1,8

2018-11-28 17:16:10 -> COM25927K1,2

2018-11-28 17:16:11 -> COM28243S1,10

2018-11-28 17:16:11 -> COM28244S1,10

2018-11-28 17:16:11 -> COM30828S1,43

2018-11-28 17:16:12 -> COM31542K1,37

2018-11-28 17:16:12 -> COM31655S1,2

2018-11-28 17:16:12 -> COM32914S1,10

2018-11-28 17:16:12 -> COM33175S1,43

2018-11-28 17:16:12 -> COM33390S1,10

2018-11-28 17:16:13 -> COM33391S1,5

2018-11-28 17:16:13 -> COM34810S1,43

2018-11-28 17:16:13 -> COM35258K1,5

2018-11-28 17:16:13 -> COM35408S1,10

2018-11-28 17:16:14 -> COM35409S1,10

2018-11-28 17:16:14 -> COM35557S1,5

2018-11-28 17:16:14 -> COM35981S1,8

2018-11-28 17:16:14 -> COM36425K1,4

2018-11-28 17:16:15 -> COM37220S1,5

2018-11-28 17:16:15 -> COM38620S1,4

2018-11-28 17:16:16 -> COM41940S1,5

2018-11-28 17:16:16 -> COM41950S1,5

2018-11-28 17:16:16 -> COM42261S1,10

2018-11-28 17:16:17 -> COM42564K1,10

2018-11-28 17:16:17 -> COM42584S1,5

2018-11-28 17:16:17 -> COM42889S1,5

2018-11-28 17:16:17 -> COM43357K1,10

2018-11-28 17:16:18 -> COM43489S1,5

2018-11-28 17:16:18 -> COM43764S1,5

2018-11-28 17:16:19 -> COM45403S1,5

2018-11-28 17:16:21 -> CTO17629K1,43

2018-11-28 17:16:21 -> CTO18221K1,17

2018-11-28 17:16:22 -> CTO24595S1,43

2018-11-28 17:16:22 -> CTO26316S1,10

2018-11-28 17:16:22 -> CTO30778K1,10

2018-11-28 17:16:22 -> CTO30963S1,4

2018-11-28 17:16:23 -> CTO30974S1,5

2018-11-28 17:16:23 -> CTO33556K1,4

2018-11-28 17:16:23 -> CTO36868K1,5

2018-11-28 17:16:23 -> CTO37867S1,17

2018-11-28 17:16:24 -> CTO38234S1,5

2018-11-28 17:16:24 -> CUN35604K1,43

2018-11-28 17:16:24 -> CUN35608K1,43

2018-11-28 17:16:24 -> CUN37641K0,43

2018-11-28 17:16:27 -> DEC15360S1,16

2018-11-28 17:16:27 -> DEC16142S1,10

2018-11-28 17:16:28 -> DEC17625S1,16

2018-11-28 17:16:29 -> DEC18751S1,13

2018-11-28 17:16:29 -> DEC21879S1,13

2018-11-28 17:16:29 -> DEC21880S1,10

2018-11-28 17:16:30 -> DEC21881S1,10

2018-11-28 17:16:30 -> DEC22978S1,19

2018-11-28 17:16:30 -> DEC22981S1,19

2018-11-28 17:16:30 -> DEC22990S1,19

2018-11-28 17:16:31 -> DEC23002S1,19

2018-11-28 17:16:31 -> DEC23009S1,19

2018-11-28 17:16:31 -> DEC23011S1,19

2018-11-28 17:16:31 -> DEC23028S1,19

2018-11-28 17:16:31 -> DEC23032S1,19

2018-11-28 17:16:32 -> DEC23037S1,19

2018-11-28 17:16:32 -> DEC23059S1,19

2018-11-28 17:16:33 -> DEC26258S1,10

2018-11-28 17:16:33 -> DEC26261S1,10

2018-11-28 17:16:33 -> DEC26263S1,10

2018-11-28 17:16:33 -> DEC26265S1,10

2018-11-28 17:16:33 -> DEC26268S1,10

2018-11-28 17:16:33 -> DEC26808S1,16

2018-11-28 17:16:34 -> DEC27324S1,10

2018-11-28 17:16:34 -> DEC27343S1,13

2018-11-28 17:16:34 -> DEC27344S1,13

2018-11-28 17:16:34 -> DEC27345S1,13

2018-11-28 17:16:34 -> DEC27347S1,10

2018-11-28 17:16:34 -> DEC27370S1,13

2018-11-28 17:16:35 -> DEC27373S1,10

2018-11-28 17:16:35 -> DEC27375S1,10

2018-11-28 17:16:35 -> DEC27385S1,13

2018-11-28 17:16:35 -> DEC27386S1,10

2018-11-28 17:16:35 -> DEC27387S1,10

2018-11-28 17:16:35 -> DEC27388S1,10

2018-11-28 17:16:36 -> DEC27587S1,10

2018-11-28 17:16:36 -> DEC27593S1,10

2018-11-28 17:16:36 -> DEC27596S1,10

2018-11-28 17:16:36 -> DEC27602S1,10

2018-11-28 17:16:36 -> DEC27611S1,10

2018-11-28 17:16:36 -> DEC27616S1,10

2018-11-28 17:16:37 -> DEC27620S1,10

2018-11-28 17:16:37 -> DEC27625S1,10

2018-11-28 17:16:37 -> DEC28398S1,10

2018-11-28 17:16:37 -> DEC28399S1,10

2018-11-28 17:16:37 -> DEC28400S1,10

2018-11-28 17:16:37 -> DEC28401S1,10

2018-11-28 17:16:38 -> DEC28402S1,10

2018-11-28 17:16:38 -> DEC28403S1,10

2018-11-28 17:16:38 -> DEC28404S1,10

2018-11-28 17:16:38 -> DEC28405S1,10

2018-11-28 17:16:38 -> DEC28406S1,10

2018-11-28 17:16:38 -> DEC28407S1,10

2018-11-28 17:16:38 -> DEC28408S1,10

2018-11-28 17:16:38 -> DEC28409S1,10

2018-11-28 17:16:39 -> DEC28410S1,10

2018-11-28 17:16:39 -> DEC28411S1,10

2018-11-28 17:16:39 -> DEC28412S1,10

2018-11-28 17:16:39 -> DEC28413S1,10

2018-11-28 17:16:39 -> DEC28414S1,10

2018-11-28 17:16:39 -> DEC28415S1,10

2018-11-28 17:16:39 -> DEC28416S1,10

2018-11-28 17:16:39 -> DEC28417S1,10

2018-11-28 17:16:40 -> DEC28418S1,10

2018-11-28 17:16:40 -> DEC28419S1,10

2018-11-28 17:16:40 -> DEC28420S1,13

2018-11-28 17:16:40 -> DEC28422S1,10

2018-11-28 17:16:40 -> DEC28425S1,10

2018-11-28 17:16:40 -> DEC28428S1,10

2018-11-28 17:16:40 -> DEC28429S1,10

2018-11-28 17:16:41 -> DEC28430S1,10

2018-11-28 17:16:41 -> DEC28431S1,10

2018-11-28 17:16:41 -> DEC28433S1,10

2018-11-28 17:16:41 -> DEC28434S1,10

2018-11-28 17:16:41 -> DEC28435S1,10

2018-11-28 17:16:41 -> DEC28436S1,10

2018-11-28 17:16:41 -> DEC28440S1,10

2018-11-28 17:16:42 -> DEC28443S1,10

2018-11-28 17:16:42 -> DEC28445S1,16

2018-11-28 17:16:42 -> DEC28446S1,10

2018-11-28 17:16:42 -> DEC28449S1,10

2018-11-28 17:16:42 -> DEC28451S1,10

2018-11-28 17:16:42 -> DEC28456S1,10

2018-11-28 17:16:43 -> DEC28457S1,10

2018-11-28 17:16:43 -> DEC29037S1,16

2018-11-28 17:16:43 -> DEC29045S1,16

2018-11-28 17:16:44 -> DEC29053S1,43

2018-11-28 17:16:44 -> DEC29054S1,43

2018-11-28 17:16:44 -> DEC29077S1,10

2018-11-28 17:16:44 -> DEC29078S1,10

2018-11-28 17:16:44 -> DEC29081S1,10

2018-11-28 17:16:45 -> DEC29084S1,10

2018-11-28 17:16:45 -> DEC29085S1,10

2018-11-28 17:16:45 -> DEC29096S1,10

2018-11-28 17:16:45 -> DEC29097S1,10

2018-11-28 17:16:45 -> DEC29101S1,10

2018-11-28 17:16:45 -> DEC29103S1,10

2018-11-28 17:16:45 -> DEC29104S1,10

2018-11-28 17:16:45 -> DEC29106S1,10

2018-11-28 17:16:46 -> DEC29107S1,10

2018-11-28 17:16:46 -> DEC29125S1,10

2018-11-28 17:16:46 -> DEC29126S1,10

2018-11-28 17:16:46 -> DEC29128S1,10

2018-11-28 17:16:46 -> DEC29129S1,10

2018-11-28 17:16:46 -> DEC29130S1,10

2018-11-28 17:16:46 -> DEC29131S1,10

2018-11-28 17:16:47 -> DEC29132S1,10

2018-11-28 17:16:47 -> DEC29133S1,10

2018-11-28 17:16:47 -> DEC29134S1,10

2018-11-28 17:16:47 -> DEC29135S1,10

2018-11-28 17:16:47 -> DEC29136S1,10

2018-11-28 17:16:47 -> DEC29137S1,10

2018-11-28 17:16:47 -> DEC29138S1,10

2018-11-28 17:16:47 -> DEC29139S1,10

2018-11-28 17:16:48 -> DEC29140S1,10

2018-11-28 17:16:48 -> DEC29141S1,10

2018-11-28 17:16:48 -> DEC29142S1,10

2018-11-28 17:16:48 -> DEC29143S1,10

2018-11-28 17:16:48 -> DEC29144S1,10

2018-11-28 17:16:48 -> DEC29145S1,10

2018-11-28 17:16:48 -> DEC29146S1,10

2018-11-28 17:16:49 -> DEC29147S1,10

2018-11-28 17:16:49 -> DEC29148S1,10

2018-11-28 17:16:49 -> DEC29149S1,10

2018-11-28 17:16:49 -> DEC29150S1,10

2018-11-28 17:16:49 -> DEC29152S1,10

2018-11-28 17:16:49 -> DEC29153S1,10

2018-11-28 17:16:49 -> DEC29155S1,10

2018-11-28 17:16:49 -> DEC29156S1,10

2018-11-28 17:16:50 -> DEC29157S1,10

2018-11-28 17:16:50 -> DEC29158S1,10

2018-11-28 17:16:50 -> DEC29160S1,10

2018-11-28 17:16:50 -> DEC29161S1,10

2018-11-28 17:16:50 -> DEC29162S1,10

2018-11-28 17:16:50 -> DEC29163S1,10

2018-11-28 17:16:50 -> DEC29164S1,10

2018-11-28 17:16:51 -> DEC29166S1,10

2018-11-28 17:16:51 -> DEC29167S1,10

2018-11-28 17:16:51 -> DEC29169S1,10

2018-11-28 17:16:51 -> DEC29170S1,10

2018-11-28 17:16:51 -> DEC29171S1,10

2018-11-28 17:16:51 -> DEC29172S1,10

2018-11-28 17:16:51 -> DEC29173S1,10

2018-11-28 17:16:51 -> DEC29174S1,10

2018-11-28 17:16:52 -> DEC29177S1,10

2018-11-28 17:16:52 -> DEC29178S1,10

2018-11-28 17:16:52 -> DEC29180S1,10

2018-11-28 17:16:52 -> DEC29181S1,10

2018-11-28 17:16:52 -> DEC29182S1,10

2018-11-28 17:16:52 -> DEC29184S1,10

2018-11-28 17:16:52 -> DEC29186S1,10

2018-11-28 17:16:53 -> DEC29188S1,10

2018-11-28 17:16:53 -> DEC29190S1,10

2018-11-28 17:16:53 -> DEC29191S1,10

2018-11-28 17:16:53 -> DEC29198S1,10

2018-11-28 17:16:53 -> DEC29202S1,10

2018-11-28 17:16:53 -> DEC29205S1,10

2018-11-28 17:16:54 -> DEC29641S1,16

2018-11-28 17:16:54 -> DEC29652S1,16

2018-11-28 17:16:54 -> DEC29656S1,16

2018-11-28 17:16:54 -> DEC29664S1,16

2018-11-28 17:16:55 -> DEC30293S1,16

2018-11-28 17:16:56 -> DEC30691S1,16

2018-11-28 17:16:56 -> DEC30693S1,16

2018-11-28 17:16:56 -> DEC31006S1,10

2018-11-28 17:16:57 -> DEC31010S1,10

2018-11-28 17:16:57 -> DEC31138S1,10

2018-11-28 17:16:58 -> DEC31378S1,10

2018-11-28 17:16:58 -> DEC31379S1,10

2018-11-28 17:16:58 -> DEC31380S1,10

2018-11-28 17:16:58 -> DEC31381S1,10

2018-11-28 17:16:58 -> DEC31382S1,10

2018-11-28 17:16:58 -> DEC31383S1,10

2018-11-28 17:16:58 -> DEC31384S1,10

2018-11-28 17:16:59 -> DEC31385S1,16

2018-11-28 17:16:59 -> DEC31386S1,10

2018-11-28 17:16:59 -> DEC31388S1,16

2018-11-28 17:16:59 -> DEC31389S1,10

2018-11-28 17:16:59 -> DEC31391S1,10

2018-11-28 17:16:59 -> DEC31392S1,10

2018-11-28 17:16:59 -> DEC31393S1,10

2018-11-28 17:16:59 -> DEC31394S1,10

2018-11-28 17:17:00 -> DEC31395S1,16

2018-11-28 17:17:00 -> DEC31396S1,10

2018-11-28 17:17:00 -> DEC31401S1,10

2018-11-28 17:17:00 -> DEC31402S1,10

2018-11-28 17:17:00 -> DEC31404S1,10

2018-11-28 17:17:00 -> DEC31405S1,10

2018-11-28 17:17:00 -> DEC31406S1,10

2018-11-28 17:17:01 -> DEC31407S1,10

2018-11-28 17:17:01 -> DEC31408S1,10

2018-11-28 17:17:01 -> DEC31409S1,10

2018-11-28 17:17:01 -> DEC31410S1,10

2018-11-28 17:17:01 -> DEC31412S1,10

2018-11-28 17:17:01 -> DEC31413S1,10

2018-11-28 17:17:01 -> DEC31414S1,10

2018-11-28 17:17:01 -> DEC31416S1,10

2018-11-28 17:17:02 -> DEC31417S1,10

2018-11-28 17:17:02 -> DEC31418S1,10

2018-11-28 17:17:02 -> DEC31419S1,16

2018-11-28 17:17:02 -> DEC31421S1,10

2018-11-28 17:17:02 -> DEC31422S1,10

2018-11-28 17:17:02 -> DEC31426S1,10

2018-11-28 17:17:02 -> DEC31427S1,10

2018-11-28 17:17:03 -> DEC31429S1,10

2018-11-28 17:17:03 -> DEC31432S1,10

2018-11-28 17:17:03 -> DEC31434S1,10

2018-11-28 17:17:03 -> DEC31435S1,10

2018-11-28 17:17:03 -> DEC31436S1,10

2018-11-28 17:17:03 -> DEC31437S1,10

2018-11-28 17:17:03 -> DEC31438S1,10

2018-11-28 17:17:03 -> DEC31439S1,10

2018-11-28 17:17:04 -> DEC31440S1,10

2018-11-28 17:17:04 -> DEC31441S1,10

2018-11-28 17:17:04 -> DEC31444S1,10

2018-11-28 17:17:04 -> DEC31445S1,10

2018-11-28 17:17:04 -> DEC31641S1,10

2018-11-28 17:17:04 -> DEC31712S1,10

2018-11-28 17:17:04 -> DEC31713S1,10

2018-11-28 17:17:05 -> DEC31714S1,10

2018-11-28 17:17:05 -> DEC31716S1,10

2018-11-28 17:17:05 -> DEC31717S1,10

2018-11-28 17:17:05 -> DEC31718S1,10

2018-11-28 17:17:05 -> DEC31719S1,10

2018-11-28 17:17:05 -> DEC31720S1,10

2018-11-28 17:17:05 -> DEC31721S1,10

2018-11-28 17:17:06 -> DEC31722S1,10

2018-11-28 17:17:06 -> DEC31723S1,10

2018-11-28 17:17:06 -> DEC31724S1,10

2018-11-28 17:17:06 -> DEC31725S1,10

2018-11-28 17:17:06 -> DEC31726S1,10

2018-11-28 17:17:06 -> DEC31727S1,10

2018-11-28 17:17:06 -> DEC31728S1,10

2018-11-28 17:17:06 -> DEC31729S1,10

2018-11-28 17:17:07 -> DEC31730S1,10

2018-11-28 17:17:07 -> DEC31731S1,10

2018-11-28 17:17:07 -> DEC31732S1,10

2018-11-28 17:17:07 -> DEC31733S1,10

2018-11-28 17:17:07 -> DEC31734S1,10

2018-11-28 17:17:07 -> DEC31735S1,10

2018-11-28 17:17:07 -> DEC31736S1,10

2018-11-28 17:17:07 -> DEC31737S1,10

2018-11-28 17:17:08 -> DEC31738S1,10

2018-11-28 17:17:08 -> DEC31739S1,10

2018-11-28 17:17:08 -> DEC31740S1,10

2018-11-28 17:17:08 -> DEC31742S1,10

2018-11-28 17:17:08 -> DEC31743S1,10

2018-11-28 17:17:08 -> DEC31744S1,10

2018-11-28 17:17:08 -> DEC31745S1,10

2018-11-28 17:17:09 -> DEC31746S1,10

2018-11-28 17:17:09 -> DEC31747S1,10

2018-11-28 17:17:09 -> DEC31749S1,10

2018-11-28 17:17:09 -> DEC31750S1,10

2018-11-28 17:17:09 -> DEC31751S1,10

2018-11-28 17:17:09 -> DEC31752S1,10

2018-11-28 17:17:09 -> DEC31753S1,10

2018-11-28 17:17:09 -> DEC31754S1,10

2018-11-28 17:17:10 -> DEC31755S1,10

2018-11-28 17:17:10 -> DEC31756S1,10

2018-11-28 17:17:10 -> DEC31757S1,10

2018-11-28 17:17:10 -> DEC31758S1,10

2018-11-28 17:17:10 -> DEC31759S1,10

2018-11-28 17:17:10 -> DEC31760S1,10

2018-11-28 17:17:10 -> DEC31762S1,10

2018-11-28 17:17:10 -> DEC31763S1,10

2018-11-28 17:17:11 -> DEC31764S1,10

2018-11-28 17:17:11 -> DEC31765S1,10

2018-11-28 17:17:11 -> DEC31766S1,10

2018-11-28 17:17:11 -> DEC31767S1,10

2018-11-28 17:17:11 -> DEC31768S1,10

2018-11-28 17:17:11 -> DEC31769S1,10

2018-11-28 17:17:11 -> DEC31770S1,10

2018-11-28 17:17:12 -> DEC31771S1,10

2018-11-28 17:17:12 -> DEC31772S1,10

2018-11-28 17:17:12 -> DEC31773S1,10

2018-11-28 17:17:12 -> DEC31774S1,10

2018-11-28 17:17:12 -> DEC31775S1,10

2018-11-28 17:17:12 -> DEC31776S1,10

2018-11-28 17:17:12 -> DEC31777S1,10

2018-11-28 17:17:12 -> DEC31778S1,10

2018-11-28 17:17:13 -> DEC31860S1,10

2018-11-28 17:17:13 -> DEC31868S1,10

2018-11-28 17:17:14 -> DEC31871S1,10

2018-11-28 17:17:14 -> DEC31874S1,10

2018-11-28 17:17:14 -> DEC31879S1,10

2018-11-28 17:17:14 -> DEC31886S1,10

2018-11-28 17:17:14 -> DEC31894S1,10

2018-11-28 17:17:15 -> DEC31896S1,10

2018-11-28 17:17:15 -> DEC31897S1,10

2018-11-28 17:17:15 -> DEC31935S1,10

2018-11-28 17:17:16 -> DEC32080S1,25

2018-11-28 17:17:17 -> DEC32119S1,5

2018-11-28 17:17:17 -> DEC32128S1,25

2018-11-28 17:17:17 -> DEC32150S1,10

2018-11-28 17:17:17 -> DEC32152S1,10

2018-11-28 17:17:18 -> DEC32153S1,10

2018-11-28 17:17:18 -> DEC32154S1,10

2018-11-28 17:17:18 -> DEC32164S1,10

2018-11-28 17:17:18 -> DEC32168S1,10

2018-11-28 17:17:18 -> DEC32176S1,10

2018-11-28 17:17:19 -> dec32252S1,16

2018-11-28 17:17:19 -> dec32265S1,16

2018-11-28 17:17:20 -> DEC32266S1,16

2018-11-28 17:17:20 -> dec32271S1,16

2018-11-28 17:17:20 -> dec32275S1,16

2018-11-28 17:17:20 -> DEC32276S1,16

2018-11-28 17:17:20 -> DEC32558S1,10

2018-11-28 17:17:20 -> DEC32559S1,10

2018-11-28 17:17:21 -> DEC32565S1,16

2018-11-28 17:17:21 -> DEC32566S1,10

2018-11-28 17:17:21 -> DEC32583S1,10

2018-11-28 17:17:22 -> DEC32632S1,10

2018-11-28 17:17:22 -> DEC32642S1,10

2018-11-28 17:17:22 -> DEC32644S1,10

2018-11-28 17:17:22 -> DEC32645S1,10

2018-11-28 17:17:22 -> DEC32650S1,10

2018-11-28 17:17:22 -> DEC32654S1,18

2018-11-28 17:17:22 -> DEC32655S1,10

2018-11-28 17:17:23 -> DEC32660S1,10

2018-11-28 17:17:23 -> DEC32662S1,10

2018-11-28 17:17:23 -> DEC32667S1,10

2018-11-28 17:17:23 -> DEC32668S1,10

2018-11-28 17:17:23 -> DEC32670S1,10

2018-11-28 17:17:23 -> DEC32682S1,10

2018-11-28 17:17:23 -> DEC32683S1,10

2018-11-28 17:17:24 -> DEC32686S1,10

2018-11-28 17:17:24 -> DEC32789S1,16

2018-11-28 17:17:24 -> DEC32790S1,16

2018-11-28 17:17:24 -> DEC32963S1,18

2018-11-28 17:17:24 -> DEC32964S1,10

2018-11-28 17:17:25 -> DEC32980S1,18

2018-11-28 17:17:25 -> DEC32981S1,18

2018-11-28 17:17:25 -> DEC33032S1,113

2018-11-28 17:17:25 -> DEC33134S1,25

2018-11-28 17:17:26 -> DEC33167S1,25

2018-11-28 17:17:26 -> DEC33170S1,25

2018-11-28 17:17:26 -> DEC34334S1,10

2018-11-28 17:17:26 -> DEC34335S1,10

2018-11-28 17:17:26 -> DEC34336S1,10

2018-11-28 17:17:27 -> DEC34337S1,10

2018-11-28 17:17:27 -> DEC34338S1,10

2018-11-28 17:17:27 -> DEC34339S1,10

2018-11-28 17:17:27 -> DEC34340S1,10

2018-11-28 17:17:27 -> DEC34342S1,10

2018-11-28 17:17:27 -> DEC34350S1,10

2018-11-28 17:17:27 -> DEC34352S1,10

2018-11-28 17:17:28 -> DEC34354S1,10

2018-11-28 17:17:28 -> DEC34356S1,10

2018-11-28 17:17:28 -> DEC34366S1,10

2018-11-28 17:17:28 -> DEC34367S1,10

2018-11-28 17:17:28 -> DEC34368S1,10

2018-11-28 17:17:28 -> DEC34369S1,10

2018-11-28 17:17:28 -> DEC34475S1,16

2018-11-28 17:17:29 -> DEC34476S1,16

2018-11-28 17:17:29 -> DEC34483S1,16

2018-11-28 17:17:29 -> DEC34831S1,25

2018-11-28 17:17:29 -> DEC34847S1,25

2018-11-28 17:17:30 -> DEC34878S1,25

2018-11-28 17:17:30 -> DEC35039S1,18

2018-11-28 17:17:30 -> DEC35042S1,10

2018-11-28 17:17:30 -> DEC35045S1,18

2018-11-28 17:17:31 -> DEC35048S1,10

2018-11-28 17:17:31 -> DEC35053S1,18

2018-11-28 17:17:31 -> DEC35055S1,10

2018-11-28 17:17:31 -> DEC35056S1,10

2018-11-28 17:17:31 -> DEC35057S1,10

2018-11-28 17:17:31 -> DEC35059S1,10

2018-11-28 17:17:31 -> DEC35060S1,10

2018-11-28 17:17:32 -> DEC35063S1,10

2018-11-28 17:17:32 -> DEC35066S1,10

2018-11-28 17:17:32 -> DEC35068S1,10

2018-11-28 17:17:32 -> DEC35071S1,10

2018-11-28 17:17:32 -> DEC35073S1,10

2018-11-28 17:17:32 -> DEC35077S1,10

2018-11-28 17:17:33 -> DEC35853S1,10

2018-11-28 17:17:33 -> DEC35856S1,16

2018-11-28 17:17:33 -> DEC36227S1,10

2018-11-28 17:17:34 -> DEC36229S1,10

2018-11-28 17:17:34 -> DEC36235S1,10

2018-11-28 17:17:34 -> DEC36236S1,10

2018-11-28 17:17:34 -> DEC36237S1,10

2018-11-28 17:17:34 -> DEC36238S1,10

2018-11-28 17:17:34 -> DEC36239S1,10

2018-11-28 17:17:35 -> DEC36240S1,10

2018-11-28 17:17:35 -> DEC36242S1,10

2018-11-28 17:17:35 -> DEC36243S1,10

2018-11-28 17:17:35 -> DEC36245S1,10

2018-11-28 17:17:35 -> DEC36254S1,10

2018-11-28 17:17:35 -> DEC36255S1,10

2018-11-28 17:17:35 -> DEC36256S1,10

2018-11-28 17:17:36 -> DEC36257S1,10

2018-11-28 17:17:36 -> DEC36258S1,10

2018-11-28 17:17:36 -> DEC36259S1,10

2018-11-28 17:17:36 -> DEC36260S1,10

2018-11-28 17:17:36 -> DEC36261S1,10

2018-11-28 17:17:36 -> DEC36264S1,10

2018-11-28 17:17:36 -> DEC36265S1,10

2018-11-28 17:17:37 -> DEC36271S1,18

2018-11-28 17:17:37 -> DEC36272S1,10

2018-11-28 17:17:37 -> DEC36273S1,10

2018-11-28 17:17:37 -> DEC36278S1,18

2018-11-28 17:17:37 -> DEC36282S1,10

2018-11-28 17:17:37 -> DEC36288S1,10

2018-11-28 17:17:37 -> DEC36289S1,10

2018-11-28 17:17:38 -> DEC36684S1,16

2018-11-28 17:17:38 -> DEC36701S1,10

2018-11-28 17:17:38 -> DEC36703S1,10

2018-11-28 17:17:38 -> DEC36704S1,10

2018-11-28 17:17:39 -> DEC36705S1,10

2018-11-28 17:17:39 -> DEC36706S1,10

2018-11-28 17:17:39 -> DEC36707S1,10

2018-11-28 17:17:39 -> DEC36708S1,10

2018-11-28 17:17:39 -> DEC36709S1,10

2018-11-28 17:17:39 -> DEC36710S1,10

2018-11-28 17:17:39 -> DEC36711S1,10

2018-11-28 17:17:40 -> DEC36713S1,10

2018-11-28 17:17:40 -> DEC36722S1,10

2018-11-28 17:17:40 -> DEC36724S1,10

2018-11-28 17:17:40 -> DEC36725S1,10

2018-11-28 17:17:40 -> DEC36734S1,10

2018-11-28 17:17:40 -> DEC36737S1,10

2018-11-28 17:17:40 -> DEC36743S1,10

2018-11-28 17:17:41 -> DEC36745S1,10

2018-11-28 17:17:41 -> DEC36750S1,10

2018-11-28 17:17:41 -> DEC36755S1,10

2018-11-28 17:17:41 -> DEC36759S1,10

2018-11-28 17:17:41 -> DEC36760S1,10

2018-11-28 17:17:41 -> DEC36761S1,10

2018-11-28 17:17:41 -> DEC36762S1,10

2018-11-28 17:17:42 -> DEC36763S1,10

2018-11-28 17:17:42 -> DEC36764S1,10

2018-11-28 17:17:42 -> DEC37299S1,10

2018-11-28 17:17:42 -> DEC37300S1,10

2018-11-28 17:17:43 -> DEC37301S1,10

2018-11-28 17:17:43 -> DEC37302S1,10

2018-11-28 17:17:43 -> DEC37303S1,10

2018-11-28 17:17:43 -> DEC37304S1,10

2018-11-28 17:17:43 -> DEC37305S1,10

2018-11-28 17:17:43 -> DEC37312S1,16

2018-11-28 17:17:43 -> DEC37318S1,10

2018-11-28 17:17:44 -> DEC37322S1,10

2018-11-28 17:17:44 -> DEC37323S1,10

2018-11-28 17:17:44 -> DEC37325S1,10

2018-11-28 17:17:44 -> DEC37326S1,10

2018-11-28 17:17:44 -> DEC37327S1,10

2018-11-28 17:17:44 -> DEC37328S1,10

2018-11-28 17:17:44 -> DEC37332S1,10

2018-11-28 17:17:45 -> DEC37337S1,10

2018-11-28 17:17:45 -> DEC38005S1,16

2018-11-28 17:17:45 -> DEC38079S1,10

2018-11-28 17:17:46 -> DEC38099S1,10

2018-11-28 17:17:46 -> DEC38465S1,16

2018-11-28 17:17:46 -> DEC38472S1,16

2018-11-28 17:17:46 -> DEC38473S1,10

2018-11-28 17:17:47 -> DEC38478S1,5

2018-11-28 17:17:47 -> DEC38792S1,5

2018-11-28 17:17:48 -> DEC40505K1,10

2018-11-28 17:17:49 -> DEC41518S1,16

2018-11-28 17:17:49 -> DEC41519S1,16

2018-11-28 17:17:50 -> DEC41652S1,16

2018-11-28 17:17:52 -> DEC42787S1,5

2018-11-28 17:17:52 -> DEC42866S1,5

2018-11-28 17:17:53 -> DEC43208S1,5

2018-11-28 17:17:55 -> DEC46388S1,18

2018-11-28 17:17:55 -> DEC46395S1,25

2018-11-28 17:17:55 -> DEC46561S1,25

2018-11-28 17:17:56 -> DEC46578S1,25

2018-11-28 17:17:56 -> DEC46583S1,25

2018-11-28 17:17:56 -> DEC47080S1,10

2018-11-28 17:17:56 -> DEC47081S1,10

2018-11-28 17:17:57 -> DEC47082S1,10

2018-11-28 17:17:57 -> DEC47083S1,10

2018-11-28 17:17:57 -> DEC47084S1,10

2018-11-28 17:17:57 -> DEC47097S1,10

2018-11-28 17:17:57 -> DEC47098S1,10

2018-11-28 17:17:57 -> DEC47099S1,10

2018-11-28 17:17:57 -> DEC47100S1,10

2018-11-28 17:17:58 -> DEC47101S1,10

2018-11-28 17:17:58 -> DEC47102S1,10

2018-11-28 17:17:58 -> DEC47103S1,10

2018-11-28 17:17:58 -> DEC47106S1,10

2018-11-28 17:17:58 -> DEC47107S1,10

2018-11-28 17:17:58 -> DEC47108S1,10

2018-11-28 17:17:58 -> DEC47109S1,10

2018-11-28 17:17:59 -> DEC47110S1,10

2018-11-28 17:17:59 -> DEC47111S1,10

2018-11-28 17:17:59 -> DEC47112S1,10

2018-11-28 17:17:59 -> DEC47113S1,10

2018-11-28 17:17:59 -> DEC47114S1,10

2018-11-28 17:17:59 -> DEC47115S1,10

2018-11-28 17:17:59 -> DEC47116S1,10

2018-11-28 17:17:59 -> DEC47117S1,10

2018-11-28 17:18:00 -> DEC47118S1,10

2018-11-28 17:18:00 -> DEC47119S1,10

2018-11-28 17:18:00 -> DEC47120S1,10

2018-11-28 17:18:00 -> DEC47121S1,10

2018-11-28 17:18:00 -> DEC47122S1,10

2018-11-28 17:18:00 -> DEC47124S1,10

2018-11-28 17:18:00 -> DEC47125S1,10

2018-11-28 17:18:01 -> DEC47126S1,10

2018-11-28 17:18:01 -> DEC47127S1,10

2018-11-28 17:18:01 -> DEC47128S1,10

2018-11-28 17:18:01 -> DEC47129S1,10

2018-11-28 17:18:01 -> DEC47130S1,10

2018-11-28 17:18:01 -> DEC47139S1,10

2018-11-28 17:18:01 -> DEC47140S1,10

2018-11-28 17:18:02 -> DEC47142S1,10

2018-11-28 17:18:02 -> DEC47143S1,10

2018-11-28 17:18:02 -> DEC47144S1,10

2018-11-28 17:18:02 -> DEC47145S1,10

2018-11-28 17:18:02 -> DEC47146S1,10

2018-11-28 17:18:02 -> DEC47147S1,10

2018-11-28 17:18:02 -> DEC47148S1,10

2018-11-28 17:18:03 -> DEC47150S1,10

2018-11-28 17:18:03 -> DEC47152S1,10

2018-11-28 17:18:03 -> DEC47153S1,10

2018-11-28 17:18:03 -> DEC47154S1,10

2018-11-28 17:18:03 -> DEC47155S1,10

2018-11-28 17:18:03 -> DEC47156S1,10

2018-11-28 17:18:04 -> DEC47157S1,10

2018-11-28 17:18:04 -> DEC47159S1,10

2018-11-28 17:18:04 -> DEC47160S1,10

2018-11-28 17:18:04 -> DEC47161S1,10

2018-11-28 17:18:04 -> DEC47162S1,10

2018-11-28 17:18:04 -> DEC47163S1,10

2018-11-28 17:18:04 -> DEC47164S1,10

2018-11-28 17:18:05 -> DEC47165S1,10

2018-11-28 17:18:05 -> DEC47166S1,10

2018-11-28 17:18:05 -> DEC47167S1,10

2018-11-28 17:18:05 -> DEC47168S1,10

2018-11-28 17:18:05 -> DEC47169S1,10

2018-11-28 17:18:05 -> DEC47170S1,10

2018-11-28 17:18:05 -> DEC47171S1,10

2018-11-28 17:18:06 -> DEC47172S1,10

2018-11-28 17:18:06 -> DEC47173S1,10

2018-11-28 17:18:06 -> DEC47174S1,10

2018-11-28 17:18:06 -> DEC47175S1,10

2018-11-28 17:18:06 -> DEC47176S1,10

2018-11-28 17:18:06 -> DEC47178S1,10

2018-11-28 17:18:06 -> DEC47179S1,10

2018-11-28 17:18:07 -> DEC47180S1,10

2018-11-28 17:18:07 -> DEC47181S1,10

2018-11-28 17:18:07 -> DEC47182S1,10

2018-11-28 17:18:07 -> DEC47183S1,10

2018-11-28 17:18:07 -> DEC47184S1,10

2018-11-28 17:18:07 -> DEC47185S1,10

2018-11-28 17:18:07 -> DEC47186S1,10

2018-11-28 17:18:07 -> DEC47187S1,10

2018-11-28 17:18:08 -> DEC47188S1,10

2018-11-28 17:18:08 -> DEC47190S1,10

2018-11-28 17:18:08 -> DEC47191S1,10

2018-11-28 17:18:08 -> DEC47192S1,10

2018-11-28 17:18:08 -> DEC47193S1,10

2018-11-28 17:18:08 -> DEC47194S1,10

2018-11-28 17:18:08 -> DEC47195S1,10

2018-11-28 17:18:09 -> DEC47196S1,10

2018-11-28 17:18:09 -> DEC47197S1,10

2018-11-28 17:18:09 -> DEC47198S1,10

2018-11-28 17:18:09 -> DEC47199S1,10

2018-11-28 17:18:09 -> DEC47200S1,10

2018-11-28 17:18:09 -> DEC47201S1,10

2018-11-28 17:18:09 -> DEC47202S1,10

2018-11-28 17:18:10 -> DEC47205S1,10

2018-11-28 17:18:10 -> DEC47206S1,10

2018-11-28 17:18:10 -> DEC47207S1,10

2018-11-28 17:18:10 -> DEC47208S1,10

2018-11-28 17:18:10 -> DEC47209S1,10

2018-11-28 17:18:10 -> DEC47210S1,10

2018-11-28 17:18:10 -> DEC47211S1,10

2018-11-28 17:18:10 -> DEC47212S1,10

2018-11-28 17:18:11 -> DEC47213S1,10

2018-11-28 17:18:11 -> DEC47214S1,10

2018-11-28 17:18:11 -> DEC47215S1,10

2018-11-28 17:18:11 -> DEC47216S1,10

2018-11-28 17:18:11 -> DEC47217S1,10

2018-11-28 17:18:11 -> DEC47218S1,10

2018-11-28 17:18:11 -> DEC47219S1,10

2018-11-28 17:18:12 -> DEC47220S1,10

2018-11-28 17:18:12 -> DEC47221S1,10

2018-11-28 17:18:12 -> DEC47222S1,10

2018-11-28 17:18:12 -> DEC47223S1,10

2018-11-28 17:18:12 -> DEC47224S1,10

2018-11-28 17:18:12 -> DEC47225S1,10

2018-11-28 17:18:12 -> DEC47226S1,10

2018-11-28 17:18:12 -> DEC47227S1,10

2018-11-28 17:18:13 -> DEC47228S1,10

2018-11-28 17:18:13 -> DEC47229S1,10

2018-11-28 17:18:13 -> DEC47230S1,10

2018-11-28 17:18:13 -> DEC47231S1,10

2018-11-28 17:18:13 -> DEC47232S1,10

2018-11-28 17:18:13 -> DEC47233S1,10

2018-11-28 17:18:13 -> DEC47234S1,10

2018-11-28 17:18:13 -> DEC47235S1,10

2018-11-28 17:18:14 -> DEC47236S1,10

2018-11-28 17:18:14 -> DEC47237S1,10

2018-11-28 17:18:14 -> DEC47238S1,10

2018-11-28 17:18:14 -> DEC47239S1,10

2018-11-28 17:18:14 -> DEC47240S1,10

2018-11-28 17:18:14 -> DEC47242S1,10

2018-11-28 17:18:14 -> DEC47243S1,10

2018-11-28 17:18:15 -> DEC47244S1,10

2018-11-28 17:18:15 -> DEC47245S1,10

2018-11-28 17:18:15 -> DEC47246S1,10

2018-11-28 17:18:15 -> DEC47247S1,10

2018-11-28 17:18:15 -> DEC47248S1,10

2018-11-28 17:18:15 -> DEC47249S1,10

2018-11-28 17:18:15 -> DEC47250S1,10

2018-11-28 17:18:16 -> DEC47251S1,10

2018-11-28 17:18:16 -> DEC47252S1,10

2018-11-28 17:18:16 -> DEC47253S1,10

2018-11-28 17:18:16 -> DEC47255S1,10

2018-11-28 17:18:16 -> DEC47256S1,10

2018-11-28 17:18:16 -> DEC47257S1,10

2018-11-28 17:18:16 -> DEC47259S1,10

2018-11-28 17:18:17 -> DEC47260S1,10

2018-11-28 17:18:17 -> DEC47261S1,10

2018-11-28 17:18:17 -> DEC47262S1,10

2018-11-28 17:18:17 -> DEC47263S1,10

2018-11-28 17:18:17 -> DEC47264S1,10

2018-11-28 17:18:17 -> DEC47265S1,10

2018-11-28 17:18:17 -> DEC47266S1,10

2018-11-28 17:18:18 -> DEC47268S1,10

2018-11-28 17:18:18 -> DEC47270S1,10

2018-11-28 17:18:18 -> DEC47271S1,10

2018-11-28 17:18:19 -> DEC48679S1,10

2018-11-28 17:18:19 -> DEC48680S1,10

2018-11-28 17:18:20 -> DEC48681S1,10

2018-11-28 17:18:20 -> DEC48682S1,10

2018-11-28 17:18:20 -> DEC48683S1,10

2018-11-28 17:18:20 -> DEC48684S1,10

2018-11-28 17:18:20 -> DEC48685S1,10

2018-11-28 17:18:20 -> DEC48686S1,10

2018-11-28 17:18:20 -> DEC48687S1,10

2018-11-28 17:18:21 -> DEC48688S1,10

2018-11-28 17:18:21 -> DEC48691S1,10

2018-11-28 17:18:21 -> DEC48693S1,10

2018-11-28 17:18:21 -> DEC48694S1,10

2018-11-28 17:18:21 -> DEC48696S1,10

2018-11-28 17:18:21 -> DEC48697S1,10

2018-11-28 17:18:21 -> DEC48700S1,10

2018-11-28 17:18:22 -> DEC48701S1,10

2018-11-28 17:18:22 -> DEC48702S1,10

2018-11-28 17:18:22 -> DEC48703S1,10

2018-11-28 17:18:22 -> DEC48704S1,10

2018-11-28 17:18:22 -> DEC48705S1,10

2018-11-28 17:18:22 -> DEC48706S1,10

2018-11-28 17:18:22 -> DEC48707S1,10

2018-11-28 17:18:23 -> DEC48708S1,10

2018-11-28 17:18:23 -> DEC48713S1,10

2018-11-28 17:18:23 -> DEC48714S1,10

2018-11-28 17:18:23 -> DEC48715S1,10

2018-11-28 17:18:23 -> DEC48716S1,10

2018-11-28 17:18:23 -> DEC48717S1,10

2018-11-28 17:18:23 -> DEC48719S1,10

2018-11-28 17:18:24 -> DEC48720S1,10

2018-11-28 17:18:24 -> DEC48721S1,10

2018-11-28 17:18:24 -> DEC48722S1,10

2018-11-28 17:18:24 -> DEC48723S1,10

2018-11-28 17:18:24 -> DEC48724S1,10

2018-11-28 17:18:24 -> DEC48725S1,10

2018-11-28 17:18:24 -> DEC48726S1,10

2018-11-28 17:18:25 -> DEC48727S1,10

2018-11-28 17:18:25 -> DEC48728S1,10

2018-11-28 17:18:25 -> DEC48729S1,10

2018-11-28 17:18:25 -> DEC48730S1,10

2018-11-28 17:18:25 -> DEC48731S1,10

2018-11-28 17:18:25 -> DEC48732S1,10

2018-11-28 17:18:25 -> DEC48733S1,10

2018-11-28 17:18:26 -> DEC48734S1,10

2018-11-28 17:18:26 -> DEC48735S1,10

2018-11-28 17:18:26 -> DEC48737S1,10

2018-11-28 17:18:26 -> DEC48738S1,10

2018-11-28 17:18:26 -> DEC48739S1,10

2018-11-28 17:18:26 -> DEC48741S1,10

2018-11-28 17:18:26 -> DEC48742S1,10

2018-11-28 17:18:27 -> DEC48743S1,10

2018-11-28 17:18:27 -> DEC48744S1,10

2018-11-28 17:18:27 -> DEC48745S1,10

2018-11-28 17:18:27 -> DEC48748S1,10

2018-11-28 17:18:27 -> DEC48750S1,10

2018-11-28 17:18:27 -> DEC48751S1,10

2018-11-28 17:18:28 -> DEC48752S1,10

2018-11-28 17:18:28 -> DEC48753S1,10

2018-11-28 17:18:28 -> DEC48754S1,10

2018-11-28 17:18:28 -> DEC48755S1,10

2018-11-28 17:18:28 -> DEC48756S1,10

2018-11-28 17:18:28 -> DEC48757S1,10

2018-11-28 17:18:28 -> DEC48758S1,10

2018-11-28 17:18:28 -> DEC48760S1,10

2018-11-28 17:18:29 -> DEC48761S1,10

2018-11-28 17:18:29 -> DEC48763S1,10

2018-11-28 17:18:29 -> DEC48766S1,10

2018-11-28 17:18:29 -> DEC48767S1,10

2018-11-28 17:18:29 -> DEC48770S1,10

2018-11-28 17:18:29 -> DEC48771S1,10

2018-11-28 17:18:29 -> DEC48772S1,10

2018-11-28 17:18:30 -> DEC48773S1,10

2018-11-28 17:18:30 -> DEC48775S1,10

2018-11-28 17:18:30 -> DEC48776S1,10

2018-11-28 17:18:30 -> DEC48777S1,10

2018-11-28 17:18:30 -> DEC48778S1,10

2018-11-28 17:18:30 -> DEC48779S1,10

2018-11-28 17:18:30 -> DEC48780S1,10

2018-11-28 17:18:30 -> DEC48781S1,10

2018-11-28 17:18:31 -> DEC48782S1,10

2018-11-28 17:18:31 -> DEC48783S1,10

2018-11-28 17:18:31 -> DEC48784S1,10

2018-11-28 17:18:31 -> DEC48785S1,10

2018-11-28 17:18:31 -> DEC48786S1,10

2018-11-28 17:18:31 -> DEC48787S1,10

2018-11-28 17:18:31 -> DEC48789S1,10

2018-11-28 17:18:31 -> DEC48790S1,10

2018-11-28 17:18:32 -> DEC48792S1,10

2018-11-28 17:18:32 -> DEC48793S1,10

2018-11-28 17:18:32 -> DEC48832S1,10

2018-11-28 17:18:32 -> DEC48833S1,10

2018-11-28 17:18:32 -> DEC48834S1,10

2018-11-28 17:18:32 -> DEC48835S1,10

2018-11-28 17:18:32 -> DEC48837S1,10

2018-11-28 17:18:33 -> DEC48838S1,10

2018-11-28 17:18:33 -> DEC48839S1,10

2018-11-28 17:18:33 -> DEC48840S1,10

2018-11-28 17:18:33 -> DEC48842S1,10

2018-11-28 17:18:33 -> DEC48843S1,10

2018-11-28 17:18:33 -> DEC48844S1,10

2018-11-28 17:18:33 -> DEC48847S1,10

2018-11-28 17:18:34 -> DEC48849S1,10

2018-11-28 17:18:34 -> DEC48850S1,10

2018-11-28 17:18:34 -> DEC48851S1,10

2018-11-28 17:18:34 -> DEC48852S1,10

2018-11-28 17:18:34 -> DEC48853S1,10

2018-11-28 17:18:34 -> DEC48855S1,10

2018-11-28 17:18:34 -> DEC48856S1,10

2018-11-28 17:18:34 -> DEC48858S1,10

2018-11-28 17:18:35 -> DEC48859S1,10

2018-11-28 17:18:35 -> DEC48861S1,10

2018-11-28 17:18:35 -> DEC48862S1,10

2018-11-28 17:18:35 -> DEC48863S1,10

2018-11-28 17:18:35 -> DEC48865S1,10

2018-11-28 17:18:35 -> DEC48869S1,10

2018-11-28 17:18:35 -> DEC48870S1,10

2018-11-28 17:18:36 -> DEC48871S1,10

2018-11-28 17:18:36 -> DEC48872S1,10

2018-11-28 17:18:36 -> DEC48873S1,10

2018-11-28 17:18:36 -> DEC48874S1,10

2018-11-28 17:18:36 -> DEC48875S1,10

2018-11-28 17:18:36 -> DEC48884S1,10

2018-11-28 17:18:36 -> DEC48885S1,10

2018-11-28 17:18:37 -> DEC48887S1,10

2018-11-28 17:18:37 -> DEC48888S1,10

2018-11-28 17:18:37 -> DEC48891S1,10

2018-11-28 17:18:37 -> DEC48893S1,10

2018-11-28 17:18:37 -> DEC48894S1,10

2018-11-28 17:18:37 -> DEC48895S1,10

2018-11-28 17:18:37 -> DEC48896S1,10

2018-11-28 17:18:37 -> DEC48897S1,10

2018-11-28 17:18:38 -> DEC48900S1,10

2018-11-28 17:18:38 -> DEC48902S1,10

2018-11-28 17:18:38 -> DEC48905S1,10

2018-11-28 17:18:38 -> DEC48917S1,10

2018-11-28 17:18:38 -> DEC48918S1,10

2018-11-28 17:18:39 -> DEC48920S1,10

2018-11-28 17:18:39 -> DEC48921S1,10

2018-11-28 17:18:39 -> DEC49023S1,13

2018-11-28 17:18:39 -> DEC49024S1,13

2018-11-28 17:18:39 -> DEC49025S1,13

2018-11-28 17:18:39 -> DEC49055S1,25

2018-11-28 17:18:39 -> DEC49057S1,18

2018-11-28 17:18:40 -> DEC49058S1,18

2018-11-28 17:18:40 -> DEC49059S1,18

2018-11-28 17:18:40 -> DEC49060S1,18

2018-11-28 17:18:40 -> DEC49061S1,18

2018-11-28 17:18:40 -> DEC49062S1,18

2018-11-28 17:18:40 -> DEC49063S1,18

2018-11-28 17:18:40 -> DEC49064S1,18

2018-11-28 17:18:40 -> DEC49065S1,18

2018-11-28 17:18:41 -> DEC49066S1,18

2018-11-28 17:18:41 -> EDR23193S1,10

2018-11-28 17:18:41 -> EDR23194S1,10

2018-11-28 17:18:41 -> EDR23195S1,10

2018-11-28 17:18:41 -> EDR23200S1,10

2018-11-28 17:18:42 -> EDR23202S1,10

2018-11-28 17:18:42 -> EDR23205S1,10

2018-11-28 17:18:42 -> EDR23215S1,10

2018-11-28 17:18:42 -> EDR23216S1,10

2018-11-28 17:18:42 -> EDR23220S1,10

2018-11-28 17:18:43 -> EDR23223S1,10

2018-11-28 17:18:43 -> EDR23224S1,10

2018-11-28 17:18:43 -> EDR23225S1,10

2018-11-28 17:18:43 -> EDR23226S1,10

2018-11-28 17:18:43 -> EDR23299S1,10

2018-11-28 17:18:43 -> EDR23300S1,10

2018-11-28 17:18:43 -> EDR23302S1,10

2018-11-28 17:18:44 -> EDR23341S1,10

2018-11-28 17:18:44 -> EDR23342S1,10

2018-11-28 17:18:44 -> EDR23346S1,10

2018-11-28 17:18:44 -> EDR23347S1,10

2018-11-28 17:18:44 -> EDR23350S1,10

2018-11-28 17:18:44 -> EDR23351S1,10

2018-11-28 17:18:44 -> EDR23356S1,10

2018-11-28 17:18:44 -> EDR23359S1,10

2018-11-28 17:18:45 -> EDR23361S1,10

2018-11-28 17:18:45 -> EDR23372S1,10

2018-11-28 17:18:45 -> EDR23376S1,10

2018-11-28 17:18:45 -> EDR23396S1,10

2018-11-28 17:18:45 -> EDR23397S1,10

2018-11-28 17:18:45 -> EDR23440S1,10

2018-11-28 17:18:45 -> EDR23441S1,10

2018-11-28 17:18:46 -> EDR23454S1,10

2018-11-28 17:18:46 -> EDR23455S1,10

2018-11-28 17:18:46 -> EDR23456S1,10

2018-11-28 17:18:46 -> EDR28047S1,10

2018-11-28 17:18:46 -> EDR28085S1,10

2018-11-28 17:18:46 -> EDR28176S1,10

2018-11-28 17:18:46 -> EDR28177S1,10

2018-11-28 17:18:46 -> EDR28184S1,10

2018-11-28 17:18:47 -> EDR28186S1,10

2018-11-28 17:18:47 -> EDR28190S1,10

2018-11-28 17:18:47 -> EDR28196S1,10

2018-11-28 17:18:47 -> EDR28222S1,10

2018-11-28 17:18:47 -> EDR28226S1,10

2018-11-28 17:18:48 -> EDR32289S1,18

2018-11-28 17:18:48 -> EDR32290S1,18

2018-11-28 17:18:48 -> EDR32295S1,18

2018-11-28 17:18:48 -> EDR32296S1,18

2018-11-28 17:18:48 -> EDR32300S1,18

2018-11-28 17:18:48 -> EDR32319S1,18

2018-11-28 17:18:49 -> EDR32320S1,18

2018-11-28 17:18:49 -> EDR32329S1,18

2018-11-28 17:18:49 -> EDR32330S1,18

2018-11-28 17:18:49 -> EDR32331S1,18

2018-11-28 17:18:49 -> EDR32332S1,18

2018-11-28 17:18:50 -> EDR40599S1,33

2018-11-28 17:18:50 -> EDR40600S1,33

2018-11-28 17:18:50 -> EDR40601S1,18

2018-11-28 17:18:50 -> EDR40603S1,18

2018-11-28 17:18:50 -> EDR40605S1,33

2018-11-28 17:18:50 -> EDR40608S1,33

2018-11-28 17:18:51 -> EDR40609S1,33

2018-11-28 17:18:51 -> EDR40610S1,18

2018-11-28 17:18:51 -> EDR40615S1,18

2018-11-28 17:18:51 -> EDR40624S1,33

2018-11-28 17:18:51 -> EDR40626S1,33

2018-11-28 17:18:51 -> EDR40638S1,33

2018-11-28 17:18:51 -> EDR40639S1,33

2018-11-28 17:18:52 -> EDR40642S1,18

2018-11-28 17:18:52 -> EDR40659S1,18

2018-11-28 17:18:52 -> EDR40669S1,18

2018-11-28 17:18:52 -> EDR40671S1,18

2018-11-28 17:18:52 -> EDR40673S1,18

2018-11-28 17:18:52 -> EDR40724S1,18

2018-11-28 17:18:52 -> EDR40725S1,18

2018-11-28 17:18:53 -> EDR40727S1,18

2018-11-28 17:18:53 -> EDR40728S1,18

2018-11-28 17:18:53 -> EDR40729S1,18

2018-11-28 17:18:53 -> EDR40731S1,18

2018-11-28 17:18:53 -> EDR40732S1,18

2018-11-28 17:18:53 -> EDR40735S1,18

2018-11-28 17:18:53 -> EDR40736S1,18

2018-11-28 17:18:54 -> EDR40738S1,18

2018-11-28 17:18:54 -> EDR40739S1,18

2018-11-28 17:18:54 -> EDR40740S1,18

2018-11-28 17:18:54 -> EDR40742S1,18

2018-11-28 17:18:54 -> EDR40743S1,18

2018-11-28 17:18:54 -> EDR40744S1,18

2018-11-28 17:18:54 -> EDR40745S1,18

2018-11-28 17:18:54 -> EDR40747S1,18

2018-11-28 17:18:55 -> EDR40749S1,18

2018-11-28 17:18:55 -> EDR40751S1,18

2018-11-28 17:18:55 -> EDR40752S1,18

2018-11-28 17:18:55 -> EDR40753S1,18

2018-11-28 17:18:55 -> EDR40754S1,18

2018-11-28 17:18:55 -> EDR40755S1,18

2018-11-28 17:18:55 -> EDR40756S1,18

2018-11-28 17:18:56 -> EDR40757S1,18

2018-11-28 17:18:56 -> EDR40758S1,18

2018-11-28 17:18:56 -> EDR40759S1,18

2018-11-28 17:18:56 -> EDR40760S1,18

2018-11-28 17:18:56 -> EDR40761S1,18

2018-11-28 17:18:57 -> EDR44212S1,18

2018-11-28 17:18:57 -> EDR44215S1,18

2018-11-28 17:18:57 -> EDR44217S1,18

2018-11-28 17:18:57 -> EDR44219S1,18

2018-11-28 17:18:58 -> EDR49026S1,13

2018-11-28 17:18:58 -> EDR49028S1,13

2018-11-28 17:18:58 -> EDR49030S1,13

2018-11-28 17:18:58 -> EDR49032S1,13

2018-11-28 17:18:59 -> EDR49034S1,13

2018-11-28 17:18:59 -> EDR49035S1,13

2018-11-28 17:18:59 -> EDR49037S1,13

2018-11-28 17:18:59 -> EDR49038S1,13

2018-11-28 17:18:59 -> EDR49070S1,18

2018-11-28 17:18:59 -> EDR49071S1,18

2018-11-28 17:19:00 -> ESP29597S1,43

2018-11-28 17:19:01 -> LIB19783S1,10

2018-11-28 17:19:01 -> LIB26158S1,43

2018-11-28 17:19:02 -> LIB30284S1,31

2018-11-28 17:19:02 -> LIB30290S1,5

2018-11-28 17:19:02 -> LIB30292S1,5

2018-11-28 17:19:02 -> LIB30971S1,8

2018-11-28 17:19:02 -> LIB37876S1,5

2018-11-28 17:19:03 -> LIB37879S1,5

2018-11-28 17:19:03 -> MJA40822S1,5

2018-11-28 17:19:04 -> MJA40835S1,5

2018-11-28 17:19:04 -> MJA43567S1,5

2018-11-28 17:19:04 -> MOC13470K1,10

2018-11-28 17:19:04 -> MOC13797S1,8

2018-11-28 17:19:05 -> MOC18236K1,17

2018-11-28 17:19:05 -> MOC20394S1,10

2018-11-28 17:19:05 -> MOC20395S1,10

2018-11-28 17:19:06 -> MOC22506S1,10

2018-11-28 17:19:06 -> MOC33730S1,10

2018-11-28 17:19:06 -> MOC33735S1,10

2018-11-28 17:19:07 -> MOC34936S1,43

2018-11-28 17:19:07 -> MOC35275K1,5

2018-11-28 17:19:07 -> MOC35323S1,10

2018-11-28 17:19:07 -> MOC35978S1,8

2018-11-28 17:19:13 -> OC42601075,10

2018-11-28 17:19:13 -> OC43101031,10

2018-11-28 17:19:15 -> OCA11952S1,5

2018-11-28 17:19:15 -> OCA11953S1,5

2018-11-28 17:19:15 -> OCA12861K0,5

2018-11-28 17:19:16 -> OCA13959S1,5

2018-11-28 17:19:17 -> OCA37932S1,5

2018-11-28 17:19:20 -> OCA99638K1,17

2018-11-28 17:19:22 -> RAD10156S1,4

2018-11-28 17:19:22 -> RAD10157S1,10

2018-11-28 17:19:22 -> RAD10859S1,19

2018-11-28 17:19:23 -> RAD14750S1,25

2018-11-28 17:19:24 -> RAD16064S1,4

2018-11-28 17:19:24 -> RAD16680S1,12

2018-11-28 17:19:24 -> RAD17144S1,10

2018-11-28 17:19:24 -> RAD17147K1,10

2018-11-28 17:19:25 -> RAD20443S1,10

2018-11-28 17:19:25 -> RAD21378S1,10

2018-11-28 17:19:25 -> RAD21379S1,2

2018-11-28 17:19:28 -> RAD21417S1,10

2018-11-28 17:19:29 -> RAD23545S1,8

2018-11-28 17:19:52 -> RAD24235S1,43

2018-11-28 17:19:53 -> RAD25611S1,5

2018-11-28 17:19:53 -> RAD25708S1,10

2018-11-28 17:19:53 -> RAD25711K1,2

2018-11-28 17:19:53 -> RAD25855S1,8

2018-11-28 17:19:54 -> RAD26280S1,10

2018-11-28 17:19:54 -> RAD26304S1,5

2018-11-28 17:19:54 -> RAD26313S1,4

2018-11-28 17:19:54 -> RAD26740S1,43

2018-11-28 17:19:54 -> RAD26957S1,37

2018-11-28 17:19:55 -> RAD26962S1,5

2018-11-28 17:19:55 -> RAD27025S1,5

2018-11-28 17:19:55 -> RAD27035S1,2

2018-11-28 17:19:55 -> RAD28055S1,10

2018-11-28 17:19:56 -> RAD28549S1,43

2018-11-28 17:19:56 -> RAD28552S1,43

2018-11-28 17:19:56 -> RAD28710S1,43

2018-11-28 17:19:56 -> RAD29365S1,5

2018-11-28 17:19:56 -> RAD29366S1,5

2018-11-28 17:19:56 -> RAD29369S1,5

2018-11-28 17:19:57 -> RAD29383S1,43

2018-11-28 17:19:57 -> RAD29394S1,5

2018-11-28 17:19:58 -> RAD30425S1,10

2018-11-28 17:19:58 -> RAD30428S1,10

2018-11-28 17:19:59 -> RAD33543S1,43

2018-11-28 17:19:59 -> RAD33702S1,10

2018-11-28 17:20:00 -> RAD33706S1,5

2018-11-28 17:20:00 -> RAD33708K1,5

2018-11-28 17:20:01 -> RAD35031S1,5

2018-11-28 17:20:01 -> RAD35032S1,37

2018-11-28 17:20:01 -> RAD35033S1,5

2018-11-28 17:20:01 -> RAD35118S1,8

2018-11-28 17:20:02 -> RAD36598S1,12

2018-11-28 17:20:02 -> RAD36643S1,12

2018-11-28 17:20:03 -> RAD36668S1,4

2018-11-28 17:20:03 -> RAD36669S1,10

2018-11-28 17:20:03 -> RAD36670S1,5

2018-11-28 17:20:03 -> RAD36671S1,5

2018-11-28 17:20:04 -> RAD37662S1,10

2018-11-28 17:20:04 -> RAD37871S1,5

2018-11-28 17:20:04 -> RAD37872S1,17

2018-11-28 17:20:04 -> RAD38030S1,5

2018-11-28 17:20:04 -> RAD38035S1,5

2018-11-28 17:20:05 -> RAD38220S1,5

2018-11-28 17:20:05 -> RAD38425S1,10

2018-11-28 17:20:05 -> RAD38726S1,31

2018-11-28 17:20:07 -> RAD40361S1,5

2018-11-28 17:20:08 -> RAD41967S1,2

2018-11-28 17:20:08 -> RAD42291S1,5

2018-11-28 17:20:08 -> RAD42360S1,10

2018-11-28 17:20:10 -> RAD46355S1,10

2018-11-28 17:20:11 -> RAD48821S1,31

2018-11-28 17:20:11 -> RAD49432S1,31

2018-11-28 17:20:11 -> RAD96245S1,19

2018-11-28 17:20:15 -> RJU10057K1,10

2018-11-28 17:20:15 -> RJU10458S1,8

2018-11-28 17:20:15 -> RJU12301K1,10

2018-11-28 17:20:16 -> RJU16441K1,8

2018-11-28 17:20:16 -> RJU17152S1,10

2018-11-28 17:20:17 -> RJU17612K1,5

2018-11-28 17:20:17 -> RJU20911S1,5

2018-11-28 17:20:17 -> RJU24599S1,5

2018-11-28 17:20:17 -> RJU25730S1,10

2018-11-28 17:20:18 -> RJU33092S1,10

2018-11-28 17:20:18 -> RJU33930K1,4

2018-11-28 17:20:19 -> RJU35539S1,43

2018-11-28 17:20:19 -> RJU35905S1,5

2018-11-28 17:20:19 -> RJU35909S1,43

2018-11-28 17:20:20 -> RJU37774S1,43

2018-11-28 17:20:20 -> RJU38274S1,33

2018-11-28 17:20:20 -> RJU43338S1,10

2018-11-28 17:20:21 -> RJU97977S1,10

2018-11-28 17:20:21 -> SA25600063,12

2018-11-28 17:20:24 -> SAL11230S1,5

2018-11-28 17:20:25 -> SAL11233S1,2

2018-11-28 17:20:26 -> SAL14583S1,5

2018-11-28 17:20:26 -> SAL14951S1,5

2018-11-28 17:20:27 -> SAL15581S1,12

2018-11-28 17:20:27 -> SAL15585S1,12

2018-11-28 17:20:27 -> SAL15587S1,5

2018-11-28 17:20:28 -> SAL17512S1,43

2018-11-28 17:20:28 -> SAL18261S1,11

2018-11-28 17:20:29 -> SAL19226S1,89

2018-11-28 17:20:29 -> SAL19227S1,5

2018-11-28 17:20:29 -> SAL20025S1,43

2018-11-28 17:20:30 -> SAL20182S1,5

2018-11-28 17:20:30 -> SAL20183S1,8

2018-11-28 17:20:30 -> SAL20471S1,5

2018-11-28 17:20:30 -> SAL20472S1,5

2018-11-28 17:20:31 -> SAL20803S1,8

2018-11-28 17:20:31 -> SAL20805S1,5

2018-11-28 17:20:31 -> SAL20810S1,5

2018-11-28 17:20:31 -> SAL20811S1,5

2018-11-28 17:20:31 -> SAL20813S1,5

2018-11-28 17:20:31 -> SAL20814S1,8

2018-11-28 17:20:32 -> SAL20826S1,8

2018-11-28 17:20:32 -> SAL20828S1,5

2018-11-28 17:20:32 -> SAL20830S1,5

2018-11-28 17:20:32 -> SAL20831S1,8

2018-11-28 17:20:32 -> SAL20832S1,8

2018-11-28 17:20:32 -> SAL20836S1,8

2018-11-28 17:20:33 -> SAL21558K1,5

2018-11-28 17:20:33 -> SAL21565K1,12

2018-11-28 17:20:33 -> SAL22012S1,5

2018-11-28 17:20:34 -> SAL22023S1,5

2018-11-28 17:20:34 -> SAL22205S1,43

2018-11-28 17:20:34 -> SAL22468S1,5

2018-11-28 17:20:34 -> SAL22469S1,8

2018-11-28 17:20:34 -> SAL22475S1,5

2018-11-28 17:20:35 -> SAL22476S1,5

2018-11-28 17:20:35 -> SAL23521K1,12

2018-11-28 17:20:35 -> SAL24313S1,8

2018-11-28 17:20:35 -> SAL24314S1,5

2018-11-28 17:20:35 -> SAL24315S1,8

2018-11-28 17:20:36 -> SAL24318S1,8

2018-11-28 17:20:36 -> SAL24320S1,5

2018-11-28 17:20:36 -> SAL24326S1,8

2018-11-28 17:20:36 -> SAL25167S1,5

2018-11-28 17:20:36 -> SAL25169S1,10

2018-11-28 17:20:37 -> SAL25171S1,10

2018-11-28 17:20:37 -> SAL25173S1,10

2018-11-28 17:20:37 -> SAL25174S1,10

2018-11-28 17:20:37 -> SAL25200S1,43

2018-11-28 17:20:37 -> SAL25205S1,43

2018-11-28 17:20:38 -> SAL25207S1,10

2018-11-28 17:20:38 -> SAL25210S1,10

2018-11-28 17:20:38 -> SAL25251S1,10

2018-11-28 17:20:38 -> SAL25252S1,10

2018-11-28 17:20:38 -> SAL25265S1,5

2018-11-28 17:20:38 -> SAL25274K1,8

2018-11-28 17:20:39 -> SAL25284S1,5

2018-11-28 17:20:39 -> SAL25288S1,5

2018-11-28 17:20:39 -> SAL25294S1,10

2018-11-28 17:20:39 -> SAL25296S1,10

2018-11-28 17:20:39 -> SAL25298S1,10

2018-11-28 17:20:39 -> SAL25304S1,10

2018-11-28 17:20:39 -> SAL25309S1,2

2018-11-28 17:20:40 -> SAL25310S1,10

2018-11-28 17:20:40 -> SAL25312S1,10

2018-11-28 17:20:40 -> SAL25377K1,12

2018-11-28 17:20:40 -> SAL26041S1,5

2018-11-28 17:20:40 -> SAL26043S1,8

2018-11-28 17:20:41 -> SAL26105S1,5

2018-11-28 17:20:41 -> SAL26118S1,5

2018-11-28 17:20:41 -> SAL26119S1,5

2018-11-28 17:20:41 -> SAL26124S1,5

2018-11-28 17:20:41 -> SAL26254K1,4

2018-11-28 17:20:42 -> SAL26464S1,5

2018-11-28 17:20:42 -> SAL26467S1,12

2018-11-28 17:20:42 -> SAL26468S1,12

2018-11-28 17:20:42 -> SAL26469S1,12

2018-11-28 17:20:42 -> SAL26508S1,12

2018-11-28 17:20:42 -> SAL26511S1,43

2018-11-28 17:20:43 -> SAL26818K1,12

2018-11-28 17:20:43 -> SAL26886S1,10

2018-11-28 17:20:43 -> SAL26887S1,5

2018-11-28 17:20:43 -> SAL26889S1,43

2018-11-28 17:20:43 -> SAL26891S1,10

2018-11-28 17:20:43 -> SAL26892S1,10

2018-11-28 17:20:44 -> SAL26893S1,5

2018-11-28 17:20:44 -> SAL27047S1,43

2018-11-28 17:20:44 -> SAL27049S1,43

2018-11-28 17:20:44 -> SAL27184S1,43

2018-11-28 17:20:44 -> SAL27195S1,43

2018-11-28 17:20:45 -> SAL27202S1,43

2018-11-28 17:20:45 -> SAL27205S1,43

2018-11-28 17:20:45 -> SAL27206S1,43

2018-11-28 17:20:45 -> SAL27207S1,43

2018-11-28 17:20:45 -> SAL27255S1,43

2018-11-28 17:20:45 -> SAL27256S1,43

2018-11-28 17:20:46 -> SAL27391S1,12

2018-11-28 17:20:46 -> SAL27394S1,12

2018-11-28 17:20:46 -> SAL27917S1,12

2018-11-28 17:20:46 -> SAL28319S1,12

2018-11-28 17:20:46 -> SAL28320S1,12

2018-11-28 17:20:47 -> SAL28322S1,7

2018-11-28 17:20:47 -> SAL28323S1,7

2018-11-28 17:20:47 -> SAL28324S1,12

2018-11-28 17:20:47 -> SAL28325S1,12

2018-11-28 17:20:47 -> SAL28333S1,5

2018-11-28 17:20:47 -> SAL28334S1,5

2018-11-28 17:20:48 -> SAL28360S1,12

2018-11-28 17:20:48 -> SAL28366S1,12

2018-11-28 17:20:48 -> SAL28372S1,5

2018-11-28 17:20:48 -> SAL28374S1,12

2018-11-28 17:20:49 -> SAL28603S1,43

2018-11-28 17:20:49 -> SAL28621S1,43

2018-11-28 17:20:49 -> SAL28623K1,12

2018-11-28 17:20:49 -> SAL28630S1,5

2018-11-28 17:20:49 -> SAL28631S1,12

2018-11-28 17:20:50 -> SAL29392S1,5

2018-11-28 17:20:50 -> SAL29872S1,7

2018-11-28 17:20:50 -> SAL29873S1,5

2018-11-28 17:20:50 -> SAL30161K1,12

2018-11-28 17:20:50 -> SAL30243S1,12

2018-11-28 17:20:51 -> SAL30407S1,12

2018-11-28 17:20:51 -> SAL30412S1,12

2018-11-28 17:20:51 -> SAL31275S1,43

2018-11-28 17:20:52 -> SAL31276S1,5

2018-11-28 17:21:14 -> SAL31530S1,10

2018-11-28 17:21:14 -> SAL31533S1,10

2018-11-28 17:21:14 -> SAL31534S1,4

2018-11-28 17:21:14 -> SAL31535S1,10

2018-11-28 17:21:14 -> SAL31537S1,5

2018-11-28 17:21:15 -> SAL31538S1,5

2018-11-28 17:21:15 -> SAL31540S1,10

2018-11-28 17:21:15 -> SAL31541S1,10

2018-11-28 17:21:15 -> SAL31578S1,5

2018-11-28 17:21:15 -> SAL31581S1,5

2018-11-28 17:21:15 -> SAL31582S1,10

2018-11-28 17:21:16 -> SAL31613S1,5

2018-11-28 17:21:16 -> SAL31615S1,5

2018-11-28 17:21:16 -> SAL31616S1,5

2018-11-28 17:21:16 -> SAL31617S1,2

2018-11-28 17:21:16 -> SAL31618S1,11

2018-11-28 17:21:16 -> SAL31620S1,11

2018-11-28 17:21:16 -> SAL32398S1,43

2018-11-28 17:21:17 -> SAL32400S1,43

2018-11-28 17:21:17 -> SAL32401S1,43

2018-11-28 17:21:17 -> SAL32405S1,5

2018-11-28 17:21:17 -> SAL32409S1,43

2018-11-28 17:21:17 -> SAL32410S1,43

2018-11-28 17:21:17 -> SAL32413S1,5

2018-11-28 17:21:18 -> SAL32507S1,8

2018-11-28 17:21:18 -> SAL32511S1,8

2018-11-28 17:21:18 -> SAL32515S1,8

2018-11-28 17:21:18 -> SAL32857S1,5

2018-11-28 17:21:18 -> SAL32859S1,7

2018-11-28 17:21:19 -> SAL32875S1,43

2018-11-28 17:21:19 -> SAL32881S1,43

2018-11-28 17:21:19 -> SAL32925K1,5

2018-11-28 17:21:19 -> SAL33236S1,8

2018-11-28 17:21:19 -> SAL33239S1,8

2018-11-28 17:21:20 -> SAL33240S1,8

2018-11-28 17:21:20 -> SAL33242S1,8

2018-11-28 17:21:20 -> SAL33243S1,8

2018-11-28 17:21:20 -> SAL33271S1,8

2018-11-28 17:21:20 -> SAL33273S1,8

2018-11-28 17:21:20 -> SAL33274S1,8

2018-11-28 17:21:20 -> SAL33277S1,8

2018-11-28 17:21:21 -> SAL33582S1,11

2018-11-28 17:21:22 -> SAL33584S1,11

2018-11-28 17:21:22 -> SAL33817S1,10

2018-11-28 17:21:22 -> SAL33819S1,43

2018-11-28 17:21:22 -> SAL33821S1,5

2018-11-28 17:21:22 -> SAL33899S1,11

2018-11-28 17:21:23 -> SAL33900S1,11

2018-11-28 17:21:23 -> SAL33901S1,11

2018-11-28 17:21:23 -> SAL33960S1,10

2018-11-28 17:21:23 -> SAL34520S1,12

2018-11-28 17:21:24 -> SAL34638S1,30

2018-11-28 17:21:24 -> SAL34640S1,25

2018-11-28 17:21:24 -> SAL34644S1,11

2018-11-28 17:21:24 -> SAL34694S1,43

2018-11-28 17:21:24 -> SAL34922K1,8

2018-11-28 17:21:24 -> SAL35012K1,12

2018-11-28 17:21:25 -> SAL35092S1,43

2018-11-28 17:21:25 -> SAL35093S1,43

2018-11-28 17:21:25 -> SAL35097S1,43

2018-11-28 17:21:25 -> SAL35098S1,43

2018-11-28 17:21:25 -> SAL35101S1,43

2018-11-28 17:21:26 -> SAL35102S1,43

2018-11-28 17:21:26 -> SAL35103S1,43

2018-11-28 17:21:26 -> SAL35793S1,12

2018-11-28 17:21:26 -> SAL35796S1,43

2018-11-28 17:21:26 -> SAL35938S1,5

2018-11-28 17:21:26 -> SAL35939S1,5

2018-11-28 17:21:27 -> SAL36044S1,43

2018-11-28 17:21:27 -> SAL36137S1,2

2018-11-28 17:21:27 -> SAL36138S1,5

2018-11-28 17:21:27 -> SAL36142S1,5

2018-11-28 17:21:27 -> SAL36174K1,5

2018-11-28 17:21:28 -> SAL36177K1,5

2018-11-28 17:21:28 -> SAL36556K1,43

2018-11-28 17:21:28 -> SAL36559K1,5

2018-11-28 17:21:28 -> SAL36570K1,43

2018-11-28 17:21:29 -> SAL36573K1,43

2018-11-28 17:21:29 -> SAL36772S1,43

2018-11-28 17:21:29 -> SAL36773S1,43

2018-11-28 17:21:29 -> SAL36777S1,43

2018-11-28 17:21:29 -> SAL36795S1,2

2018-11-28 17:21:29 -> SAL36797S1,5

2018-11-28 17:21:30 -> SAL36799S1,5

2018-11-28 17:21:30 -> SAL36800S1,5

2018-11-28 17:21:30 -> SAL37689K1,43

2018-11-28 17:21:31 -> SAL37891S1,8

2018-11-28 17:21:31 -> SAL37892S1,8

2018-11-28 17:21:31 -> SAL38116S1,5

2018-11-28 17:21:31 -> SAL38121S1,12

2018-11-28 17:21:31 -> SAL38150K1,2

2018-11-28 17:21:32 -> SAL38153S1,12

2018-11-28 17:21:32 -> SAL38765S1,43

2018-11-28 17:21:33 -> SAL40026S1,43

2018-11-28 17:21:33 -> SAL40027S1,43

2018-11-28 17:21:33 -> SAL40028S1,43

2018-11-28 17:21:33 -> SAL40373K1,5

2018-11-28 17:21:34 -> SAL40985K1,8

2018-11-28 17:21:34 -> SAL40988K1,8

2018-11-28 17:21:34 -> SAL40994K1,2

2018-11-28 17:21:34 -> SAL41001K1,8

2018-11-28 17:21:35 -> SAL41008K1,5

2018-11-28 17:21:35 -> SAL41054K1,5

2018-11-28 17:21:35 -> SAL41064K1,8

2018-11-28 17:21:35 -> SAL41072K1,8

2018-11-28 17:21:35 -> SAL41076K1,5

2018-11-28 17:21:35 -> SAL41080K1,8

2018-11-28 17:21:36 -> SAL41414K1,12

2018-11-28 17:21:36 -> SAL41446K1,12

2018-11-28 17:21:36 -> SAL41452K1,12

2018-11-28 17:21:36 -> SAL41457K1,12

2018-11-28 17:21:37 -> SAL42207K1,12

2018-11-28 17:21:37 -> SAL42496S1,5

2018-11-28 17:21:37 -> SAL42792S1,5

2018-11-28 17:21:37 -> SAL42794S1,5

2018-11-28 17:21:38 -> SAL43747S1,5

2018-11-28 17:21:39 -> SAL43845S1,5

2018-11-28 17:21:39 -> SAL43847S1,5

2018-11-28 17:21:39 -> SAL43849S1,5

2018-11-28 17:21:39 -> SAL43850S1,5

2018-11-28 17:21:39 -> SAL43913K1,5

2018-11-28 17:21:43 -> SIO18310S1,12

2018-11-28 17:21:43 -> SIO18312S1,12

2018-11-28 17:21:43 -> SIO18313S1,12

2018-11-28 17:21:43 -> SIO18314S1,12

2018-11-28 17:21:43 -> SIO18315S1,12

2018-11-28 17:21:43 -> SIO21243S1,12

2018-11-28 17:21:44 -> SIO23517S1,5

2018-11-28 17:21:44 -> SIO26854S1,2

2018-11-28 17:21:44 -> SIO26855S1,5

2018-11-28 17:21:44 -> SIO26856S1,5

2018-11-28 17:21:44 -> SIO27924S1,43

2018-11-28 17:21:45 -> SIO28393S1,5

2018-11-28 17:21:45 -> SIO28394S1,5

2018-11-28 17:21:45 -> SIO28396S1,5

2018-11-28 17:21:45 -> SIO28677S1,10

2018-11-28 17:21:45 -> SIO28678S1,10

2018-11-28 17:21:45 -> SIO28679S1,10

2018-11-28 17:21:46 -> SIO28684S1,10

2018-11-28 17:21:46 -> SIO28955S1,43

2018-11-28 17:21:46 -> SIO29444S1,5

2018-11-28 17:21:46 -> SIO33066S1,2

2018-11-28 17:21:46 -> SIO33068S1,5

2018-11-28 17:21:46 -> SIO33070S1,5

2018-11-28 17:21:47 -> SIO33661S1,5

2018-11-28 17:21:47 -> SIO33665S1,5

2018-11-28 17:21:47 -> SIO34564S1,12

2018-11-28 17:21:47 -> SIO34568S1,12

2018-11-28 17:21:47 -> SIO34569S1,12

2018-11-28 17:21:48 -> SIO34665S1,8

2018-11-28 17:21:48 -> SIO37934S1,113

2018-11-28 17:21:50 -> TAP16904S1,12

2018-11-28 17:21:50 -> TAP16909S1,12

2018-11-28 17:21:50 -> TAP16924S1,12

2018-11-28 17:21:50 -> TAP16926S1,12

2018-11-28 17:21:50 -> TAP17483S1,43

2018-11-28 17:21:51 -> TAP18308S1,12

2018-11-28 17:21:51 -> TAP20765S1,89

2018-11-28 17:21:51 -> TAP20766S1,89

2018-11-28 17:21:51 -> TAP20769S1,89

2018-11-28 17:21:52 -> TAP21375S1,11

2018-11-28 17:21:52 -> TAP21377S1,5

2018-11-28 17:21:52 -> TAP22480S1,11

2018-11-28 17:21:52 -> TAP22503S1,11

2018-11-28 17:21:52 -> TAP22640S1,8

2018-11-28 17:21:53 -> TAP22862S1,10

2018-11-28 17:21:53 -> TAP28689S1,10

2018-11-28 17:21:53 -> TAP30903S1,10

2018-11-28 17:21:53 -> TAP33028S1,5

2018-11-28 17:21:53 -> TAP33266S1,8

2018-11-28 17:21:54 -> TAP33268S1,8

2018-11-28 17:21:54 -> TAP33762S1,11

2018-11-28 17:21:54 -> TAP34668S1,5

2018-11-28 17:21:54 -> TAP34951S1,113

2018-11-28 17:21:54 -> TAP35936S1,10

2018-11-28 17:21:55 -> TAP36810S1,5

2018-11-28 17:21:55 -> TAP41389S1,12

2018-11-28 17:21:56 -> TAP47976S1,5
