
2018-11-28 17:17:54 -> ACO10609K1-7

2018-11-28 17:17:55 -> ACO16580S0-7

2018-11-28 17:17:55 -> ACO16790S1-10

2018-11-28 17:17:55 -> ACO19436S1-2

2018-11-28 17:17:55 -> ACO19437S1-2

2018-11-28 17:17:55 -> ACO20159S1-49

2018-11-28 17:17:56 -> ACO22979K1-7

2018-11-28 17:17:56 -> ACO22982S1-2

2018-11-28 17:17:56 -> ACO23662S1-7

2018-11-28 17:17:56 -> ACO24710K1-10

2018-11-28 17:17:56 -> ACO24715S1-16

2018-11-28 17:17:56 -> ACO24716S1-16

2018-11-28 17:17:57 -> ACO25418S1-18

2018-11-28 17:17:57 -> ACO25955S1-10

2018-11-28 17:17:57 -> ACO26204K1-2

2018-11-28 17:17:57 -> ACO26663K0-9

2018-11-28 17:17:57 -> ACO26671S1-9

2018-11-28 17:17:57 -> ACO26672S1-9

2018-11-28 17:17:57 -> ACO26675K0-2

2018-11-28 17:17:57 -> ACO26678S1-7

2018-11-28 17:17:58 -> ACO26679S1-7

2018-11-28 17:17:58 -> ACO26680S1-7

2018-11-28 17:17:58 -> ACO27486K1-7

2018-11-28 17:17:58 -> ACO27489K1-7

2018-11-28 17:17:58 -> ACO27582S1-7

2018-11-28 17:17:58 -> ACO27585S1-7

2018-11-28 17:17:58 -> ACO27586S1-7

2018-11-28 17:17:59 -> ACO27587S1-7

2018-11-28 17:17:59 -> ACO28653K1-7

2018-11-28 17:17:59 -> ACO28656S1-7

2018-11-28 17:18:00 -> AG42107048-12

2018-11-28 17:18:00 -> AG42107069-18

2018-11-28 17:18:00 -> AG47301027-24

2018-11-28 17:18:00 -> AG47308027-24

2018-11-28 17:18:02 -> BAN23671S1-43

2018-11-28 17:18:02 -> BAN23672S1-49

2018-11-28 17:18:02 -> BAN23675S1-24

2018-11-28 17:18:02 -> BAN23680S1-49

2018-11-28 17:18:02 -> BAN23696S1-24

2018-11-28 17:18:02 -> BAN24676K1-7

2018-11-28 17:18:02 -> BAN24679K1-7

2018-11-28 17:18:02 -> BAN24682K1-7

2018-11-28 17:18:03 -> BAN24685K1-49

2018-11-28 17:18:03 -> BYO22504S1-2

2018-11-28 17:18:03 -> BYO22836S1-2

2018-11-28 17:18:03 -> BYO22837S1-2

2018-11-28 17:18:03 -> BYO25396S1-38

2018-11-28 17:18:03 -> BYO25397S1-30

2018-11-28 17:18:03 -> CAN16663K1-49

2018-11-28 17:18:03 -> CAN16666S1-49

2018-11-28 17:18:04 -> CAN16667S1-49

2018-11-28 17:18:04 -> CAN18380S1-2

2018-11-28 17:18:04 -> CAN18381S1-2

2018-11-28 17:18:04 -> CAN18382S1-2

2018-11-28 17:18:04 -> CAN18383S1-2

2018-11-28 17:18:04 -> CAN18384S1-2

2018-11-28 17:18:04 -> CAN21991S1-18

2018-11-28 17:18:05 -> CAN21992S1-18

2018-11-28 17:18:05 -> CAN21993S1-2

2018-11-28 17:18:05 -> CAN21994S1-18

2018-11-28 17:18:05 -> CAN23479S1-24

2018-11-28 17:18:05 -> CAN24141S1-49

2018-11-28 17:18:05 -> CAN24142S1-7

2018-11-28 17:18:05 -> CAN24143S1-7

2018-11-28 17:18:05 -> CAN24144S1-7

2018-11-28 17:18:06 -> CAN25753S1-7

2018-11-28 17:18:06 -> CAN25754S1-7

2018-11-28 17:18:06 -> CAN25755S1-18

2018-11-28 17:18:06 -> CAN26829S1-7

2018-11-28 17:18:06 -> CAN26830S1-7

2018-11-28 17:18:06 -> CAN26831S1-7

2018-11-28 17:18:06 -> CAN28089S1-7

2018-11-28 17:18:06 -> CAN28096S1-2

2018-11-28 17:18:07 -> CC91100037-2

2018-11-28 17:18:07 -> CC91103027-43

2018-11-28 17:18:07 -> CC91112027-32

2018-11-28 17:18:07 -> CC91600001-7

2018-11-28 17:18:07 -> CC91600035-7

2018-11-28 17:18:07 -> CC92600001-7

2018-11-28 17:18:07 -> CC92600022-24

2018-11-28 17:18:08 -> CC93100012-7

2018-11-28 17:18:08 -> CC95600001-32

2018-11-28 17:18:08 -> CC95600014-24

2018-11-28 17:18:08 -> CC96100017-32

2018-11-28 17:18:08 -> CC97100010-2

2018-11-28 17:18:08 -> CC97103015-2

2018-11-28 17:18:08 -> CC97112015-7

2018-11-28 17:18:09 -> CC97600001-2

2018-11-28 17:18:09 -> CC97600030-2

2018-11-28 17:18:09 -> CC97603003-2

2018-11-28 17:18:09 -> CC97603029-2

2018-11-28 17:18:10 -> CC97604001-24

2018-11-28 17:18:10 -> CC97604029-2

2018-11-28 17:18:10 -> CC97612003-2

2018-11-28 17:18:10 -> CC97612029-7

2018-11-28 17:18:10 -> CC97620001-32

2018-11-28 17:18:10 -> CC97620029-7

2018-11-28 17:18:10 -> CC97621001-32

2018-11-28 17:18:10 -> CC97621029-24

2018-11-28 17:18:11 -> CC97624001-2

2018-11-28 17:18:11 -> CC97624029-7

2018-11-28 17:18:14 -> COC11085K1-7

2018-11-28 17:18:14 -> COC11091K1-24

2018-11-28 17:18:14 -> COC11097K1-2

2018-11-28 17:18:15 -> COC11108S1-7

2018-11-28 17:18:15 -> COC11109S1-32

2018-11-28 17:18:15 -> COC14284S1-32

2018-11-28 17:18:15 -> COC14285S1-2

2018-11-28 17:18:15 -> COC14286S1-7

2018-11-28 17:18:15 -> COC14287S1-7

2018-11-28 17:18:15 -> COC15425K1-43

2018-11-28 17:18:16 -> COC16727K1-43

2018-11-28 17:18:16 -> COC16742S1-49

2018-11-28 17:18:16 -> COC16743S1-49

2018-11-28 17:18:16 -> COC16744S1-49

2018-11-28 17:18:16 -> COC16745S1-49

2018-11-28 17:18:16 -> COC16746S1-43

2018-11-28 17:18:16 -> COC16747S1-49

2018-11-28 17:18:16 -> COC17240K1-32

2018-11-28 17:18:17 -> COC17759K1-2

2018-11-28 17:18:17 -> COC17765K1-2

2018-11-28 17:18:17 -> COC17771K1-7

2018-11-28 17:18:17 -> COC19325K1-32

2018-11-28 17:18:17 -> COC19338K1-2

2018-11-28 17:18:18 -> COC23632S1-18

2018-11-28 17:18:18 -> COC23634S1-18

2018-11-28 17:18:18 -> COC26727K1-32

2018-11-28 17:18:18 -> COC26733K1-7

2018-11-28 17:18:18 -> COC26748S1-32

2018-11-28 17:18:18 -> COC26749S1-32

2018-11-28 17:18:18 -> COC26750S1-7

2018-11-28 17:18:18 -> COC26751S1-7

2018-11-28 17:18:19 -> COC26754S1-49

2018-11-28 17:18:19 -> COC26756S1-7

2018-11-28 17:18:19 -> COC26757S1-7

2018-11-28 17:18:19 -> COC26758S1-7

2018-11-28 17:18:19 -> COC26759S1-7

2018-11-28 17:18:21 -> COL13760S1-7

2018-11-28 17:18:21 -> COL13761S1-2

2018-11-28 17:18:21 -> COL13762S1-2

2018-11-28 17:18:21 -> COL13763S1-2

2018-11-28 17:18:21 -> COL14897S1-2

2018-11-28 17:18:21 -> COL14898S1-2

2018-11-28 17:18:22 -> COL14899S1-7

2018-11-28 17:18:22 -> COL14900S1-2

2018-11-28 17:18:23 -> COL18797S1-7

2018-11-28 17:18:23 -> COL19208S1-2

2018-11-28 17:18:23 -> COL19209S1-2

2018-11-28 17:18:23 -> COL19210S1-2

2018-11-28 17:18:23 -> COL19211S1-7

2018-11-28 17:18:23 -> COL19410S1-96

2018-11-28 17:18:23 -> COL19411S1-96

2018-11-28 17:18:24 -> COL19412S1-96

2018-11-28 17:18:24 -> COL19413S1-21

2018-11-28 17:18:24 -> COL19415S1-21

2018-11-28 17:18:24 -> COL19417S1-21

2018-11-28 17:18:24 -> COL19418S1-2

2018-11-28 17:18:24 -> COL19419S1-24

2018-11-28 17:18:24 -> COL19420S1-18

2018-11-28 17:18:25 -> COL19783S1-49

2018-11-28 17:18:25 -> COL19784S1-49

2018-11-28 17:18:25 -> COL19785S1-49

2018-11-28 17:18:25 -> COL21272S1-7

2018-11-28 17:18:25 -> COL21273S1-7

2018-11-28 17:18:26 -> COL22155K1-7

2018-11-28 17:18:27 -> COL23511S1-7

2018-11-28 17:18:27 -> COL23512S1-2

2018-11-28 17:18:27 -> COL23513S1-7

2018-11-28 17:18:27 -> COL23514S1-7

2018-11-28 17:18:27 -> COL23990K1-7

2018-11-28 17:18:27 -> COL23993K1-18

2018-11-28 17:18:27 -> COL23996K1-2

2018-11-28 17:18:28 -> COL24000K1-7

2018-11-28 17:18:28 -> COL25565K1-7

2018-11-28 17:18:28 -> COL25568K1-18

2018-11-28 17:18:28 -> COL25571K1-24

2018-11-28 17:18:29 -> COL25574K1-18

2018-11-28 17:18:29 -> COL25630S1-18

2018-11-28 17:18:29 -> COL25631S1-2

2018-11-28 17:18:29 -> COL26610S1-24

2018-11-28 17:18:30 -> COL27316K1-24

2018-11-28 17:18:30 -> COL27319K1-24

2018-11-28 17:18:30 -> COL27323K1-24

2018-11-28 17:18:30 -> COL27326K1-24

2018-11-28 17:18:30 -> COL27329S1-7

2018-11-28 17:18:30 -> COL27330S1-7

2018-11-28 17:18:30 -> COL27331S1-7

2018-11-28 17:18:30 -> COL27332S1-7

2018-11-28 17:18:31 -> COL27993S1-24

2018-11-28 17:18:31 -> COL27994S1-24

2018-11-28 17:18:31 -> COL27995S1-24

2018-11-28 17:18:31 -> COL27996S1-24

2018-11-28 17:18:31 -> COL27997S1-7

2018-11-28 17:18:31 -> COL27998S1-7

2018-11-28 17:18:32 -> COM12505K1-43

2018-11-28 17:18:33 -> COM12509S1-43

2018-11-28 17:18:33 -> COM12922K1-19

2018-11-28 17:18:33 -> COM12926S1-7

2018-11-28 17:18:33 -> COM13528K1-43

2018-11-28 17:18:34 -> COM13532S1-49

2018-11-28 17:18:34 -> COM14112K1-2

2018-11-28 17:18:34 -> COM14118K1-7

2018-11-28 17:18:34 -> COM14385S0-2

2018-11-28 17:18:35 -> COM16010S1-10

2018-11-28 17:18:35 -> COM16439S1-7

2018-11-28 17:18:35 -> COM16441S1-10

2018-11-28 17:18:35 -> COM16442S1-2

2018-11-28 17:18:36 -> COM16636K1-49

2018-11-28 17:18:36 -> COM16828S1-7

2018-11-28 17:18:36 -> COM16970K1-49

2018-11-28 17:18:36 -> COM16974K1-49

2018-11-28 17:18:36 -> COM17509K1-7

2018-11-28 17:18:37 -> COM18119K0-2

2018-11-28 17:18:37 -> COM18124K0-7

2018-11-28 17:18:37 -> COM18148K0-49

2018-11-28 17:18:37 -> COM18196K1-49

2018-11-28 17:18:37 -> COM18199S1-43

2018-11-28 17:18:37 -> COM18611K1-7

2018-11-28 17:18:37 -> COM18716S0-2

2018-11-28 17:18:38 -> COM18717S0-2

2018-11-28 17:18:38 -> COM18744K1-7

2018-11-28 17:18:38 -> COM18749S1-7

2018-11-28 17:18:38 -> COM19237K1-4

2018-11-28 17:18:38 -> COM19244K1-11

2018-11-28 17:18:39 -> COM19251K1-30

2018-11-28 17:18:39 -> COM19255K1-11

2018-11-28 17:18:39 -> COM19585K1-7

2018-11-28 17:18:39 -> COM19735K1-49

2018-11-28 17:18:39 -> COM19739S1-49

2018-11-28 17:18:39 -> COM19740S1-43

2018-11-28 17:18:40 -> COM19902S1-7

2018-11-28 17:18:40 -> COM19903S1-7

2018-11-28 17:18:40 -> COM19949S1-2

2018-11-28 17:18:40 -> COM20014K1-9

2018-11-28 17:18:40 -> COM20017S1-2

2018-11-28 17:18:40 -> COM20018S1-15

2018-11-28 17:18:40 -> COM20019K1-15

2018-11-28 17:18:40 -> COM20023S1-7

2018-11-28 17:18:41 -> COM20024S1-2

2018-11-28 17:18:41 -> COM20025S1-15

2018-11-28 17:18:41 -> COM20100S1-16

2018-11-28 17:18:41 -> COM20101S1-2

2018-11-28 17:18:41 -> COM20607K1-7

2018-11-28 17:18:41 -> COM21121S1-49

2018-11-28 17:18:42 -> COM21126S1-7

2018-11-28 17:18:42 -> COM21819K1-2

2018-11-28 17:18:42 -> COM21822S1-10

2018-11-28 17:18:42 -> COM21823S1-2

2018-11-28 17:18:43 -> COM21871S1-38

2018-11-28 17:18:43 -> COM21996S1-2

2018-11-28 17:18:43 -> COM21997S1-7

2018-11-28 17:18:43 -> COM22075K1-2

2018-11-28 17:18:43 -> COM22078S1-2

2018-11-28 17:18:43 -> COM22079S1-2

2018-11-28 17:18:43 -> COM22086S1-2

2018-11-28 17:18:43 -> COM22119S1-49

2018-11-28 17:18:44 -> COM22313S1-2

2018-11-28 17:18:44 -> COM22502S1-7

2018-11-28 17:18:44 -> COM22503S1-7

2018-11-28 17:18:44 -> COM22647S1-16

2018-11-28 17:18:44 -> COM22972K1-2

2018-11-28 17:18:44 -> COM22975S1-2

2018-11-28 17:18:44 -> COM22977S1-2

2018-11-28 17:18:44 -> COM22978S1-7

2018-11-28 17:18:44 -> COM23003S1-7

2018-11-28 17:18:45 -> COM23047S1-7

2018-11-28 17:18:45 -> COM23048S1-25

2018-11-28 17:18:45 -> COM23155K1-85

2018-11-28 17:18:45 -> COM23232S0-2

2018-11-28 17:18:45 -> COM23233S1-7

2018-11-28 17:18:45 -> COM23236K1-7

2018-11-28 17:18:45 -> COM23242K0-7

2018-11-28 17:18:46 -> COM23245K0-2

2018-11-28 17:18:46 -> COM23626K1-24

2018-11-28 17:18:46 -> COM23629S1-2

2018-11-28 17:18:46 -> COM23630S1-18

2018-11-28 17:18:46 -> COM23661S1-24

2018-11-28 17:18:46 -> COM23663S1-7

2018-11-28 17:18:46 -> COM23664S1-2

2018-11-28 17:18:46 -> COM23922S1-7

2018-11-28 17:18:47 -> COM24037S1-2

2018-11-28 17:18:47 -> COM24090S1-2

2018-11-28 17:18:47 -> COM24091S1-7

2018-11-28 17:18:47 -> COM24092S1-2

2018-11-28 17:18:47 -> COM24529K1-10

2018-11-28 17:18:47 -> COM24535S1-7

2018-11-28 17:18:47 -> COM24536S1-2

2018-11-28 17:18:48 -> COM24724K1-2

2018-11-28 17:18:48 -> COM24769K1-7

2018-11-28 17:18:48 -> COM24777K1-7

2018-11-28 17:18:48 -> COM25329S1-24

2018-11-28 17:18:48 -> COM25330K1-24

2018-11-28 17:18:48 -> COM25333S1-49

2018-11-28 17:18:48 -> COM25334S1-49

2018-11-28 17:18:49 -> COM25370S1-49

2018-11-28 17:18:49 -> COM25373S1-24

2018-11-28 17:18:49 -> COM25374S1-7

2018-11-28 17:18:49 -> COM25375S1-2

2018-11-28 17:18:49 -> COM25376S1-2

2018-11-28 17:18:49 -> COM25740S1-7

2018-11-28 17:18:50 -> COM25741S1-7

2018-11-28 17:18:50 -> COM25742S1-7

2018-11-28 17:18:50 -> COM25743K1-2

2018-11-28 17:18:50 -> COM25767S1-7

2018-11-28 17:18:50 -> COM25768K1-7

2018-11-28 17:18:50 -> COM25999S1-2

2018-11-28 17:18:50 -> COM26459K1-85

2018-11-28 17:18:51 -> COM26701K1-7

2018-11-28 17:18:51 -> COM26878K1-7

2018-11-28 17:18:51 -> COM26882S1-7

2018-11-28 17:18:51 -> COM26883S1-7

2018-11-28 17:18:51 -> COM26884K1-7

2018-11-28 17:18:51 -> COM26887S1-2

2018-11-28 17:18:51 -> COM26889S1-7

2018-11-28 17:18:51 -> COM27010K1-18

2018-11-28 17:18:51 -> COM27013S1-24

2018-11-28 17:18:52 -> COM27176K1-7

2018-11-28 17:18:52 -> COM27179S1-7

2018-11-28 17:18:52 -> COM27243S1-2

2018-11-28 17:18:52 -> COM27244S1-10

2018-11-28 17:18:52 -> COM27255K1-10

2018-11-28 17:18:52 -> COM27259S1-10

2018-11-28 17:18:52 -> COM27260S1-16

2018-11-28 17:18:52 -> COM27261S1-16

2018-11-28 17:18:53 -> COM27277K1-7

2018-11-28 17:18:53 -> COM27280K1-49

2018-11-28 17:18:53 -> COM27283S1-10

2018-11-28 17:18:53 -> COM27284S1-7

2018-11-28 17:18:53 -> COM27285S1-2

2018-11-28 17:18:54 -> COM27286S1-7

2018-11-28 17:18:54 -> COM27305S1-7

2018-11-28 17:18:54 -> COM27306S1-7

2018-11-28 17:18:54 -> COM27307S1-7

2018-11-28 17:18:54 -> COM27308S1-7

2018-11-28 17:18:54 -> COM27485S1-49

2018-11-28 17:18:54 -> COM27517K1-2

2018-11-28 17:18:55 -> COM27520K1-7

2018-11-28 17:18:55 -> COM27523S1-7

2018-11-28 17:18:55 -> COM27524S1-25

2018-11-28 17:18:55 -> COM27526K1-7

2018-11-28 17:18:55 -> COM27529K1-7

2018-11-28 17:18:55 -> COM27974S1-2

2018-11-28 17:18:55 -> COM27975S1-7

2018-11-28 17:18:55 -> COM27976S1-2

2018-11-28 17:18:56 -> COM27982S1-7

2018-11-28 17:18:56 -> COM27983S1-7

2018-11-28 17:18:56 -> COM27984S1-7

2018-11-28 17:18:56 -> COM27985S1-7

2018-11-28 17:18:56 -> COM27986S1-7

2018-11-28 17:18:56 -> COM27987S1-7

2018-11-28 17:18:56 -> COM27988S1-7

2018-11-28 17:18:57 -> COM27989S1-7

2018-11-28 17:18:57 -> COM27990S1-7

2018-11-28 17:18:57 -> COM28572K1-7

2018-11-28 17:18:57 -> COM28575S1-7

2018-11-28 17:18:57 -> COM28576S1-7

2018-11-28 17:18:58 -> COM28644S1-2

2018-11-28 17:18:58 -> COM28645S1-2

2018-11-28 17:18:58 -> COM28646K1-7

2018-11-28 17:18:58 -> COM28649S1-7

2018-11-28 17:18:58 -> COM28650S1-7

2018-11-28 17:18:58 -> COM28651S1-7

2018-11-28 17:18:58 -> COM28652S1-7

2018-11-28 17:18:59 -> COM97262K1-7

2018-11-28 17:18:59 -> COM97266K1-7

2018-11-28 17:19:00 -> COM97571S1-7

2018-11-28 17:19:00 -> CTO16365K1-7

2018-11-28 17:19:00 -> CTO16429S1-7

2018-11-28 17:19:00 -> CTO16658S1-26

2018-11-28 17:19:00 -> CTO16659S1-15

2018-11-28 17:19:01 -> CTO16660S1-43

2018-11-28 17:19:01 -> CTO16661S1-49

2018-11-28 17:19:01 -> CTO17529S1-49

2018-11-28 17:19:01 -> CTO17530S1-49

2018-11-28 17:19:01 -> CTO17531S1-49

2018-11-28 17:19:01 -> CTO17796K1-49

2018-11-28 17:19:01 -> CTO17826S1-49

2018-11-28 17:19:01 -> CTO17832S1-43

2018-11-28 17:19:02 -> CTO18095S1-2

2018-11-28 17:19:02 -> CTO18351S1-49

2018-11-28 17:19:02 -> CTO20132K1-2

2018-11-28 17:19:02 -> CTO20137K1-2

2018-11-28 17:19:02 -> CTO20385K1-7

2018-11-28 17:19:02 -> CTO20573S1-18

2018-11-28 17:19:03 -> CTO21127S1-2

2018-11-28 17:19:03 -> CTO21734K1-7

2018-11-28 17:19:03 -> CTO21995S1-2

2018-11-28 17:19:03 -> CTO23470K1-2

2018-11-28 17:19:03 -> CTO23474K1-9

2018-11-28 17:19:03 -> CTO23585S1-7

2018-11-28 17:19:03 -> CTO23587S1-19

2018-11-28 17:19:04 -> CTO23597S1-7

2018-11-28 17:19:04 -> CTO23598S1-2

2018-11-28 17:19:04 -> CTO23609S1-21

2018-11-28 17:19:04 -> CTO23611S1-21

2018-11-28 17:19:04 -> CTO23613S1-2

2018-11-28 17:19:04 -> CTO23614S1-7

2018-11-28 17:19:04 -> CTO24539K1-2

2018-11-28 17:19:04 -> CTO24763K0-7

2018-11-28 17:19:05 -> CTO25243S1-7

2018-11-28 17:19:05 -> CTO25244S1-2

2018-11-28 17:19:05 -> CTO25245S1-7

2018-11-28 17:19:05 -> CTO25758S1-7

2018-11-28 17:19:05 -> CTO26486S1-24

2018-11-28 17:19:05 -> CTO26488S1-2

2018-11-28 17:19:05 -> CTO26489S1-24

2018-11-28 17:19:05 -> CTO26924S1-7

2018-11-28 17:19:06 -> CTO27183S1-7

2018-11-28 17:19:06 -> CTO27355K0-2

2018-11-28 17:19:06 -> CTO27361K0-38

2018-11-28 17:19:06 -> CTO27508S1-25

2018-11-28 17:19:06 -> CTO27510K1-25

2018-11-28 17:19:06 -> CUN24668K1-2

2018-11-28 17:19:06 -> CUN24674S1-24

2018-11-28 17:19:07 -> CUN24675S1-24

2018-11-28 17:19:07 -> CUN24689K1-24

2018-11-28 17:19:07 -> CUN24693S1-7

2018-11-28 17:19:07 -> CUN24694S1-2

2018-11-28 17:19:07 -> CUN24695K1-7

2018-11-28 17:19:07 -> CUN24700S1-7

2018-11-28 17:19:07 -> CUN24701S1-24

2018-11-28 17:19:07 -> CUN24718S1-7

2018-11-28 17:19:08 -> CUN24931S1-2

2018-11-28 17:19:08 -> CUN25368S1-2

2018-11-28 17:19:08 -> CUN25369S1-7

2018-11-28 17:19:08 -> CUN26384K1-7

2018-11-28 17:19:08 -> CUN27614K1-7

2018-11-28 17:19:08 -> CUN27721S1-7

2018-11-28 17:19:08 -> CUN27723S1-7

2018-11-28 17:19:08 -> CUN28244S1-7

2018-11-28 17:19:09 -> CUN28245S1-7

2018-11-28 17:19:09 -> CUN28247K1-7

2018-11-28 17:19:09 -> CUN28255S1-7

2018-11-28 17:19:15 -> DEC13587S1-7

2018-11-28 17:19:15 -> DEC13867S1-2

2018-11-28 17:19:15 -> DEC15110S1-7

2018-11-28 17:19:16 -> DEC15111S1-7

2018-11-28 17:19:16 -> DEC15112S1-7

2018-11-28 17:19:17 -> DEC20298S1-33

2018-11-28 17:19:17 -> DEC20299S1-33

2018-11-28 17:19:17 -> DEC20300S1-33

2018-11-28 17:19:17 -> DEC20301S1-33

2018-11-28 17:19:17 -> DEC20302S1-33

2018-11-28 17:19:18 -> DEC20303S1-33

2018-11-28 17:19:18 -> DEC20304S1-33

2018-11-28 17:19:18 -> DEC20305S1-33

2018-11-28 17:19:18 -> DEC20306S1-33

2018-11-28 17:19:18 -> DEC20307S1-33

2018-11-28 17:19:18 -> DEC20308S1-33

2018-11-28 17:19:18 -> DEC20309S1-33

2018-11-28 17:19:18 -> DEC20310S1-33

2018-11-28 17:19:18 -> DEC20311S1-33

2018-11-28 17:19:19 -> DEC20312S1-33

2018-11-28 17:19:19 -> DEC20313S1-33

2018-11-28 17:19:19 -> DEC20314S1-33

2018-11-28 17:19:19 -> DEC20315S1-33

2018-11-28 17:19:20 -> DEC22211S1-49

2018-11-28 17:19:20 -> DEC22212S1-7

2018-11-28 17:19:20 -> DEC22213S1-49

2018-11-28 17:19:20 -> DEC22215S1-49

2018-11-28 17:19:20 -> DEC22216S1-7

2018-11-28 17:19:20 -> DEC22217S1-49

2018-11-28 17:19:20 -> DEC22218S1-49

2018-11-28 17:19:21 -> DEC22219S1-7

2018-11-28 17:19:21 -> DEC22220S1-7

2018-11-28 17:19:21 -> DEC22224S1-49

2018-11-28 17:19:21 -> DEC22232S1-49

2018-11-28 17:19:21 -> DEC22234S1-7

2018-11-28 17:19:21 -> DEC22271S1-49

2018-11-28 17:19:23 -> DEC24070S1-7

2018-11-28 17:19:23 -> DEC24072S1-49

2018-11-28 17:19:23 -> DEC24191S1-7

2018-11-28 17:19:24 -> DEC25378S1-49

2018-11-28 17:19:24 -> DEC25379S1-7

2018-11-28 17:19:24 -> DEC25381S1-49

2018-11-28 17:19:24 -> DEC25382S1-49

2018-11-28 17:19:24 -> DEC25641S1-49

2018-11-28 17:19:24 -> DEC25642S1-49

2018-11-28 17:19:24 -> DEC25643S1-49

2018-11-28 17:19:24 -> DEC25644S1-49

2018-11-28 17:19:24 -> DEC25647S1-49

2018-11-28 17:19:25 -> DEC25648S1-49

2018-11-28 17:19:25 -> DEC26001S1-49

2018-11-28 17:19:25 -> DEC26003S1-49

2018-11-28 17:19:30 -> DEC28235S1-18

2018-11-28 17:19:30 -> DEC28237S1-7

2018-11-28 17:19:30 -> DEC28238S1-7

2018-11-28 17:19:31 -> DEC28239S1-26

2018-11-28 17:19:32 -> EDR21985S1-85

2018-11-28 17:19:32 -> EDR25723S1-7

2018-11-28 17:19:32 -> EDR25724S1-7

2018-11-28 17:19:33 -> EDR25725S1-7

2018-11-28 17:19:33 -> EDR25726S1-7

2018-11-28 17:19:33 -> EDR25727S1-7

2018-11-28 17:19:33 -> EDR28266S1-18

2018-11-28 17:19:33 -> EDR28267S1-18

2018-11-28 17:19:33 -> EDR28268S1-18

2018-11-28 17:19:33 -> EDR28269S1-18

2018-11-28 17:19:34 -> EDR28270S1-18

2018-11-28 17:19:34 -> EDR28271S1-18

2018-11-28 17:19:34 -> EDR28272S1-18

2018-11-28 17:19:34 -> EDR28273S1-18

2018-11-28 17:19:34 -> EDR28274S1-18

2018-11-28 17:19:34 -> EDR28275S1-18

2018-11-28 17:19:34 -> EDR28276S1-18

2018-11-28 17:19:34 -> EDR28277S1-18

2018-11-28 17:19:34 -> EDR28278S1-18

2018-11-28 17:19:35 -> EDR28279S1-18

2018-11-28 17:19:35 -> EDR28280S1-18

2018-11-28 17:19:35 -> EDR28281S1-18

2018-11-28 17:19:35 -> EDR28282S1-18

2018-11-28 17:19:35 -> EDR28283S1-18

2018-11-28 17:19:35 -> EDR28284S1-18

2018-11-28 17:19:35 -> EDR28285S1-18

2018-11-28 17:19:35 -> EDR28286S1-18

2018-11-28 17:19:36 -> EDR28287S1-18

2018-11-28 17:19:36 -> EDR28288S1-18

2018-11-28 17:19:36 -> EDR28289S1-18

2018-11-28 17:19:36 -> EDR28290S1-18

2018-11-28 17:19:36 -> EDR28291S1-18

2018-11-28 17:19:36 -> EDR28292S1-18

2018-11-28 17:19:36 -> EDR28485S1-18

2018-11-28 17:19:36 -> EDR28486S1-18

2018-11-28 17:19:36 -> EDR28487S1-18

2018-11-28 17:19:37 -> EDR28488S1-18

2018-11-28 17:19:37 -> EDR28489S1-18

2018-11-28 17:19:37 -> EDR28490S1-18

2018-11-28 17:19:37 -> EDR28491S1-18

2018-11-28 17:19:37 -> EDR28492S1-18

2018-11-28 17:19:37 -> EDR28493S1-18

2018-11-28 17:19:37 -> EDR28496S1-18

2018-11-28 17:19:37 -> EDR28497S1-18

2018-11-28 17:19:38 -> EDR28498S1-18

2018-11-28 17:19:38 -> EDR28499S1-18

2018-11-28 17:19:38 -> EDR28500S1-18

2018-11-28 17:19:38 -> EDR28501S1-18

2018-11-28 17:19:38 -> EDR28502S1-18

2018-11-28 17:19:38 -> EDR28503S1-18

2018-11-28 17:19:38 -> EDR28504S1-18

2018-11-28 17:19:38 -> EDR28505S1-18

2018-11-28 17:19:38 -> EDR28506S1-18

2018-11-28 17:19:39 -> EDR28507S1-18

2018-11-28 17:19:39 -> EDR28510S1-18

2018-11-28 17:19:39 -> EDR28511S1-18

2018-11-28 17:19:39 -> EDR28512S1-18

2018-11-28 17:19:39 -> EDR28513S1-18

2018-11-28 17:19:39 -> EDR28514S1-18

2018-11-28 17:19:39 -> EDR28515S1-18

2018-11-28 17:19:39 -> EDR28671S1-7

2018-11-28 17:19:39 -> EDR28672S1-26

2018-11-28 17:19:40 -> ESP23025S1-7

2018-11-28 17:19:40 -> ESP23026S1-7

2018-11-28 17:19:40 -> ESP23027S1-49

2018-11-28 17:19:40 -> ESP23028S1-2

2018-11-28 17:19:40 -> ESP23029S1-7

2018-11-28 17:19:40 -> ESP23698S1-7

2018-11-28 17:19:41 -> LIB17563S1-18

2018-11-28 17:19:41 -> LIB17564S1-18

2018-11-28 17:19:41 -> LIB17565S1-18

2018-11-28 17:19:41 -> LIB21987S1-2

2018-11-28 17:19:41 -> LIB21988S1-2

2018-11-28 17:19:41 -> LIB24544S1-7

2018-11-28 17:19:41 -> LIB24545S1-7

2018-11-28 17:19:41 -> LIB24546S1-16

2018-11-28 17:19:41 -> LIB24547S1-7

2018-11-28 17:19:42 -> LIB24548S1-2

2018-11-28 17:19:42 -> LIB24549S1-2

2018-11-28 17:19:42 -> LIB24550S1-7

2018-11-28 17:19:42 -> LIB25718S1-2

2018-11-28 17:19:42 -> LIB25719S1-2

2018-11-28 17:19:42 -> LIB25720S1-7

2018-11-28 17:19:42 -> LIB25721S1-2

2018-11-28 17:19:42 -> LIB26416K1-79

2018-11-28 17:19:43 -> LIB26419K1-2

2018-11-28 17:19:43 -> LIB26920S1-16

2018-11-28 17:19:43 -> LIB26921S1-2

2018-11-28 17:19:43 -> LIB26922S1-16

2018-11-28 17:19:43 -> LIB26923S1-16

2018-11-28 17:19:43 -> LIB27964S1-7

2018-11-28 17:19:43 -> LIB27965S1-7

2018-11-28 17:19:43 -> LIB27966S1-7

2018-11-28 17:19:44 -> LIB27972S1-38

2018-11-28 17:19:44 -> LIB27973S1-7

2018-11-28 17:19:44 -> MJA24932K1-2

2018-11-28 17:19:44 -> MJA24937K1-2

2018-11-28 17:19:44 -> MJA24942K1-2

2018-11-28 17:19:44 -> MJA26011S1-7

2018-11-28 17:19:44 -> MJA26012S1-7

2018-11-28 17:19:44 -> MJA26013K1-2

2018-11-28 17:19:45 -> MJA26055K1-2

2018-11-28 17:19:45 -> MJA26068K1-7

2018-11-28 17:19:45 -> MJA26073K1-7

2018-11-28 17:19:45 -> MJA26487S1-7

2018-11-28 17:19:45 -> MJA26647S1-2

2018-11-28 17:19:45 -> MJA28518S1-7

2018-11-28 17:19:45 -> MOC16618K1-2

2018-11-28 17:19:45 -> MOC16621K1-49

2018-11-28 17:19:46 -> MOC16648S1-15

2018-11-28 17:19:46 -> MOC16649S1-26

2018-11-28 17:19:46 -> MOC17012S1-7

2018-11-28 17:19:46 -> MOC18359K1-49

2018-11-28 17:19:46 -> MOC18892S1-2

2018-11-28 17:19:46 -> MOC19516K1-49

2018-11-28 17:19:46 -> MOC19519K1-49

2018-11-28 17:19:47 -> MOC19793K1-49

2018-11-28 17:19:47 -> MOC20467K1-96

2018-11-28 17:19:47 -> MOC20571S1-2

2018-11-28 17:19:47 -> MOC20572S1-2

2018-11-28 17:19:47 -> MOC21173S1-7

2018-11-28 17:19:47 -> MOC21174S1-2

2018-11-28 17:19:47 -> MOC21175S1-2

2018-11-28 17:19:47 -> MOC21739S1-7

2018-11-28 17:19:48 -> MOC21740S1-2

2018-11-28 17:19:48 -> MOC22133K1-18

2018-11-28 17:19:48 -> MOC22926K0-2

2018-11-28 17:19:48 -> MOC22929K0-2

2018-11-28 17:19:48 -> MOC23191K1-7

2018-11-28 17:19:48 -> MOC23234S1-2

2018-11-28 17:19:48 -> MOC23235S1-32

2018-11-28 17:19:49 -> MOC23269K1-7

2018-11-28 17:19:49 -> MOC23285S1-7

2018-11-28 17:19:49 -> MOC23286S1-24

2018-11-28 17:19:49 -> MOC24216S1-66

2018-11-28 17:19:49 -> MOC24218S1-66

2018-11-28 17:19:49 -> MOC24231S1-66

2018-11-28 17:19:49 -> MOC24232S1-7

2018-11-28 17:19:50 -> MOC24233S1-7

2018-11-28 17:19:50 -> MOC24248S1-66

2018-11-28 17:19:50 -> MOC24249S1-66

2018-11-28 17:19:50 -> MOC24306S1-43

2018-11-28 17:19:50 -> MOC24307S1-7

2018-11-28 17:19:50 -> MOC24353S1-7

2018-11-28 17:19:50 -> MOC24537S1-16

2018-11-28 17:19:51 -> MOC24538S1-16

2018-11-28 17:19:51 -> MOC24559K1-16

2018-11-28 17:19:51 -> MOC25030K1-49

2018-11-28 17:19:51 -> MOC25033K1-7

2018-11-28 17:19:51 -> MOC25036K1-2

2018-11-28 17:19:51 -> MOC25039S1-7

2018-11-28 17:19:51 -> MOC25040S1-7

2018-11-28 17:19:51 -> MOC25041S1-7

2018-11-28 17:19:52 -> MOC25589S1-18

2018-11-28 17:19:52 -> MOC25593S1-7

2018-11-28 17:19:52 -> MOC25756S1-24

2018-11-28 17:19:52 -> MOC25757S1-24

2018-11-28 17:19:52 -> MOC26324K1-2

2018-11-28 17:19:53 -> MOC26413K1-7

2018-11-28 17:19:53 -> MOC26422S1-85

2018-11-28 17:19:53 -> MOC26423S1-85

2018-11-28 17:19:53 -> MOC26424S1-85

2018-11-28 17:19:53 -> MOC26426S1-2177

2018-11-28 17:19:53 -> MOC26429S1-7

2018-11-28 17:19:53 -> MOC26513S1-2

2018-11-28 17:19:53 -> MOC26514S1-19

2018-11-28 17:19:53 -> MOC26515S1-7

2018-11-28 17:19:54 -> MOC26516S1-7

2018-11-28 17:19:54 -> MOC26517S1-2

2018-11-28 17:19:54 -> MOC26518S1-2

2018-11-28 17:19:54 -> MOC26519S1-7

2018-11-28 17:19:54 -> MOC26520S1-2

2018-11-28 17:19:54 -> MOC26581S1-85

2018-11-28 17:19:54 -> MOC26605S1-85

2018-11-28 17:19:55 -> MOC26636K1-7

2018-11-28 17:19:55 -> MOC26651K1-85

2018-11-28 17:19:55 -> MOC26704S1-24

2018-11-28 17:19:55 -> MOC26705S1-24

2018-11-28 17:19:55 -> MOC26706S1-24

2018-11-28 17:19:55 -> MOC26707S1-24

2018-11-28 17:19:55 -> MOC27121S1-18

2018-11-28 17:19:55 -> MOC27122S1-7

2018-11-28 17:19:55 -> MOC27180S1-7

2018-11-28 17:19:55 -> MOC27182S1-7

2018-11-28 17:19:56 -> MOC27262K1-16

2018-11-28 17:19:56 -> MOC27265K1-10

2018-11-28 17:19:56 -> MOC27506S1-7

2018-11-28 17:19:56 -> MOC27507S1-19

2018-11-28 17:19:56 -> MOC27641K1-2

2018-11-28 17:19:56 -> MOC27852S1-7

2018-11-28 17:19:56 -> MOC27853S1-7

2018-11-28 17:19:57 -> MOC28092S1-7

2018-11-28 17:19:57 -> MOC28107K1-7

2018-11-28 17:19:57 -> MOC28111K1-7

2018-11-28 17:19:57 -> MOC28115K1-7

2018-11-28 17:19:57 -> MOC28120K1-2

2018-11-28 17:19:57 -> MOC28123K1-7

2018-11-28 17:19:57 -> MOC28129K1-7

2018-11-28 17:19:57 -> MOC28135K1-7

2018-11-28 17:19:58 -> MOC28157K1-7

2018-11-28 17:19:58 -> MOC28160K1-7

2018-11-28 17:19:58 -> MOC28168K1-7

2018-11-28 17:19:58 -> MOC28171K1-7

2018-11-28 17:19:58 -> MOC28243S1-7

2018-11-28 17:19:58 -> MOC28476S1-2

2018-11-28 17:19:59 -> OC41602105-43

2018-11-28 17:20:00 -> OC41605105-12

2018-11-28 17:20:01 -> OCA10138K1-7

2018-11-28 17:20:02 -> OCA10993S1-2

2018-11-28 17:20:02 -> OCA10994S1-7

2018-11-28 17:20:02 -> OCA10995S1-2

2018-11-28 17:20:02 -> OCA10996S1-7

2018-11-28 17:20:03 -> OCA11631K0-4

2018-11-28 17:20:03 -> OCA11640K0-2

2018-11-28 17:20:03 -> OCA11643K0-11

2018-11-28 17:20:03 -> OCA12358K1-2

2018-11-28 17:20:03 -> OCA12361K1-2

2018-11-28 17:20:03 -> OCA12516S1-16

2018-11-28 17:20:04 -> OCA12517S1-10

2018-11-28 17:20:05 -> OCA14051K1-7

2018-11-28 17:20:05 -> OCA14252S1-2

2018-11-28 17:20:05 -> OCA14253S1-7

2018-11-28 17:20:05 -> OCA14254S1-2

2018-11-28 17:20:05 -> OCA14255S1-7

2018-11-28 17:20:06 -> OCA15243S1-7

2018-11-28 17:20:06 -> OCA15244S1-7

2018-11-28 17:20:06 -> OCA16106K0-4

2018-11-28 17:20:06 -> OCA16190S1-7

2018-11-28 17:20:07 -> OCA21896S1-24

2018-11-28 17:20:07 -> OCA22330S1-7

2018-11-28 17:20:07 -> OCA23779S1-7

2018-11-28 17:20:07 -> OCA23788S1-2

2018-11-28 17:20:07 -> OCA23791S1-49

2018-11-28 17:20:08 -> OCA23792S1-7

2018-11-28 17:20:08 -> OCA23798S1-7

2018-11-28 17:20:08 -> OCA23800S1-49

2018-11-28 17:20:08 -> OCA23801S1-7

2018-11-28 17:20:08 -> OCA25676K1-43

2018-11-28 17:20:08 -> OCA25679K1-7

2018-11-28 17:20:08 -> OCA26393S1-2

2018-11-28 17:20:09 -> OCA26394S1-7

2018-11-28 17:20:09 -> OCA26396S1-9

2018-11-28 17:20:09 -> OCA26397S1-9

2018-11-28 17:20:09 -> OCA26398S1-9

2018-11-28 17:20:09 -> OCA27114S1-7

2018-11-28 17:20:09 -> OCA27514K1-2

2018-11-28 17:20:09 -> OCA28010S1-7

2018-11-28 17:20:09 -> OCA28225S1-24

2018-11-28 17:20:10 -> OCA97125S1-49

2018-11-28 17:20:10 -> OCA97245K1-7

2018-11-28 17:20:10 -> OCA97249K1-7

2018-11-28 17:20:10 -> OCA97322K1-7

2018-11-28 17:20:10 -> OCA97328S1-2

2018-11-28 17:20:10 -> OCA97329S1-19

2018-11-28 17:20:11 -> OFC26018K1-18

2018-11-28 17:20:11 -> OFC26025K1-24

2018-11-28 17:20:11 -> OFC26029K1-2

2018-11-28 17:20:12 -> OFC26077S1-2

2018-11-28 17:20:12 -> OFC26078S1-7

2018-11-28 17:20:12 -> OFC26087S1-7

2018-11-28 17:20:12 -> OFC26088S1-49

2018-11-28 17:20:14 -> RAD10695S1-49

2018-11-28 17:20:14 -> RAD10696S1-49

2018-11-28 17:20:15 -> RAD14433S1-2

2018-11-28 17:20:15 -> RAD14434S1-7

2018-11-28 17:20:15 -> RAD14435S1-2

2018-11-28 17:20:16 -> RAD14436S1-2

2018-11-28 17:20:16 -> RAD14536S1-7

2018-11-28 17:20:16 -> RAD14537S1-2

2018-11-28 17:20:16 -> RAD14737S1-7

2018-11-28 17:20:16 -> RAD14993K1-18

2018-11-28 17:20:17 -> RAD14996K1-24

2018-11-28 17:20:17 -> RAD15000K1-2

2018-11-28 17:20:17 -> RAD16402S1-7

2018-11-28 17:20:17 -> RAD16403S1-2

2018-11-28 17:20:18 -> RAD16404K1-7

2018-11-28 17:20:18 -> RAD16516K1-18

2018-11-28 17:20:18 -> RAD16519K1-18

2018-11-28 17:20:18 -> RAD16523K1-7

2018-11-28 17:20:18 -> RAD16554S1-2

2018-11-28 17:20:18 -> RAD16555S1-7

2018-11-28 17:20:18 -> RAD16556S1-2

2018-11-28 17:20:18 -> RAD16557S1-7

2018-11-28 17:20:18 -> RAD16641K1-43

2018-11-28 17:20:19 -> RAD16647S1-49

2018-11-28 17:20:19 -> RAD16811S1-49

2018-11-28 17:20:19 -> RAD16854S1-24

2018-11-28 17:20:19 -> RAD16855S1-24

2018-11-28 17:20:19 -> RAD16856S1-2

2018-11-28 17:20:19 -> RAD16857K1-24

2018-11-28 17:20:19 -> RAD16860S1-18

2018-11-28 17:20:20 -> RAD16941S1-2

2018-11-28 17:20:20 -> RAD16995S1-43

2018-11-28 17:20:20 -> RAD16997S1-49

2018-11-28 17:20:20 -> RAD16998K1-43

2018-11-28 17:20:20 -> RAD17055S1-43

2018-11-28 17:20:20 -> RAD17056S1-43

2018-11-28 17:20:20 -> RAD17058S1-43

2018-11-28 17:20:20 -> RAD17059S1-43

2018-11-28 17:20:21 -> RAD17071S1-10

2018-11-28 17:20:21 -> RAD17072S1-10

2018-11-28 17:20:21 -> RAD17073S1-7

2018-11-28 17:20:21 -> RAD17074K1-7

2018-11-28 17:20:21 -> RAD17178S1-2

2018-11-28 17:20:21 -> RAD17179S1-2

2018-11-28 17:20:21 -> RAD17180S1-2

2018-11-28 17:20:21 -> RAD17181K1-7

2018-11-28 17:20:22 -> RAD17470S1-16

2018-11-28 17:20:22 -> RAD17471S1-2

2018-11-28 17:20:22 -> RAD17472S1-7

2018-11-28 17:20:22 -> RAD17482K0-18

2018-11-28 17:20:22 -> RAD17590S1-7

2018-11-28 17:20:23 -> RAD17591S1-2

2018-11-28 17:20:23 -> RAD17592S1-2

2018-11-28 17:20:23 -> RAD17593S1-7

2018-11-28 17:20:23 -> RAD17935S1-43

2018-11-28 17:20:23 -> RAD17936S1-49

2018-11-28 17:20:24 -> RAD18489K1-18

2018-11-28 17:20:24 -> RAD18492K1-18

2018-11-28 17:20:24 -> RAD18499K1-18

2018-11-28 17:20:24 -> RAD18502K1-2

2018-11-28 17:20:24 -> RAD18605K1-25

2018-11-28 17:20:24 -> RAD18628K1-19

2018-11-28 17:20:24 -> RAD18644S1-24

2018-11-28 17:20:25 -> RAD18645S1-24

2018-11-28 17:20:25 -> RAD18646S1-7

2018-11-28 17:20:25 -> RAD18647S1-7

2018-11-28 17:20:25 -> RAD18648S1-24

2018-11-28 17:20:25 -> RAD18705S1-49

2018-11-28 17:20:25 -> RAD18706S1-49

2018-11-28 17:20:25 -> RAD18707S1-49

2018-11-28 17:20:26 -> RAD18708S1-49

2018-11-28 17:20:26 -> RAD18750S1-7

2018-11-28 17:20:26 -> RAD18751S1-2

2018-11-28 17:20:26 -> RAD18752S1-2

2018-11-28 17:20:26 -> RAD18753S1-2

2018-11-28 17:20:26 -> RAD18754K1-2

2018-11-28 17:20:26 -> RAD18776S1-2

2018-11-28 17:20:27 -> RAD18777S1-7

2018-11-28 17:20:27 -> RAD18778S1-2

2018-11-28 17:20:27 -> RAD18779S1-7

2018-11-28 17:20:27 -> RAD18942K1-7

2018-11-28 17:20:27 -> RAD19019K0-18

2018-11-28 17:20:27 -> RAD19052K0-18

2018-11-28 17:20:28 -> RAD19351K1-16

2018-11-28 17:20:28 -> RAD19588S1-49

2018-11-28 17:20:28 -> RAD19589S1-49

2018-11-28 17:20:28 -> RAD19591S1-49

2018-11-28 17:20:28 -> RAD19592K1-49

2018-11-28 17:20:28 -> RAD19599S1-7

2018-11-28 17:20:28 -> RAD19607S1-2

2018-11-28 17:20:28 -> RAD19608S1-7

2018-11-28 17:20:29 -> RAD19609S1-10

2018-11-28 17:20:29 -> RAD19610S1-2

2018-11-28 17:20:29 -> RAD19697S1-18

2018-11-28 17:20:29 -> RAD19698S1-18

2018-11-28 17:20:29 -> RAD19699S1-18

2018-11-28 17:20:29 -> RAD19771S1-7

2018-11-28 17:20:29 -> RAD19772S1-7

2018-11-28 17:20:29 -> RAD19773S1-10

2018-11-28 17:20:30 -> RAD19774S1-2

2018-11-28 17:20:30 -> RAD19775S1-7

2018-11-28 17:20:30 -> RAD19950S1-43

2018-11-28 17:20:30 -> RAD19951S1-49

2018-11-28 17:20:30 -> RAD19952S1-49

2018-11-28 17:20:30 -> RAD19953S1-49

2018-11-28 17:20:30 -> RAD19954K1-49

2018-11-28 17:20:30 -> RAD19991S1-24

2018-11-28 17:20:31 -> RAD19992S1-18

2018-11-28 17:20:31 -> RAD19993S1-24

2018-11-28 17:20:31 -> RAD19994K1-18

2018-11-28 17:20:31 -> RAD20085S1-25

2018-11-28 17:20:31 -> RAD20087S1-19

2018-11-28 17:20:32 -> RAD20610S1-2

2018-11-28 17:20:32 -> RAD20611S1-2

2018-11-28 17:20:32 -> RAD20612S1-7

2018-11-28 17:20:32 -> RAD20613K1-7

2018-11-28 17:20:32 -> RAD20616S1-2

2018-11-28 17:20:32 -> RAD20617S1-7

2018-11-28 17:20:32 -> RAD20618S1-2

2018-11-28 17:20:32 -> RAD20619S1-2

2018-11-28 17:20:32 -> RAD20620S1-7

2018-11-28 17:20:33 -> RAD20621S1-7

2018-11-28 17:20:33 -> RAD20755S1-49

2018-11-28 17:20:33 -> RAD20759S1-19

2018-11-28 17:20:33 -> RAD20760S1-25

2018-11-28 17:20:33 -> RAD20771K1-32

2018-11-28 17:20:33 -> RAD20805S1-7

2018-11-28 17:20:33 -> RAD20806S1-2

2018-11-28 17:20:33 -> RAD20807S1-7

2018-11-28 17:20:34 -> RAD20808S1-2

2018-11-28 17:20:34 -> RAD21725S1-2

2018-11-28 17:20:34 -> RAD21726S1-7

2018-11-28 17:20:34 -> RAD21727S1-7

2018-11-28 17:20:34 -> RAD21728S1-7

2018-11-28 17:20:34 -> RAD21729S1-7

2018-11-28 17:20:34 -> RAD21730S1-7

2018-11-28 17:20:34 -> RAD21731S1-7

2018-11-28 17:20:35 -> RAD21732S1-7

2018-11-28 17:20:35 -> RAD21733S1-7

2018-11-28 17:20:35 -> RAD21998S1-7

2018-11-28 17:20:35 -> RAD22123K1-7

2018-11-28 17:20:35 -> RAD22326S1-18

2018-11-28 17:20:35 -> RAD22327S1-24

2018-11-28 17:20:35 -> RAD22328S1-7

2018-11-28 17:20:35 -> RAD22329S1-24

2018-11-28 17:20:36 -> RAD22389S1-43

2018-11-28 17:20:36 -> RAD22390S1-49

2018-11-28 17:20:36 -> RAD22391S1-49

2018-11-28 17:20:36 -> RAD22392S1-49

2018-11-28 17:20:36 -> RAD22420S1-25

2018-11-28 17:20:36 -> RAD22421S1-25

2018-11-28 17:20:36 -> RAD22422S1-25

2018-11-28 17:20:36 -> RAD22423S1-25

2018-11-28 17:20:37 -> RAD22425S1-7

2018-11-28 17:20:37 -> RAD22426S1-25

2018-11-28 17:20:37 -> RAD22427S1-7

2018-11-28 17:20:37 -> RAD22428S1-49

2018-11-28 17:20:37 -> RAD22429S1-25

2018-11-28 17:20:37 -> RAD22430S1-25

2018-11-28 17:20:37 -> RAD22449S1-2

2018-11-28 17:20:37 -> RAD22450K1-7

2018-11-28 17:20:38 -> RAD22684S1-7

2018-11-28 17:20:38 -> RAD22701S1-37

2018-11-28 17:20:38 -> RAD22702S1-37

2018-11-28 17:20:38 -> RAD22703S1-37

2018-11-28 17:20:38 -> RAD22704S1-37

2018-11-28 17:20:38 -> RAD22721K1-43

2018-11-28 17:20:38 -> RAD22878S1-2

2018-11-28 17:20:39 -> RAD22983S1-7

2018-11-28 17:20:39 -> RAD23194S1-2

2018-11-28 17:20:39 -> RAD23195S1-2

2018-11-28 17:20:39 -> RAD23196S1-2

2018-11-28 17:20:39 -> RAD23197S1-2

2018-11-28 17:20:40 -> RAD23258S1-7

2018-11-28 17:20:40 -> RAD23259K1-7

2018-11-28 17:20:40 -> RAD23262S1-2

2018-11-28 17:20:40 -> RAD23263K1-7

2018-11-28 17:20:40 -> RAD23458S1-19

2018-11-28 17:20:40 -> RAD23459S1-2

2018-11-28 17:20:40 -> RAD23460S1-19

2018-11-28 17:20:40 -> RAD23461S1-19

2018-11-28 17:20:41 -> RAD23462S1-25

2018-11-28 17:20:41 -> RAD23463S1-7

2018-11-28 17:20:41 -> RAD23464S1-7

2018-11-28 17:20:41 -> RAD23465S1-25

2018-11-28 17:20:41 -> RAD23499S1-7

2018-11-28 17:20:41 -> RAD23527K1-2

2018-11-28 17:20:41 -> RAD23530S1-2

2018-11-28 17:20:42 -> RAD23589S1-7

2018-11-28 17:20:42 -> RAD23590S1-9

2018-11-28 17:20:42 -> RAD23591S1-2

2018-11-28 17:20:42 -> RAD23599S1-19

2018-11-28 17:20:42 -> RAD23644S1-2

2018-11-28 17:20:42 -> RAD23645S1-2

2018-11-28 17:20:42 -> RAD23646K1-2

2018-11-28 17:20:43 -> RAD23676S1-7

2018-11-28 17:20:43 -> RAD23862S1-7

2018-11-28 17:20:43 -> RAD23863S1-2

2018-11-28 17:20:43 -> RAD23865S1-2

2018-11-28 17:20:43 -> RAD23867S1-2

2018-11-28 17:20:43 -> RAD23868K1-7

2018-11-28 17:20:43 -> RAD23869K1-2

2018-11-28 17:20:43 -> RAD23912K1-9

2018-11-28 17:20:44 -> RAD23916K1-7

2018-11-28 17:20:44 -> RAD23920S1-7

2018-11-28 17:20:44 -> RAD23921S1-7

2018-11-28 17:20:44 -> RAD23926S1-24

2018-11-28 17:20:44 -> RAD23928S1-7

2018-11-28 17:20:44 -> RAD23930S1-32

2018-11-28 17:20:44 -> RAD23932S1-24

2018-11-28 17:20:45 -> RAD24097S1-2

2018-11-28 17:20:45 -> RAD24098S1-7

2018-11-28 17:20:45 -> RAD24099S1-2

2018-11-28 17:20:45 -> RAD24100S1-7

2018-11-28 17:20:45 -> RAD24173S1-49

2018-11-28 17:20:45 -> RAD24316K1-2

2018-11-28 17:20:45 -> RAD24321S1-2

2018-11-28 17:20:45 -> RAD24322S1-49

2018-11-28 17:20:46 -> RAD24551S1-2

2018-11-28 17:20:46 -> RAD24552S1-2

2018-11-28 17:20:46 -> RAD24553S1-7

2018-11-28 17:20:46 -> RAD24555K1-7

2018-11-28 17:20:46 -> RAD24604S1-2

2018-11-28 17:20:46 -> RAD24613S1-7

2018-11-28 17:20:47 -> RAD24619S1-49

2018-11-28 17:20:47 -> RAD24622S1-49

2018-11-28 17:20:47 -> RAD24634S1-7

2018-11-28 17:20:47 -> RAD24635S1-7

2018-11-28 17:20:47 -> RAD24636S1-25

2018-11-28 17:20:47 -> RAD24637S1-19

2018-11-28 17:20:47 -> RAD24638S1-25

2018-11-28 17:20:48 -> RAD24639S1-7

2018-11-28 17:20:48 -> RAD24640S1-7

2018-11-28 17:20:48 -> RAD24641S1-7

2018-11-28 17:20:48 -> RAD24642S1-7

2018-11-28 17:20:48 -> RAD24727S1-7

2018-11-28 17:20:48 -> RAD24754S1-2

2018-11-28 17:20:48 -> RAD24756S1-7

2018-11-28 17:20:48 -> RAD24758S1-7

2018-11-28 17:20:49 -> RAD24759S1-2

2018-11-28 17:20:49 -> RAD24760S1-7

2018-11-28 17:20:49 -> RAD24761S1-7

2018-11-28 17:20:49 -> RAD24764S1-2

2018-11-28 17:20:49 -> RAD25220S1-30

2018-11-28 17:20:49 -> RAD25221S1-38

2018-11-28 17:20:49 -> RAD25222S1-30

2018-11-28 17:20:50 -> RAD25223S1-30

2018-11-28 17:20:50 -> RAD25224S1-30

2018-11-28 17:20:50 -> RAD25236S1-19

2018-11-28 17:20:50 -> RAD25237S1-25

2018-11-28 17:20:50 -> RAD25238S1-7

2018-11-28 17:20:50 -> RAD25239S1-7

2018-11-28 17:20:50 -> RAD25310S1-7

2018-11-28 17:20:51 -> RAD25312S1-2

2018-11-28 17:20:51 -> RAD25313K1-2

2018-11-28 17:20:51 -> RAD25316S1-2

2018-11-28 17:20:51 -> RAD25451S1-2

2018-11-28 17:20:52 -> RAD25746S1-24

2018-11-28 17:20:52 -> RAD25747S1-24

2018-11-28 17:20:52 -> RAD25748S1-2

2018-11-28 17:20:52 -> RAD25749K1-7

2018-11-28 17:20:52 -> RAD25811S1-2

2018-11-28 17:20:52 -> RAD26187K1-18

2018-11-28 17:20:52 -> RAD26255S1-7

2018-11-28 17:20:53 -> RAD26257S1-7

2018-11-28 17:20:53 -> RAD26259K1-7

2018-11-28 17:20:53 -> RAD26300K1-7

2018-11-28 17:20:53 -> RAD26696S1-7

2018-11-28 17:20:53 -> RAD26697S1-2

2018-11-28 17:20:53 -> RAD26698K1-24

2018-11-28 17:20:53 -> RAD26870K1-2

2018-11-28 17:20:54 -> RAD26904K1-7

2018-11-28 17:20:54 -> RAD26915S1-2

2018-11-28 17:20:54 -> RAD26916S1-10

2018-11-28 17:20:54 -> RAD26917S1-16

2018-11-28 17:20:54 -> RAD26918S1-7

2018-11-28 17:20:54 -> RAD27005S1-49

2018-11-28 17:20:54 -> RAD27006S1-7

2018-11-28 17:20:54 -> RAD27007K1-7

2018-11-28 17:20:54 -> RAD27070S1-2

2018-11-28 17:20:55 -> RAD27071S1-2

2018-11-28 17:20:55 -> RAD27072K1-18

2018-11-28 17:20:55 -> RAD27075S1-2

2018-11-28 17:20:55 -> RAD27076S1-24

2018-11-28 17:20:55 -> RAD27077S1-24

2018-11-28 17:20:55 -> RAD27078S1-32

2018-11-28 17:20:55 -> RAD27079S1-32

2018-11-28 17:20:55 -> RAD27184S1-24

2018-11-28 17:20:56 -> RAD27185S1-24

2018-11-28 17:20:56 -> RAD27186K1-2

2018-11-28 17:20:56 -> RAD27189S1-7

2018-11-28 17:20:56 -> RAD27190S1-24

2018-11-28 17:20:56 -> RAD27191S1-49

2018-11-28 17:20:56 -> RAD27247S1-49

2018-11-28 17:20:56 -> RAD27248S1-49

2018-11-28 17:20:56 -> RAD27249S1-43

2018-11-28 17:20:57 -> RAD27250S1-7

2018-11-28 17:20:57 -> RAD27251K1-2

2018-11-28 17:20:57 -> RAD27269S1-7

2018-11-28 17:20:57 -> RAD27270S1-7

2018-11-28 17:20:57 -> RAD27271S1-2

2018-11-28 17:20:57 -> RAD27272S1-7

2018-11-28 17:20:57 -> RAD27273K1-7

2018-11-28 17:20:57 -> RAD27411K1-24

2018-11-28 17:20:58 -> RAD27416S1-7

2018-11-28 17:20:58 -> RAD27500S1-7

2018-11-28 17:20:58 -> RAD27501S1-7

2018-11-28 17:20:58 -> RAD27502K1-7

2018-11-28 17:20:58 -> RAD27684S1-7

2018-11-28 17:20:58 -> RAD27685S1-2

2018-11-28 17:20:58 -> RAD27686S1-7

2018-11-28 17:20:58 -> RAD27687S1-2

2018-11-28 17:20:59 -> RAD28227S1-7

2018-11-28 17:20:59 -> RAD28625S1-43

2018-11-28 17:20:59 -> RAD28626S1-49

2018-11-28 17:20:59 -> RAD28627S1-43

2018-11-28 17:20:59 -> RAD28628S1-7

2018-11-28 17:20:59 -> RAD28633S1-7

2018-11-28 17:21:00 -> RAD28634S1-32

2018-11-28 17:21:00 -> RAD28635S1-32

2018-11-28 17:21:00 -> RAD28636S1-7

2018-11-28 17:21:00 -> RAD28640K1-7

2018-11-28 17:21:01 -> RAD97191S1-43

2018-11-28 17:21:01 -> RAD97192S1-43

2018-11-28 17:21:01 -> RAD97193S1-43

2018-11-28 17:21:01 -> RAD97194S1-15

2018-11-28 17:21:02 -> RAD97453K1-2

2018-11-28 17:21:02 -> RAD97472S1-43

2018-11-28 17:21:02 -> RE11127170-26

2018-11-28 17:21:04 -> RJU11681S1-7

2018-11-28 17:21:04 -> RJU11682S1-7

2018-11-28 17:21:04 -> RJU11683S1-2

2018-11-28 17:21:04 -> RJU11684S1-2

2018-11-28 17:21:04 -> RJU11685S1-2

2018-11-28 17:21:04 -> RJU13885K0-2

2018-11-28 17:21:05 -> RJU13888K0-2

2018-11-28 17:21:05 -> RJU14535S1-2

2018-11-28 17:21:05 -> RJU14989K1-2

2018-11-28 17:21:05 -> RJU16989S1-2

2018-11-28 17:21:05 -> RJU17147K0-7

2018-11-28 17:21:06 -> RJU17152K0-2

2018-11-28 17:21:06 -> RJU17157K0-7

2018-11-28 17:21:06 -> RJU17222S1-2

2018-11-28 17:21:06 -> RJU17223K0-2

2018-11-28 17:21:06 -> RJU17226K0-96

2018-11-28 17:21:06 -> RJU17229K0-2

2018-11-28 17:21:06 -> RJU17289K1-2

2018-11-28 17:21:06 -> RJU17293K1-7

2018-11-28 17:21:07 -> RJU17376K1-7

2018-11-28 17:21:07 -> RJU17594S1-2

2018-11-28 17:21:07 -> RJU17595S1-7

2018-11-28 17:21:07 -> RJU17596S1-7

2018-11-28 17:21:07 -> RJU17597S1-7

2018-11-28 17:21:07 -> RJU17598S1-2

2018-11-28 17:21:07 -> RJU18496K1-2

2018-11-28 17:21:08 -> RJU18506K1-7

2018-11-28 17:21:08 -> RJU18699S1-49

2018-11-28 17:21:08 -> RJU18757S1-43

2018-11-28 17:21:08 -> RJU18795S1-2

2018-11-28 17:21:08 -> RJU18796S1-2

2018-11-28 17:21:08 -> RJU18904K0-2

2018-11-28 17:21:09 -> RJU19195S1-2

2018-11-28 17:21:09 -> RJU23115S1-2

2018-11-28 17:21:09 -> RJU23117S1-2

2018-11-28 17:21:09 -> RJU24643S1-7

2018-11-28 17:21:09 -> RJU24644S1-16

2018-11-28 17:21:09 -> RJU24645K1-16

2018-11-28 17:21:09 -> RJU24649S1-16

2018-11-28 17:21:10 -> RJU24650S1-7

2018-11-28 17:21:10 -> RJU26483S1-24

2018-11-28 17:21:10 -> RJU26484S1-24

2018-11-28 17:21:10 -> RJU26485S1-18

2018-11-28 17:21:10 -> RJU26925K0-7

2018-11-28 17:21:10 -> RJU26929K0-7

2018-11-28 17:21:11 -> RJU26936K0-7

2018-11-28 17:21:11 -> RJU27193K1-2

2018-11-28 17:21:15 -> SAL10432S1-43

2018-11-28 17:21:17 -> SAL13566S1-2

2018-11-28 17:21:17 -> SAL13567S1-2

2018-11-28 17:21:18 -> SAL13568S1-24

2018-11-28 17:21:18 -> SAL14391S1-19

2018-11-28 17:21:18 -> SAL14392S1-7

2018-11-28 17:21:19 -> SAL14393S1-2

2018-11-28 17:21:19 -> SAL14394S1-19

2018-11-28 17:21:19 -> SAL14395S1-2

2018-11-28 17:21:19 -> SAL14396S1-2

2018-11-28 17:21:19 -> SAL14397S1-19

2018-11-28 17:21:19 -> SAL14398S1-2

2018-11-28 17:21:19 -> SAL14399S1-25

2018-11-28 17:21:19 -> SAL14423S1-24

2018-11-28 17:21:20 -> SAL14424S1-18

2018-11-28 17:21:20 -> SAL14425S1-24

2018-11-28 17:21:20 -> SAL14426S1-24

2018-11-28 17:21:20 -> SAL14427S1-18

2018-11-28 17:21:20 -> SAL14428S1-18

2018-11-28 17:21:20 -> SAL14624S1-2

2018-11-28 17:21:21 -> SAL14625S1-2

2018-11-28 17:21:21 -> SAL14626S1-2

2018-11-28 17:21:21 -> SAL14627S1-2

2018-11-28 17:21:21 -> SAL14628S1-2

2018-11-28 17:21:21 -> SAL14629S1-2

2018-11-28 17:21:21 -> SAL14666K1-43

2018-11-28 17:21:22 -> SAL14761S1-19

2018-11-28 17:21:22 -> SAL14762S1-25

2018-11-28 17:21:22 -> SAL14763S1-19

2018-11-28 17:21:22 -> SAL14764S1-2

2018-11-28 17:21:22 -> SAL14765S1-7

2018-11-28 17:21:22 -> SAL14766S1-19

2018-11-28 17:21:23 -> SAL14858S1-10

2018-11-28 17:21:23 -> SAL14859S1-16

2018-11-28 17:21:23 -> SAL14860S1-16

2018-11-28 17:21:23 -> SAL15039S1-49

2018-11-28 17:21:23 -> SAL15040S1-49

2018-11-28 17:21:24 -> SAL15623S1-2

2018-11-28 17:21:24 -> SAL15624S1-7

2018-11-28 17:21:24 -> SAL15625S1-7

2018-11-28 17:21:26 -> SAL17144K1-49

2018-11-28 17:21:26 -> SAL17297S1-43

2018-11-28 17:21:26 -> SAL17368S1-43

2018-11-28 17:21:27 -> SAL17725S1-19

2018-11-28 17:21:27 -> SAL17726S1-25

2018-11-28 17:21:27 -> SAL17727S1-25

2018-11-28 17:21:27 -> SAL17809S1-43

2018-11-28 17:21:27 -> SAL17810S1-43

2018-11-28 17:21:27 -> SAL17811S1-18

2018-11-28 17:21:27 -> SAL17923S1-43

2018-11-28 17:21:27 -> SAL17924S1-49

2018-11-28 17:21:28 -> SAL17925S1-49

2018-11-28 17:21:28 -> SAL17975S1-49

2018-11-28 17:21:28 -> SAL17976S1-49

2018-11-28 17:21:28 -> SAL17977S1-49

2018-11-28 17:21:28 -> SAL17989K1-49

2018-11-28 17:21:28 -> SAL18027S1-2

2018-11-28 17:21:28 -> SAL18028S1-7

2018-11-28 17:21:29 -> SAL18029S1-19

2018-11-28 17:21:29 -> SAL18030S1-2

2018-11-28 17:21:29 -> SAL18031S1-2

2018-11-28 17:21:29 -> SAL18032S1-17

2018-11-28 17:21:29 -> SAL18132S1-49

2018-11-28 17:21:29 -> SAL18133S1-7

2018-11-28 17:21:29 -> SAL18220S1-19

2018-11-28 17:21:29 -> SAL18221S1-7

2018-11-28 17:21:30 -> SAL18222S1-19

2018-11-28 17:21:30 -> SAL18247S1-19

2018-11-28 17:21:30 -> SAL18248S1-25

2018-11-28 17:21:30 -> SAL18249S1-25

2018-11-28 17:21:30 -> SAL18251S1-2

2018-11-28 17:21:30 -> SAL18253S1-2

2018-11-28 17:21:30 -> SAL18255S1-43

2018-11-28 17:21:31 -> SAL18262K1-43

2018-11-28 17:21:31 -> SAL18265K1-43

2018-11-28 17:21:31 -> SAL18268K1-49

2018-11-28 17:21:31 -> SAL18440S1-49

2018-11-28 17:21:31 -> SAL18441S1-49

2018-11-28 17:21:31 -> SAL18442S1-49

2018-11-28 17:21:31 -> SAL18656K1-12

2018-11-28 17:21:32 -> SAL18807S1-25

2018-11-28 17:21:32 -> SAL18808S1-7

2018-11-28 17:21:32 -> SAL18809S1-2

2018-11-28 17:21:32 -> SAL18813S1-7

2018-11-28 17:21:32 -> SAL18814S1-7

2018-11-28 17:21:32 -> SAL18815S1-25

2018-11-28 17:21:33 -> SAL19185S1-49

2018-11-28 17:21:33 -> SAL19186S1-49

2018-11-28 17:21:33 -> SAL19187S1-49

2018-11-28 17:21:33 -> SAL19188S1-49

2018-11-28 17:21:33 -> SAL19189S1-49

2018-11-28 17:21:33 -> SAL19190S1-49

2018-11-28 17:21:33 -> SAL19191S1-49

2018-11-28 17:21:33 -> SAL19192S1-49

2018-11-28 17:21:34 -> SAL19193S1-49

2018-11-28 17:21:34 -> SAL19371S1-49

2018-11-28 17:21:34 -> SAL19389S1-7

2018-11-28 17:21:34 -> SAL19390S1-19

2018-11-28 17:21:34 -> SAL19391S1-25

2018-11-28 17:21:34 -> SAL19462S1-49

2018-11-28 17:21:35 -> SAL19463S1-49

2018-11-28 17:21:35 -> SAL19464S1-49

2018-11-28 17:21:35 -> SAL19616K1-43

2018-11-28 17:21:35 -> SAL19625S1-2

2018-11-28 17:21:35 -> SAL19626S1-7

2018-11-28 17:21:35 -> SAL19627S1-7

2018-11-28 17:21:35 -> SAL19724K1-7

2018-11-28 17:21:36 -> SAL19727K1-2

2018-11-28 17:21:36 -> SAL19730K1-7

2018-11-28 17:21:36 -> SAL19885S1-49

2018-11-28 17:21:36 -> SAL19886S1-43

2018-11-28 17:21:36 -> SAL19923S1-49

2018-11-28 17:21:36 -> SAL19924S1-49

2018-11-28 17:21:37 -> SAL19925S1-49

2018-11-28 17:21:37 -> SAL20042S1-16

2018-11-28 17:21:37 -> SAL20043S1-16

2018-11-28 17:21:37 -> SAL20044S1-7

2018-11-28 17:21:38 -> SAL20750S1-2

2018-11-28 17:21:38 -> SAL20751S1-23

2018-11-28 17:21:38 -> SAL20752S1-7

2018-11-28 17:21:38 -> SAL20753S1-7

2018-11-28 17:21:38 -> SAL20754S1-2

2018-11-28 17:21:38 -> SAL21130S1-49

2018-11-28 17:21:39 -> SAL21131S1-49

2018-11-28 17:21:39 -> SAL21132S1-49

2018-11-28 17:21:39 -> SAL21139S1-49

2018-11-28 17:21:39 -> SAL21140S1-49

2018-11-28 17:21:39 -> SAL21141S1-49

2018-11-28 17:21:39 -> SAL21153S1-2

2018-11-28 17:21:39 -> SAL21154S1-7

2018-11-28 17:21:40 -> SAL21155S1-16

2018-11-28 17:21:40 -> SAL21157S1-2

2018-11-28 17:21:40 -> SAL21158S1-7

2018-11-28 17:21:40 -> SAL21159S1-7

2018-11-28 17:21:40 -> SAL21280S1-2

2018-11-28 17:21:40 -> SAL21281S1-7

2018-11-28 17:21:41 -> SAL21282S1-7

2018-11-28 17:21:41 -> SAL21674S1-2

2018-11-28 17:21:41 -> SAL21675S1-7

2018-11-28 17:21:41 -> SAL21676S1-7

2018-11-28 17:21:42 -> SAL22065K1-2

2018-11-28 17:21:42 -> SAL22068K1-2

2018-11-28 17:21:42 -> SAL22071K1-7

2018-11-28 17:21:42 -> SAL22104S1-7

2018-11-28 17:21:42 -> SAL22105S1-2

2018-11-28 17:21:42 -> SAL22106S1-7

2018-11-28 17:21:43 -> SAL22242S1-24

2018-11-28 17:21:43 -> SAL22243S1-18

2018-11-28 17:21:43 -> SAL22244S1-2

2018-11-28 17:21:43 -> SAL22593S1-7

2018-11-28 17:21:43 -> SAL22594S1-19

2018-11-28 17:21:44 -> SAL23134K1-10

2018-11-28 17:21:44 -> SAL23169S1-2

2018-11-28 17:21:44 -> SAL23171S1-7

2018-11-28 17:21:44 -> SAL23172S1-7

2018-11-28 17:21:45 -> SAL23251S1-38

2018-11-28 17:21:45 -> SAL23516S1-16

2018-11-28 17:21:45 -> SAL23517S1-10

2018-11-28 17:21:46 -> SAL23518S1-16

2018-11-28 17:21:46 -> SAL23519S1-10

2018-11-28 17:21:46 -> SAL23520S1-10

2018-11-28 17:21:46 -> SAL23521S1-10

2018-11-28 17:21:46 -> SAL23552K1-2

2018-11-28 17:21:46 -> SAL23564S1-2

2018-11-28 17:21:46 -> SAL23565S1-2

2018-11-28 17:21:47 -> SAL23566S1-7

2018-11-28 17:21:47 -> SAL23567S1-7

2018-11-28 17:21:47 -> SAL23568S1-7

2018-11-28 17:21:47 -> SAL23569S1-7

2018-11-28 17:21:47 -> SAL23570S1-2

2018-11-28 17:21:47 -> SAL23571S1-7

2018-11-28 17:21:47 -> SAL23572S1-7

2018-11-28 17:21:48 -> SAL23574S1-43

2018-11-28 17:21:48 -> SAL23608S1-7

2018-11-28 17:21:48 -> SAL23610S1-7

2018-11-28 17:21:48 -> SAL24009S1-7

2018-11-28 17:21:48 -> SAL24010S1-7

2018-11-28 17:21:48 -> SAL24012S1-7

2018-11-28 17:21:49 -> SAL24014S1-2

2018-11-28 17:21:49 -> SAL24015S1-7

2018-11-28 17:21:49 -> SAL24016S1-7

2018-11-28 17:21:49 -> SAL24017S1-49

2018-11-28 17:21:49 -> SAL24019S1-49

2018-11-28 17:21:49 -> SAL24020S1-7

2018-11-28 17:21:49 -> SAL24026S1-25

2018-11-28 17:21:50 -> SAL24028S1-19

2018-11-28 17:21:50 -> SAL24029S1-25

2018-11-28 17:21:50 -> SAL24030S1-25

2018-11-28 17:21:50 -> SAL24031S1-25

2018-11-28 17:21:50 -> SAL24032S1-25

2018-11-28 17:21:50 -> SAL24033S1-25

2018-11-28 17:21:50 -> SAL24034S1-2

2018-11-28 17:21:50 -> SAL24035S1-19

2018-11-28 17:21:51 -> SAL24076S1-7

2018-11-28 17:21:51 -> SAL24077S1-2

2018-11-28 17:21:51 -> SAL24078S1-26

2018-11-28 17:21:51 -> SAL24083K1-2

2018-11-28 17:21:51 -> SAL24151K1-24

2018-11-28 17:21:51 -> SAL24155K1-7

2018-11-28 17:21:51 -> SAL24158K1-24

2018-11-28 17:21:52 -> SAL24324K1-25

2018-11-28 17:21:52 -> SAL24328S1-25

2018-11-28 17:21:52 -> SAL24329K1-19

2018-11-28 17:21:52 -> SAL24332S1-25

2018-11-28 17:21:53 -> SAL24333K1-7

2018-11-28 17:21:53 -> SAL24336S1-7

2018-11-28 17:21:53 -> SAL24378S1-16

2018-11-28 17:21:53 -> SAL24379S1-7

2018-11-28 17:21:53 -> SAL24380S1-16

2018-11-28 17:21:53 -> SAL24485S1-25

2018-11-28 17:21:53 -> SAL24486S1-25

2018-11-28 17:21:54 -> SAL24487S1-25

2018-11-28 17:21:54 -> SAL24491S1-7

2018-11-28 17:21:54 -> SAL24492S1-7

2018-11-28 17:21:54 -> SAL24493S1-2

2018-11-28 17:21:54 -> SAL24497S1-14

2018-11-28 17:21:54 -> SAL24498S1-14

2018-11-28 17:21:54 -> SAL24499S1-14

2018-11-28 17:21:55 -> SAL24567S1-2

2018-11-28 17:21:55 -> SAL24568S1-7

2018-11-28 17:21:55 -> SAL24569S1-2

2018-11-28 17:21:55 -> SAL24719S1-2

2018-11-28 17:21:55 -> SAL24720S1-7

2018-11-28 17:21:55 -> SAL24721S1-19

2018-11-28 17:21:56 -> SAL24825K1-32

2018-11-28 17:21:56 -> SAL24918S1-12

2018-11-28 17:21:56 -> SAL24919S1-7

2018-11-28 17:21:56 -> SAL24920S1-7

2018-11-28 17:21:57 -> SAL24921K1-2

2018-11-28 17:21:57 -> SAL24949K1-25

2018-11-28 17:21:57 -> SAL24953K1-7

2018-11-28 17:21:57 -> SAL25335K1-7

2018-11-28 17:21:57 -> SAL25341K1-7

2018-11-28 17:21:58 -> SAL25598S1-7

2018-11-28 17:21:58 -> SAL25599S1-7

2018-11-28 17:21:58 -> SAL25600S1-7

2018-11-28 17:21:58 -> SAL25616K1-2

2018-11-28 17:21:58 -> SAL25704S1-7

2018-11-28 17:21:58 -> SAL25705S1-7

2018-11-28 17:21:59 -> SAL25706S1-7

2018-11-28 17:21:59 -> SAL25707S1-7

2018-11-28 17:21:59 -> SAL25708S1-7

2018-11-28 17:21:59 -> SAL25709S1-7

2018-11-28 17:21:59 -> SAL25833K1-7

2018-11-28 17:21:59 -> SAL25839S1-7

2018-11-28 17:22:00 -> SAL25840S1-7

2018-11-28 17:22:00 -> SAL25984S1-9

2018-11-28 17:22:00 -> SAL25985S1-9

2018-11-28 17:22:00 -> SAL25986S1-7

2018-11-28 17:22:00 -> SAL25987S1-9

2018-11-28 17:22:01 -> SAL26545K1-7

2018-11-28 17:22:01 -> SAL26709K1-32

2018-11-28 17:22:01 -> SAL26760K1-24

2018-11-28 17:22:01 -> SAL26763K1-7

2018-11-28 17:22:01 -> SAL26766K1-32

2018-11-28 17:22:01 -> SAL26769K1-32

2018-11-28 17:22:01 -> SAL26772K1-7

2018-11-28 17:22:02 -> SAL26775K1-32

2018-11-28 17:22:02 -> SAL26778K1-32

2018-11-28 17:22:02 -> SAL26801K1-32

2018-11-28 17:22:02 -> SAL26809S1-38

2018-11-28 17:22:02 -> SAL26810S1-30

2018-11-28 17:22:02 -> SAL26811S1-30

2018-11-28 17:22:02 -> SAL26812S1-7

2018-11-28 17:22:03 -> SAL26813S1-38

2018-11-28 17:22:03 -> SAL26814S1-38

2018-11-28 17:22:03 -> SAL26815S1-38

2018-11-28 17:22:03 -> SAL26816S1-30

2018-11-28 17:22:03 -> SAL26817S1-38

2018-11-28 17:22:03 -> SAL26832S1-7

2018-11-28 17:22:03 -> SAL26833S1-7

2018-11-28 17:22:03 -> SAL26834S1-7

2018-11-28 17:22:04 -> SAL26839S1-7

2018-11-28 17:22:04 -> SAL26840S1-32

2018-11-28 17:22:04 -> SAL26841S1-32

2018-11-28 17:22:04 -> SAL27014S1-16

2018-11-28 17:22:04 -> SAL27015S1-16

2018-11-28 17:22:04 -> SAL27016S1-16

2018-11-28 17:22:05 -> SAL27017S1-16

2018-11-28 17:22:05 -> SAL27018S1-16

2018-11-28 17:22:05 -> SAL27019S1-7

2018-11-28 17:22:05 -> SAL27020S1-7

2018-11-28 17:22:05 -> SAL27021S1-2

2018-11-28 17:22:05 -> SAL27022S1-16

2018-11-28 17:22:05 -> SAL27023S1-2

2018-11-28 17:22:06 -> SAL27024S1-7

2018-11-28 17:22:06 -> SAL27025S1-7

2018-11-28 17:22:06 -> SAL27026S1-7

2018-11-28 17:22:06 -> SAL27027S1-7

2018-11-28 17:22:06 -> SAL27028S1-7

2018-11-28 17:22:06 -> SAL27029S1-7

2018-11-28 17:22:06 -> SAL27030S1-7

2018-11-28 17:22:06 -> SAL27031S1-7

2018-11-28 17:22:07 -> SAL27170K1-7

2018-11-28 17:22:07 -> SAL27289K1-7

2018-11-28 17:22:07 -> SAL27292K1-10

2018-11-28 17:22:07 -> SAL27295K1-7

2018-11-28 17:22:07 -> SAL27298K1-24

2018-11-28 17:22:07 -> SAL27301K1-10

2018-11-28 17:22:07 -> SAL27340K1-32

2018-11-28 17:22:08 -> SAL27422S1-2

2018-11-28 17:22:08 -> SAL27423S1-9

2018-11-28 17:22:08 -> SAL27424S1-9

2018-11-28 17:22:08 -> SAL27425S1-9

2018-11-28 17:22:08 -> SAL27426S1-9

2018-11-28 17:22:08 -> SAL27427S1-7

2018-11-28 17:22:08 -> SAL27428S1-25

2018-11-28 17:22:09 -> SAL27429S1-19

2018-11-28 17:22:09 -> SAL27430S1-25

2018-11-28 17:22:09 -> SAL27634S1-7

2018-11-28 17:22:09 -> SAL27635S1-7

2018-11-28 17:22:09 -> SAL27636S1-7

2018-11-28 17:22:09 -> SAL27637S1-7

2018-11-28 17:22:09 -> SAL27638S1-7

2018-11-28 17:22:10 -> SAL27639S1-7

2018-11-28 17:22:10 -> SAL27647S1-7

2018-11-28 17:22:10 -> SAL27648S1-7

2018-11-28 17:22:10 -> SAL27702K1-49

2018-11-28 17:22:10 -> SAL27790S1-7

2018-11-28 17:22:10 -> SAL27791S1-7

2018-11-28 17:22:11 -> SAL27792S1-7

2018-11-28 17:22:11 -> SAL27793S1-7

2018-11-28 17:22:11 -> SAL27802S1-7

2018-11-28 17:22:11 -> SAL27803S1-49

2018-11-28 17:22:11 -> SAL27804S1-7

2018-11-28 17:22:11 -> SAL27805S1-49

2018-11-28 17:22:11 -> SAL27806S1-7

2018-11-28 17:22:12 -> SAL27807S1-7

2018-11-28 17:22:12 -> SAL27808S1-7

2018-11-28 17:22:12 -> SAL27809S1-7

2018-11-28 17:22:12 -> SAL27810S1-7

2018-11-28 17:22:12 -> SAL27811S1-7

2018-11-28 17:22:12 -> SAL27812S1-7

2018-11-28 17:22:12 -> SAL27813S1-7

2018-11-28 17:22:12 -> SAL27814S1-7

2018-11-28 17:22:13 -> SAL27815S1-7

2018-11-28 17:22:13 -> SAL27817S1-7

2018-11-28 17:22:13 -> SAL27818S1-7

2018-11-28 17:22:13 -> SAL27819S1-25

2018-11-28 17:22:13 -> SAL27821S1-25

2018-11-28 17:22:13 -> SAL27823S1-19

2018-11-28 17:22:13 -> SAL27824S1-7

2018-11-28 17:22:14 -> SAL27825S1-2

2018-11-28 17:22:14 -> SAL27826S1-7

2018-11-28 17:22:14 -> SAL27827S1-7

2018-11-28 17:22:14 -> SAL27828S1-7

2018-11-28 17:22:14 -> SAL27829S1-7

2018-11-28 17:22:14 -> SAL27830S1-7

2018-11-28 17:22:14 -> SAL27831S1-49

2018-11-28 17:22:14 -> SAL27832S1-49

2018-11-28 17:22:15 -> SAL27833S1-7

2018-11-28 17:22:15 -> SAL27837S1-25

2018-11-28 17:22:15 -> SAL27838S1-25

2018-11-28 17:22:15 -> SAL27839S1-25

2018-11-28 17:22:15 -> SAL27840S1-25

2018-11-28 17:22:15 -> SAL27842S1-25

2018-11-28 17:22:15 -> SAL27843S1-7

2018-11-28 17:22:16 -> SAL27890K1-2

2018-11-28 17:22:16 -> SAL27905S1-7

2018-11-28 17:22:16 -> SAL27906S1-2

2018-11-28 17:22:16 -> SAL27907S1-7

2018-11-28 17:22:16 -> SAL27933K1-7

2018-11-28 17:22:16 -> SAL27941K1-7

2018-11-28 17:22:16 -> SAL27947S1-7

2018-11-28 17:22:16 -> SAL28003S1-7

2018-11-28 17:22:17 -> SAL28004S1-7

2018-11-28 17:22:17 -> SAL28005S1-7

2018-11-28 17:22:17 -> SAL28416S1-25

2018-11-28 17:22:17 -> SAL28417S1-25

2018-11-28 17:22:17 -> SAL28418S1-25

2018-11-28 17:22:17 -> SAL28419S1-25

2018-11-28 17:22:18 -> SAL28608S1-7

2018-11-28 17:22:18 -> SAL28609S1-7

2018-11-28 17:22:18 -> SAL28610S1-2

2018-11-28 17:22:18 -> SAL28799S1-7

2018-11-28 17:22:20 -> SIO18252S1-43

2018-11-28 17:22:20 -> SIO18254S1-49

2018-11-28 17:22:20 -> SIO18256S1-49

2018-11-28 17:22:20 -> SIO22173S1-2

2018-11-28 17:22:21 -> SIO22177S1-7

2018-11-28 17:22:21 -> SIO22381S1-7

2018-11-28 17:22:21 -> SIO22382S1-2

2018-11-28 17:22:21 -> SIO22383S1-7

2018-11-28 17:22:21 -> SIO22384S1-2

2018-11-28 17:22:21 -> SIO22385S1-2

2018-11-28 17:22:22 -> SIO23097S1-7

2018-11-28 17:22:22 -> SIO23098S1-7

2018-11-28 17:22:22 -> SIO23430S1-49

2018-11-28 17:22:22 -> SIO23431S1-43

2018-11-28 17:22:22 -> SIO23432S1-49

2018-11-28 17:22:22 -> SIO23433S1-49

2018-11-28 17:22:23 -> SIO24008S1-2

2018-11-28 17:22:23 -> SIO24146S1-2

2018-11-28 17:22:23 -> SIO24149S1-7

2018-11-28 17:22:23 -> SIO24211S1-7

2018-11-28 17:22:23 -> SIO25392S1-7

2018-11-28 17:22:23 -> SIO25393S1-2

2018-11-28 17:22:23 -> SIO25394S1-2

2018-11-28 17:22:23 -> SIO25395S1-7

2018-11-28 17:22:24 -> SIO25398S1-7

2018-11-28 17:22:24 -> SIO25399S1-7

2018-11-28 17:22:24 -> SIO25669S1-10

2018-11-28 17:22:24 -> SIO25670S1-16

2018-11-28 17:22:24 -> SIO25672S1-16

2018-11-28 17:22:24 -> SIO25673S1-16

2018-11-28 17:22:24 -> SIO25674S1-16

2018-11-28 17:22:25 -> SIO25675S1-7

2018-11-28 17:22:25 -> SIO25686S1-16

2018-11-28 17:22:25 -> SIO25687S1-16

2018-11-28 17:22:25 -> SIO25688S1-2

2018-11-28 17:22:25 -> SIO25690S1-2

2018-11-28 17:22:25 -> SIO27089S1-26

2018-11-28 17:22:25 -> SIO27090S1-7

2018-11-28 17:22:26 -> SIO27091S1-7

2018-11-28 17:22:26 -> SIO27092S1-2

2018-11-28 17:22:26 -> SIO27093S1-7

2018-11-28 17:22:26 -> SIO27625S1-25

2018-11-28 17:22:26 -> SIO27626S1-49

2018-11-28 17:22:26 -> SIO27627S1-25

2018-11-28 17:22:27 -> TAP10129S1-25

2018-11-28 17:22:27 -> TAP10932S1-19

2018-11-28 17:22:28 -> TAP15566S1-2

2018-11-28 17:22:28 -> TAP15567S1-7

2018-11-28 17:22:28 -> TAP15568S1-7

2018-11-28 17:22:28 -> TAP15569S1-7

2018-11-28 17:22:29 -> TAP15570S1-2

2018-11-28 17:22:29 -> TAP15571S1-2

2018-11-28 17:22:29 -> TAP15572S1-24

2018-11-28 17:22:29 -> TAP15573S1-7

2018-11-28 17:22:29 -> TAP15597S1-7

2018-11-28 17:22:29 -> TAP15598S1-2

2018-11-28 17:22:29 -> TAP16419S1-2

2018-11-28 17:22:30 -> TAP16420S1-2

2018-11-28 17:22:30 -> TAP16421S1-2

2018-11-28 17:22:30 -> TAP16422S1-2

2018-11-28 17:22:30 -> TAP16423S1-2

2018-11-28 17:22:30 -> TAP16424S1-2

2018-11-28 17:22:30 -> TAP16481S1-2

2018-11-28 17:22:30 -> TAP16885S1-49

2018-11-28 17:22:31 -> TAP16886S1-49

2018-11-28 17:22:31 -> TAP16887S1-49

2018-11-28 17:22:31 -> TAP16889S1-49

2018-11-28 17:22:31 -> TAP16951S1-26

2018-11-28 17:22:31 -> TAP16952S1-43

2018-11-28 17:22:31 -> TAP16953S1-7

2018-11-28 17:22:31 -> TAP16954S1-49

2018-11-28 17:22:32 -> TAP16955S1-49

2018-11-28 17:22:32 -> TAP16956S1-43

2018-11-28 17:22:32 -> TAP17193S1-7

2018-11-28 17:22:32 -> TAP17203S1-43

2018-11-28 17:22:32 -> TAP17695S1-49

2018-11-28 17:22:32 -> TAP18235S1-49

2018-11-28 17:22:33 -> TAP18236S1-49

2018-11-28 17:22:33 -> TAP18237S1-49

2018-11-28 17:22:33 -> TAP18241S1-49

2018-11-28 17:22:33 -> TAP18509S1-2

2018-11-28 17:22:33 -> TAP18774S1-49

2018-11-28 17:22:33 -> TAP18775S1-49

2018-11-28 17:22:34 -> TAP19318S1-96

2018-11-28 17:22:34 -> TAP19647S1-49

2018-11-28 17:22:34 -> TAP22838S1-25

2018-11-28 17:22:34 -> TAP22839S1-25

2018-11-28 17:22:34 -> TAP22840S1-7

2018-11-28 17:22:34 -> TAP23435S1-43

2018-11-28 17:22:34 -> TAP23436S1-49

2018-11-28 17:22:35 -> TAP23480S1-49

2018-11-28 17:22:35 -> TAP23546S1-2

2018-11-28 17:22:35 -> TAP23547S1-26

2018-11-28 17:22:35 -> TAP24036S1-38

2018-11-28 17:22:35 -> TAP24998S1-24

2018-11-28 17:22:36 -> TAP24999S1-9

2018-11-28 17:22:36 -> TAP25191S1-16

2018-11-28 17:22:36 -> TAP25192S1-16

2018-11-28 17:22:36 -> TAP25193S1-7

2018-11-28 17:22:36 -> TAP25194S1-7

2018-11-28 17:22:36 -> TAP25195S1-7

2018-11-28 17:22:36 -> TAP25196S1-7

2018-11-28 17:22:36 -> TAP25197S1-16

2018-11-28 17:22:37 -> TAP25198S1-7

2018-11-28 17:22:37 -> TAP25199S1-16

2018-11-28 17:22:37 -> TAP25200S1-16

2018-11-28 17:22:37 -> TAP25201S1-16

2018-11-28 17:22:37 -> TAP25202S1-7

2018-11-28 17:22:37 -> TAP25203S1-16

2018-11-28 17:22:37 -> TAP25204S1-7

2018-11-28 17:22:38 -> TAP26269S1-7

2018-11-28 17:22:38 -> TAP26270S1-7

2018-11-28 17:22:38 -> TAP26688S1-7

2018-11-28 17:22:38 -> TAP26689S1-18

2018-11-28 17:22:38 -> TAP26690S1-7

2018-11-28 17:22:38 -> TAP26691S1-7

2018-11-28 17:22:38 -> TAP27033S1-49

2018-11-28 17:22:39 -> TAP28006S1-7

2018-11-28 17:22:39 -> TAP28007S1-7

2018-11-28 17:22:39 -> TAP28105S1-16

2018-11-28 17:22:39 -> TAP28106S1-16

2018-11-28 17:22:39 -> TAP97068S1-19

2018-11-28 17:22:39 -> TAP97069S1-19

2018-11-28 17:22:40 -> TAP97070S1-2

2018-11-28 17:22:40 -> TAP97617S1-49

2018-11-28 17:22:40 -> TAP97618S1-7
