
2018-11-29 18:14:02 -> ACO17481S1,0

2018-11-29 18:14:02 -> ACO31367K1,1

2018-11-29 18:14:02 -> ACO33893S1,0

2018-11-29 18:14:02 -> CAN19954K0,0

2018-11-29 18:14:02 -> CAN19962K0,16

2018-11-29 18:14:02 -> CAN19970K0,20

2018-11-29 18:14:02 -> CC96604011,0

2018-11-29 18:14:02 -> CC97621014,0

2018-11-29 18:14:02 -> COC24423K1,0

2018-11-29 18:14:02 -> COC24441S1,0

2018-11-29 18:14:02 -> COC24446S1,0

2018-11-29 18:14:02 -> COC24447K1,0

2018-11-29 18:14:02 -> COC24453S1,0

2018-11-29 18:14:02 -> COC24454S1,0

2018-11-29 18:14:02 -> COC24468K1,14

2018-11-29 18:14:02 -> COC24874S1,0

2018-11-29 18:14:02 -> COC24875K1,0

2018-11-29 18:14:02 -> COC24879S1,0

2018-11-29 18:14:02 -> COC24881S1,0

2018-11-29 18:14:02 -> COC24882S1,0

2018-11-29 18:14:02 -> COC24883S1,0

2018-11-29 18:14:02 -> COC24884S1,0

2018-11-29 18:14:02 -> COC27161K1,0

2018-11-29 18:14:02 -> COC27169S1,0

2018-11-29 18:14:02 -> COC27170S1,0

2018-11-29 18:14:02 -> COC28016K1,0

2018-11-29 18:14:02 -> COC28031S1,0

2018-11-29 18:14:02 -> COC28032S1,0

2018-11-29 18:14:02 -> COC30212S1,0

2018-11-29 18:14:02 -> COL13358S1,0

2018-11-29 18:14:02 -> COL15282S1,0

2018-11-29 18:14:02 -> COL29335K1,0

2018-11-29 18:14:02 -> COL30904K1,0

2018-11-29 18:14:02 -> COL30907K1,0

2018-11-29 18:14:02 -> COL30910K1,0

2018-11-29 18:14:02 -> COM19802K1,0

2018-11-29 18:14:02 -> COM21468K0,0

2018-11-29 18:14:02 -> COM22513S1,0

2018-11-29 18:14:02 -> COM22912S1,1

2018-11-29 18:14:02 -> COM22916S1,0

2018-11-29 18:14:02 -> COM24838S1,0

2018-11-29 18:14:02 -> COM25978K1,0

2018-11-29 18:14:02 -> COM26747K1,0

2018-11-29 18:14:02 -> COM27665S1,0

2018-11-29 18:14:02 -> COM27673S1,0

2018-11-29 18:14:02 -> COM28237S1,0

2018-11-29 18:14:02 -> COM28264S1,0

2018-11-29 18:14:02 -> COM30828S1,0

2018-11-29 18:14:02 -> COM30850S1,0

2018-11-29 18:14:02 -> COM33171K1,0

2018-11-29 18:14:02 -> COM33174S1,0

2018-11-29 18:14:02 -> COM96140K1,0

2018-11-29 18:14:02 -> LIB26158S1,0

2018-11-29 18:14:02 -> LIB26159S1,0

2018-11-29 18:14:02 -> LIB26160S1,0

2018-11-29 18:14:02 -> LIB26162S1,0

2018-11-29 18:14:02 -> OCA10951S1,0

2018-11-29 18:14:02 -> OCA97875S1,0

2018-11-29 18:14:02 -> OCA98580S1,0

2018-11-29 18:14:02 -> OCA99638K1,0

2018-11-29 18:14:02 -> RAD10544S1,0

2018-11-29 18:14:02 -> RAD10859S1,0

2018-11-29 18:14:02 -> RAD13698S1,0

2018-11-29 18:14:02 -> RAD13699S1,0

2018-11-29 18:14:02 -> RAD14509S1,0

2018-11-29 18:14:02 -> RAD14750S1,0

2018-11-29 18:14:02 -> RAD15417S1,0

2018-11-29 18:14:02 -> RAD18762S1,0

2018-11-29 18:14:02 -> RAD19677S1,0

2018-11-29 18:14:02 -> RAD20632K1,0

2018-11-29 18:14:02 -> RAD21090S1,0

2018-11-29 18:14:02 -> RAD21935S1,0

2018-11-29 18:14:02 -> RAD21937S1,0

2018-11-29 18:14:02 -> RAD22208S1,0

2018-11-29 18:14:02 -> RAD22281S1,0

2018-11-29 18:14:02 -> RAD22901S1,0

2018-11-29 18:14:02 -> RAD22902S1,0

2018-11-29 18:14:02 -> RAD22904S1,0

2018-11-29 18:14:02 -> RAD25887S1,1

2018-11-29 18:14:02 -> RAD26174S1,0

2018-11-29 18:14:02 -> RAD26175S1,0

2018-11-29 18:14:02 -> RAD26606K1,0

2018-11-29 18:14:02 -> RAD26740S1,0

2018-11-29 18:14:02 -> RAD26741S1,0

2018-11-29 18:14:02 -> RAD26742S1,0

2018-11-29 18:14:02 -> RAD30599S1,0

2018-11-29 18:14:02 -> RAD98088S1,0

2018-11-29 18:14:02 -> RAD98089S1,0

2018-11-29 18:14:02 -> RAD98334K1,0

2018-11-29 18:14:02 -> RAD98343K1,0

2018-11-29 18:14:02 -> RJU12553S1,0

2018-11-29 18:14:02 -> RJU14009S1,0

2018-11-29 18:14:02 -> RJU17348S1,0

2018-11-29 18:14:02 -> RJU22724S1,0

2018-11-29 18:14:02 -> RJU25732S1,88888

2018-11-29 18:14:02 -> RJU30788S1,0

2018-11-29 18:14:02 -> SAL12965S0,0

2018-11-29 18:14:02 -> SAL15428S1,0

2018-11-29 18:14:02 -> SAL16645K1,0

2018-11-29 18:14:02 -> SAL17041S1,0

2018-11-29 18:14:02 -> SAL17511S1,0

2018-11-29 18:14:02 -> SAL18017S1,0

2018-11-29 18:14:02 -> SAL18018S1,0

2018-11-29 18:14:02 -> SAL18019S1,0

2018-11-29 18:14:02 -> SAL18046K1,0

2018-11-29 18:14:02 -> SAL19841S1,0

2018-11-29 18:14:02 -> SAL19842S1,0

2018-11-29 18:14:02 -> SAL20019S1,0

2018-11-29 18:14:02 -> SAL20022S1,0

2018-11-29 18:14:02 -> SAL20025S1,0

2018-11-29 18:14:02 -> SAL20026S1,0

2018-11-29 18:14:02 -> SAL20027S1,0

2018-11-29 18:14:02 -> SAL20030S1,0

2018-11-29 18:14:02 -> SAL20039S1,0

2018-11-29 18:14:02 -> SAL20513S1,0

2018-11-29 18:14:02 -> SAL21480S1,0

2018-11-29 18:14:02 -> SAL21857S1,0

2018-11-29 18:14:02 -> SAL22033S1,0

2018-11-29 18:14:02 -> SAL22057S1,0

2018-11-29 18:14:02 -> SAL22160S1,0

2018-11-29 18:14:02 -> SAL22178S1,0

2018-11-29 18:14:02 -> SAL22205S1,0

2018-11-29 18:14:02 -> SAL22227S1,0

2018-11-29 18:14:02 -> SAL22580S1,0

2018-11-29 18:14:02 -> SAL22944S1,0

2018-11-29 18:14:02 -> SAL22948S1,0

2018-11-29 18:14:02 -> SAL25180S1,0

2018-11-29 18:14:02 -> SAL26104S1,42

2018-11-29 18:14:02 -> SAL26105S1,60

2018-11-29 18:14:02 -> SAL26247K1,88888

2018-11-29 18:14:02 -> SAL26511S1,0

2018-11-29 18:14:02 -> SAL26564S1,1

2018-11-29 18:14:02 -> SAL27047S1,0

2018-11-29 18:14:02 -> SAL27048S1,0

2018-11-29 18:14:02 -> SAL27049S1,0

2018-11-29 18:14:02 -> SAL27184S1,0

2018-11-29 18:14:02 -> SAL27185S1,0

2018-11-29 18:14:02 -> SAL27195S1,0

2018-11-29 18:14:02 -> SAL27197S1,0

2018-11-29 18:14:02 -> SAL27199S1,0

2018-11-29 18:14:02 -> SAL27200S1,0

2018-11-29 18:14:02 -> SAL27201S1,0

2018-11-29 18:14:02 -> SAL27202S1,0

2018-11-29 18:14:02 -> SAL27203S1,0

2018-11-29 18:14:02 -> SAL27205S1,0

2018-11-29 18:14:02 -> SAL27206S1,0

2018-11-29 18:14:02 -> SAL27207S1,0

2018-11-29 18:14:02 -> SAL27245S1,0

2018-11-29 18:14:02 -> SAL28333S1,4

2018-11-29 18:14:02 -> SAL28334S1,2

2018-11-29 18:14:02 -> SAL28340S1,0

2018-11-29 18:14:02 -> SAL28341S1,0

2018-11-29 18:14:02 -> SAL28344S1,0

2018-11-29 18:14:02 -> SAL28349S1,0

2018-11-29 18:14:02 -> SAL28350S1,0

2018-11-29 18:14:02 -> SAL28352S1,0

2018-11-29 18:14:02 -> SAL28359S1,0

2018-11-29 18:14:02 -> SAL28361S1,0

2018-11-29 18:14:02 -> SAL28610S1,0

2018-11-29 18:14:02 -> SAL28619S1,0

2018-11-29 18:14:02 -> SAL28621S1,0

2018-11-29 18:14:02 -> SAL28622S1,0

2018-11-29 18:14:02 -> SAL29426S1,3

2018-11-29 18:14:02 -> SAL32873S1,0

2018-11-29 18:14:02 -> SAL32874S1,0

2018-11-29 18:14:02 -> SAL32875S1,0

2018-11-29 18:14:02 -> SAL32876S1,0

2018-11-29 18:14:02 -> SAL32877S1,0

2018-11-29 18:14:02 -> SAL32878S1,0

2018-11-29 18:14:02 -> SAL32881S1,0

2018-11-29 18:14:02 -> SAL34519S1,88888

2018-11-29 18:14:02 -> SAL34520S1,88888

2018-11-29 18:14:02 -> TAP20764S1,0

2018-11-29 18:14:02 -> TAP20765S1,0

2018-11-29 18:14:02 -> TAP20766S1,0

2018-11-29 18:14:02 -> TAP20768S1,0

2018-11-29 18:14:02 -> TAP20769S1,0

2018-11-29 18:14:02 -> TAP20770S1,0
