
2018-11-30 13:15:04 -> ACO13700K0,6

2018-11-30 13:15:05 -> ACO15383S1,16

2018-11-30 13:15:05 -> ACO15384S1,16

2018-11-30 13:15:05 -> ACO15385S1,2

2018-11-30 13:15:05 -> ACO15386S1,6

2018-11-30 13:15:05 -> ACO16775K1,6

2018-11-30 13:15:05 -> ACO16943S0,6

2018-11-30 13:15:05 -> ACO16944S0,96

2018-11-30 13:15:05 -> ACO17471S1,61

2018-11-30 13:15:05 -> ACO17472S1,61

2018-11-30 13:15:06 -> ACO17479S1,6

2018-11-30 13:15:06 -> ACO17481S1,61

2018-11-30 13:15:06 -> ACO19871S0,96

2018-11-30 13:15:06 -> ACO22296K0,6

2018-11-30 13:15:06 -> ACO22300S0,6

2018-11-30 13:15:06 -> ACO22301K0,6

2018-11-30 13:15:06 -> ACO22305S0,6

2018-11-30 13:15:06 -> ACO22306K0,6

2018-11-30 13:15:06 -> ACO22310S0,6

2018-11-30 13:15:06 -> ACO30801K1,113

2018-11-30 13:15:07 -> ACO30806K1,6

2018-11-30 13:15:07 -> ACO31367K1,6

2018-11-30 13:15:07 -> ACO33890K1,6

2018-11-30 13:15:07 -> ACO33893S1,113

2018-11-30 13:15:07 -> ACO33894S1,29

2018-11-30 13:15:07 -> ACO34673K1,6

2018-11-30 13:15:07 -> ACO34676K1,6

2018-11-30 13:15:07 -> ACO34680K1,6

2018-11-30 13:15:07 -> ACO34980S1,6

2018-11-30 13:15:07 -> ACO36879S1,29

2018-11-30 13:15:07 -> ACO36882S1,6

2018-11-30 13:15:08 -> ACO36885S1,6

2018-11-30 13:15:08 -> ACO37286K1,6

2018-11-30 13:15:08 -> ACO37290K1,6

2018-11-30 13:15:08 -> ACO37293K1,6

2018-11-30 13:15:08 -> ACO37380K1,6

2018-11-30 13:15:08 -> ACO37383S1,6

2018-11-30 13:15:08 -> ACO37384K1,6

2018-11-30 13:15:08 -> ACO37387S1,6

2018-11-30 13:15:08 -> ACO38462S1,6

2018-11-30 13:15:08 -> ACO38463S1,6

2018-11-30 13:15:08 -> ACO38504K1,6

2018-11-30 13:15:09 -> ACO42648K1,6

2018-11-30 13:15:09 -> ACO42654K1,6

2018-11-30 13:15:09 -> ACO42891K1,16

2018-11-30 13:15:09 -> ACO42895S1,16

2018-11-30 13:15:09 -> ACO43383S1,6

2018-11-30 13:15:09 -> ACO43597K1,6

2018-11-30 13:15:09 -> ACO43600S1,6

2018-11-30 13:15:10 -> AG41103135,11

2018-11-30 13:15:10 -> AG41104135,16

2018-11-30 13:15:10 -> AG47301027,16

2018-11-30 13:15:10 -> AG47308027,16

2018-11-30 13:15:12 -> BYO42431K1,6

2018-11-30 13:15:12 -> CAN13405K0,6

2018-11-30 13:15:12 -> CAN13411S0,6

2018-11-30 13:15:12 -> CAN15940S1,6

2018-11-30 13:15:12 -> CAN15942S1,6

2018-11-30 13:15:12 -> CAN15990K1,2

2018-11-30 13:15:13 -> CAN16632S1,96

2018-11-30 13:15:13 -> CAN16633S1,96

2018-11-30 13:15:13 -> CAN19082K0,90

2018-11-30 13:15:13 -> CAN19792K1,11

2018-11-30 13:15:13 -> CAN19801S1,16

2018-11-30 13:15:13 -> CAN19950K0,90

2018-11-30 13:15:13 -> CAN19958K0,90

2018-11-30 13:15:13 -> CAN19962K0,6

2018-11-30 13:15:13 -> CAN19970K0,6

2018-11-30 13:15:13 -> CAN19974K0,6

2018-11-30 13:15:13 -> CAN23128S1,6

2018-11-30 13:15:14 -> CAN23129S1,6

2018-11-30 13:15:14 -> CAN26931S1,10

2018-11-30 13:15:14 -> CAN26932K1,10

2018-11-30 13:15:14 -> CAN26935K1,10

2018-11-30 13:15:14 -> CAN28755S1,6

2018-11-30 13:15:14 -> CAN31147S1,6

2018-11-30 13:15:14 -> CAN31148S1,5

2018-11-30 13:15:14 -> CAN31149S1,6

2018-11-30 13:15:14 -> CAN31150S1,5

2018-11-30 13:15:14 -> CAN31151S1,6

2018-11-30 13:15:14 -> CAN33075S1,6

2018-11-30 13:15:15 -> CAN33076S1,6

2018-11-30 13:15:15 -> CAN33077S1,6

2018-11-30 13:15:15 -> CAN33078S1,2

2018-11-30 13:15:15 -> CAN33886S1,15

2018-11-30 13:15:15 -> CAN34265S1,15

2018-11-30 13:15:15 -> CAN40523S1,2

2018-11-30 13:15:15 -> CAN40524K1,10

2018-11-30 13:15:15 -> CAN41817S1,6

2018-11-30 13:15:16 -> CC91100037,6

2018-11-30 13:15:16 -> CC91103027,16

2018-11-30 13:15:16 -> CC91600001,2

2018-11-30 13:15:16 -> CC92600001,16

2018-11-30 13:15:16 -> CC92600022,16

2018-11-30 13:15:16 -> CC93100012,16

2018-11-30 13:15:16 -> CC95600001,16

2018-11-30 13:15:17 -> CC95600014,16

2018-11-30 13:15:17 -> CC96100017,16

2018-11-30 13:15:17 -> CC96604011,26

2018-11-30 13:15:17 -> CC97100010,16

2018-11-30 13:15:17 -> CC97103015,16

2018-11-30 13:15:17 -> CC97600001,16

2018-11-30 13:15:17 -> CC97600030,16

2018-11-30 13:15:17 -> CC97603003,16

2018-11-30 13:15:17 -> CC97603029,16

2018-11-30 13:15:17 -> CC97604001,16

2018-11-30 13:15:18 -> CC97604029,16

2018-11-30 13:15:18 -> CC97612003,16

2018-11-30 13:15:18 -> CC97612029,16

2018-11-30 13:15:18 -> CC97620001,16

2018-11-30 13:15:18 -> CC97620029,16

2018-11-30 13:15:18 -> CC97621001,16

2018-11-30 13:15:18 -> CC97621014,26

2018-11-30 13:15:18 -> CC97621029,16

2018-11-30 13:15:18 -> CC97624001,6

2018-11-30 13:15:18 -> CC97624029,6

2018-11-30 13:15:19 -> CM33101035-S,6

2018-11-30 13:15:23 -> COC10074K1,16

2018-11-30 13:15:23 -> COC10087S1-S,11

2018-11-30 13:15:23 -> COC10089S1-S,16

2018-11-30 13:15:23 -> COC10092K1,6

2018-11-30 13:15:24 -> COC10548S1,16

2018-11-30 13:15:24 -> COC10549S1,16

2018-11-30 13:15:24 -> COC10571S1,6

2018-11-30 13:15:24 -> COC10572S1,6

2018-11-30 13:15:24 -> COC10680S1,6

2018-11-30 13:15:24 -> COC21288K1,6

2018-11-30 13:15:25 -> COC22146S1,6

2018-11-30 13:15:25 -> COC22147S1,16

2018-11-30 13:15:25 -> COC22148S1,16

2018-11-30 13:15:25 -> COC24423K1,43

2018-11-30 13:15:25 -> COC24446S1,43

2018-11-30 13:15:25 -> COC24454S1,43

2018-11-30 13:15:25 -> COC24468K1,6

2018-11-30 13:15:25 -> COC24874S1,43

2018-11-30 13:15:25 -> COC24875K1,43

2018-11-30 13:15:26 -> COC24879S1,43

2018-11-30 13:15:26 -> COC24881S1,43

2018-11-30 13:15:26 -> COC24882S1,43

2018-11-30 13:15:26 -> COC26326K1,6

2018-11-30 13:15:26 -> COC26339K1,10

2018-11-30 13:15:26 -> COC26354S1,10

2018-11-30 13:15:26 -> COC26355S1,6

2018-11-30 13:15:26 -> COC26360S1,6

2018-11-30 13:15:26 -> COC26361S1,6

2018-11-30 13:15:27 -> COC26362S1,6

2018-11-30 13:15:27 -> COC26756S1,16

2018-11-30 13:15:27 -> COC27169S1,43

2018-11-30 13:15:27 -> COC27170S1,43

2018-11-30 13:15:27 -> COC27984K1,6

2018-11-30 13:15:27 -> COC27990K1,2

2018-11-30 13:15:27 -> COC27998S1,6

2018-11-30 13:15:28 -> COC27999S1,6

2018-11-30 13:15:28 -> COC28000K1,16

2018-11-30 13:15:28 -> COC28006K1,16

2018-11-30 13:15:28 -> COC28014S1,6

2018-11-30 13:15:28 -> COC28015S1,6

2018-11-30 13:15:28 -> COC28031S1,43

2018-11-30 13:15:28 -> COC33194K1,16

2018-11-30 13:15:28 -> COC33200K1,16

2018-11-30 13:15:28 -> COC33206K1,6

2018-11-30 13:15:29 -> COC33218S1,16

2018-11-30 13:15:29 -> COC33219S1,16

2018-11-30 13:15:29 -> COC33226S1,6

2018-11-30 13:15:29 -> COC33227S1,6

2018-11-30 13:15:29 -> COC33228S1,16

2018-11-30 13:15:29 -> COC33229S1,6

2018-11-30 13:15:29 -> COC35355K1,2

2018-11-30 13:15:30 -> COC35362K1,16

2018-11-30 13:15:30 -> COC35368K1,6

2018-11-30 13:15:30 -> COC35381K1,6

2018-11-30 13:15:30 -> COC35387S1,16

2018-11-30 13:15:30 -> COC35388S1,16

2018-11-30 13:15:30 -> COC36943K1,16

2018-11-30 13:15:30 -> COC45291S1,6

2018-11-30 13:15:31 -> COC45359S1,6

2018-11-30 13:15:31 -> COC45361S1,6

2018-11-30 13:15:31 -> COC45380K1,16

2018-11-30 13:15:31 -> COC45392S1,6

2018-11-30 13:15:31 -> COC45395S1,6

2018-11-30 13:15:31 -> COC97739K1,6

2018-11-30 13:15:31 -> COC97746K1,11

2018-11-30 13:15:31 -> COC97753K1,6

2018-11-30 13:15:32 -> COC97764S1,2

2018-11-30 13:15:32 -> COC97765S1,6

2018-11-30 13:15:32 -> COC97766S1,6

2018-11-30 13:15:32 -> COC97767S1,6

2018-11-30 13:15:32 -> COC97768K1,6

2018-11-30 13:15:32 -> COC98582K1,6

2018-11-30 13:15:32 -> COC98588K1,6

2018-11-30 13:15:32 -> COC98594K1,6

2018-11-30 13:15:32 -> COC98606S1,6

2018-11-30 13:15:32 -> COC98607S1,6

2018-11-30 13:15:32 -> COC98608S1,6

2018-11-30 13:15:33 -> COC98609S1,6

2018-11-30 13:15:33 -> COC98611K1,6

2018-11-30 13:15:33 -> COL13358S1,17

2018-11-30 13:15:34 -> COL15915S1,6

2018-11-30 13:15:34 -> COL16565S1,9

2018-11-30 13:15:34 -> COL16567S1,6

2018-11-30 13:15:34 -> COL16568S1,6

2018-11-30 13:15:35 -> COL16801S1,9

2018-11-30 13:15:35 -> COL16803S1,6

2018-11-30 13:15:35 -> COL18503S1,6

2018-11-30 13:15:35 -> COL18504S1,6

2018-11-30 13:15:36 -> COL20580S1,43

2018-11-30 13:15:36 -> COL21259S1,6

2018-11-30 13:15:36 -> COL21261S1,6

2018-11-30 13:15:36 -> COL22552S1,6

2018-11-30 13:15:37 -> COL25496K1,10

2018-11-30 13:15:37 -> COL25527K1,10

2018-11-30 13:15:37 -> COL25810K1,13

2018-11-30 13:15:37 -> COL25816K1,13

2018-11-30 13:15:37 -> COL26207S1,13

2018-11-30 13:15:37 -> COL26208S1,13

2018-11-30 13:15:38 -> COL26209S1,13

2018-11-30 13:15:38 -> COL26222S1,13

2018-11-30 13:15:38 -> COL26223S1,13

2018-11-30 13:15:38 -> COL26225S1,13

2018-11-30 13:15:38 -> COL26226S1,13

2018-11-30 13:15:38 -> COL26660S1,14

2018-11-30 13:15:38 -> COL26661S1,14

2018-11-30 13:15:39 -> COL29002S1,6

2018-11-30 13:15:39 -> COL29003S1,10

2018-11-30 13:15:39 -> COL29004S1,8

2018-11-30 13:15:39 -> COL29005S1,6

2018-11-30 13:15:40 -> COL30556K1,26

2018-11-30 13:15:40 -> COL30559K1,26

2018-11-30 13:15:40 -> COL30562K1,26

2018-11-30 13:15:40 -> COL30567K1,26

2018-11-30 13:15:40 -> COL30889K1,26

2018-11-30 13:15:40 -> COL30898K1,26

2018-11-30 13:15:40 -> COL30904K1,26

2018-11-30 13:15:40 -> COL30907K1,26

2018-11-30 13:15:41 -> COL30922K1,9

2018-11-30 13:15:41 -> COL30925K1,26

2018-11-30 13:15:41 -> COL30935S1,26

2018-11-30 13:15:41 -> COL30936S1,26

2018-11-30 13:15:41 -> COL31338K1,26

2018-11-30 13:15:41 -> COL31341K1,26

2018-11-30 13:15:41 -> COL31344K1,26

2018-11-30 13:15:41 -> COL31357K1,26

2018-11-30 13:15:42 -> COL32367K1,6

2018-11-30 13:15:42 -> COL32549K1,26

2018-11-30 13:15:42 -> COL32552K1,26

2018-11-30 13:15:42 -> COL33249S1,43

2018-11-30 13:15:42 -> COL33253S1,14

2018-11-30 13:15:42 -> COL33255S1,14

2018-11-30 13:15:42 -> COL33723K1,10

2018-11-30 13:15:43 -> COL34387K1,26

2018-11-30 13:15:43 -> COL34392K1,26

2018-11-30 13:15:43 -> COL34399K1,26

2018-11-30 13:15:43 -> COL34717S1,26

2018-11-30 13:15:43 -> COL34719S1,26

2018-11-30 13:15:43 -> COL34720S1,26

2018-11-30 13:15:43 -> COL34721S1,26

2018-11-30 13:15:43 -> COL34725S1,26

2018-11-30 13:15:44 -> COL35700K1,20

2018-11-30 13:15:44 -> COL35703K1,20

2018-11-30 13:15:44 -> COL35709K1,43

2018-11-30 13:15:44 -> COL35725K1,20

2018-11-30 13:15:44 -> COL35734K1,20

2018-11-30 13:15:44 -> COL35749K1,20

2018-11-30 13:15:44 -> COL35753K1,20

2018-11-30 13:15:44 -> COL35756S1,10

2018-11-30 13:15:44 -> COL35758S1,10

2018-11-30 13:15:44 -> COL35759S1,10

2018-11-30 13:15:45 -> COL35818K1,6

2018-11-30 13:15:45 -> COL35821K1,6

2018-11-30 13:15:45 -> COL36127K1,6

2018-11-30 13:15:45 -> COL36134K1,43

2018-11-30 13:15:45 -> COL36386K1,6

2018-11-30 13:15:45 -> COL36389K1,2

2018-11-30 13:15:45 -> COL36395S1,6

2018-11-30 13:15:46 -> COL36397S1,6

2018-11-30 13:15:46 -> COL36402K1,6

2018-11-30 13:15:46 -> COL36517K1,9

2018-11-30 13:15:46 -> COL36536K1,9

2018-11-30 13:15:46 -> COL37377K1,10

2018-11-30 13:15:48 -> COL41117S1,6

2018-11-30 13:15:48 -> COL41440K1,17

2018-11-30 13:15:49 -> COL43225K1,13

2018-11-30 13:15:49 -> COL43239S1,13

2018-11-30 13:15:50 -> COL44910K1,13

2018-11-30 13:15:51 -> COM10488S1,6

2018-11-30 13:15:52 -> COM10803K1,6

2018-11-30 13:15:52 -> COM11945K1,16

2018-11-30 13:15:53 -> COM13516S1,6

2018-11-30 13:16:11 -> DEC16142S1,10

2018-11-30 13:16:12 -> DEC18751S1,13

2018-11-30 13:16:13 -> DEC21879S1,13

2018-11-30 13:16:13 -> DEC21880S1,10

2018-11-30 13:16:13 -> DEC21881S1,10

2018-11-30 13:16:15 -> DEC26258S1,10

2018-11-30 13:16:15 -> DEC26261S1,10

2018-11-30 13:16:15 -> DEC26263S1,10

2018-11-30 13:16:15 -> DEC26265S1,10

2018-11-30 13:16:16 -> DEC26268S1,10

2018-11-30 13:16:16 -> DEC27324S1,10

2018-11-30 13:16:16 -> DEC27343S1,13

2018-11-30 13:16:16 -> DEC27344S1,13

2018-11-30 13:16:16 -> DEC27345S1,13

2018-11-30 13:16:16 -> DEC27347S1,10

2018-11-30 13:16:17 -> DEC27370S1,13

2018-11-30 13:16:17 -> DEC27373S1,10

2018-11-30 13:16:17 -> DEC27375S1,10

2018-11-30 13:16:17 -> DEC27385S1,13

2018-11-30 13:16:17 -> DEC27386S1,10

2018-11-30 13:16:17 -> DEC27387S1,10

2018-11-30 13:16:17 -> DEC27388S1,10

2018-11-30 13:16:17 -> DEC27587S1,10

2018-11-30 13:16:17 -> DEC27593S1,10

2018-11-30 13:16:17 -> DEC27596S1,10

2018-11-30 13:16:18 -> DEC27602S1,10

2018-11-30 13:16:18 -> DEC27611S1,10

2018-11-30 13:16:18 -> DEC27616S1,10

2018-11-30 13:16:18 -> DEC27620S1,10

2018-11-30 13:16:18 -> DEC27625S1,10

2018-11-30 13:16:18 -> DEC28398S1,10

2018-11-30 13:16:19 -> DEC28399S1,10

2018-11-30 13:16:19 -> DEC28400S1,10

2018-11-30 13:16:19 -> DEC28401S1,10

2018-11-30 13:16:19 -> DEC28402S1,10

2018-11-30 13:16:19 -> DEC28403S1,10

2018-11-30 13:16:19 -> DEC28404S1,10

2018-11-30 13:16:19 -> DEC28405S1,10

2018-11-30 13:16:19 -> DEC28406S1,10

2018-11-30 13:16:19 -> DEC28407S1,10

2018-11-30 13:16:19 -> DEC28408S1,10

2018-11-30 13:16:20 -> DEC28409S1,10

2018-11-30 13:16:20 -> DEC28410S1,10

2018-11-30 13:16:20 -> DEC28411S1,10

2018-11-30 13:16:20 -> DEC28412S1,10

2018-11-30 13:16:20 -> DEC28413S1,10

2018-11-30 13:16:20 -> DEC28414S1,10

2018-11-30 13:16:20 -> DEC28415S1,10

2018-11-30 13:16:20 -> DEC28416S1,10

2018-11-30 13:16:20 -> DEC28417S1,10

2018-11-30 13:16:20 -> DEC28418S1,10

2018-11-30 13:16:20 -> DEC28419S1,10

2018-11-30 13:16:21 -> DEC28420S1,13

2018-11-30 13:16:21 -> DEC28422S1,10

2018-11-30 13:16:21 -> DEC28425S1,10

2018-11-30 13:16:21 -> DEC28428S1,10

2018-11-30 13:16:21 -> DEC28429S1,10

2018-11-30 13:16:21 -> DEC28430S1,10

2018-11-30 13:16:21 -> DEC28431S1,10

2018-11-30 13:16:21 -> DEC28433S1,10

2018-11-30 13:16:21 -> DEC28434S1,10

2018-11-30 13:16:22 -> DEC28435S1,10

2018-11-30 13:16:22 -> DEC28436S1,10

2018-11-30 13:16:22 -> DEC28440S1,10

2018-11-30 13:16:22 -> DEC28443S1,10

2018-11-30 13:16:22 -> DEC28446S1,10

2018-11-30 13:16:22 -> DEC28449S1,10

2018-11-30 13:16:22 -> DEC28451S1,10

2018-11-30 13:16:23 -> DEC28456S1,10

2018-11-30 13:16:23 -> DEC28457S1,10

2018-11-30 13:16:24 -> DEC29077S1,10

2018-11-30 13:16:24 -> DEC29078S1,10

2018-11-30 13:16:24 -> DEC29081S1,10

2018-11-30 13:16:24 -> DEC29084S1,10

2018-11-30 13:16:24 -> DEC29085S1,10

2018-11-30 13:16:24 -> DEC29096S1,10

2018-11-30 13:16:25 -> DEC29097S1,10

2018-11-30 13:16:25 -> DEC29101S1,10

2018-11-30 13:16:25 -> DEC29103S1,10

2018-11-30 13:16:25 -> DEC29104S1,10

2018-11-30 13:16:25 -> DEC29106S1,10

2018-11-30 13:16:25 -> DEC29107S1,10

2018-11-30 13:16:25 -> DEC29125S1,10

2018-11-30 13:16:25 -> DEC29126S1,10

2018-11-30 13:16:25 -> DEC29128S1,10

2018-11-30 13:16:25 -> DEC29129S1,10

2018-11-30 13:16:26 -> DEC29130S1,10

2018-11-30 13:16:26 -> DEC29131S1,10

2018-11-30 13:16:26 -> DEC29132S1,10

2018-11-30 13:16:26 -> DEC29133S1,10

2018-11-30 13:16:26 -> DEC29134S1,10

2018-11-30 13:16:26 -> DEC29135S1,10

2018-11-30 13:16:26 -> DEC29136S1,10

2018-11-30 13:16:26 -> DEC29137S1,10

2018-11-30 13:16:26 -> DEC29138S1,10

2018-11-30 13:16:26 -> DEC29139S1,10

2018-11-30 13:16:26 -> DEC29140S1,10

2018-11-30 13:16:27 -> DEC29141S1,10

2018-11-30 13:16:27 -> DEC29142S1,10

2018-11-30 13:16:27 -> DEC29143S1,10

2018-11-30 13:16:27 -> DEC29144S1,10

2018-11-30 13:16:27 -> DEC29145S1,10

2018-11-30 13:16:27 -> DEC29146S1,10

2018-11-30 13:16:27 -> DEC29147S1,10

2018-11-30 13:16:27 -> DEC29148S1,10

2018-11-30 13:16:27 -> DEC29149S1,10

2018-11-30 13:16:27 -> DEC29150S1,10

2018-11-30 13:16:28 -> DEC29152S1,10

2018-11-30 13:16:28 -> DEC29153S1,10

2018-11-30 13:16:28 -> DEC29155S1,10

2018-11-30 13:16:28 -> DEC29156S1,10

2018-11-30 13:16:28 -> DEC29157S1,10

2018-11-30 13:16:28 -> DEC29158S1,10

2018-11-30 13:16:28 -> DEC29160S1,10

2018-11-30 13:16:28 -> DEC29161S1,10

2018-11-30 13:16:28 -> DEC29162S1,10

2018-11-30 13:16:28 -> DEC29163S1,10

2018-11-30 13:16:29 -> DEC29164S1,10

2018-11-30 13:16:29 -> DEC29166S1,10

2018-11-30 13:16:29 -> DEC29167S1,10

2018-11-30 13:16:29 -> DEC29169S1,10

2018-11-30 13:16:29 -> DEC29170S1,10

2018-11-30 13:16:29 -> DEC29171S1,10

2018-11-30 13:16:29 -> DEC29172S1,10

2018-11-30 13:16:29 -> DEC29173S1,10

2018-11-30 13:16:29 -> DEC29174S1,10

2018-11-30 13:16:29 -> DEC29177S1,10

2018-11-30 13:16:30 -> DEC29178S1,10

2018-11-30 13:16:30 -> DEC29180S1,10

2018-11-30 13:16:30 -> DEC29181S1,10

2018-11-30 13:16:30 -> DEC29182S1,10

2018-11-30 13:16:30 -> DEC29184S1,10

2018-11-30 13:16:30 -> DEC29186S1,10

2018-11-30 13:16:30 -> DEC29188S1,10

2018-11-30 13:16:30 -> DEC29190S1,10

2018-11-30 13:16:30 -> DEC29191S1,10

2018-11-30 13:16:30 -> DEC29198S1,10

2018-11-30 13:16:30 -> DEC29202S1,10

2018-11-30 13:16:31 -> DEC29205S1,10

2018-11-30 13:16:33 -> DEC31006S1,10

2018-11-30 13:16:33 -> DEC31010S1,10

2018-11-30 13:16:34 -> DEC31138S1,10

2018-11-30 13:16:34 -> DEC31378S1,10

2018-11-30 13:16:34 -> DEC31379S1,10

2018-11-30 13:16:34 -> DEC31380S1,10

2018-11-30 13:16:34 -> DEC31381S1,10

2018-11-30 13:16:35 -> DEC31382S1,10

2018-11-30 13:16:35 -> DEC31383S1,10

2018-11-30 13:16:35 -> DEC31384S1,10

2018-11-30 13:16:35 -> DEC31386S1,10

2018-11-30 13:16:35 -> DEC31389S1,10

2018-11-30 13:16:35 -> DEC31391S1,10

2018-11-30 13:16:35 -> DEC31392S1,10

2018-11-30 13:16:35 -> DEC31393S1,10

2018-11-30 13:16:35 -> DEC31394S1,10

2018-11-30 13:16:36 -> DEC31396S1,10

2018-11-30 13:16:36 -> DEC31401S1,10

2018-11-30 13:16:36 -> DEC31402S1,10

2018-11-30 13:16:36 -> DEC31404S1,10

2018-11-30 13:16:36 -> DEC31405S1,10

2018-11-30 13:16:36 -> DEC31406S1,10

2018-11-30 13:16:36 -> DEC31407S1,10

2018-11-30 13:16:36 -> DEC31408S1,10

2018-11-30 13:16:36 -> DEC31409S1,10

2018-11-30 13:16:36 -> DEC31410S1,10

2018-11-30 13:16:36 -> DEC31412S1,10

2018-11-30 13:16:37 -> DEC31413S1,10

2018-11-30 13:16:37 -> DEC31414S1,10

2018-11-30 13:16:37 -> DEC31416S1,10

2018-11-30 13:16:37 -> DEC31417S1,10

2018-11-30 13:16:37 -> DEC31418S1,10

2018-11-30 13:16:37 -> DEC31421S1,10

2018-11-30 13:16:37 -> DEC31422S1,10

2018-11-30 13:16:37 -> DEC31426S1,10

2018-11-30 13:16:37 -> DEC31427S1,10

2018-11-30 13:16:38 -> DEC31429S1,10

2018-11-30 13:16:38 -> DEC31432S1,10

2018-11-30 13:16:38 -> DEC31434S1,10

2018-11-30 13:16:38 -> DEC31435S1,10

2018-11-30 13:16:38 -> DEC31436S1,10

2018-11-30 13:16:38 -> DEC31437S1,10

2018-11-30 13:16:38 -> DEC31438S1,10

2018-11-30 13:16:38 -> DEC31439S1,10

2018-11-30 13:16:38 -> DEC31440S1,10

2018-11-30 13:16:38 -> DEC31441S1,10

2018-11-30 13:16:39 -> DEC31444S1,10

2018-11-30 13:16:39 -> DEC31445S1,10

2018-11-30 13:16:39 -> DEC31641S1,10

2018-11-30 13:16:39 -> DEC31712S1,10

2018-11-30 13:16:39 -> DEC31713S1,10

2018-11-30 13:16:39 -> DEC31714S1,10

2018-11-30 13:16:39 -> DEC31716S1,10

2018-11-30 13:16:39 -> DEC31717S1,10

2018-11-30 13:16:39 -> DEC31718S1,10

2018-11-30 13:16:39 -> DEC31719S1,10

2018-11-30 13:16:39 -> DEC31720S1,10

2018-11-30 13:16:40 -> DEC31721S1,10

2018-11-30 13:16:40 -> DEC31722S1,10

2018-11-30 13:16:40 -> DEC31723S1,10

2018-11-30 13:16:40 -> DEC31724S1,10

2018-11-30 13:16:40 -> DEC31725S1,10

2018-11-30 13:16:40 -> DEC31726S1,10

2018-11-30 13:16:40 -> DEC31727S1,10

2018-11-30 13:16:40 -> DEC31728S1,10

2018-11-30 13:16:40 -> DEC31729S1,10

2018-11-30 13:16:40 -> DEC31730S1,10

2018-11-30 13:16:41 -> DEC31731S1,10

2018-11-30 13:16:41 -> DEC31732S1,10

2018-11-30 13:16:41 -> DEC31733S1,10

2018-11-30 13:16:41 -> DEC31734S1,10

2018-11-30 13:16:41 -> DEC31735S1,10

2018-11-30 13:16:41 -> DEC31736S1,10

2018-11-30 13:16:41 -> DEC31737S1,10

2018-11-30 13:16:41 -> DEC31738S1,10

2018-11-30 13:16:41 -> DEC31739S1,10

2018-11-30 13:16:41 -> DEC31740S1,10

2018-11-30 13:16:42 -> DEC31742S1,10

2018-11-30 13:16:42 -> DEC31743S1,10

2018-11-30 13:16:42 -> DEC31744S1,10

2018-11-30 13:16:42 -> DEC31745S1,10

2018-11-30 13:16:42 -> DEC31746S1,10

2018-11-30 13:16:42 -> DEC31747S1,10

2018-11-30 13:16:42 -> DEC31749S1,10

2018-11-30 13:16:42 -> DEC31750S1,10

2018-11-30 13:16:42 -> DEC31751S1,10

2018-11-30 13:16:42 -> DEC31752S1,10

2018-11-30 13:16:42 -> DEC31753S1,10

2018-11-30 13:16:43 -> DEC31754S1,10

2018-11-30 13:16:43 -> DEC31755S1,10

2018-11-30 13:16:43 -> DEC31756S1,10

2018-11-30 13:16:43 -> DEC31757S1,10

2018-11-30 13:16:43 -> DEC31758S1,10

2018-11-30 13:16:43 -> DEC31759S1,10

2018-11-30 13:16:43 -> DEC31760S1,10

2018-11-30 13:16:43 -> DEC31762S1,10

2018-11-30 13:16:43 -> DEC31763S1,10

2018-11-30 13:16:43 -> DEC31764S1,10

2018-11-30 13:16:44 -> DEC31765S1,10

2018-11-30 13:16:44 -> DEC31766S1,10

2018-11-30 13:16:44 -> DEC31767S1,10

2018-11-30 13:16:44 -> DEC31768S1,10

2018-11-30 13:16:44 -> DEC31769S1,10

2018-11-30 13:16:44 -> DEC31770S1,10

2018-11-30 13:16:44 -> DEC31771S1,10

2018-11-30 13:16:44 -> DEC31772S1,10

2018-11-30 13:16:44 -> DEC31773S1,10

2018-11-30 13:16:44 -> DEC31774S1,10

2018-11-30 13:16:45 -> DEC31775S1,10

2018-11-30 13:16:45 -> DEC31776S1,10

2018-11-30 13:16:45 -> DEC31777S1,10

2018-11-30 13:16:45 -> DEC31778S1,10

2018-11-30 13:16:46 -> DEC31860S1,10

2018-11-30 13:16:46 -> DEC31868S1,10

2018-11-30 13:16:46 -> DEC31871S1,10

2018-11-30 13:16:46 -> DEC31874S1,10

2018-11-30 13:16:46 -> DEC31879S1,10

2018-11-30 13:16:46 -> DEC31886S1,10

2018-11-30 13:16:46 -> DEC31894S1,10

2018-11-30 13:16:46 -> DEC31896S1,10

2018-11-30 13:16:47 -> DEC31897S1,10

2018-11-30 13:16:47 -> DEC31935S1,10

2018-11-30 13:16:49 -> DEC32150S1,10

2018-11-30 13:16:49 -> DEC32152S1,10

2018-11-30 13:16:49 -> DEC32153S1,10

2018-11-30 13:16:49 -> DEC32154S1,10

2018-11-30 13:16:49 -> DEC32164S1,10

2018-11-30 13:16:49 -> DEC32168S1,10

2018-11-30 13:16:50 -> DEC32176S1,10

2018-11-30 13:16:51 -> DEC32558S1,10

2018-11-30 13:16:51 -> DEC32559S1,10

2018-11-30 13:16:51 -> DEC32566S1,10

2018-11-30 13:16:52 -> DEC32583S1,10

2018-11-30 13:16:52 -> DEC32632S1,10

2018-11-30 13:16:52 -> DEC32642S1,10

2018-11-30 13:16:52 -> DEC32644S1,10

2018-11-30 13:16:52 -> DEC32645S1,10

2018-11-30 13:16:53 -> DEC32650S1,10

2018-11-30 13:16:53 -> DEC32654S1,18

2018-11-30 13:16:53 -> DEC32655S1,10

2018-11-30 13:16:53 -> DEC32660S1,10

2018-11-30 13:16:53 -> DEC32662S1,10

2018-11-30 13:16:53 -> DEC32667S1,10

2018-11-30 13:16:53 -> DEC32668S1,10

2018-11-30 13:16:53 -> DEC32670S1,10

2018-11-30 13:16:53 -> DEC32682S1,10

2018-11-30 13:16:53 -> DEC32683S1,10

2018-11-30 13:16:54 -> DEC32686S1,10

2018-11-30 13:16:54 -> DEC32963S1,18

2018-11-30 13:16:54 -> DEC32964S1,10

2018-11-30 13:16:54 -> DEC32980S1,18

2018-11-30 13:16:54 -> DEC32981S1,18

2018-11-30 13:16:56 -> DEC34334S1,10

2018-11-30 13:16:56 -> DEC34335S1,10

2018-11-30 13:16:56 -> DEC34336S1,10

2018-11-30 13:16:56 -> DEC34337S1,10

2018-11-30 13:16:56 -> DEC34338S1,10

2018-11-30 13:16:56 -> DEC34339S1,10

2018-11-30 13:16:56 -> DEC34340S1,10

2018-11-30 13:16:56 -> DEC34342S1,10

2018-11-30 13:16:56 -> DEC34350S1,10

2018-11-30 13:16:57 -> DEC34352S1,10

2018-11-30 13:16:57 -> DEC34354S1,10

2018-11-30 13:16:57 -> DEC34356S1,10

2018-11-30 13:16:57 -> DEC34366S1,10

2018-11-30 13:16:57 -> DEC34367S1,10

2018-11-30 13:16:57 -> DEC34368S1,10

2018-11-30 13:16:57 -> DEC34369S1,10

2018-11-30 13:16:59 -> DEC35039S1,18

2018-11-30 13:16:59 -> DEC35042S1,10

2018-11-30 13:16:59 -> DEC35045S1,18

2018-11-30 13:16:59 -> DEC35048S1,10

2018-11-30 13:16:59 -> DEC35053S1,18

2018-11-30 13:16:59 -> DEC35055S1,10

2018-11-30 13:16:59 -> DEC35056S1,10

2018-11-30 13:16:59 -> DEC35057S1,10

2018-11-30 13:16:59 -> DEC35059S1,10

2018-11-30 13:17:00 -> DEC35060S1,10

2018-11-30 13:17:00 -> DEC35063S1,10

2018-11-30 13:17:00 -> DEC35066S1,10

2018-11-30 13:17:00 -> DEC35068S1,10

2018-11-30 13:17:00 -> DEC35071S1,10

2018-11-30 13:17:00 -> DEC35073S1,10

2018-11-30 13:17:00 -> DEC35077S1,10

2018-11-30 13:17:01 -> DEC35853S1,10

2018-11-30 13:17:01 -> DEC36227S1,10

2018-11-30 13:17:01 -> DEC36229S1,10

2018-11-30 13:17:01 -> DEC36235S1,10

2018-11-30 13:17:01 -> DEC36236S1,10

2018-11-30 13:17:01 -> DEC36237S1,10

2018-11-30 13:17:01 -> DEC36238S1,10

2018-11-30 13:17:02 -> DEC36239S1,10

2018-11-30 13:17:02 -> DEC36240S1,10

2018-11-30 13:17:02 -> DEC36242S1,10

2018-11-30 13:17:02 -> DEC36243S1,10

2018-11-30 13:17:02 -> DEC36245S1,10

2018-11-30 13:17:02 -> DEC36254S1,10

2018-11-30 13:17:02 -> DEC36255S1,10

2018-11-30 13:17:02 -> DEC36256S1,10

2018-11-30 13:17:02 -> DEC36257S1,10

2018-11-30 13:17:03 -> DEC36258S1,10

2018-11-30 13:17:03 -> DEC36259S1,10

2018-11-30 13:17:03 -> DEC36260S1,10

2018-11-30 13:17:03 -> DEC36261S1,10

2018-11-30 13:17:03 -> DEC36264S1,10

2018-11-30 13:17:03 -> DEC36265S1,10

2018-11-30 13:17:03 -> DEC36271S1,18

2018-11-30 13:17:03 -> DEC36272S1,10

2018-11-30 13:17:03 -> DEC36273S1,10

2018-11-30 13:17:03 -> DEC36278S1,18

2018-11-30 13:17:04 -> DEC36282S1,10

2018-11-30 13:17:04 -> DEC36288S1,10

2018-11-30 13:17:04 -> DEC36289S1,10

2018-11-30 13:17:04 -> DEC36701S1,10

2018-11-30 13:17:04 -> DEC36703S1,10

2018-11-30 13:17:05 -> DEC36704S1,10

2018-11-30 13:17:05 -> DEC36705S1,10

2018-11-30 13:17:05 -> DEC36706S1,10

2018-11-30 13:17:05 -> DEC36707S1,10

2018-11-30 13:17:05 -> DEC36708S1,10

2018-11-30 13:17:05 -> DEC36709S1,10

2018-11-30 13:17:05 -> DEC36710S1,10

2018-11-30 13:17:05 -> DEC36711S1,10

2018-11-30 13:17:05 -> DEC36713S1,10

2018-11-30 13:17:05 -> DEC36722S1,10

2018-11-30 13:17:06 -> DEC36724S1,10

2018-11-30 13:17:06 -> DEC36725S1,10

2018-11-30 13:17:06 -> DEC36734S1,10

2018-11-30 13:17:06 -> DEC36737S1,10

2018-11-30 13:17:06 -> DEC36743S1,10

2018-11-30 13:17:06 -> DEC36745S1,10

2018-11-30 13:17:06 -> DEC36750S1,10

2018-11-30 13:17:06 -> DEC36755S1,10

2018-11-30 13:17:07 -> DEC36759S1,10

2018-11-30 13:17:07 -> DEC36760S1,10

2018-11-30 13:17:07 -> DEC36761S1,10

2018-11-30 13:17:07 -> DEC36762S1,10

2018-11-30 13:17:07 -> DEC36763S1,10

2018-11-30 13:17:07 -> DEC36764S1,10

2018-11-30 13:17:08 -> DEC37299S1,10

2018-11-30 13:17:08 -> DEC37300S1,10

2018-11-30 13:17:08 -> DEC37301S1,10

2018-11-30 13:17:08 -> DEC37302S1,10

2018-11-30 13:17:08 -> DEC37303S1,10

2018-11-30 13:17:08 -> DEC37304S1,10

2018-11-30 13:17:08 -> DEC37305S1,10

2018-11-30 13:17:09 -> DEC37318S1,10

2018-11-30 13:17:09 -> DEC37322S1,10

2018-11-30 13:17:09 -> DEC37323S1,10

2018-11-30 13:17:09 -> DEC37325S1,10

2018-11-30 13:17:09 -> DEC37326S1,10

2018-11-30 13:17:09 -> DEC37327S1,10

2018-11-30 13:17:09 -> DEC37328S1,10

2018-11-30 13:17:09 -> DEC37332S1,10

2018-11-30 13:17:09 -> DEC37337S1,10

2018-11-30 13:17:10 -> DEC38079S1,10

2018-11-30 13:17:11 -> DEC38099S1,10

2018-11-30 13:17:11 -> DEC38473S1,10

2018-11-30 13:17:13 -> DEC40505K1,10

2018-11-30 13:17:19 -> DEC46388S1,18

2018-11-30 13:17:21 -> DEC47080S1,10

2018-11-30 13:17:21 -> DEC47081S1,10

2018-11-30 13:17:21 -> DEC47082S1,10

2018-11-30 13:17:21 -> DEC47083S1,10

2018-11-30 13:17:21 -> DEC47084S1,10

2018-11-30 13:17:21 -> DEC47097S1,10

2018-11-30 13:17:21 -> DEC47098S1,10

2018-11-30 13:17:21 -> DEC47099S1,10

2018-11-30 13:17:21 -> DEC47100S1,10

2018-11-30 13:17:22 -> DEC47101S1,10

2018-11-30 13:17:22 -> DEC47102S1,10

2018-11-30 13:17:22 -> DEC47103S1,10

2018-11-30 13:17:22 -> DEC47106S1,10

2018-11-30 13:17:22 -> DEC47107S1,10

2018-11-30 13:17:22 -> DEC47108S1,10

2018-11-30 13:17:22 -> DEC47109S1,10

2018-11-30 13:17:22 -> DEC47110S1,10

2018-11-30 13:17:22 -> DEC47111S1,10

2018-11-30 13:17:22 -> DEC47112S1,10

2018-11-30 13:17:22 -> DEC47113S1,10

2018-11-30 13:17:23 -> DEC47114S1,10

2018-11-30 13:17:23 -> DEC47115S1,10

2018-11-30 13:17:23 -> DEC47116S1,10

2018-11-30 13:17:23 -> DEC47117S1,10

2018-11-30 13:17:23 -> DEC47118S1,10

2018-11-30 13:17:23 -> DEC47119S1,10

2018-11-30 13:17:23 -> DEC47120S1,10

2018-11-30 13:17:23 -> DEC47121S1,10

2018-11-30 13:17:23 -> DEC47122S1,10

2018-11-30 13:17:23 -> DEC47124S1,10

2018-11-30 13:17:24 -> DEC47125S1,10

2018-11-30 13:17:24 -> DEC47126S1,10

2018-11-30 13:17:24 -> DEC47127S1,10

2018-11-30 13:17:24 -> DEC47128S1,10

2018-11-30 13:17:24 -> DEC47129S1,10

2018-11-30 13:17:24 -> DEC47130S1,10

2018-11-30 13:17:24 -> DEC47139S1,10

2018-11-30 13:17:24 -> DEC47140S1,10

2018-11-30 13:17:24 -> DEC47142S1,10

2018-11-30 13:17:24 -> DEC47143S1,10

2018-11-30 13:17:25 -> DEC47144S1,10

2018-11-30 13:17:25 -> DEC47145S1,10

2018-11-30 13:17:25 -> DEC47146S1,10

2018-11-30 13:17:25 -> DEC47147S1,10

2018-11-30 13:17:25 -> DEC47148S1,10

2018-11-30 13:17:25 -> DEC47150S1,10

2018-11-30 13:17:25 -> DEC47152S1,10

2018-11-30 13:17:25 -> DEC47153S1,10

2018-11-30 13:17:25 -> DEC47154S1,10

2018-11-30 13:17:26 -> DEC47155S1,10

2018-11-30 13:17:26 -> DEC47156S1,10

2018-11-30 13:17:26 -> DEC47157S1,10

2018-11-30 13:17:26 -> DEC47159S1,10

2018-11-30 13:17:26 -> DEC47160S1,10

2018-11-30 13:17:26 -> DEC47161S1,10

2018-11-30 13:17:26 -> DEC47162S1,10

2018-11-30 13:17:26 -> DEC47163S1,10

2018-11-30 13:17:26 -> DEC47164S1,10

2018-11-30 13:17:26 -> DEC47165S1,10

2018-11-30 13:17:27 -> DEC47166S1,10

2018-11-30 13:17:27 -> DEC47167S1,10

2018-11-30 13:17:27 -> DEC47168S1,10

2018-11-30 13:17:27 -> DEC47169S1,10

2018-11-30 13:17:27 -> DEC47170S1,10

2018-11-30 13:17:27 -> DEC47171S1,10

2018-11-30 13:17:27 -> DEC47172S1,10

2018-11-30 13:17:27 -> DEC47173S1,10

2018-11-30 13:17:27 -> DEC47174S1,10

2018-11-30 13:17:27 -> DEC47175S1,10

2018-11-30 13:17:28 -> DEC47176S1,10

2018-11-30 13:17:28 -> DEC47178S1,10

2018-11-30 13:17:28 -> DEC47179S1,10

2018-11-30 13:17:28 -> DEC47180S1,10

2018-11-30 13:17:28 -> DEC47181S1,10

2018-11-30 13:17:28 -> DEC47182S1,10

2018-11-30 13:17:28 -> DEC47183S1,10

2018-11-30 13:17:28 -> DEC47184S1,10

2018-11-30 13:17:28 -> DEC47185S1,10

2018-11-30 13:17:28 -> DEC47186S1,10

2018-11-30 13:17:29 -> DEC47187S1,10

2018-11-30 13:17:29 -> DEC47188S1,10

2018-11-30 13:17:29 -> DEC47190S1,10

2018-11-30 13:17:29 -> DEC47191S1,10

2018-11-30 13:17:29 -> DEC47192S1,10

2018-11-30 13:17:29 -> DEC47193S1,10

2018-11-30 13:17:29 -> DEC47194S1,10

2018-11-30 13:17:29 -> DEC47195S1,10

2018-11-30 13:17:29 -> DEC47196S1,10

2018-11-30 13:17:30 -> DEC47197S1,10

2018-11-30 13:17:30 -> DEC47198S1,10

2018-11-30 13:17:30 -> DEC47199S1,10

2018-11-30 13:17:30 -> DEC47200S1,10

2018-11-30 13:17:30 -> DEC47201S1,10

2018-11-30 13:17:30 -> DEC47202S1,10

2018-11-30 13:17:30 -> DEC47205S1,10

2018-11-30 13:17:30 -> DEC47206S1,10

2018-11-30 13:17:30 -> DEC47207S1,10

2018-11-30 13:17:31 -> DEC47208S1,10

2018-11-30 13:17:31 -> DEC47209S1,10

2018-11-30 13:17:31 -> DEC47210S1,10

2018-11-30 13:17:31 -> DEC47211S1,10

2018-11-30 13:17:31 -> DEC47212S1,10

2018-11-30 13:17:31 -> DEC47213S1,10

2018-11-30 13:17:31 -> DEC47214S1,10

2018-11-30 13:17:31 -> DEC47215S1,10

2018-11-30 13:17:31 -> DEC47216S1,10

2018-11-30 13:17:31 -> DEC47217S1,10

2018-11-30 13:17:32 -> DEC47218S1,10

2018-11-30 13:17:32 -> DEC47219S1,10

2018-11-30 13:17:32 -> DEC47220S1,10

2018-11-30 13:17:32 -> DEC47221S1,10

2018-11-30 13:17:32 -> DEC47222S1,10

2018-11-30 13:17:32 -> DEC47223S1,10

2018-11-30 13:17:32 -> DEC47224S1,10

2018-11-30 13:17:32 -> DEC47225S1,10

2018-11-30 13:17:32 -> DEC47226S1,10

2018-11-30 13:17:33 -> DEC47227S1,10

2018-11-30 13:17:33 -> DEC47228S1,10

2018-11-30 13:17:33 -> DEC47229S1,10

2018-11-30 13:17:33 -> DEC47230S1,10

2018-11-30 13:17:33 -> DEC47231S1,10

2018-11-30 13:17:33 -> DEC47232S1,10

2018-11-30 13:17:33 -> DEC47233S1,10

2018-11-30 13:17:33 -> DEC47234S1,10

2018-11-30 13:17:33 -> DEC47235S1,10

2018-11-30 13:17:33 -> DEC47236S1,10

2018-11-30 13:17:34 -> DEC47237S1,10

2018-11-30 13:17:34 -> DEC47238S1,10

2018-11-30 13:17:34 -> DEC47239S1,10

2018-11-30 13:17:34 -> DEC47240S1,10

2018-11-30 13:17:34 -> DEC47242S1,10

2018-11-30 13:17:34 -> DEC47243S1,10

2018-11-30 13:17:34 -> DEC47244S1,10

2018-11-30 13:17:34 -> DEC47245S1,10

2018-11-30 13:17:34 -> DEC47246S1,10

2018-11-30 13:17:34 -> DEC47247S1,10

2018-11-30 13:17:35 -> DEC47248S1,10

2018-11-30 13:17:35 -> DEC47249S1,10

2018-11-30 13:17:35 -> DEC47250S1,10

2018-11-30 13:17:35 -> DEC47251S1,10

2018-11-30 13:17:35 -> DEC47252S1,10

2018-11-30 13:17:35 -> DEC47253S1,10

2018-11-30 13:17:35 -> DEC47255S1,10

2018-11-30 13:17:35 -> DEC47256S1,10

2018-11-30 13:17:35 -> DEC47257S1,10

2018-11-30 13:17:36 -> DEC47259S1,10

2018-11-30 13:17:36 -> DEC47260S1,10

2018-11-30 13:17:36 -> DEC47261S1,10

2018-11-30 13:17:36 -> DEC47262S1,10

2018-11-30 13:17:36 -> DEC47263S1,10

2018-11-30 13:17:36 -> DEC47264S1,10

2018-11-30 13:17:36 -> DEC47265S1,10

2018-11-30 13:17:36 -> DEC47266S1,10

2018-11-30 13:17:36 -> DEC47268S1,10

2018-11-30 13:17:37 -> DEC47270S1,10

2018-11-30 13:17:37 -> DEC47271S1,10

2018-11-30 13:17:38 -> DEC48679S1,10

2018-11-30 13:17:38 -> DEC48680S1,10

2018-11-30 13:17:38 -> DEC48681S1,10

2018-11-30 13:17:38 -> DEC48682S1,10

2018-11-30 13:17:38 -> DEC48683S1,10

2018-11-30 13:17:39 -> DEC48684S1,10

2018-11-30 13:17:39 -> DEC48685S1,10

2018-11-30 13:17:39 -> DEC48686S1,10

2018-11-30 13:17:39 -> DEC48687S1,10

2018-11-30 13:17:39 -> DEC48688S1,10

2018-11-30 13:17:39 -> DEC48691S1,10

2018-11-30 13:17:39 -> DEC48693S1,10

2018-11-30 13:17:39 -> DEC48694S1,10

2018-11-30 13:17:39 -> DEC48696S1,10

2018-11-30 13:17:40 -> DEC48697S1,10

2018-11-30 13:17:40 -> DEC48700S1,10

2018-11-30 13:17:40 -> DEC48701S1,10

2018-11-30 13:17:40 -> DEC48702S1,10

2018-11-30 13:17:40 -> DEC48703S1,10

2018-11-30 13:17:40 -> DEC48704S1,10

2018-11-30 13:17:40 -> DEC48705S1,10

2018-11-30 13:17:40 -> DEC48706S1,10

2018-11-30 13:17:40 -> DEC48707S1,10

2018-11-30 13:17:40 -> DEC48708S1,10

2018-11-30 13:17:41 -> DEC48713S1,10

2018-11-30 13:17:41 -> DEC48714S1,10

2018-11-30 13:17:41 -> DEC48715S1,10

2018-11-30 13:17:41 -> DEC48716S1,10

2018-11-30 13:17:41 -> DEC48717S1,10

2018-11-30 13:17:41 -> DEC48719S1,10

2018-11-30 13:17:41 -> DEC48720S1,10

2018-11-30 13:17:41 -> DEC48721S1,10

2018-11-30 13:17:41 -> DEC48722S1,10

2018-11-30 13:17:42 -> DEC48723S1,10

2018-11-30 13:17:42 -> DEC48724S1,10

2018-11-30 13:17:42 -> DEC48725S1,10

2018-11-30 13:17:42 -> DEC48726S1,10

2018-11-30 13:17:42 -> DEC48727S1,10

2018-11-30 13:17:42 -> DEC48728S1,10

2018-11-30 13:17:42 -> DEC48729S1,10

2018-11-30 13:17:42 -> DEC48730S1,10

2018-11-30 13:17:42 -> DEC48731S1,10

2018-11-30 13:17:42 -> DEC48732S1,10

2018-11-30 13:17:43 -> DEC48733S1,10

2018-11-30 13:17:43 -> DEC48734S1,10

2018-11-30 13:17:43 -> DEC48735S1,10

2018-11-30 13:17:43 -> DEC48737S1,10

2018-11-30 13:17:43 -> DEC48738S1,10

2018-11-30 13:17:43 -> DEC48739S1,10

2018-11-30 13:17:43 -> DEC48741S1,10

2018-11-30 13:17:43 -> DEC48742S1,10

2018-11-30 13:17:43 -> DEC48743S1,10

2018-11-30 13:17:43 -> DEC48744S1,10

2018-11-30 13:17:44 -> DEC48745S1,10

2018-11-30 13:17:44 -> DEC48748S1,10

2018-11-30 13:17:44 -> DEC48750S1,10

2018-11-30 13:17:44 -> DEC48751S1,10

2018-11-30 13:17:44 -> DEC48752S1,10

2018-11-30 13:17:44 -> DEC48753S1,10

2018-11-30 13:17:44 -> DEC48754S1,10

2018-11-30 13:17:44 -> DEC48755S1,10

2018-11-30 13:17:44 -> DEC48756S1,10

2018-11-30 13:17:45 -> DEC48757S1,10

2018-11-30 13:17:45 -> DEC48758S1,10

2018-11-30 13:17:45 -> DEC48760S1,10

2018-11-30 13:17:45 -> DEC48761S1,10

2018-11-30 13:17:45 -> DEC48763S1,10

2018-11-30 13:17:45 -> DEC48766S1,10

2018-11-30 13:17:45 -> DEC48767S1,10

2018-11-30 13:17:45 -> DEC48770S1,10

2018-11-30 13:17:45 -> DEC48771S1,10

2018-11-30 13:17:46 -> DEC48772S1,10

2018-11-30 13:17:46 -> DEC48773S1,10

2018-11-30 13:17:46 -> DEC48775S1,10

2018-11-30 13:17:46 -> DEC48776S1,10

2018-11-30 13:17:46 -> DEC48777S1,10

2018-11-30 13:17:46 -> DEC48778S1,10

2018-11-30 13:17:46 -> DEC48779S1,10

2018-11-30 13:17:46 -> DEC48780S1,10

2018-11-30 13:17:46 -> DEC48781S1,10

2018-11-30 13:17:46 -> DEC48782S1,10

2018-11-30 13:17:47 -> DEC48783S1,10

2018-11-30 13:17:47 -> DEC48784S1,10

2018-11-30 13:17:47 -> DEC48785S1,10

2018-11-30 13:17:47 -> DEC48786S1,10

2018-11-30 13:17:47 -> DEC48787S1,10

2018-11-30 13:17:47 -> DEC48789S1,10

2018-11-30 13:17:47 -> DEC48790S1,10

2018-11-30 13:17:47 -> DEC48792S1,10

2018-11-30 13:17:47 -> DEC48793S1,10

2018-11-30 13:17:48 -> DEC48832S1,10

2018-11-30 13:17:48 -> DEC48833S1,10

2018-11-30 13:17:48 -> DEC48834S1,10

2018-11-30 13:17:48 -> DEC48835S1,10

2018-11-30 13:17:48 -> DEC48837S1,10

2018-11-30 13:17:48 -> DEC48838S1,10

2018-11-30 13:17:48 -> DEC48839S1,10

2018-11-30 13:17:48 -> DEC48840S1,10

2018-11-30 13:17:48 -> DEC48842S1,10

2018-11-30 13:17:49 -> DEC48843S1,10

2018-11-30 13:17:49 -> DEC48844S1,10

2018-11-30 13:17:49 -> DEC48847S1,10

2018-11-30 13:17:49 -> DEC48849S1,10

2018-11-30 13:17:49 -> DEC48850S1,10

2018-11-30 13:17:49 -> DEC48851S1,10

2018-11-30 13:17:49 -> DEC48852S1,10

2018-11-30 13:17:49 -> DEC48853S1,10

2018-11-30 13:17:49 -> DEC48855S1,10

2018-11-30 13:17:50 -> DEC48856S1,10

2018-11-30 13:17:50 -> DEC48858S1,10

2018-11-30 13:17:50 -> DEC48859S1,10

2018-11-30 13:17:50 -> DEC48861S1,10

2018-11-30 13:17:50 -> DEC48862S1,10

2018-11-30 13:17:50 -> DEC48863S1,10

2018-11-30 13:17:50 -> DEC48865S1,10

2018-11-30 13:17:50 -> DEC48869S1,10

2018-11-30 13:17:50 -> DEC48870S1,10

2018-11-30 13:17:50 -> DEC48871S1,10

2018-11-30 13:17:51 -> DEC48872S1,10

2018-11-30 13:17:51 -> DEC48873S1,10

2018-11-30 13:17:51 -> DEC48874S1,10

2018-11-30 13:17:51 -> DEC48875S1,10

2018-11-30 13:17:51 -> DEC48884S1,10

2018-11-30 13:17:51 -> DEC48885S1,10

2018-11-30 13:17:51 -> DEC48887S1,10

2018-11-30 13:17:51 -> DEC48888S1,10

2018-11-30 13:17:52 -> DEC48891S1,10

2018-11-30 13:17:52 -> DEC48893S1,10

2018-11-30 13:17:52 -> DEC48894S1,10

2018-11-30 13:17:52 -> DEC48895S1,10

2018-11-30 13:17:52 -> DEC48896S1,10

2018-11-30 13:17:52 -> DEC48897S1,10

2018-11-30 13:17:52 -> DEC48900S1,10

2018-11-30 13:17:52 -> DEC48902S1,10

2018-11-30 13:17:52 -> DEC48905S1,10

2018-11-30 13:17:53 -> DEC48917S1,10

2018-11-30 13:17:53 -> DEC48918S1,10

2018-11-30 13:17:53 -> DEC48920S1,10

2018-11-30 13:17:53 -> DEC48921S1,10

2018-11-30 13:17:53 -> DEC49023S1,13

2018-11-30 13:17:53 -> DEC49024S1,13

2018-11-30 13:17:53 -> DEC49025S1,13

2018-11-30 13:17:54 -> DEC49057S1,18

2018-11-30 13:17:54 -> DEC49058S1,18

2018-11-30 13:17:54 -> DEC49059S1,18

2018-11-30 13:17:54 -> DEC49060S1,18

2018-11-30 13:17:54 -> DEC49061S1,18

2018-11-30 13:17:54 -> DEC49062S1,18

2018-11-30 13:17:54 -> DEC49063S1,18

2018-11-30 13:17:54 -> DEC49064S1,18

2018-11-30 13:17:54 -> DEC49065S1,18

2018-11-30 13:17:54 -> DEC49066S1,18

2018-11-30 13:17:55 -> EDR23193S1,10

2018-11-30 13:17:55 -> EDR23194S1,10

2018-11-30 13:17:55 -> EDR23195S1,10

2018-11-30 13:17:56 -> EDR23200S1,10

2018-11-30 13:17:56 -> EDR23202S1,10

2018-11-30 13:17:56 -> EDR23205S1,10

2018-11-30 13:17:56 -> EDR23215S1,10

2018-11-30 13:17:56 -> EDR23216S1,10

2018-11-30 13:17:56 -> EDR23220S1,10

2018-11-30 13:17:56 -> EDR23223S1,10

2018-11-30 13:17:56 -> EDR23224S1,10

2018-11-30 13:17:56 -> EDR23225S1,10

2018-11-30 13:17:57 -> EDR23226S1,10

2018-11-30 13:17:57 -> EDR23299S1,10

2018-11-30 13:17:57 -> EDR23300S1,10

2018-11-30 13:17:57 -> EDR23302S1,10

2018-11-30 13:17:57 -> EDR23341S1,10

2018-11-30 13:17:57 -> EDR23342S1,10

2018-11-30 13:17:57 -> EDR23346S1,10

2018-11-30 13:17:57 -> EDR23347S1,10

2018-11-30 13:17:57 -> EDR23350S1,10

2018-11-30 13:17:58 -> EDR23351S1,10

2018-11-30 13:17:58 -> EDR23356S1,10

2018-11-30 13:17:58 -> EDR23359S1,10

2018-11-30 13:17:58 -> EDR23361S1,10

2018-11-30 13:17:58 -> EDR23372S1,10

2018-11-30 13:17:58 -> EDR23376S1,10

2018-11-30 13:17:58 -> EDR23396S1,10

2018-11-30 13:17:58 -> EDR23397S1,10

2018-11-30 13:17:58 -> EDR23440S1,10

2018-11-30 13:17:59 -> EDR23441S1,10

2018-11-30 13:17:59 -> EDR23454S1,10

2018-11-30 13:17:59 -> EDR23455S1,10

2018-11-30 13:17:59 -> EDR23456S1,10

2018-11-30 13:17:59 -> EDR28047S1,10

2018-11-30 13:17:59 -> EDR28085S1,10

2018-11-30 13:17:59 -> EDR28176S1,10

2018-11-30 13:17:59 -> EDR28177S1,10

2018-11-30 13:17:59 -> EDR28184S1,10

2018-11-30 13:18:00 -> EDR28186S1,10

2018-11-30 13:18:00 -> EDR28190S1,10

2018-11-30 13:18:00 -> EDR28196S1,10

2018-11-30 13:18:00 -> EDR28222S1,10

2018-11-30 13:18:00 -> EDR28226S1,10

2018-11-30 13:18:01 -> EDR32289S1,18

2018-11-30 13:18:01 -> EDR32290S1,18

2018-11-30 13:18:01 -> EDR32295S1,18

2018-11-30 13:18:01 -> EDR32296S1,18

2018-11-30 13:18:01 -> EDR32300S1,18

2018-11-30 13:18:01 -> EDR32319S1,18

2018-11-30 13:18:01 -> EDR32320S1,18

2018-11-30 13:18:02 -> EDR32329S1,18

2018-11-30 13:18:02 -> EDR32330S1,18

2018-11-30 13:18:02 -> EDR32331S1,18

2018-11-30 13:18:02 -> EDR32332S1,18

2018-11-30 13:18:02 -> EDR40599S1,33

2018-11-30 13:18:03 -> EDR40600S1,33

2018-11-30 13:18:03 -> EDR40601S1,18

2018-11-30 13:18:03 -> EDR40603S1,18

2018-11-30 13:18:03 -> EDR40605S1,33

2018-11-30 13:18:03 -> EDR40608S1,33

2018-11-30 13:18:03 -> EDR40609S1,33

2018-11-30 13:18:03 -> EDR40610S1,18

2018-11-30 13:18:03 -> EDR40615S1,18

2018-11-30 13:18:03 -> EDR40624S1,33

2018-11-30 13:18:04 -> EDR40626S1,33

2018-11-30 13:18:04 -> EDR40638S1,33

2018-11-30 13:18:04 -> EDR40639S1,33

2018-11-30 13:18:04 -> EDR40642S1,18

2018-11-30 13:18:04 -> EDR40659S1,18

2018-11-30 13:18:04 -> EDR40669S1,18

2018-11-30 13:18:04 -> EDR40671S1,18

2018-11-30 13:18:04 -> EDR40673S1,18

2018-11-30 13:18:04 -> EDR40724S1,18

2018-11-30 13:18:05 -> EDR40725S1,18

2018-11-30 13:18:05 -> EDR40727S1,18

2018-11-30 13:18:05 -> EDR40728S1,18

2018-11-30 13:18:05 -> EDR40729S1,18

2018-11-30 13:18:05 -> EDR40731S1,18

2018-11-30 13:18:05 -> EDR40732S1,18

2018-11-30 13:18:05 -> EDR40735S1,18

2018-11-30 13:18:05 -> EDR40736S1,18

2018-11-30 13:18:05 -> EDR40738S1,18

2018-11-30 13:18:05 -> EDR40739S1,18

2018-11-30 13:18:06 -> EDR40740S1,18

2018-11-30 13:18:06 -> EDR40742S1,18

2018-11-30 13:18:06 -> EDR40743S1,18

2018-11-30 13:18:06 -> EDR40744S1,18

2018-11-30 13:18:06 -> EDR40745S1,18

2018-11-30 13:18:06 -> EDR40747S1,18

2018-11-30 13:18:06 -> EDR40749S1,18

2018-11-30 13:18:06 -> EDR40751S1,18

2018-11-30 13:18:06 -> EDR40752S1,18

2018-11-30 13:18:07 -> EDR40753S1,18

2018-11-30 13:18:07 -> EDR40754S1,18

2018-11-30 13:18:07 -> EDR40755S1,18

2018-11-30 13:18:07 -> EDR40756S1,18

2018-11-30 13:18:07 -> EDR40757S1,18

2018-11-30 13:18:07 -> EDR40758S1,18

2018-11-30 13:18:07 -> EDR40759S1,18

2018-11-30 13:18:07 -> EDR40760S1,18

2018-11-30 13:18:07 -> EDR40761S1,18

2018-11-30 13:18:08 -> EDR44212S1,18

2018-11-30 13:18:08 -> EDR44215S1,18

2018-11-30 13:18:08 -> EDR44217S1,18

2018-11-30 13:18:08 -> EDR44219S1,18

2018-11-30 13:18:09 -> EDR49026S1,13

2018-11-30 13:18:09 -> EDR49028S1,13

2018-11-30 13:18:09 -> EDR49030S1,13

2018-11-30 13:18:09 -> EDR49032S1,13

2018-11-30 13:18:10 -> EDR49034S1,13

2018-11-30 13:18:10 -> EDR49035S1,13

2018-11-30 13:18:10 -> EDR49037S1,13

2018-11-30 13:18:10 -> EDR49038S1,13

2018-11-30 13:18:10 -> EDR49070S1,18

2018-11-30 13:18:10 -> EDR49071S1,18

2018-11-30 13:18:52 -> RAD41971S1,6

2018-11-30 13:18:52 -> RAD42254S1,6

2018-11-30 13:18:52 -> RAD42359S1,2

2018-11-30 13:18:52 -> RAD42367S1,2

2018-11-30 13:18:53 -> RAD42458S1,6

2018-11-30 13:18:53 -> RAD42577S1,6

2018-11-30 13:18:53 -> RAD43342S1,6

2018-11-30 13:18:54 -> RAD44456S1,6

2018-11-30 13:18:54 -> RAD44457S1,6

2018-11-30 13:18:54 -> RAD44459S1,6

2018-11-30 13:18:54 -> RAD44610S1,6

2018-11-30 13:18:54 -> RAD44613K1,6

2018-11-30 13:18:55 -> RAD46356S1,16

2018-11-30 13:18:56 -> RAD48822S1,10

2018-11-30 13:18:56 -> RAD98089S1,26

2018-11-30 13:18:56 -> RAD98334K1,17

2018-11-30 13:18:57 -> RAD98543S1,9

2018-11-30 13:18:57 -> RAD98544S1,3

2018-11-30 13:18:58 -> RJ14600091,6

2018-11-30 13:18:59 -> RJ14629089,6

2018-11-30 13:18:59 -> RJ14629090,20

2018-11-30 13:18:59 -> RJU10049S1,6

2018-11-30 13:18:59 -> RJU10050S1,6

2018-11-30 13:19:00 -> RJU10051S1,20

2018-11-30 13:19:00 -> RJU10052S1,14

2018-11-30 13:19:00 -> RJU11105S1,6

2018-11-30 13:19:00 -> RJU12553S1,43

2018-11-30 13:19:01 -> RJU14009S1,43

2018-11-30 13:19:01 -> RJU14706S1,20

2018-11-30 13:19:01 -> RJU16339S1,16

2018-11-30 13:19:01 -> RJU16445K1,10

2018-11-30 13:19:01 -> RJU16449K1,10

2018-11-30 13:19:01 -> RJU16659S1,6

2018-11-30 13:19:01 -> RJU16660S1,10

2018-11-30 13:19:02 -> RJU16661S1,6

2018-11-30 13:19:02 -> RJU16662S1,6

2018-11-30 13:19:02 -> RJU16663S1,6

2018-11-30 13:19:02 -> RJU17146S1,16

2018-11-30 13:19:02 -> RJU17608S1,6

2018-11-30 13:19:02 -> RJU18942S1,9

2018-11-30 13:19:03 -> RJU20526K1,10

2018-11-30 13:19:03 -> RJU20534K1,10

2018-11-30 13:19:03 -> RJU20910S1,6

2018-11-30 13:19:03 -> RJU20912S1,6

2018-11-30 13:19:03 -> RJU21421S1,6

2018-11-30 13:19:03 -> RJU24473S1,6

2018-11-30 13:19:03 -> RJU25731S1,11

2018-11-30 13:19:04 -> RJU25732S1,11

2018-11-30 13:19:04 -> RJU26317S1,6

2018-11-30 13:19:04 -> RJU26319S1,6

2018-11-30 13:19:04 -> RJU26323S1,6

2018-11-30 13:19:04 -> RJU30600S1,6

2018-11-30 13:19:04 -> RJU30601S1,43

2018-11-30 13:19:04 -> RJU30605S1,6

2018-11-30 13:19:05 -> RJU30607S1,6

2018-11-30 13:19:05 -> RJU31658S1,6

2018-11-30 13:19:05 -> RJU33003S1,16

2018-11-30 13:19:05 -> RJU33930K1,16

2018-11-30 13:19:05 -> RJU34319K1,113

2018-11-30 13:19:05 -> RJU34468S1,6

2018-11-30 13:19:06 -> RJU35536S1,43

2018-11-30 13:19:06 -> RJU35537S1,6

2018-11-30 13:19:06 -> RJU35540S1,43

2018-11-30 13:19:06 -> RJU35721K1,113

2018-11-30 13:19:06 -> RJU35736K1,113

2018-11-30 13:19:06 -> RJU35908S1,43

2018-11-30 13:19:06 -> RJU35930S1,6

2018-11-30 13:19:07 -> RJU35952S1,9

2018-11-30 13:19:07 -> RJU36672S1,6

2018-11-30 13:19:07 -> RJU36673S1,6

2018-11-30 13:19:07 -> RJU36678S1,6

2018-11-30 13:19:07 -> RJU37773S1,43

2018-11-30 13:19:07 -> RJU37776S1,6

2018-11-30 13:19:07 -> RJU37777S1,43

2018-11-30 13:19:08 -> RJU38274S1,33

2018-11-30 13:19:08 -> RJU38376S1,16

2018-11-30 13:19:08 -> RJU38584K1,16

2018-11-30 13:19:09 -> SA25600062,16

2018-11-30 13:19:09 -> SA25600064,16

2018-11-30 13:19:09 -> SA25600065,10

2018-11-30 13:19:12 -> SAL11231S1,6

2018-11-30 13:19:12 -> SAL11233S1,6

2018-11-30 13:19:13 -> SAL14584S1,6

2018-11-30 13:19:14 -> SAL14585S1,6

2018-11-30 13:19:14 -> SAL14589S1,6

2018-11-30 13:19:14 -> SAL14590S1,6

2018-11-30 13:19:14 -> SAL14591S1,6

2018-11-30 13:19:14 -> SAL14949S1,6

2018-11-30 13:19:14 -> SAL14950S1,16

2018-11-30 13:19:14 -> SAL14951S1,6

2018-11-30 13:19:14 -> SAL15246S1,6

2018-11-30 13:19:15 -> SAL15248S1,6

2018-11-30 13:19:15 -> SAL15428S1,43

2018-11-30 13:19:15 -> SAL15578S1,16

2018-11-30 13:19:15 -> SAL15579S1,16

2018-11-30 13:19:15 -> SAL15580S1,16

2018-11-30 13:19:15 -> SAL15581S1,16

2018-11-30 13:19:15 -> SAL15582S1,16

2018-11-30 13:19:15 -> SAL15583S1,16

2018-11-30 13:19:16 -> SAL15584S1,16

2018-11-30 13:19:16 -> SAL15585S1,16

2018-11-30 13:19:16 -> SAL15586S1,16

2018-11-30 13:19:16 -> SAL15587S1,6

2018-11-30 13:19:16 -> SAL15588S1,6

2018-11-30 13:19:17 -> SAL17511S1,43

2018-11-30 13:19:17 -> SAL17512S1,43

2018-11-30 13:19:17 -> SAL17513S1,43

2018-11-30 13:19:17 -> SAL18261S1,6

2018-11-30 13:19:17 -> SAL18263S1,16

2018-11-30 13:19:18 -> SAL18937S1,9

2018-11-30 13:19:18 -> SAL18939S1,9

2018-11-30 13:19:18 -> SAL19224S1,6

2018-11-30 13:19:18 -> SAL19226S1,90

2018-11-30 13:19:18 -> SAL19227S1,6

2018-11-30 13:19:18 -> SAL19841S1,90

2018-11-30 13:19:19 -> SAL20022S1,43

2018-11-30 13:19:19 -> SAL20025S1,43

2018-11-30 13:19:19 -> SAL20039S1,17

2018-11-30 13:19:19 -> SAL20181S1,14

2018-11-30 13:19:19 -> SAL20182S1,6

2018-11-30 13:19:20 -> SAL20513S1,43

2018-11-30 13:19:20 -> SAL20552K1,9

2018-11-30 13:19:20 -> SAL20809S1,6

2018-11-30 13:19:20 -> SAL20824S1,43

2018-11-30 13:19:20 -> SAL20826S1,43

2018-11-30 13:19:21 -> SAL20829S1,43

2018-11-30 13:19:21 -> SAL20833S1,6

2018-11-30 13:19:21 -> SAL20834S1,43

2018-11-30 13:19:21 -> SAL20835S1,43

2018-11-30 13:19:21 -> SAL20836S1,43

2018-11-30 13:19:21 -> SAL20837S1,43

2018-11-30 13:19:21 -> SAL20838S1,43

2018-11-30 13:19:21 -> SAL21034K1,16

2018-11-30 13:19:22 -> SAL21037K1,6

2018-11-30 13:19:22 -> SAL21493S1,9

2018-11-30 13:19:22 -> SAL21494K1,2

2018-11-30 13:19:22 -> SAL21558K1,2

2018-11-30 13:19:22 -> SAL21561K1,6

2018-11-30 13:19:22 -> SAL21565K1,16

2018-11-30 13:19:22 -> SAL21575S1,6

2018-11-30 13:19:22 -> SAL22012S1,16

2018-11-30 13:19:23 -> SAL22014S1,6

2018-11-30 13:19:23 -> SAL22015S1,6

2018-11-30 13:19:23 -> SAL22016S1,6

2018-11-30 13:19:23 -> SAL22017S1,6

2018-11-30 13:19:23 -> SAL22018S1,6

2018-11-30 13:19:23 -> SAL22024S1,6

2018-11-30 13:19:23 -> SAL22025S1,16

2018-11-30 13:19:23 -> SAL22026S1,16

2018-11-30 13:19:24 -> SAL22027S1,16

2018-11-30 13:19:24 -> SAL22057S1,43

2018-11-30 13:19:24 -> SAL22205S1,43

2018-11-30 13:19:24 -> SAL22468S1,16

2018-11-30 13:19:24 -> SAL22470S1,16

2018-11-30 13:19:24 -> SAL22471S1,6

2018-11-30 13:19:24 -> SAL22472S1,6

2018-11-30 13:19:24 -> SAL22473S1,16

2018-11-30 13:19:25 -> SAL22474S1,16

2018-11-30 13:19:25 -> SAL22475S1,6

2018-11-30 13:19:25 -> SAL22476S1,6

2018-11-30 13:19:25 -> SAL23521K1,16

2018-11-30 13:19:25 -> SAL24312S1,43

2018-11-30 13:19:25 -> SAL24314S1,6

2018-11-30 13:19:25 -> SAL24316S1,43

2018-11-30 13:19:25 -> SAL24317S1,6

2018-11-30 13:19:26 -> SAL24318S1,43

2018-11-30 13:19:26 -> SAL24323S1,43

2018-11-30 13:19:26 -> SAL24324S1,43

2018-11-30 13:19:26 -> SAL24325S1,43

2018-11-30 13:19:26 -> SAL24326S1,37

2018-11-30 13:19:26 -> SAL24327S1,43

2018-11-30 13:19:26 -> SAL24328S1,43

2018-11-30 13:19:26 -> SAL24368K1,3

2018-11-30 13:19:26 -> SAL25066S1,16

2018-11-30 13:19:27 -> SAL25166S1,9

2018-11-30 13:19:27 -> SAL25170S1,9

2018-11-30 13:19:27 -> SAL25171S1,9

2018-11-30 13:19:27 -> SAL25172S1,9

2018-11-30 13:19:27 -> SAL25173S1,9

2018-11-30 13:19:27 -> SAL25174S1,9

2018-11-30 13:19:27 -> SAL25175S1,9

2018-11-30 13:19:27 -> SAL25176S1,9

2018-11-30 13:19:27 -> SAL25177S1,9

2018-11-30 13:19:28 -> SAL25199S1,43

2018-11-30 13:19:28 -> SAL25201S1,43

2018-11-30 13:19:28 -> SAL25203S1,43

2018-11-30 13:19:28 -> SAL25206S1,9

2018-11-30 13:19:28 -> SAL25212S1,9

2018-11-30 13:19:28 -> SAL25214S1,43

2018-11-30 13:19:28 -> SAL25246K1,9

2018-11-30 13:19:28 -> SAL25251S1,9

2018-11-30 13:19:29 -> SAL25252S1,9

2018-11-30 13:19:29 -> SAL25264S1,6

2018-11-30 13:19:29 -> SAL25277K1,9

2018-11-30 13:19:29 -> SAL25291S1,9

2018-11-30 13:19:29 -> SAL25297S1,9

2018-11-30 13:19:29 -> SAL25299S1,6

2018-11-30 13:19:29 -> SAL25308S1,6

2018-11-30 13:19:29 -> SAL25309S1,6

2018-11-30 13:19:30 -> SAL25310S1,9

2018-11-30 13:19:30 -> SAL25311S1,9

2018-11-30 13:19:30 -> SAL25312S1,9

2018-11-30 13:19:30 -> SAL25313S1,9

2018-11-30 13:19:30 -> SAL25314S1,9

2018-11-30 13:19:30 -> SAL25315S1,9

2018-11-30 13:19:30 -> SAL26044S1,43

2018-11-30 13:19:30 -> SAL26045S1,37

2018-11-30 13:19:31 -> SAL26046S1,43

2018-11-30 13:19:31 -> SAL26106S1,43

2018-11-30 13:19:31 -> SAL26117S1,6

2018-11-30 13:19:31 -> SAL26120S1,6

2018-11-30 13:19:31 -> SAL26121S1,43

2018-11-30 13:19:31 -> SAL26122S1,43

2018-11-30 13:19:31 -> SAL26124S1,43

2018-11-30 13:19:31 -> SAL26125S1,6

2018-11-30 13:19:32 -> SAL26126S1,6

2018-11-30 13:19:32 -> SAL26127S1,43

2018-11-30 13:19:32 -> SAL26247K1,10

2018-11-30 13:19:32 -> SAL26251K1,6

2018-11-30 13:19:32 -> SAL26254K1,16

2018-11-30 13:19:32 -> SAL26464S1,6

2018-11-30 13:19:32 -> SAL26465S1,6

2018-11-30 13:19:32 -> SAL26468S1,6

2018-11-30 13:19:33 -> SAL26472S1,16

2018-11-30 13:19:33 -> SAL26509S1,9

2018-11-30 13:19:33 -> SAL26510S1,9

2018-11-30 13:19:33 -> SAL26885S1,9

2018-11-30 13:19:33 -> SAL26887S1,6

2018-11-30 13:19:33 -> SAL26888S1,43

2018-11-30 13:19:33 -> SAL26889S1,37

2018-11-30 13:19:34 -> SAL26893S1,2

2018-11-30 13:19:34 -> SAL27044S1,43

2018-11-30 13:19:34 -> SAL27045S1,43

2018-11-30 13:19:34 -> SAL27047S1,43

2018-11-30 13:19:34 -> SAL27048S1,43

2018-11-30 13:19:34 -> SAL27184S1,43

2018-11-30 13:19:34 -> SAL27185S1,43

2018-11-30 13:19:34 -> SAL27197S1,43

2018-11-30 13:19:34 -> SAL27198S1,43

2018-11-30 13:19:35 -> SAL27199S1,43

2018-11-30 13:19:35 -> SAL27200S1,43

2018-11-30 13:19:35 -> SAL27201S1,43

2018-11-30 13:19:35 -> SAL27203S1,43

2018-11-30 13:19:35 -> SAL27205S1,43

2018-11-30 13:19:35 -> SAL27206S1,43

2018-11-30 13:19:35 -> SAL27245S1,43

2018-11-30 13:19:35 -> SAL27254S1,43

2018-11-30 13:19:36 -> SAL27392S1,16

2018-11-30 13:19:36 -> SAL27393S1,6

2018-11-30 13:19:36 -> SAL27394S1,16

2018-11-30 13:19:36 -> SAL27395S1,6

2018-11-30 13:19:36 -> SAL27918S1,16

2018-11-30 13:19:36 -> SAL28319S1,16

2018-11-30 13:19:36 -> SAL28322S1,10

2018-11-30 13:19:37 -> SAL28323S1,16

2018-11-30 13:19:37 -> SAL28326S1,16

2018-11-30 13:19:37 -> SAL28327S1,16

2018-11-30 13:19:37 -> SAL28328S1,16

2018-11-30 13:19:37 -> SAL28331S1,16

2018-11-30 13:19:37 -> SAL28341S1,43

2018-11-30 13:19:37 -> SAL28353S1,16

2018-11-30 13:19:37 -> SAL28355S1,6

2018-11-30 13:19:38 -> SAL28357S1,6

2018-11-30 13:19:38 -> SAL28358S1,6

2018-11-30 13:19:38 -> SAL28362S1,6

2018-11-30 13:19:38 -> SAL28365S1,16

2018-11-30 13:19:38 -> SAL28367S1,16

2018-11-30 13:19:38 -> SAL28369S1,16

2018-11-30 13:19:38 -> SAL28370S1,6

2018-11-30 13:19:38 -> SAL28373S1,6

2018-11-30 13:19:38 -> SAL28375S1,16

2018-11-30 13:19:39 -> SAL28376S1,6

2018-11-30 13:19:39 -> SAL28599S1,43

2018-11-30 13:19:39 -> SAL28600S1,43

2018-11-30 13:19:39 -> SAL28604S1,43

2018-11-30 13:19:39 -> SAL28610S1,43

2018-11-30 13:19:39 -> SAL28619S1,43

2018-11-30 13:19:39 -> SAL28621S1,43

2018-11-30 13:19:39 -> SAL28622S1,43

2018-11-30 13:19:40 -> SAL28632S1,16

2018-11-30 13:19:40 -> SAL28633S1,43

2018-11-30 13:19:40 -> SAL29392S1,6

2018-11-30 13:19:40 -> SAL29426S1,6

2018-11-30 13:19:40 -> SAL29858S1,16

2018-11-30 13:19:40 -> SAL29860S1,6

2018-11-30 13:19:40 -> SAL29870S1,16

2018-11-30 13:19:41 -> SAL29872S1,16

2018-11-30 13:19:41 -> SAL29873S1,10

2018-11-30 13:19:41 -> SAL30242S1,16

2018-11-30 13:19:41 -> SAL30245S1,16

2018-11-30 13:19:41 -> SAL30316S1,113

2018-11-30 13:19:42 -> SAL30407S1,16

2018-11-30 13:19:42 -> SAL30410S1,16

2018-11-30 13:19:42 -> SAL30412S1,16

2018-11-30 13:19:42 -> SAL30523S1,16

2018-11-30 13:19:42 -> SAL31264K1,6

2018-11-30 13:19:42 -> SAL31274S1,43

2018-11-30 13:19:42 -> SAL31277S1,6

2018-11-30 13:19:43 -> SAL31530S1,6

2018-11-30 13:19:43 -> SAL31532S1,6

2018-11-30 13:19:43 -> SAL31533S1,16

2018-11-30 13:19:43 -> SAL31534S1,16

2018-11-30 13:19:43 -> SAL31535S1,10

2018-11-30 13:19:43 -> SAL31536S1,16

2018-11-30 13:19:43 -> SAL31537S1,6

2018-11-30 13:19:43 -> SAL31581S1,6

2018-11-30 13:19:44 -> SAL31583S1,16

2018-11-30 13:19:44 -> SAL31585S1,16

2018-11-30 13:19:44 -> SAL31586S1,16

2018-11-30 13:19:44 -> SAL31614S1,6

2018-11-30 13:19:44 -> SAL31615S1,6

2018-11-30 13:19:44 -> SAL31616S1,6

2018-11-30 13:19:44 -> SAL31617S1,6

2018-11-30 13:19:44 -> SAL31618S1,10

2018-11-30 13:19:44 -> SAL31622S1,6

2018-11-30 13:19:45 -> SAL32400S1,43

2018-11-30 13:19:45 -> SAL32402S1,43

2018-11-30 13:19:45 -> SAL32404S1,6

2018-11-30 13:19:45 -> SAL32406S1,6

2018-11-30 13:19:45 -> SAL32407S1,43

2018-11-30 13:19:45 -> SAL32408S1,43

2018-11-30 13:19:45 -> SAL32409S1,43

2018-11-30 13:19:45 -> SAL32412S1,43

2018-11-30 13:19:46 -> SAL32507S1,43

2018-11-30 13:19:46 -> SAL32508S1,6

2018-11-30 13:19:46 -> SAL32509S1,37

2018-11-30 13:19:46 -> SAL32510S1,43

2018-11-30 13:19:46 -> SAL32511S1,43

2018-11-30 13:19:46 -> SAL32513S1,6

2018-11-30 13:19:46 -> SAL32514S1,43

2018-11-30 13:19:46 -> SAL32515S1,6

2018-11-30 13:19:46 -> SAL32854S1,16

2018-11-30 13:19:47 -> SAL32855S1,16

2018-11-30 13:19:47 -> SAL32856S1,16

2018-11-30 13:19:47 -> SAL32857S1,16

2018-11-30 13:19:47 -> SAL32858S1,16

2018-11-30 13:19:47 -> SAL32859S1,16

2018-11-30 13:19:47 -> SAL32866K1,6

2018-11-30 13:19:47 -> SAL32875S1,43

2018-11-30 13:19:47 -> SAL32878S1,43

2018-11-30 13:19:47 -> SAL32921K1,43

2018-11-30 13:19:47 -> SAL32928K1,6

2018-11-30 13:19:48 -> SAL32932S1,43

2018-11-30 13:19:48 -> SAL32933S1,43

2018-11-30 13:19:48 -> SAL32937S1,43

2018-11-30 13:19:48 -> SAL32938S1,43

2018-11-30 13:19:48 -> SAL32939S1,43

2018-11-30 13:19:48 -> SAL33235S1,31

2018-11-30 13:19:48 -> SAL33238S1,31

2018-11-30 13:19:48 -> SAL33239S1,31

2018-11-30 13:19:49 -> SAL33241S1,31

2018-11-30 13:19:49 -> SAL33243S1,31

2018-11-30 13:19:49 -> SAL33269S1,31

2018-11-30 13:19:49 -> SAL33275S1,31

2018-11-30 13:19:49 -> SAL33276S1,31

2018-11-30 13:19:49 -> SAL33306S1,6

2018-11-30 13:19:50 -> SAL33579S1,10

2018-11-30 13:19:50 -> SAL33581S1,10

2018-11-30 13:19:50 -> SAL33582S1,5

2018-11-30 13:19:50 -> SAL33585S1,10

2018-11-30 13:19:50 -> SAL33586S1,10

2018-11-30 13:19:51 -> SAL33813S1,6

2018-11-30 13:19:51 -> SAL33814S1,16

2018-11-30 13:19:51 -> SAL33815S1,16

2018-11-30 13:19:51 -> SAL33816S1,6

2018-11-30 13:19:51 -> SAL33818S1,6

2018-11-30 13:19:51 -> SAL33819S1,43

2018-11-30 13:19:51 -> SAL33821S1,6

2018-11-30 13:19:52 -> SAL33900S1,10

2018-11-30 13:19:52 -> SAL33958S1,9

2018-11-30 13:19:52 -> SAL33959S1,9

2018-11-30 13:19:52 -> SAL34516S1,31

2018-11-30 13:19:52 -> SAL34519S1,16

2018-11-30 13:19:52 -> SAL34556S1,9

2018-11-30 13:19:52 -> SAL34558S1,9

2018-11-30 13:19:53 -> SAL34634S1,113

2018-11-30 13:19:53 -> SAL34635S1,113

2018-11-30 13:19:53 -> SAL34636S1,113

2018-11-30 13:19:53 -> SAL34637S1,113

2018-11-30 13:19:53 -> SAL34639S1,113

2018-11-30 13:19:53 -> SAL34640S1,22

2018-11-30 13:19:53 -> SAL34644S1,6

2018-11-30 13:19:53 -> SAL34645S1,113

2018-11-30 13:19:53 -> SAL34692S1,43

2018-11-30 13:19:54 -> SAL34693S1,43

2018-11-30 13:19:54 -> SAL34694S1,43

2018-11-30 13:19:54 -> SAL34707S1,6

2018-11-30 13:19:54 -> SAL34708S1,6

2018-11-30 13:19:54 -> SAL35012K1,16

2018-11-30 13:19:54 -> SAL35015K1,10

2018-11-30 13:19:54 -> SAL35095S1,43

2018-11-30 13:19:54 -> SAL35096S1,43

2018-11-30 13:19:55 -> SAL35097S1,43

2018-11-30 13:19:55 -> SAL35099S1,43

2018-11-30 13:19:55 -> SAL35100S1,43

2018-11-30 13:19:55 -> SAL35102S1,43

2018-11-30 13:19:55 -> SAL35794S1,9

2018-11-30 13:19:55 -> SAL35795S1,43

2018-11-30 13:19:56 -> SAL35797S1,43

2018-11-30 13:19:56 -> SAL35940S1,16

2018-11-30 13:19:56 -> SAL36045S1,43

2018-11-30 13:19:56 -> SAL36053S1,6

2018-11-30 13:19:56 -> SAL36054S1,6

2018-11-30 13:19:56 -> SAL36137S1,29

2018-11-30 13:19:56 -> SAL36139S1,29

2018-11-30 13:19:56 -> SAL36140S1,6

2018-11-30 13:19:56 -> SAL36177K1,6

2018-11-30 13:19:57 -> SAL36198S1,43

2018-11-30 13:19:57 -> SAL36199S1,16

2018-11-30 13:19:57 -> SAL36200S1,6

2018-11-30 13:19:57 -> SAL36201S1,6

2018-11-30 13:19:57 -> SAL36559K1,6

2018-11-30 13:19:57 -> SAL36562K1,43

2018-11-30 13:19:57 -> SAL36567K1,6

2018-11-30 13:19:58 -> SAL36771S1,6

2018-11-30 13:19:58 -> SAL36772S1,43

2018-11-30 13:19:58 -> SAL36775S1,43

2018-11-30 13:19:58 -> SAL36776S1,43

2018-11-30 13:19:58 -> SAL36778K1,43

2018-11-30 13:19:58 -> SAL36791S1,6

2018-11-30 13:19:58 -> SAL36794S1,6

2018-11-30 13:19:59 -> SAL36795S1,2

2018-11-30 13:19:59 -> SAL36796S1,113

2018-11-30 13:19:59 -> SAL36798S1,6

2018-11-30 13:19:59 -> SAL36800S1,6

2018-11-30 13:20:00 -> SAL36832S1,6

2018-11-30 13:20:00 -> SAL36833S1,113

2018-11-30 13:20:00 -> SAL37684S1,6

2018-11-30 13:20:01 -> SAL37725K1,43

2018-11-30 13:20:01 -> SAL37729K1,43

2018-11-30 13:20:01 -> SAL37741K1,43

2018-11-30 13:20:01 -> SAL37891S1,43

2018-11-30 13:20:02 -> SAL37892S1,43

2018-11-30 13:20:02 -> SAL37893S1,43

2018-11-30 13:20:02 -> SAL38117S1,37

2018-11-30 13:20:02 -> SAL38118S1,43

2018-11-30 13:20:02 -> SAL38123S1,43

2018-11-30 13:20:03 -> SAL38124S1,43

2018-11-30 13:20:03 -> SAL38125S1,43

2018-11-30 13:20:03 -> SAL38131S1,6

2018-11-30 13:20:03 -> SAL38150K1,2

2018-11-30 13:20:03 -> SAL38153S1,9

2018-11-30 13:20:03 -> SAL38154S1,6

2018-11-30 13:20:03 -> SAL38765S1,43

2018-11-30 13:20:03 -> SAL38771S1,43

2018-11-30 13:20:03 -> SAL38773S1,43

2018-11-30 13:20:04 -> SAL40026S1,43

2018-11-30 13:20:04 -> SAL40028S1,43

2018-11-30 13:20:04 -> SAL40032S1,43

2018-11-30 13:20:04 -> SAL40033S1,43

2018-11-30 13:20:05 -> SAL40034S1,43

2018-11-30 13:20:05 -> SAL40335S1,16

2018-11-30 13:20:05 -> SAL40373K1,6

2018-11-30 13:20:05 -> SAL40870S1,16

2018-11-30 13:20:05 -> SAL40872S1,16

2018-11-30 13:20:06 -> SAL40873S1,16

2018-11-30 13:20:06 -> SAL40910S1,16

2018-11-30 13:20:06 -> SAL40911S1,16

2018-11-30 13:20:06 -> SAL40912S1,6

2018-11-30 13:20:06 -> SAL40982K1,43

2018-11-30 13:20:06 -> SAL40985K1,43

2018-11-30 13:20:06 -> SAL40991K1,2

2018-11-30 13:20:06 -> SAL40994K1,2

2018-11-30 13:20:07 -> SAL40997K1,6

2018-11-30 13:20:07 -> SAL41005K1,43

2018-11-30 13:20:07 -> SAL41008K1,6

2018-11-30 13:20:07 -> SAL41054K1,6

2018-11-30 13:20:07 -> SAL41064K1,43

2018-11-30 13:20:07 -> SAL41068K1,43

2018-11-30 13:20:07 -> SAL41072K1,43

2018-11-30 13:20:07 -> SAL41076K1,6

2018-11-30 13:20:08 -> SAL41080K1,43

2018-11-30 13:20:08 -> SAL41084K1,6

2018-11-30 13:20:08 -> SAL41088K1,43

2018-11-30 13:20:08 -> SAL41395K1,16

2018-11-30 13:20:08 -> SAL41401K1,16

2018-11-30 13:20:08 -> SAL41414K1,16

2018-11-30 13:20:08 -> SAL41441K1,16

2018-11-30 13:20:09 -> SAL41446K1,16

2018-11-30 13:20:09 -> SAL41452K1,16

2018-11-30 13:20:09 -> SAL41457K1,16

2018-11-30 13:20:09 -> SAL41632K1,16

2018-11-30 13:20:10 -> SAL42207K1,16

2018-11-30 13:20:10 -> SAL42442S1,6

2018-11-30 13:20:10 -> SAL42443S1,6

2018-11-30 13:20:10 -> SAL42471S1,6

2018-11-30 13:20:10 -> SAL42792S1,16

2018-11-30 13:20:10 -> SAL42793S1,16

2018-11-30 13:20:10 -> SAL42794S1,6

2018-11-30 13:20:11 -> SAL43746S1,6

2018-11-30 13:20:11 -> SAL43747S1,6

2018-11-30 13:20:11 -> SAL43748S1,6

2018-11-30 13:20:12 -> SAL43844S1,6

2018-11-30 13:20:12 -> SAL43846S1,6

2018-11-30 13:20:12 -> SAL43847S1,6

2018-11-30 13:20:12 -> SAL43849S1,6

2018-11-30 13:20:12 -> SAL43850S1,6

2018-11-30 13:20:12 -> SAL43913K1,6

2018-11-30 13:20:12 -> SAL44666K1,16

2018-11-30 13:20:13 -> SAL45909K1,6

2018-11-30 13:20:15 -> SAL97926S1,20

2018-11-30 13:20:17 -> SIO18310S1,9

2018-11-30 13:20:17 -> SIO18311S1,9

2018-11-30 13:20:17 -> SIO18312S1,6

2018-11-30 13:20:17 -> SIO18313S1,9

2018-11-30 13:20:17 -> SIO18314S1,6

2018-11-30 13:20:17 -> SIO18315S1,6

2018-11-30 13:20:17 -> SIO20115S1,6

2018-11-30 13:20:17 -> SIO21241S1,9

2018-11-30 13:20:17 -> SIO21243S1,6

2018-11-30 13:20:18 -> SIO21275S1,10

2018-11-30 13:20:18 -> SIO21279S1,43

2018-11-30 13:20:18 -> SIO21285S1,43

2018-11-30 13:20:18 -> SIO23517S1,10

2018-11-30 13:20:18 -> SIO24371S1,9

2018-11-30 13:20:18 -> SIO26853S1,6

2018-11-30 13:20:18 -> SIO26854S1,6

2018-11-30 13:20:18 -> SIO26855S1,6

2018-11-30 13:20:19 -> SIO26856S1,43

2018-11-30 13:20:19 -> SIO26857S1,6

2018-11-30 13:20:19 -> SIO27924S1,43

2018-11-30 13:20:19 -> SIO28393S1,6

2018-11-30 13:20:19 -> SIO28394S1,6

2018-11-30 13:20:19 -> SIO28395S1,6

2018-11-30 13:20:19 -> SIO28396S1,6

2018-11-30 13:20:19 -> SIO28677S1,16

2018-11-30 13:20:20 -> SIO28678S1,16

2018-11-30 13:20:20 -> SIO28680S1,16

2018-11-30 13:20:20 -> SIO28681S1,16

2018-11-30 13:20:20 -> SIO28682S1,16

2018-11-30 13:20:20 -> SIO28683S1,16

2018-11-30 13:20:20 -> SIO28684S1,16

2018-11-30 13:20:20 -> SIO28955S1,43

2018-11-30 13:20:20 -> SIO29443S1,6

2018-11-30 13:20:20 -> SIO29444S1,6

2018-11-30 13:20:21 -> SIO29445S1,6

2018-11-30 13:20:21 -> SIO29446S1,6

2018-11-30 13:20:21 -> SIO33066S1,6

2018-11-30 13:20:21 -> SIO33067S1,6

2018-11-30 13:20:21 -> SIO33068S1,6

2018-11-30 13:20:21 -> SIO33069S1,6

2018-11-30 13:20:21 -> SIO33070S1,6

2018-11-30 13:20:21 -> SIO33071S1,6

2018-11-30 13:20:22 -> SIO33072S1,6

2018-11-30 13:20:22 -> SIO33368S1,31

2018-11-30 13:20:22 -> SIO33661S1,43

2018-11-30 13:20:22 -> SIO33664S1,6

2018-11-30 13:20:22 -> SIO33665S1,6

2018-11-30 13:20:22 -> SIO34564S1,9

2018-11-30 13:20:22 -> SIO34565S1,9

2018-11-30 13:20:23 -> SIO34566S1,9

2018-11-30 13:20:23 -> SIO34567S1,9

2018-11-30 13:20:23 -> SIO34568S1,9

2018-11-30 13:20:23 -> SIO34569S1,9

2018-11-30 13:20:23 -> SIO37935S1,6

2018-11-30 13:20:23 -> SIO37936S1,113

2018-11-30 13:20:25 -> TAP14406S1,96

2018-11-30 13:20:25 -> TAP14407S1,96

2018-11-30 13:20:25 -> TAP16902S1,9

2018-11-30 13:20:25 -> TAP16903S1,9

2018-11-30 13:20:26 -> TAP16904S1,9

2018-11-30 13:20:26 -> TAP16906S1,9

2018-11-30 13:20:26 -> TAP16909S1,9

2018-11-30 13:20:26 -> TAP16910S1,9

2018-11-30 13:20:26 -> TAP16924S1,9

2018-11-30 13:20:26 -> TAP16925S1,9

2018-11-30 13:20:26 -> TAP16926S1,9

2018-11-30 13:20:26 -> TAP17483S1,43

2018-11-30 13:20:26 -> TAP17484S1,43

2018-11-30 13:20:27 -> TAP17485S1,43

2018-11-30 13:20:27 -> TAP18308S1,3

2018-11-30 13:20:27 -> TAP18309S1,9

2018-11-30 13:20:27 -> TAP20114S1,9

2018-11-30 13:20:27 -> TAP20764S1,90

2018-11-30 13:20:27 -> TAP20766S1,90

2018-11-30 13:20:28 -> TAP20768S1,90

2018-11-30 13:20:28 -> TAP20769S1,90

2018-11-30 13:20:28 -> TAP20770S1,90

2018-11-30 13:20:28 -> TAP21375S1,16

2018-11-30 13:20:28 -> TAP21377S1,16

2018-11-30 13:20:28 -> TAP22480S1,16

2018-11-30 13:20:28 -> TAP22481S1,16

2018-11-30 13:20:28 -> TAP22502S1,16

2018-11-30 13:20:29 -> TAP22503S1,16

2018-11-30 13:20:29 -> TAP22640S1,43

2018-11-30 13:20:29 -> TAP22862S1,16

2018-11-30 13:20:29 -> TAP22863S1,16

2018-11-30 13:20:29 -> TAP28689S1,9

2018-11-30 13:20:29 -> TAP28690S1,9

2018-11-30 13:20:30 -> TAP30903S1,6

2018-11-30 13:20:30 -> TAP33027S1,104

2018-11-30 13:20:30 -> TAP33028S1,6

2018-11-30 13:20:30 -> TAP33266S1,31

2018-11-30 13:20:30 -> TAP33267S1,31

2018-11-30 13:20:30 -> TAP33365S1,16

2018-11-30 13:20:30 -> TAP33762S1,16

2018-11-30 13:20:31 -> TAP34668S1,6

2018-11-30 13:20:31 -> TAP34951S1,113

2018-11-30 13:20:31 -> TAP35425S1,113

2018-11-30 13:20:31 -> TAP35428S1,6

2018-11-30 13:20:31 -> TAP35936S1,9

2018-11-30 13:20:31 -> TAP35976S1,113

2018-11-30 13:20:31 -> TAP35977S1,6

2018-11-30 13:20:31 -> TAP36807S1,113

2018-11-30 13:20:32 -> TAP36808S1,113

2018-11-30 13:20:32 -> TAP36809S1,6

2018-11-30 13:20:32 -> TAP36810S1,6

2018-11-30 13:20:32 -> TAP37162S1,15

2018-11-30 13:20:32 -> TAP37679S1,6

2018-11-30 13:20:33 -> TAP42710S1,6

2018-11-30 13:20:33 -> TAP42711S1,6

2018-11-30 13:20:33 -> TAP47976S1,6
